[COT 2024-02-25 06:09:51] 76561199108250772: Set GodMode To true [guid=OAdpPkJP2Ps_W7h2ttR1bK23ekHCzrxw0mDT3zqLMdU=]
[COT 2024-02-25 06:09:52] 76561199108250772: Set UnlimitedAmmo To true [guid=OAdpPkJP2Ps_W7h2ttR1bK23ekHCzrxw0mDT3zqLMdU=]
[COT 2024-02-25 06:09:53] 76561199108250772: Set UnlimitedStamina To true [guid=OAdpPkJP2Ps_W7h2ttR1bK23ekHCzrxw0mDT3zqLMdU=]
[COT 2024-02-25 06:09:53] 76561199108250772: Set cannot be targeted by AI to true [guid=OAdpPkJP2Ps_W7h2ttR1bK23ekHCzrxw0mDT3zqLMdU=]
[COT 2024-02-25 06:10:22] 76561199108250772: Teleported to position <1208.478882, 180.922028, 7460.293457>
[COT 2024-02-25 06:10:22] 76561199108250772: Teleported to position <1208.478882, 180.922028, 7460.293457>
[COT 2024-02-25 06:10:25] 76561199108250772: Entered the Free Camera
[COT 2024-02-25 06:10:33] 76561199108250772: Left the Free Camera
[COT 2024-02-25 06:10:35] 76561199108250772: Entered the Free Camera
[COT 2024-02-25 06:10:42] 76561199108250772: Left the Free Camera
[COT 2024-02-25 06:10:54] 76561199108250772: Set the date to 2024/8/15 12:0
[COT 2024-02-25 06:10:55] 76561199108250772: Set rain to 0 0 0
[COT 2024-02-25 06:10:55] 76561199108250772: Set storm to 0 0.8 4000
[COT 2024-02-25 06:10:55] 76561199108250772: Set fog to 0 0 0
[COT 2024-02-25 06:10:55] 76561199108250772: Set overcast to 0 0 0
[COT 2024-02-25 06:10:55] 76561199108250772: Set wind to 0 0 1
[COT 2024-02-25 06:11:35] 76561199108250772: Set Energy To 4956 [guid=KWl3ojgjStHOe3-iLRChpUG8crsNiNfei3BT6NCIfaw=]
[COT 2024-02-25 06:11:35] 76561199108250772: Set Water To 4536.5 [guid=KWl3ojgjStHOe3-iLRChpUG8crsNiNfei3BT6NCIfaw=]
[COT 2024-02-25 06:11:45] 76561199108250772: Set Energy To 4735 [guid=OAdpPkJP2Ps_W7h2ttR1bK23ekHCzrxw0mDT3zqLMdU=]
[COT 2024-02-25 06:11:45] 76561199108250772: Set Water To 4669 [guid=OAdpPkJP2Ps_W7h2ttR1bK23ekHCzrxw0mDT3zqLMdU=]
[COT 2024-02-25 06:18:43] 76561199108250772: Teleported to position <10576.473633, 187.973709, 9407.951172>
