[COT 2024-03-11 23:18:42] 76561199108250772: Healed [guid=OAdpPkJP2Ps_W7h2ttR1bK23ekHCzrxw0mDT3zqLMdU=]
[COT 2024-03-11 23:18:47] 76561199108250772: Set BloodyHands To false [guid=OAdpPkJP2Ps_W7h2ttR1bK23ekHCzrxw0mDT3zqLMdU=]
[COT 2024-03-11 23:19:08] 76561199108250772: Teleported to position <8679.052734, 281.660980, 10392.700195>
[COT 2024-03-11 23:20:37] 76561199108250772: Entered the Free Camera
[COT 2024-03-11 23:20:47] 76561199108250772: Left the Free Camera
[COT 2024-03-11 23:20:56] 76561199108250772: Teleported to position <8485.677734, 177.254272, 11696.915039>
[COT 2024-03-11 23:21:12] 76561199108250772: Spawned Entity #syb_zvirus_antidot_name (InjectorBase<4abbc1b0>, 100, 100, 0) at <8484.441406, 177.538544, 11681.392578>
[COT 2024-03-11 23:21:23] 76561199108250772: Healed [guid=OAdpPkJP2Ps_W7h2ttR1bK23ekHCzrxw0mDT3zqLMdU=]
[COT 2024-03-11 23:21:36] 76561199108250772: Entered the Free Camera
[COT 2024-03-11 23:21:55] 76561199108250772: Left the Free Camera
[COT 2024-03-11 23:21:55] 76561199108250772: Entered the Free Camera
[COT 2024-03-11 23:21:57] 76561199108250772: Left the Free Camera
[COT 2024-03-11 23:22:07] 76561199108250772: Set UnlimitedAmmo To true [guid=OAdpPkJP2Ps_W7h2ttR1bK23ekHCzrxw0mDT3zqLMdU=]
[COT 2024-03-11 23:22:07] 76561199108250772: Set UnlimitedStamina To true [guid=OAdpPkJP2Ps_W7h2ttR1bK23ekHCzrxw0mDT3zqLMdU=]
[COT 2024-03-11 23:22:08] 76561199108250772: Set cannot be targeted by AI to true [guid=OAdpPkJP2Ps_W7h2ttR1bK23ekHCzrxw0mDT3zqLMdU=]
[COT 2024-03-11 23:22:09] 76561199108250772: Set GodMode To true [guid=OAdpPkJP2Ps_W7h2ttR1bK23ekHCzrxw0mDT3zqLMdU=]
[COT 2024-03-11 23:22:29] 76561199108250772: Entered the Free Camera
[COT 2024-03-11 23:22:43] 76561199108250772: Left the Free Camera
[COT 2024-03-11 23:22:53] 76561199108250772: Entered the Free Camera
[COT 2024-03-11 23:23:00] 76561199108250772: Left the Free Camera
[COT 2024-03-11 23:23:10] 76561199108250772: Spawned Entity Sea Chest (SeaChest<4b0e0b60>, 100, 600, 0) at <8492.416992, 175.517380, 11790.134766>
[COT 2024-03-11 23:23:24] 76561199108250772: Spawned Entity #syb_adepress (TabletsBase<4b0e16f0>, 10, 50, 0) at <8492.649414, 175.740479, 11790.053711>
[COT 2024-03-11 23:23:24] 76561199108250772: Spawned Entity #syb_adepress (TabletsBase<4b0e2280>, 10, 50, 0) at <8492.772461, 175.781845, 11790.078125>
[COT 2024-03-11 23:23:32] 76561199108250772: Spawned Entity #syb_zvirus_antidot_name (InjectorBase<4b0efe30>, 10, 100, 0) at <8492.856445, 175.811218, 11790.093750>
[COT 2024-03-11 23:23:33] 76561199108250772: Spawned Entity #syb_zvirus_antidot_name (InjectorBase<4b0f09c0>, 10, 100, 0) at <8492.981445, 175.845734, 11790.125977>
[COT 2024-03-11 23:24:48] 76561199108250772: Spawned Entity M4-A1 (M4A1_Base<38867cb0>, 42, 200, 0) at <8496.715820, 175.515762, 11789.861328>
[COT 2024-03-11 23:25:32] 76561199108250772: Spawned Entity #syb_ibuprofen_name (TabletsBase<4d6788d0>, 10, 50, 0) at <8492.697266, 175.823212, 11790.152344>
[COT 2024-03-11 23:25:33] 76561199108250772: Spawned Entity #syb_ibuprofen_name (TabletsBase<4d6720c0>, 10, 50, 0) at <8492.785156, 175.840759, 11790.184570>
[COT 2024-03-11 23:26:35] 76561199108250772: Spawned Entity #syb_topoizomeraza_name (InjectorBase<4d554b20>, 100, 100, 0) at <8492.692383, 175.815582, 11790.141602>
[COT 2024-03-11 23:26:36] 76561199108250772: Spawned Entity #syb_topoizomeraza_name (InjectorBase<4d559c10>, 100, 100, 0) at <8492.749023, 175.828674, 11790.154297>
[COT 2024-03-11 23:28:03] 76561199108250772: Teleported to position <4778.179688, 199.475281, 9565.125000>
[COT 2024-03-11 23:28:08] 76561199108250772: Entered the Free Camera
[COT 2024-03-11 23:28:37] 76561199108250772: Left the Free Camera
[COT 2024-03-11 23:29:10] 76561199108250772: Entered the Free Camera
[COT 2024-03-11 23:29:20] 76561199108250772: Left the Free Camera
[COT 2024-03-11 23:29:34] 76561199108250772: Spawned Entity Lock Pick (Lockpick<42e86a40>, 100, 125, 0) at <5160.509277, 186.075348, 10055.386719>
[COT 2024-03-11 23:30:00] 76561199108250772: Spawned Entity Sea Chest (SeaChest<4d2f7be0>, 100, 600, 0) at <5156.969727, 186.075348, 10051.630859>
[COT 2024-03-11 23:30:12] 76561199108250772: Spawned Entity Boxed Nails (NailBox<4d309160>, 100, 80, 0) at <5156.596191, 186.075348, 10051.915039>
[COT 2024-03-11 23:30:13] 76561199108250772: Spawned Entity Boxed Nails (NailBox<4d30b410>, 100, 80, 0) at <5156.692871, 186.108139, 10051.990234>
[COT 2024-03-11 23:30:14] 76561199108250772: Spawned Entity Boxed Nails (NailBox<4d313ed0>, 100, 80, 0) at <5156.788574, 186.140961, 10052.062500>
[COT 2024-03-11 23:30:14] 76561199108250772: Spawned Entity Boxed Nails (NailBox<4d31c990>, 100, 80, 0) at <5156.884277, 186.173752, 10052.137695>
[COT 2024-03-11 23:30:15] 76561199108250772: Spawned Entity Boxed Nails (NailBox<4d31d520>, 100, 80, 0) at <5156.971680, 186.204102, 10052.200195>
[COT 2024-03-11 23:30:16] 76561199108250772: Spawned Entity Boxed Nails (NailBox<4d31be00>, 100, 80, 0) at <5157.083008, 186.241364, 10052.283203>
[COT 2024-03-11 23:30:32] 76561199108250772: Spawned Entity Hammer (Hammer<4d318fc0>, 100, 100, 0) at <5157.576660, 186.075348, 10051.461914>
[COT 2024-03-11 23:30:33] 76561199108250772: Spawned Entity Hammer (Hammer<4d31e0b0>, 100, 100, 0) at <5157.656738, 186.110550, 10051.551758>
[COT 2024-03-11 23:30:41] 76561199108250772: Spawned Entity Splitting Axe (WoodAxe<e1716170>, 100, 250, 0) at <5157.768555, 186.158447, 10051.669922>
[COT 2024-03-11 23:30:50] 76561199108250772: Spawned Entity Hand Saw (HandSaw<e171b260>, 100, 100, 0) at <5157.826172, 186.186844, 10051.746094>
[COT 2024-03-11 23:30:55] 76561199108250772: Spawned Entity Sharpening Stone (Whetstone<e171bdf0>, 100, 50, 0) at <5157.922363, 186.226105, 10051.839844>
[COT 2024-03-11 23:30:56] 76561199108250772: Spawned Entity Sharpening Stone (Whetstone<e171d510>, 100, 50, 0) at <5157.964844, 186.247330, 10051.896484>
[COT 2024-03-11 23:31:38] 76561199108250772: Teleported to position <11547.205078, 181.004074, 9313.327148>
[COT 2024-03-11 23:33:22] 76561199108250772: Entered the Free Camera
[COT 2024-03-11 23:33:28] 76561199108250772: Left the Free Camera
[COT 2024-03-11 23:35:07] 76561199108250772: Spawned Entity Mh-6 Little Bird (ExpansionMh6<4606a530>, 100, 5000, 0) at <11385.481445, 202.174133, 9572.493164>
[COT 2024-03-11 23:35:25] 76561199108250772: Teleported to position <10061.944336, 289.270264, 6913.949707>
[COT 2024-03-11 23:35:37] 76561199108250772: Entered the Free Camera
[COT 2024-03-11 23:35:46] 76561199108250772: Left the Free Camera
[COT 2024-03-11 23:36:10] 76561199108250772: Spawned Entity ADMIN GEAR-BLUE-TOP (DOC_ADMIN_BLUE_TOP<4dbf08e0>, 100, 70, 0) at <9838.763672, 288.179688, 7001.646973>
[COT 2024-03-11 23:36:14] 76561199108250772: Spawned Entity ADMIN GEAR-BLUE-BOTTOM (DOC_ADMIN_BLUE_BOTTOM<4dbea0d0>, 100, 130, 0) at <9838.926758, 288.183197, 7001.617188>
[COT 2024-03-11 23:36:31] 76561199108250772: Entered the Free Camera
[COT 2024-03-11 23:36:44] 76561199108250772: Left the Free Camera
[COT 2024-03-11 23:36:54] 76561199108250772: Teleported to position <10830.433594, 346.272186, 4139.490723>
[COT 2024-03-11 23:38:37] 76561199108250772: Entered the Free Camera
[COT 2024-03-11 23:38:47] 76561199108250772: Left the Free Camera
[COT 2024-03-11 23:44:58] 76561199108250772: Teleported to position <11381.353516, 350.839081, 2803.974121>
[COT 2024-03-11 23:45:09] 76561199108250772: Entered the Free Camera
[COT 2024-03-11 23:45:21] 76561199108250772: Left the Free Camera
[COT 2024-03-11 23:46:04] 76561199108250772: Spawned Entity G65 (G65<46085dd0>, 100, 10000, 0) at <11447.186523, 349.659729, 2985.302246>
[COT 2024-03-11 23:50:03] 76561199108250772: Teleported to position <9135.520508, 256.205505, 383.433533>
[COT 2024-03-11 23:50:44] 76561199108250772: Spawned Entity Wall Kit (ExpansionWallKit<d22a6d20>, 100, 100, 0) at <9160.367188, 256.469666, 370.075653>
[COT 2024-03-11 23:52:03] 76561199108250772: Spawned Entity Large Safe (ExpansionSafeLarge<ebfb39c0>, 10, 20000, 0) at <9161.781250, 256.736328, 369.769165>
[COT 2024-03-11 23:55:40] 76561199108250772: Spawned Entity Compass (Compass<f28a37d0>, 100, 70, 0) at <9102.317383, 256.199738, 403.716766>
[COT 2024-03-12 00:01:21] 76561199108250772: Teleported to position <11419.495117, 249.690247, 3685.843750>
[COT 2024-03-12 00:01:48] 76561199108250772: Spawned Entity Camo Tent (ExpansionCamoTentKit<e65b1df0>, 100, 100, 0) at <11419.739258, 247.907578, 3679.488770>
[COT 2024-03-12 00:01:58] 76561199108250772: Spawned Entity Medium Tent (MediumTent<f1945080>, 100, 600, 0) at <11427.666992, 248.837891, 3675.227783>
[COT 2024-03-12 00:03:55] 76561199108250772: Spawned Entity Boxed Nails (NailBox<f13628b0>, 100, 80, 0) at <11430.415039, 248.214966, 3678.076416>
[COT 2024-03-12 00:03:55] 76561199108250772: Spawned Entity Boxed Nails (NailBox<f135e350>, 100, 80, 0) at <11430.392578, 248.274536, 3677.943359>
[COT 2024-03-12 00:03:56] 76561199108250772: Spawned Entity Boxed Nails (NailBox<f136d620>, 100, 80, 0) at <11430.373047, 248.328308, 3677.821533>
[COT 2024-03-12 00:03:57] 76561199108250772: Spawned Entity Boxed Nails (NailBox<f136bf00>, 100, 80, 0) at <11430.356445, 248.368988, 3677.711426>
[COT 2024-03-12 00:03:57] 76561199108250772: Spawned Entity Boxed Nails (NailBox<f1368530>, 100, 80, 0) at <11430.336914, 248.416061, 3677.593018>
[COT 2024-03-12 00:04:07] 76561199108250772: Spawned Entity Splitting Axe (WoodAxe<f13690c0>, 100, 250, 0) at <11430.749023, 248.243576, 3677.564697>
[COT 2024-03-12 00:04:07] 76561199108250772: Spawned Entity Splitting Axe (WoodAxe<e66e9ce0>, 100, 250, 0) at <11430.697266, 248.346817, 3677.356201>
[COT 2024-03-12 00:04:15] 76561199108250772: Spawned Entity Sharpening Stone (Whetstone<e66ebf90>, 100, 50, 0) at <11429.759766, 248.286819, 3678.080322>
[COT 2024-03-12 00:04:16] 76561199108250772: Spawned Entity Sharpening Stone (Whetstone<e66e6310>, 100, 50, 0) at <11429.755859, 248.303955, 3678.024414>
[COT 2024-03-12 00:04:24] 76561199108250772: Spawned Entity Hand Saw (HandSaw<df475a30>, 100, 100, 0) at <11429.756836, 248.332672, 3677.969971>
[COT 2024-03-12 00:04:25] 76561199108250772: Spawned Entity Hand Saw (HandSaw<df472bf0>, 100, 100, 0) at <11429.751953, 248.370178, 3677.864258>
[COT 2024-03-12 00:04:32] 76561199108250772: Spawned Entity Gun Cleaning Kit (WeaponCleaningKit<df479f90>, 100, 100, 0) at <11429.750000, 248.408783, 3677.776123>
[COT 2024-03-12 00:04:33] 76561199108250772: Spawned Entity Gun Cleaning Kit (WeaponCleaningKit<df473780>, 100, 100, 0) at <11429.744141, 248.496567, 3677.569336>
[COT 2024-03-12 00:04:48] 76561199108250772: Spawned Entity #syb_surgical_kit_once_name (SurgicalKit<ebae78f0>, 100, 100, 0) at <11429.739258, 248.557632, 3677.405762>
[COT 2024-03-12 00:04:49] 76561199108250772: Spawned Entity #syb_surgical_kit_once_name (SurgicalKit<ebae10e0>, 100, 100, 0) at <11429.738281, 248.594894, 3677.327393>
[COT 2024-03-12 00:04:50] 76561199108250772: Spawned Entity #syb_surgical_kit_once_name (SurgicalKit<ebae8480>, 100, 100, 0) at <11429.736328, 248.618927, 3677.270264>
[COT 2024-03-12 00:04:53] 76561199108250772: Spawned Entity Leather Sewing Kit (LeatherSewingKit<ebaaf310>, 100, 100, 0) at <11429.734375, 248.636871, 3677.213135>
[COT 2024-03-12 00:04:54] 76561199108250772: Spawned Entity Leather Sewing Kit (LeatherSewingKit<ebab7240>, 100, 100, 0) at <11429.729492, 248.723938, 3677.015381>
[COT 2024-03-12 00:05:03] 76561199108250772: Spawned Entity #syb_zvirus_antidot_name (InjectorBase<ebab7dd0>, 100, 100, 0) at <11430.172852, 248.158661, 3678.725098>
[COT 2024-03-12 00:05:03] 76561199108250772: Spawned Entity #syb_zvirus_antidot_name (InjectorBase<ebab8960>, 100, 100, 0) at <11430.162109, 248.200333, 3678.626709>
[COT 2024-03-12 00:05:04] 76561199108250772: Spawned Entity #syb_zvirus_antidot_name (InjectorBase<ebabe5e0>, 100, 100, 0) at <11430.155273, 248.223877, 3678.557129>
[COT 2024-03-12 00:05:04] 76561199108250772: Spawned Entity #syb_zvirus_antidot_name (InjectorBase<ebabb7a0>, 100, 100, 0) at <11430.149414, 248.242798, 3678.500488>
[COT 2024-03-12 00:05:05] 76561199108250772: Spawned Entity #syb_zvirus_antidot_name (InjectorBase<ebaba080>, 100, 100, 0) at <11430.140625, 248.275833, 3678.416504>
[COT 2024-03-12 00:05:05] 76561199108250772: Spawned Entity #syb_zvirus_antidot_name (InjectorBase<ebabac10>, 100, 100, 0) at <11430.133789, 248.303940, 3678.349121>
[COT 2024-03-12 00:05:10] 76561199108250772: Spawned Entity #syb_topoizomeraza_name (InjectorBase<ebac6510>, 100, 100, 0) at <11430.120117, 248.360428, 3678.208740>
[COT 2024-03-12 00:05:11] 76561199108250772: Spawned Entity #syb_topoizomeraza_name (InjectorBase<ebac9350>, 100, 100, 0) at <11430.108398, 248.409332, 3678.073730>
[COT 2024-03-12 00:05:11] 76561199108250772: Spawned Entity #syb_topoizomeraza_name (InjectorBase<cb2e16b0>, 100, 100, 0) at <11430.093750, 248.452469, 3677.949219>
[COT 2024-03-12 00:05:12] 76561199108250772: Spawned Entity #syb_topoizomeraza_name (InjectorBase<cb2f0980>, 100, 100, 0) at <11430.088867, 248.476746, 3677.884277>
[COT 2024-03-12 00:06:22] 76561199108250772: Spawned Entity Gold Bar (ExpansionGoldBar<e3b3dc60>, 100, 100, 0) at <11430.287109, 248.258011, 3677.850830>
[COT 2024-03-12 00:07:53] 76561199108250772: Teleported to position <7948.790527, 345.775696, 4207.041992>
[COT 2024-03-12 00:08:06] 76561199108250772: Spawned Entity Shovel (Shovel<f4721fa0>, 100, 200, 0) at <7947.256348, 346.187286, 4202.906738>
[COT 2024-03-12 00:08:42] 76561199108250772: Spawned Entity Underground Hatch (UndergroundHatch<438d8410>, 4, 1000, 0) at <7947.251465, 346.184631, 4202.950195>
[COT 2024-03-12 00:09:04] 76561199108250772: Entered the Free Camera
[COT 2024-03-12 00:09:13] 76561199108250772: Left the Free Camera
[COT 2024-03-12 00:09:22] 76561199108250772: Teleported to position <7946.437012, 346.385681, 4200.945313>
[COT 2024-03-12 00:09:27] 76561199108250772: Entered the Free Camera
[COT 2024-03-12 00:09:32] 76561199108250772: Left the Free Camera
[COT 2024-03-12 00:10:01] 76561199108250772: ESP: Viewing ESP
[COT 2024-03-12 00:10:03] 76561199108250772: ESP index=0 target=UndergroundHatch:14904 position=<7947.251465, 346.673981, 4202.950195> action=delete
[COT 2024-03-12 00:10:03] 76561199108250772: ESP action=delete_all count=1 attempted=1
[COT 2024-03-12 00:10:06] 76561199108250772: ESP: Clearing ESP
[COT 2024-03-12 00:12:32] 76561199108250772: Set GodMode To true [guid=OAdpPkJP2Ps_W7h2ttR1bK23ekHCzrxw0mDT3zqLMdU=]
[COT 2024-03-12 00:12:33] 76561199108250772: Set UnlimitedAmmo To true [guid=OAdpPkJP2Ps_W7h2ttR1bK23ekHCzrxw0mDT3zqLMdU=]
[COT 2024-03-12 00:12:34] 76561199108250772: Set UnlimitedStamina To true [guid=OAdpPkJP2Ps_W7h2ttR1bK23ekHCzrxw0mDT3zqLMdU=]
[COT 2024-03-12 00:12:34] 76561199108250772: Set cannot be targeted by AI to true [guid=OAdpPkJP2Ps_W7h2ttR1bK23ekHCzrxw0mDT3zqLMdU=]
[COT 2024-03-12 00:14:22] 76561199108250772: Entered the Free Camera
[COT 2024-03-12 00:14:27] 76561199108250772: Left the Free Camera
[COT 2024-03-12 00:14:38] 76561199108250772: Spawned Entity Flag Pole Kit (TerritoryFlagKit<e3fb6430>, 100, 200, 0) at <8078.472656, 313.135132, 4205.406250>
[COT 2024-03-12 00:15:49] 76561199108250772: Spawned Entity Wooden Log (WoodenLog<e232e810>, 1, 500, 0) at <8078.824707, 313.198120, 4203.891602>
[COT 2024-03-12 00:15:50] 76561199108250772: Spawned Entity Wooden Log (WoodenLog<e2329720>, 1, 500, 0) at <8078.943359, 313.236969, 4203.925293>
[COT 2024-03-12 00:15:50] 76561199108250772: Spawned Entity Wooden Log (WoodenLog<e232ae40>, 1, 500, 0) at <8079.181641, 313.318817, 4204.010742>
[COT 2024-03-12 00:15:51] 76561199108250772: Spawned Entity Wooden Log (WoodenLog<e232b9d0>, 1, 500, 0) at <8079.702637, 313.499969, 4204.199707>
[COT 2024-03-12 00:15:51] 76561199108250772: Spawned Entity Wooden Log (WoodenLog<e232dc80>, 1, 500, 0) at <8080.239258, 313.685822, 4204.392578>
[COT 2024-03-12 00:16:32] 76561199108250772: Spawned Entity Field Shovel (FieldShovel<db4ab310>, 100, 100, 0) at <8081.168457, 313.278290, 4201.962891>
[COT 2024-03-12 00:19:51] 76561199108250772: Spawned Entity Wooden Log (WoodenLog<45fdfb80>, 1, 500, 0) at <8085.042969, 314.180084, 4198.479980>
[COT 2024-03-12 00:19:52] 76561199108250772: Spawned Entity Wooden Log (WoodenLog<45fec010>, 1, 500, 0) at <8084.926270, 314.204498, 4198.477051>
[COT 2024-03-12 00:20:43] 76561199108250772: Spawned Entity Plank (WoodenPlank<ed7bdfd0>, 10, 100, 0) at <8084.369141, 314.114014, 4198.507813>
[COT 2024-03-12 00:20:44] 76561199108250772: Spawned Entity Plank (WoodenPlank<ed7bbd20>, 10, 100, 0) at <8083.949707, 314.263275, 4198.235840>
[COT 2024-03-12 00:21:02] 76561199108250772: Spawned Entity Nails (Nail<c3cdf1b0>, 99, 80, 0) at <8084.054688, 314.027191, 4199.705566>
[COT 2024-03-12 00:21:44] 76561199108250772: Spawned Entity Underground Hatch (UndergroundHatch<d7db5d30>, 100, 1000, 0) at <8084.287598, 314.438904, 4197.496094>
[COT 2024-03-12 00:21:57] 76561199108250772: ESP: Viewing ESP
[COT 2024-03-12 00:21:59] 76561199108250772: ESP index=0 target=UndergroundHatch:8031 position=<8084.287598, 314.928253, 4197.496094> action=delete
[COT 2024-03-12 00:21:59] 76561199108250772: ESP action=delete_all count=1 attempted=1
[COT 2024-03-12 00:22:01] 76561199108250772: ESP: Clearing ESP
[COT 2024-03-12 00:22:41] 76561199108250772: Spawned Entity Hammer (Hammer<d246bee0>, 100, 100, 0) at <8085.803711, 314.135895, 4198.812012>
[COT 2024-03-12 00:24:10] 76561199108250772: Spawned Entity Admin Hammer (Hammer<f0d24530>, 100, 100, 0) at <8081.928223, 313.304443, 4202.718262>
[COT 2024-03-12 00:24:33] 76561199108250772: Spawned Entity NVG Headstrap (NVGHeadstrap<ea43b2a0>, 100, 200, 0) at <8082.230469, 313.351929, 4202.191406>
[COT 2024-03-12 00:29:04] 76561199108250772: Spawned Entity Camo Net (CamoNet<ef35b640>, 100, 120, 0) at <8083.186523, 314.326416, 4197.228516>
[COT 2024-03-12 00:29:48] 76561199108250772: Spawned Entity Wooden Log (WoodenLog<f152c990>, 1, 500, 0) at <8082.835938, 314.305511, 4196.959473>
[COT 2024-03-12 00:29:49] 76561199108250772: Spawned Entity Wooden Log (WoodenLog<f1537700>, 1, 500, 0) at <8082.744141, 314.352448, 4196.849121>
[COT 2024-03-12 00:29:50] 76561199108250772: Spawned Entity Wooden Log (WoodenLog<f1535450>, 1, 500, 0) at <8082.645508, 314.420746, 4196.710938>
[COT 2024-03-12 00:29:50] 76561199108250772: Spawned Entity Wooden Log (WoodenLog<f15399b0>, 1, 500, 0) at <8082.324707, 314.635437, 4196.277832>
[COT 2024-03-12 00:29:51] 76561199108250772: Spawned Entity Wooden Log (WoodenLog<ecfdd520>, 1, 500, 0) at <8082.183594, 314.728210, 4196.092773>
[COT 2024-03-12 00:29:51] 76561199108250772: Spawned Entity Wooden Log (WoodenLog<ecffbac0>, 1, 500, 0) at <8082.086914, 314.792572, 4195.963867>
[COT 2024-03-12 00:30:07] 76561199108250772: Spawned Entity Nails (Nail<f322ac40>, 99, 80, 0) at <8082.844727, 314.355804, 4196.717285>
[COT 2024-03-12 00:30:07] 76561199108250772: Spawned Entity Nails (Nail<f323cd50>, 99, 80, 0) at <8082.774414, 314.413086, 4196.623535>
[COT 2024-03-12 00:30:53] 76561199108250772: Spawned Entity Sheet Metal (MetalPlate<d1e159e0>, 10, 100, 0) at <8082.375977, 314.373993, 4196.127930>
[COT 2024-03-12 00:30:59] 76561199108250772: Spawned Entity Sheet Metal (MetalPlate<d1dd6060>, 10, 100, 0) at <8083.500000, 314.625366, 4196.067383>
[COT 2024-03-12 00:31:15] 76561199108250772: Spawned Entity Plank (WoodenPlank<d1e00a90>, 10, 100, 0) at <8082.672852, 314.302734, 4196.800293>
[COT 2024-03-12 00:31:16] 76561199108250772: Spawned Entity Plank (WoodenPlank<d1e038d0>, 10, 100, 0) at <8082.516602, 314.432648, 4196.541992>
[COT 2024-03-12 00:31:16] 76561199108250772: Spawned Entity Plank (WoodenPlank<d1e021b0>, 10, 100, 0) at <8082.433594, 314.503601, 4196.405762>
[COT 2024-03-12 00:38:39] 76561199108250772: Set GodMode To true [guid=OAdpPkJP2Ps_W7h2ttR1bK23ekHCzrxw0mDT3zqLMdU=]
[COT 2024-03-12 00:38:39] 76561199108250772: Set cannot be targeted by AI to true [guid=OAdpPkJP2Ps_W7h2ttR1bK23ekHCzrxw0mDT3zqLMdU=]
[COT 2024-03-12 00:38:40] 76561199108250772: Set UnlimitedStamina To true [guid=OAdpPkJP2Ps_W7h2ttR1bK23ekHCzrxw0mDT3zqLMdU=]
[COT 2024-03-12 00:38:40] 76561199108250772: Set UnlimitedAmmo To true [guid=OAdpPkJP2Ps_W7h2ttR1bK23ekHCzrxw0mDT3zqLMdU=]
[COT 2024-03-12 00:39:05] 76561199108250772: Spawned Entity 3-Dial Combination Lock (CombinationLock<df73ebf0>, 100, 1500, 0) at <8080.468750, 313.155060, 4204.927246>
[COT 2024-03-12 00:40:44] 76561199108250772: Set GodMode To false [guid=OAdpPkJP2Ps_W7h2ttR1bK23ekHCzrxw0mDT3zqLMdU=]
[COT 2024-03-12 00:43:17] 76561199108250772: Spawned Entity Wooden Log (WoodenLog<e1852310>, 1, 500, 0) at <8080.898926, 313.275848, 4202.023438>
[COT 2024-03-12 00:43:18] 76561199108250772: Spawned Entity Wooden Log (WoodenLog<42e85eb0>, 1, 500, 0) at <8080.889648, 313.317108, 4201.900391>
[COT 2024-03-12 00:43:18] 76561199108250772: Spawned Entity Wooden Log (WoodenLog<42e92340>, 1, 500, 0) at <8080.876465, 313.358337, 4201.777832>
[COT 2024-03-12 00:43:19] 76561199108250772: Spawned Entity Wooden Log (WoodenLog<42e9ae00>, 1, 500, 0) at <8080.854492, 313.458649, 4201.483398>
[COT 2024-03-12 00:43:20] 76561199108250772: Spawned Entity Wooden Log (WoodenLog<e170b400>, 1, 500, 0) at <8080.846191, 313.498688, 4201.367188>
[COT 2024-03-12 00:43:20] 76561199108250772: Spawned Entity Wooden Log (WoodenLog<e1709ce0>, 1, 500, 0) at <8080.809082, 313.644623, 4200.941895>
[COT 2024-03-12 00:43:37] 76561199108250772: Spawned Entity Sheet Metal (MetalPlate<e1713330>, 10, 100, 0) at <8080.443359, 313.631714, 4198.512207>
[COT 2024-03-12 00:43:38] 76561199108250772: Spawned Entity Sheet Metal (MetalPlate<e170cb20>, 10, 100, 0) at <8080.478516, 313.715210, 4198.344238>
[COT 2024-03-12 00:44:02] 76561199108250772: Spawned Entity Concrete Bricks (WoodenCrate<4afc35c0>, 5, 400, 0) at <8080.572266, 313.735199, 4198.015137>
[COT 2024-03-12 00:44:33] 76561199108250772: Spawned Entity Plank (WoodenPlank<4afd6df0>, 10, 100, 0) at <8079.660156, 313.297638, 4201.195801>
[COT 2024-03-12 00:44:34] 76561199108250772: Spawned Entity Plank (WoodenPlank<4afd90a0>, 10, 100, 0) at <8079.662598, 313.349091, 4201.050781>
[COT 2024-03-12 00:44:35] 76561199108250772: Spawned Entity Plank (WoodenPlank<4afd7980>, 10, 100, 0) at <8079.690430, 313.412659, 4200.889160>
[COT 2024-03-12 00:44:35] 76561199108250772: Spawned Entity Plank (WoodenPlank<4afd9c30>, 10, 100, 0) at <8079.730469, 313.494476, 4200.681152>
[COT 2024-03-12 00:47:18] 76561199108250772: Spawned Entity #syb_zvirus_antidot_name (InjectorBase<45021c70>, 100, 100, 0) at <8084.817871, 1749.832886, 4198.981934>
[COT 2024-03-12 00:47:18] 76561199108250772: Spawned Entity #syb_zvirus_antidot_name (InjectorBase<4501b460>, 100, 100, 0) at <8084.818359, 1749.843384, 4199.038086>
[COT 2024-03-12 00:47:18] 76561199108250772: Spawned Entity #syb_zvirus_antidot_name (InjectorBase<450261d0>, 100, 100, 0) at <8084.826172, 1749.865601, 4199.036621>
[COT 2024-03-12 00:47:18] 76561199108250772: Spawned Entity #syb_zvirus_antidot_name (InjectorBase<45028480>, 100, 100, 0) at <8084.835938, 1749.914185, 4199.086426>
[COT 2024-03-12 00:47:19] 76561199108250772: Spawned Entity #syb_zvirus_antidot_name (InjectorBase<45029010>, 100, 100, 0) at <8084.849609, 1749.958496, 4199.137695>
[COT 2024-03-12 00:51:07] 76561199108250772: Teleported to position <11463.155273, 330.826080, 4439.968750>
[COT 2024-03-12 00:51:22] 76561199108250772: Teleported to position <7658.379883, 180.772003, 12019.283203>
[COT 2024-03-12 00:53:20] 76561199108250772: Teleported to <10523.724609, 272.156097, 3148.039795> [guid=p9VAMsoU43lZ0gBLvB0Ns7qmVLz3DUVyfPN19xn28Ws=]
[COT 2024-03-12 00:55:12] 76561199108250772: Teleported to position <8100.523438, 314.935028, 4200.435059>
[COT 2024-03-12 00:58:18] 76561199108250772: Spawned Entity  (SpookyArea<55f279a0>, 100, -1, 0) at <8079.267578, 313.247894, 4202.694336>
