[COT 2024-03-13 23:04:57] 76561199108250772: Set GodMode To true [guid=OAdpPkJP2Ps_W7h2ttR1bK23ekHCzrxw0mDT3zqLMdU=]
[COT 2024-03-13 23:04:58] 76561199108250772: Set cannot be targeted by AI to true [guid=OAdpPkJP2Ps_W7h2ttR1bK23ekHCzrxw0mDT3zqLMdU=]
[COT 2024-03-13 23:04:58] 76561199108250772: Set UnlimitedStamina To true [guid=OAdpPkJP2Ps_W7h2ttR1bK23ekHCzrxw0mDT3zqLMdU=]
[COT 2024-03-13 23:05:00] 76561199108250772: Set UnlimitedAmmo To true [guid=OAdpPkJP2Ps_W7h2ttR1bK23ekHCzrxw0mDT3zqLMdU=]
[COT 2024-03-13 23:05:31] 76561199108250772: Set BloodyHands To false [guid=OAdpPkJP2Ps_W7h2ttR1bK23ekHCzrxw0mDT3zqLMdU=]
[COT 2024-03-13 23:05:42] 76561199108250772: Teleported to position <7520.718262, 287.711792, 2576.496826>
[COT 2024-03-13 23:06:20] 76561199108250772: Spawned Entity Sea Chest (SeaChest<3d3e5740>, 100, 600, 0) at <7528.441895, 287.191589, 2515.691650>
[COT 2024-03-13 23:07:23] 76561199108250772: Spawned Entity #syb_tetracycline_name (TabletsBase<429e3ff0>, 10, 50, 0) at <7528.325195, 287.420868, 2515.475830>
[COT 2024-03-13 23:07:24] 76561199108250772: Spawned Entity #syb_tetracycline_name (TabletsBase<429e9c70>, 10, 50, 0) at <7528.265137, 287.453308, 2515.385986>
[COT 2024-03-13 23:09:09] 76561199108250772: Spawned Entity #syb_noopept_name (TabletsBase<4323d7c0>, 10, 50, 0) at <7528.327637, 287.347290, 2515.474121>
[COT 2024-03-13 23:09:10] 76561199108250772: Spawned Entity #syb_noopept_name (TabletsBase<43243fd0>, 10, 50, 0) at <7528.249023, 287.375763, 2515.383545>
[COT 2024-03-13 23:12:40] 76561199108250772: Healed [guid=OAdpPkJP2Ps_W7h2ttR1bK23ekHCzrxw0mDT3zqLMdU=]
[COT 2024-03-13 23:13:28] 76561199108250772: Spawned Entity #syb_syringe_empty_name (SyringeEmpty<43b31800>, 10, 50, 0) at <7528.226074, 287.454742, 2515.539551>
[COT 2024-03-13 23:13:29] 76561199108250772: Spawned Entity #syb_syringe_empty_name (SyringeEmpty<43b30c70>, 10, 50, 0) at <7528.208984, 287.459076, 2515.523193>
[COT 2024-03-13 23:13:37] 76561199108250772: Spawned Entity #syb_hemostatic_bandage_name (BandageDressing<43b2f550>, 1, 80, 0) at <7528.199219, 287.461792, 2515.515869>
[COT 2024-03-13 23:13:37] 76561199108250772: Spawned Entity #syb_hemostatic_bandage_name (BandageDressing<43b33ab0>, 1, 80, 0) at <7528.150879, 287.476685, 2515.476563>
[COT 2024-03-13 23:13:48] 76561199108250772: Spawned Entity Canned Bacon (TacticalBaconCan<43b40ad0>, 100, 100, 0) at <7528.573730, 287.260223, 2515.316162>
[COT 2024-03-13 23:13:48] 76561199108250772: Spawned Entity Canned Bacon (TacticalBaconCan<43b43910>, 100, 100, 0) at <7528.490234, 287.366760, 2515.268066>
[COT 2024-03-13 23:14:03] 76561199108250772: Spawned Entity Pioneer (Scout_Base<1d37bf20>, 100, 250, 0) at <7527.974609, 287.191589, 2515.594971>
[COT 2024-03-13 23:15:00] 76561199108250772: Spawned Entity Benelli M4 (Expansion_BenelliM4<420b2370>, 100, 100, 0) at <7527.472168, 287.191589, 2514.013916>
[COT 2024-03-13 23:15:46] 76561199108250772: Spawned Entity Boxed 12ga Rifled Slugs (AmmoBox_12gaSlug_10Rnd<446c8ca0>, 100, 100, 0) at <7528.004395, 287.191589, 2515.127197>
[COT 2024-03-13 23:15:47] 76561199108250772: Spawned Entity Boxed 12ga Rifled Slugs (AmmoBox_12gaSlug_10Rnd<446cdd90>, 100, 100, 0) at <7527.988281, 287.204498, 2515.109375>
[COT 2024-03-13 23:15:49] 76561199108250772: Spawned Entity Boxed 12ga Rifled Slugs (AmmoBox_12gaSlug_10Rnd<446c9830>, 100, 100, 0) at <7527.973633, 287.238556, 2515.071777>
[COT 2024-03-13 23:15:56] 76561199108250772: Spawned Entity Boxed 5.56x45mm Rounds (AmmoBox_556x45_20Rnd<446ce920>, 100, 100, 0) at <7527.958984, 287.191589, 2515.439697>
[COT 2024-03-13 23:15:57] 76561199108250772: Spawned Entity Boxed 5.56x45mm Rounds (AmmoBox_556x45_20Rnd<446cf4b0>, 100, 100, 0) at <7527.947266, 287.211212, 2515.413574>
[COT 2024-03-13 23:15:57] 76561199108250772: Spawned Entity Boxed 5.56x45mm Rounds (AmmoBox_556x45_20Rnd<446d0040>, 100, 100, 0) at <7527.941406, 287.230835, 2515.386719>
[COT 2024-03-13 23:15:58] 76561199108250772: Spawned Entity Boxed 5.56x45mm Rounds (AmmoBox_556x45_20Rnd<446d0bd0>, 100, 100, 0) at <7527.931152, 287.250458, 2515.361084>
[COT 2024-03-13 23:15:58] 76561199108250772: Spawned Entity Boxed 5.56x45mm Rounds (AmmoBox_556x45_20Rnd<446ca3c0>, 100, 100, 0) at <7527.918457, 287.270081, 2515.332520>
[COT 2024-03-13 23:15:59] 76561199108250772: Spawned Entity Boxed 5.56x45mm Rounds (AmmoBox_556x45_20Rnd<446d1760>, 100, 100, 0) at <7527.903320, 287.289612, 2515.305176>
[COT 2024-03-13 23:17:53] 76561199108250772: Teleported to position <5160.573730, 431.120056, 2774.724609>
[COT 2024-03-13 23:18:58] 76561199108250772: Spawned Entity Firewood (Firewood<3d4025c0>, 1, 500, 0) at <5174.251465, 431.796906, 2777.900391>
[COT 2024-03-13 23:18:59] 76561199108250772: Spawned Entity Firewood (Firewood<3d3fbdb0>, 1, 500, 0) at <5173.936523, 431.913177, 2778.089844>
[COT 2024-03-13 23:19:00] 76561199108250772: Spawned Entity Firewood (Firewood<3d403150>, 1, 500, 0) at <5173.685059, 432.005371, 2778.241699>
[COT 2024-03-13 23:19:29] 76561199108250772: Spawned Entity Lighter (PetrolLighter<3d3e4020>, 20, 20, 0) at <5173.966797, 431.796906, 2778.442871>
[COT 2024-03-13 23:20:04] 76561199108250772: Spawned Entity Large Safe (ExpansionSafeLarge<44ff6bf0>, 100, 20000, 0) at <5174.012207, 431.796906, 2778.038574>
[COT 2024-03-13 23:20:43] 76561199108250772: Spawned Entity MVS Canteen - Black (Canteen<438414d0>, 1000, 100, 512) at <5170.138672, 431.796906, 2772.246338>
[COT 2024-03-13 23:20:49] 76561199108250772: Spawned Entity MVS Chestrig - Black (ModularChestRig_Base<45018b60>, 1000, 100, 0) at <5170.140137, 431.811371, 2772.314941>
[COT 2024-03-13 23:21:01] 76561199108250772: Spawned Entity MVS Admin Pouch - Black (MVS_Pouch_Base<468b1d40>, 1000, 100, 0) at <5170.704590, 432.181427, 2774.844971>
[COT 2024-03-13 23:21:15] 76561199108250772: Spawned Entity MVS Warrior Helmet - Black (Mich2001Helmet<468b4b80>, 1000, 100, 0) at <5170.701660, 432.204071, 2774.954834>
[COT 2024-03-13 23:21:25] 76561199108250772: Spawned Entity MVS Sling Pack - Black (MountainBag_ColorBase<468b6e30>, 1000, 300, 0) at <5169.537598, 431.796906, 2772.229980>
[COT 2024-03-13 23:21:33] 76561199108250772: Spawned Entity MVS Combat Belt - Black (Modular_Belt_Base<468ca660>, 1000, 100, 0) at <5169.593750, 431.797119, 2772.221191>
[COT 2024-03-13 23:21:42] 76561199108250772: Spawned Entity MVS Balaclava - Black (BalaclavaMask_ColorBase<468d6af0>, 1000, 100, 0) at <5169.619141, 431.843689, 2772.436768>
[COT 2024-03-13 23:21:49] 76561199108250772: Spawned Entity MVS Combat Pants - Black (BDUPants<468d4840>, 1000, 100, 0) at <5169.617188, 431.842651, 2772.437988>
[COT 2024-03-13 23:21:53] 76561199108250772: Spawned Entity MVS Combat Shirt - Black (TacticalShirt_ColorBase<4670b9b0>, 1000, 100, 0) at <5169.637695, 431.875519, 2772.668213>
[COT 2024-03-13 23:28:13] 76561199108250772: Set the date to 2024/9/6 12:0
[COT 2024-03-13 23:28:13] 76561199108250772: Set rain to 0 0 0
[COT 2024-03-13 23:28:13] 76561199108250772: Set storm to 0 0.8 4000
[COT 2024-03-13 23:28:13] 76561199108250772: Set fog to 0 0 0
[COT 2024-03-13 23:28:13] 76561199108250772: Set overcast to 0 0 0
[COT 2024-03-13 23:28:13] 76561199108250772: Set wind to 0 0 1
[COT 2024-03-13 23:28:22] 76561199108250772: Spawned Entity Lighter (PetrolLighter<46b6c100>, 20, 20, 0) at <5170.663086, 431.796906, 2778.336426>
[COT 2024-03-13 23:28:23] 76561199108250772: Spawned Entity Lighter (PetrolLighter<46b6a9e0>, 20, 20, 0) at <5170.666992, 431.799866, 2778.324951>
[COT 2024-03-13 23:28:54] 76561199108250772: Spawned Entity Canned Spaghetti (SpaghettiCan<46b74030>, 20, 100, 0) at <5170.662109, 431.801849, 2778.313477>
[COT 2024-03-13 23:28:55] 76561199108250772: Spawned Entity Canned Spaghetti (SpaghettiCan<46b7f930>, 20, 100, 0) at <5170.641602, 431.824280, 2778.221436>
[COT 2024-03-13 23:28:56] 76561199108250772: Spawned Entity Canned Spaghetti (SpaghettiCan<46b7e210>, 20, 100, 0) at <5170.626953, 431.842682, 2778.142578>
[COT 2024-03-13 23:28:56] 76561199108250772: Spawned Entity Canned Spaghetti (SpaghettiCan<46b7b3d0>, 20, 100, 0) at <5170.613770, 431.864197, 2778.047852>
[COT 2024-03-13 23:28:57] 76561199108250772: Spawned Entity Canned Spaghetti (SpaghettiCan<46b81050>, 20, 100, 0) at <5170.603516, 431.881958, 2777.968506>
[COT 2024-03-13 23:28:57] 76561199108250772: Spawned Entity Canned Spaghetti (SpaghettiCan<46b804c0>, 20, 100, 0) at <5170.592773, 431.899414, 2777.892334>
[COT 2024-03-13 23:32:06] 76561199108250772: Spawned Entity Blue's Glock Mag (DOC_ADMIN_MAG_BLUE_GLOCK<47749e60>, 150, 100, 0) at <5170.536621, 431.796906, 2778.238281>
[COT 2024-03-13 23:33:20] 76561199108250772: Spawned Entity Blue's Personal Sidearm - ADMIN EDITION (DOC_ADMIN_BLUE_GLOCK<44da4800>, 100, 3000, 0) at <5170.656250, 431.796906, 2778.754639>
[COT 2024-03-13 23:34:20] 76561199108250772: Spawned Entity Firewood (Firewood<47ab04f0>, 1, 500, 0) at <5174.529785, 432.157471, 2776.291504>
[COT 2024-03-13 23:34:21] 76561199108250772: Spawned Entity Firewood (Firewood<47ab3ec0>, 1, 500, 0) at <5174.503418, 432.216217, 2776.449219>
[COT 2024-03-13 23:34:22] 76561199108250772: Spawned Entity Firewood (Firewood<47aad6b0>, 1, 500, 0) at <5174.482910, 432.267578, 2776.589355>
[COT 2024-03-13 23:34:23] 76561199108250772: Spawned Entity Firewood (Firewood<47ab4a50>, 1, 500, 0) at <5174.435059, 432.396271, 2776.944336>
[COT 2024-03-13 23:34:23] 76561199108250772: Spawned Entity Firewood (Firewood<47aae240>, 1, 500, 0) at <5174.418945, 432.445374, 2777.079346>
[COT 2024-03-13 23:34:23] 76561199108250772: Spawned Entity Firewood (Firewood<47ab6170>, 1, 500, 0) at <5174.369629, 432.576782, 2777.439209>
[COT 2024-03-13 23:34:51] 76561199108250772: Spawned Entity Paper (Paper<47ab3ec0>, 10, 15, 0) at <5174.272461, 431.796906, 2778.486084>
[COT 2024-03-13 23:36:47] 76561199108250772: Spawned Entity #syb_sbag_packed_name (SleepingBag_BaseColor<43fe5080>, 100, 200, 0) at <5173.987305, 431.796906, 2778.341064>
[COT 2024-03-13 23:37:04] 76561199108250772: Spawned Entity #syb_sbag_packed_name (SleepingBag_BaseColor<43fe2240>, 100, 300, 0) at <5174.117676, 431.796906, 2778.192383>
[COT 2024-03-13 23:42:39] 76561199108250772: Teleported to position <11731.602539, 206.622238, 8323.912109>
[COT 2024-03-13 23:42:46] 76561199108250772: Set the date to 2024/9/6 12:0
[COT 2024-03-13 23:42:46] 76561199108250772: Set rain to 0 0 0
[COT 2024-03-13 23:42:46] 76561199108250772: Set storm to 0 0.8 4000
[COT 2024-03-13 23:42:46] 76561199108250772: Set fog to 0 0 0
[COT 2024-03-13 23:42:46] 76561199108250772: Set overcast to 0 0 0
[COT 2024-03-13 23:42:46] 76561199108250772: Set wind to 0 0 1
[COT 2024-03-13 23:46:37] 76561199108250772: Spawned Entity UAZ 3909 Police (UAZ_3909_police<425b1c70>, 200000, 5000, 0) at <11739.742188, 206.760086, 8332.912109>
[COT 2024-03-13 23:47:00] 76561199108250772: Spawned Entity Barrel (Barrel_Blue<53d253c0>, 0, 1300, 512) at <11739.629883, 206.760086, 8329.486328>
[COT 2024-03-13 23:47:03] 76561199108250772: Spawned Entity Barrel (Barrel_Blue<53cefc20>, 0, 1300, 512) at <11738.424805, 206.760086, 8329.348633>
[COT 2024-03-13 23:47:21] 76561199108250772: Spawned Entity MVS Rucksack - Black (MountainBag_ColorBase<53d132b0>, 100, 300, 0) at <11739.555664, 206.760086, 8329.430664>
[COT 2024-03-13 23:48:16] 76561199108250772: Spawned Entity Jerrycan (CanisterGasoline<df92cba0>, 20000, 300, 8192) at <11738.959961, 206.760086, 8329.004883>
[COT 2024-03-13 23:48:36] 76561199108250772: Spawned Entity #syb_mad_bull_name (SodaCan_EnergyDrink<dce4b1d0>, 300, 30, 0) at <11738.588867, 206.760086, 8327.796875>
[COT 2024-03-13 23:48:37] 76561199108250772: Spawned Entity #syb_mad_bull_name (SodaCan_EnergyDrink<dce4f730>, 300, 30, 0) at <11738.582031, 206.925827, 8327.780273>
[COT 2024-03-13 23:48:51] 76561199108250772: Entered the Free Camera
[COT 2024-03-13 23:49:08] 76561199108250772: Left the Free Camera
[COT 2024-03-13 23:51:18] 76561199108250772: Entered the Free Camera
[COT 2024-03-13 23:51:32] 76561199108250772: Left the Free Camera
[COT 2024-03-13 23:53:37] 76561199108250772: Spawned Entity Mobile Generator (ExpansionGenerator_Large<5467df30>, 10, 100, 0) at <9780.559570, 220.496948, 8084.831543>
[COT 2024-03-14 00:12:19] 76561199108250772: Teleported to position <6488.918945, 184.356628, 11274.302734>
[COT 2024-03-14 00:13:16] 76561199108250772: Spawned Entity Land Rover Defender (Expansion_Landrover_Yellow<425d5940>, 100, 3000, 0) at <6465.784180, 184.372147, 11249.016602>
[COT 2024-03-14 00:19:18] 76561199108250772: Set rain to 0 0 0
[COT 2024-03-14 00:19:18] 76561199108250772: Set storm to 0 0.8 4000
[COT 2024-03-14 00:19:18] 76561199108250772: Set fog to 0 0 0
[COT 2024-03-14 00:19:18] 76561199108250772: Set overcast to 0 0 0
[COT 2024-03-14 00:19:18] 76561199108250772: Set wind to 0 0 1
[COT 2024-03-14 00:19:48] 76561199108250772: Set GodMode To true [guid=OAdpPkJP2Ps_W7h2ttR1bK23ekHCzrxw0mDT3zqLMdU=]
[COT 2024-03-14 00:19:49] 76561199108250772: Set UnlimitedAmmo To true [guid=OAdpPkJP2Ps_W7h2ttR1bK23ekHCzrxw0mDT3zqLMdU=]
[COT 2024-03-14 00:19:50] 76561199108250772: Set UnlimitedStamina To true [guid=OAdpPkJP2Ps_W7h2ttR1bK23ekHCzrxw0mDT3zqLMdU=]
[COT 2024-03-14 00:19:50] 76561199108250772: Set cannot be targeted by AI to true [guid=OAdpPkJP2Ps_W7h2ttR1bK23ekHCzrxw0mDT3zqLMdU=]
[COT 2024-03-14 00:20:16] 76561199108250772: Spawned Entity Survivor (SurvivorBase<4a256050>, 100, 100, 0) at <6481.117676, 185.110870, 11323.925781>
[COT 2024-03-14 00:20:47] 76561199108250772: Spawned Entity Survivor (eAI_SurvivorM_Cyril<465d0dc0>, 4, 100, 0) at <6464.278809, 185.291229, 11329.384766>
[COT 2024-03-14 00:20:59] 76561199108250772: Spawned Entity Elias (ExpansionTraderAIElias<56cd21c0>, 4, 100, 0) at <6471.861816, 185.361801, 11328.233398>
[COT 2024-03-14 00:21:39] 76561199108250772: Spawned Entity Bear Trap (BearTrap<dccc3510>, 100, 200, 0) at <6437.547363, 184.988937, 11295.811523>
[COT 2024-03-14 00:21:39] 76561199108250772: Spawned Entity Bear Trap (BearTrap<dccc5940>, 100, 200, 0) at <6437.558105, 185.134552, 11295.916992>
[COT 2024-03-14 00:21:40] 76561199108250772: Spawned Entity Bear Trap (BearTrap<dccc7d70>, 100, 200, 0) at <6437.571777, 185.280182, 11296.025391>
[COT 2024-03-14 00:21:40] 76561199108250772: Spawned Entity Bear Trap (BearTrap<dccc2900>, 100, 200, 0) at <6437.586426, 185.425812, 11296.131836>
[COT 2024-03-14 00:21:46] 76561199108250772: Entered the Free Camera
[COT 2024-03-14 00:22:13] 76561199108250772: Left the Free Camera
[COT 2024-03-14 00:23:12] 76561199108250772: Spawned Entity 6-M7 Frag Grenade (M67Grenade<dcc92500>, 100, 50, 0) at <6521.372070, 198.215424, 11352.070313>
[COT 2024-03-14 00:23:13] 76561199108250772: Spawned Entity 6-M7 Frag Grenade (M67Grenade<dcc94930>, 100, 50, 0) at <6521.383301, 198.325394, 11352.080078>
[COT 2024-03-14 00:23:13] 76561199108250772: Spawned Entity 6-M7 Frag Grenade (M67Grenade<dcca0a30>, 100, 50, 0) at <6521.391113, 198.437485, 11352.085938>
[COT 2024-03-14 00:24:18] 76561199108250772: Entered the Free Camera
[COT 2024-03-14 00:25:03] 76561199108250772: ESP: Viewing ESP
[COT 2024-03-14 00:25:08] 76561199108250772: ESP index=0 target=ExpansionTraderAIElias:7:INSTANCETYPE_AI_SERVER position=<6471.909668, 185.393906, 11328.519531> action=delete
[COT 2024-03-14 00:25:08] 76561199108250772: ESP index=1 target=SurvivorM_Taiki:2:INSTANCETYPE_AI_SERVER position=<6481.320313, 185.185028, 11325.471680> action=delete
[COT 2024-03-14 00:25:08] 76561199108250772: ESP index=2 target=eAI_SurvivorM_Cyril:10:INSTANCETYPE_AI_SERVER position=<6468.825684, 185.402222, 11329.549805> action=delete
[COT 2024-03-14 00:25:08] 76561199108250772: ESP action=delete_all count=3 attempted=3
[COT 2024-03-14 00:25:16] 76561199108250772: Left the Free Camera
[COT 2024-03-14 00:28:04] 76561199108250772: Set the date to 2024/9/6 12:0
[COT 2024-03-14 00:28:05] 76561199108250772: Set rain to 0 0 0
[COT 2024-03-14 00:28:05] 76561199108250772: Set storm to 0 0.8 4000
[COT 2024-03-14 00:28:05] 76561199108250772: Set fog to 0 0 0
[COT 2024-03-14 00:28:05] 76561199108250772: Set overcast to 0 0 0
[COT 2024-03-14 00:28:05] 76561199108250772: Set wind to 0 0 1
