13:07:49.089 [VehicleDestroyed] ExpansionUh1h_Uber (id=E1FC9816C74DE09D36A80D9E4CEB4ABA pos=<7924.340332, 169.541641, 11833.910156>)
13:11:31.578 [MissionAirdrop] An airdrop is heading towards "Zapadlisko" (pos=<8399.000000, 0.000000, 8803.000000> type=Random_Zapadlisko) with a ExpansionAirdropContainer_Basebuilding
13:11:41.574 [MissionAirdrop] An airdrop is heading towards "Karlin" (pos=<9975.000000, 0.000000, 7242.000000> type=Random_Karlin) with a ExpansionAirdropContainer_Military
13:13:43.777 [VehicleDeleted] ExpansionUh1h_Uber (id=E1FC9816C74DE09D36A80D9E4CEB4ABA pos=<7924.435059, 169.292816, 11833.688477>)
13:15:28.320 [VehicleDestroyed] ExpansionUh1h_Uber (id=38D73956B342BB8F5A2E9A8B3AE998F9 pos=<1227.701904, 169.337311, 7566.581543>)
13:21:21.425 [VehicleDeleted] ExpansionUh1h_Uber (id=38D73956B342BB8F5A2E9A8B3AE998F9 pos=<1230.978027, 168.755630, 7566.884277>)
13:23:31.414 [VehicleDestroyed] ExpansionUh1h_Resistance (id=7F8A61F06F49E224A21D45893199D3C7 pos=<7924.548340, 169.280914, 11833.814453>)
13:27:03.695 [AI Patrol] Spawning 3 Shamans bots at <3568.528076, 247.689270, 11856.487305>
13:29:26.109 [VehicleDeleted] ExpansionUh1h_Resistance (id=7F8A61F06F49E224A21D45893199D3C7 pos=<7921.136230, 168.598801, 11834.052734>)
13:31:10.644 [VehicleDestroyed] ExpansionUh1h_Medical (id=145867052247038EFB2D37988C1817A7 pos=<1227.718018, 169.338776, 7566.580078>)
13:37:03.644 [VehicleDeleted] ExpansionUh1h_Medical (id=145867052247038EFB2D37988C1817A7 pos=<1231.074951, 168.752350, 7566.866211>)
13:39:13.703 [VehicleDestroyed] ExpansionUh1h_Medical (id=62AC1F8B66488450103513AE494F1E78 pos=<7924.562988, 169.395462, 11833.566406>)
13:45:08.226 [VehicleDeleted] ExpansionUh1h_Medical (id=62AC1F8B66488450103513AE494F1E78 pos=<7924.646484, 169.396561, 11833.551758>)
13:46:53.000 [VehicleDestroyed] ExpansionUh1h (id=10CEBC211C4AB65A68130583FE872267 pos=<7924.565430, 169.513077, 11834.116211>)
13:47:41.500 [AI Patrol] Spawning 3 Shamans bots at <3665.749268, 245.918365, 11920.861328>
13:52:46.125 [VehicleDeleted] ExpansionUh1h (id=10CEBC211C4AB65A68130583FE872267 pos=<7924.756836, 169.282333, 11834.004883>)
13:54:56.183 [VehicleDestroyed] ExpansionUh1h_Resistance (id=DB97606F5449CB83CD285F9D610820F4 pos=<1227.718872, 169.338806, 7566.581543>)
14:00:50.671 [VehicleDeleted] ExpansionUh1h_Resistance (id=DB97606F5449CB83CD285F9D610820F4 pos=<1231.053589, 168.757095, 7566.854492>)
14:02:35.386 [VehicleDestroyed] ExpansionUh1h_Uber (id=F750A634FD4790D5C7601B8DCE58D07A pos=<1227.719116, 169.338898, 7566.580078>)
14:08:28.300 [VehicleDeleted] ExpansionUh1h_Uber (id=F750A634FD4790D5C7601B8DCE58D07A pos=<1231.061890, 168.757080, 7566.852539>)
14:12:00.648 [VehicleDestroyed] ExpansionUh1h_Resistance (id=53428BE5844A45D3427DA8A9903DF7F2 pos=<1227.718872, 169.338684, 7566.580078>)
14:17:53.664 [VehicleDeleted] ExpansionUh1h_Resistance (id=53428BE5844A45D3427DA8A9903DF7F2 pos=<1231.061646, 168.755447, 7566.858887>)
14:20:03.640 [VehicleDestroyed] ExpansionUh1h_Resistance (id=0A80F8EB484A3D9EE48CD1877F35CEBC pos=<7924.855469, 169.344528, 11834.000977>)
14:25:58.269 [VehicleDeleted] ExpansionUh1h_Resistance (id=0A80F8EB484A3D9EE48CD1877F35CEBC pos=<7924.706543, 169.329224, 11833.886719>)
14:27:42.796 [VehicleDestroyed] ExpansionUh1h_Resistance (id=4EAB8C53E34D4B4BC6CEA580D297FF68 pos=<1227.711548, 169.338638, 7566.579102>)
14:33:36.312 [VehicleDeleted] ExpansionUh1h_Resistance (id=4EAB8C53E34D4B4BC6CEA580D297FF68 pos=<1230.910889, 168.757736, 7566.896973>)
14:35:46.277 [VehicleDestroyed] ExpansionUh1h_Resistance (id=853610CA7D45797AA96795AFF772392E pos=<1227.718750, 169.338638, 7566.580078>)
14:38:28.640 [MissionAirdrop] An airdrop is heading towards "Brena" (pos=<6692.000000, 0.000000, 11442.000000> type=Random_Brena) with a ExpansionAirdropContainer_Medical
14:38:38.640 [MissionAirdrop] An airdrop is heading towards "Nadbor" (pos=<5996.000000, 0.000000, 4513.000000> type=Random_Nadbor) with a ExpansionAirdropContainer_Military
14:41:41.160 [VehicleDeleted] ExpansionUh1h_Resistance (id=853610CA7D45797AA96795AFF772392E pos=<1231.048584, 168.758224, 7566.852051>)
14:43:25.710 [VehicleDestroyed] ExpansionUh1h_Resistance (id=BB9E1CE80E43AFF98CF4309EFA7CC6F0 pos=<1227.719116, 169.338882, 7566.580078>)
14:49:18.953 [VehicleDeleted] ExpansionUh1h_Resistance (id=BB9E1CE80E43AFF98CF4309EFA7CC6F0 pos=<1231.062012, 168.754105, 7566.863770>)
14:51:29.355 [VehicleDestroyed] ExpansionUh1h_Uber (id=E396CD423D4AEA295D0E83BFF7BAA2F5 pos=<7924.821289, 169.409027, 11833.745117>)
14:57:24.128 [VehicleDeleted] ExpansionUh1h_Uber (id=E396CD423D4AEA295D0E83BFF7BAA2F5 pos=<7924.917480, 169.391327, 11833.786133>)
14:59:08.789 [VehicleDestroyed] ExpansionUh1h_Medical (id=50F0EC8A9D4B4F1C93CE1E93E0D0FC45 pos=<7924.625000, 169.359055, 11833.809570>)
15:05:01.777 [VehicleDeleted] ExpansionUh1h_Medical (id=50F0EC8A9D4B4F1C93CE1E93E0D0FC45 pos=<7924.291016, 169.232056, 11833.911133>)
15:07:11.980 [VehicleDestroyed] ExpansionUh1h_Uber (id=09675C3097495FB6AF3D1D8EED645E43 pos=<7924.770996, 169.262665, 11833.967773>)
15:13:06.902 [VehicleDeleted] ExpansionUh1h_Uber (id=09675C3097495FB6AF3D1D8EED645E43 pos=<7924.394531, 169.251785, 11833.983398>)
15:14:51.492 [VehicleDestroyed] ExpansionUh1h_Uber (id=C243BF4B844E5C2044752EB45DA80CAC pos=<1227.718994, 169.338806, 7566.580078>)
15:20:44.582 [VehicleDeleted] ExpansionUh1h_Uber (id=C243BF4B844E5C2044752EB45DA80CAC pos=<1231.088135, 168.753662, 7566.857422>)
15:22:54.542 [VehicleDestroyed] ExpansionUh1h_Resistance (id=B97166B08C4399D0EF921D8BD29FC378 pos=<7924.760742, 169.286942, 11833.858398>)
15:28:49.289 [VehicleDeleted] ExpansionUh1h_Resistance (id=B97166B08C4399D0EF921D8BD29FC378 pos=<7924.464355, 169.265732, 11833.976563>)
15:30:33.843 [VehicleDestroyed] ExpansionUh1h (id=2FD7E01BDA42FEA7BAFDA68B813F790E pos=<7924.791992, 169.410721, 11833.729492>)
15:36:26.785 [VehicleDeleted] ExpansionUh1h (id=2FD7E01BDA42FEA7BAFDA68B813F790E pos=<7924.924316, 169.383835, 11833.818359>)
15:38:36.714 [VehicleDestroyed] ExpansionUh1h_Uber (id=6A108F381846E6288FB77FBAAEE41600 pos=<1227.718018, 169.338913, 7566.580078>)
15:44:31.226 [VehicleDeleted] ExpansionUh1h_Uber (id=6A108F381846E6288FB77FBAAEE41600 pos=<1231.055908, 168.758057, 7566.850098>)
15:46:15.800 [VehicleDestroyed] ExpansionUh1h_Medical (id=A4CE128D22434290D64021B711612FFA pos=<7924.707520, 169.650543, 11833.627930>)
15:52:08.839 [VehicleDeleted] ExpansionUh1h_Medical (id=A4CE128D22434290D64021B711612FFA pos=<7924.631348, 169.383469, 11833.442383>)
15:54:18.789 [VehicleDestroyed] ExpansionUh1h_Medical (id=DF070AF95840F321F28413BB685F6A4D pos=<1227.718506, 169.338562, 7566.581543>)
16:00:13.234 [VehicleDeleted] ExpansionUh1h_Medical (id=DF070AF95840F321F28413BB685F6A4D pos=<1231.068970, 168.756531, 7566.852539>)
16:01:57.953 [VehicleDestroyed] ExpansionUh1h_Medical (id=E255A873824CB84992F2BDAB14336807 pos=<1227.718384, 169.338684, 7566.581543>)
16:03:34.832 [AI Patrol] Spawning 3 Shamans bots at <8552.693359, 265.640442, 8376.605469>
16:05:10.976 [MissionAirdrop] An airdrop is heading towards "Muratyn" (pos=<4559.000000, 0.000000, 6852.000000> type=Random_Muratyn) with a ExpansionAirdropContainer
16:05:20.976 [MissionAirdrop] An airdrop is heading towards "Radunin" (pos=<7209.000000, 0.000000, 6073.000000> type=Random_Radunin) with a ExpansionAirdropContainer_Medical
16:07:51.117 [VehicleDeleted] ExpansionUh1h_Medical (id=E255A873824CB84992F2BDAB14336807 pos=<1231.052246, 168.748764, 7566.887207>)
16:10:01.140 [VehicleDestroyed] ExpansionUh1h_Resistance (id=670F54320C4BC823241014AC25EDD9E3 pos=<7924.704102, 169.593765, 11833.734375>)
16:15:55.691 [VehicleDeleted] ExpansionUh1h_Resistance (id=670F54320C4BC823241014AC25EDD9E3 pos=<7924.771973, 169.393600, 11833.509766>)
16:17:40.292 [VehicleDestroyed] ExpansionUh1h_Resistance (id=E549B2946044C153403894919938F54B pos=<1227.719482, 169.338516, 7566.581543>)
16:23:33.335 [VehicleDeleted] ExpansionUh1h_Resistance (id=E549B2946044C153403894919938F54B pos=<1231.076172, 168.756516, 7566.849609>)
16:25:43.472 [VehicleDestroyed] ExpansionUh1h_Medical (id=8A04C2CF08405F4D5902CD8787A0E722 pos=<7924.615234, 169.288803, 11833.732422>)
16:31:37.988 [VehicleDeleted] ExpansionUh1h_Medical (id=8A04C2CF08405F4D5902CD8787A0E722 pos=<7921.028320, 168.633072, 11833.719727>)
16:33:22.515 [VehicleDestroyed] ExpansionUh1h_Medical (id=6D6770352B4A4C959C79EA925E5D55AF pos=<7924.698242, 169.536194, 11834.166016>)
16:39:15.554 [VehicleDeleted] ExpansionUh1h_Medical (id=6D6770352B4A4C959C79EA925E5D55AF pos=<7924.880371, 169.298843, 11834.027344>)
16:41:25.617 [VehicleDestroyed] ExpansionUh1h_Uber (id=D728A6D0724BD53DA0D6D2BD2B31B81E pos=<1227.718628, 169.338776, 7566.580078>)
16:47:20.097 [VehicleDeleted] ExpansionUh1h_Uber (id=D728A6D0724BD53DA0D6D2BD2B31B81E pos=<1231.083008, 168.754349, 7566.855957>)
16:49:04.632 [VehicleDestroyed] ExpansionUh1h_Uber (id=AF101C698E404CA11183CEB300C382B8 pos=<1227.717651, 169.338989, 7566.580078>)
16:54:57.648 [VehicleDeleted] ExpansionUh1h_Uber (id=AF101C698E404CA11183CEB300C382B8 pos=<1231.055908, 168.757874, 7566.851074>)
16:55:07.828 [AI Patrol] Spawning 3 Shamans bots at <6371.291992, 299.986481, 6127.951660>
16:57:07.656 [VehicleDestroyed] ExpansionUh1h_Medical (id=5670F6450049A7C4BAA69AAA5032E383 pos=<1227.718506, 169.338928, 7566.580078>)
17:03:02.160 [VehicleDeleted] ExpansionUh1h_Medical (id=5670F6450049A7C4BAA69AAA5032E383 pos=<1231.052124, 168.746063, 7566.897949>)
17:04:46.703 [VehicleDestroyed] ExpansionUh1h (id=889219FFD744EF8B2806B0840E00EF88 pos=<7924.613281, 169.290482, 11833.765625>)
17:49:18.195 [MissionAirdrop] An airdrop is heading towards "Zapadlisko" (pos=<8399.000000, 0.000000, 8803.000000> type=Random_Zapadlisko) with a ExpansionAirdropContainer_Basebuilding
17:49:38.195 [MissionAirdrop] An airdrop is heading towards "Dolnik" (pos=<11491.000000, 0.000000, 763.000000> type=Random_Dolnik) with a ExpansionAirdropContainer_Military
17:50:36.734 [VehicleDeleted] ExpansionUh1h (id=889219FFD744EF8B2806B0840E00EF88 pos=<7921.358887, 168.626144, 11834.111328>)
17:52:19.773 [VehicleDestroyed] ExpansionUh1h_Resistance (id=E7C32B616345BE7464D8208D6A9626CB pos=<1227.718750, 169.338699, 7566.580078>)
17:58:14.406 [VehicleDeleted] ExpansionUh1h_Resistance (id=E7C32B616345BE7464D8208D6A9626CB pos=<1231.061890, 168.748840, 7566.884277>)
