18:00:56.746 [VehicleDestroyed] ExpansionUh1h_Medical (id=00955816D94A23DEAEFDBB926A11F4FB pos=<1231.025635, 168.757477, 7566.862305>)
18:00:57.507 [VehicleDeleted] ExpansionUh1h_Medical (id=373E744F4B4AE508A5B2BEB035C49E93 pos=<1231.025635, 168.757477, 7566.862305>)
18:02:59.937 [VehicleDestroyed] ExpansionUh1h_Medical (id=5B9EEA44E14CD49106BC18B9802065A9 pos=<7924.708496, 169.347366, 11833.784180>)
18:06:37.789 [MissionAirdrop] An airdrop is heading towards "Dolnik" (pos=<11491.000000, 0.000000, 763.000000> type=Random_Dolnik) with a ExpansionAirdropContainer_Military
18:06:47.785 [MissionAirdrop] An airdrop is heading towards "Zapadlisko" (pos=<8399.000000, 0.000000, 8803.000000> type=Random_Zapadlisko) with a ExpansionAirdropContainer
18:08:54.378 [VehicleDeleted] ExpansionUh1h_Medical (id=5B9EEA44E14CD49106BC18B9802065A9 pos=<7924.499023, 169.409058, 11833.375977>)
18:12:25.234 [VehicleDestroyed] ExpansionUh1h_Resistance (id=08D6FD9F3D49D94E63B65C8A4750A825 pos=<7924.737793, 169.314819, 11833.817383>)
18:18:19.710 [VehicleDeleted] ExpansionUh1h_Resistance (id=08D6FD9F3D49D94E63B65C8A4750A825 pos=<7924.516602, 169.323441, 11833.765625>)
18:21:50.609 [VehicleDestroyed] ExpansionUh1h (id=C77AD35D6F46A19A69CCA6B37403BB83 pos=<1227.718628, 169.338409, 7566.581543>)
18:28:44.648 [VehicleDeleted] ExpansionUh1h (id=C77AD35D6F46A19A69CCA6B37403BB83 pos=<1231.241699, 168.749878, 7566.824219>)
18:30:02.484 [VehicleDestroyed] ExpansionUh1h (id=70E68F65404D772DA464BB9028EDA868 pos=<1227.719116, 169.338364, 7566.581543>)
18:35:55.531 [VehicleDeleted] ExpansionUh1h (id=70E68F65404D772DA464BB9028EDA868 pos=<1231.075928, 168.753494, 7566.861328>)
18:39:27.718 [VehicleDestroyed] ExpansionUh1h_Uber (id=ECAA55FDA44AE7B1EF5A3DBD04AD8A9F pos=<7924.777832, 169.274872, 11833.965820>)
18:45:20.757 [VehicleDeleted] ExpansionUh1h_Uber (id=ECAA55FDA44AE7B1EF5A3DBD04AD8A9F pos=<7923.123535, 169.072250, 11833.799805>)
18:47:30.773 [VehicleDestroyed] ExpansionUh1h_Medical (id=005882BAD2490E4486D5B7857A87E608 pos=<1227.719360, 169.338715, 7566.581543>)
18:53:25.250 [VehicleDeleted] ExpansionUh1h_Medical (id=005882BAD2490E4486D5B7857A87E608 pos=<1231.051025, 168.748901, 7566.887695>)
18:55:09.906 [VehicleDestroyed] ExpansionUh1h_Uber (id=52BEB434504D9C9165B1F4AEEE1F7658 pos=<7924.815918, 169.279373, 11833.927734>)
19:35:12.929 [MissionAirdrop] An airdrop is heading towards "Muratyn" (pos=<4559.000000, 0.000000, 6852.000000> type=Random_Muratyn) with a ExpansionAirdropContainer_Military
19:35:32.929 [MissionAirdrop] An airdrop is heading towards "Karlin" (pos=<9975.000000, 0.000000, 7242.000000> type=Random_Karlin) with a ExpansionAirdropContainer_Medical
19:39:46.007 [VehicleDeleted] ExpansionUh1h_Uber (id=52BEB434504D9C9165B1F4AEEE1F7658 pos=<7924.059082, 169.202469, 11833.934570>)
19:40:51.648 [AI Patrol] Spawning 3 Shamans bots at <3628.929443, 245.181244, 11911.824219>
19:41:29.320 [VehicleDestroyed] ExpansionUh1h (id=F50EAE3493449412347CD2BBEAE07F6D pos=<1227.701416, 169.337555, 7566.581543>)
19:47:23.859 [VehicleDeleted] ExpansionUh1h (id=F50EAE3493449412347CD2BBEAE07F6D pos=<1230.894775, 168.752060, 7566.924316>)
19:49:08.656 [VehicleDestroyed] ExpansionUh1h_Uber (id=1ABAE0255847513645D69EA98375094B pos=<7924.720215, 169.391754, 11833.594727>)
19:55:02.093 [VehicleDeleted] ExpansionUh1h_Uber (id=1ABAE0255847513645D69EA98375094B pos=<7924.715820, 169.414505, 11833.526367>)
19:57:12.125 [VehicleDestroyed] ExpansionUh1h (id=509ADD85C14A38D9C9B9DD918479BBEA pos=<7924.727539, 169.316406, 11833.822266>)
20:03:06.906 [VehicleDeleted] ExpansionUh1h (id=509ADD85C14A38D9C9B9DD918479BBEA pos=<7924.572754, 169.318344, 11833.832031>)
20:04:51.484 [VehicleDestroyed] ExpansionUh1h_Resistance (id=34040255C34ED28DEB3E29B7199CB663 pos=<1227.719238, 169.338715, 7566.580078>)
20:07:24.320 [Chat - Global]("Cmal687"(id=p9VAMsoU43lZ0gBLvB0Ns7qmVLz3DUVyfPN19xn28Ws=)): What's up 
20:10:44.445 [VehicleDeleted] ExpansionUh1h_Resistance (id=34040255C34ED28DEB3E29B7199CB663 pos=<1231.077026, 168.752701, 7566.864746>)
20:12:54.421 [VehicleDestroyed] ExpansionUh1h (id=8F5B7E053D48B9F311C0C799E228C3AD pos=<7924.696777, 169.395264, 11833.791992>)
20:18:48.937 [VehicleDeleted] ExpansionUh1h (id=8F5B7E053D48B9F311C0C799E228C3AD pos=<7925.029785, 169.035629, 11835.450195>)
20:20:33.515 [VehicleDestroyed] ExpansionUh1h_Resistance (id=2B4EFA7D84497A35AAAA1DA9B8C9DF38 pos=<1227.718750, 169.338806, 7566.581543>)
20:26:26.593 [VehicleDeleted] ExpansionUh1h_Resistance (id=2B4EFA7D84497A35AAAA1DA9B8C9DF38 pos=<1231.055054, 168.757263, 7566.853516>)
20:28:36.593 [VehicleDestroyed] ExpansionUh1h_Resistance (id=89547029174F9E0C8E02E4936A540792 pos=<1227.718750, 169.338425, 7566.581055>)
20:34:31.007 [VehicleDeleted] ExpansionUh1h_Resistance (id=89547029174F9E0C8E02E4936A540792 pos=<1231.027954, 168.750443, 7566.888672>)
20:36:15.593 [VehicleDestroyed] ExpansionUh1h_Medical (id=7796A0B7D94B11A2A88D1099985ED8C7 pos=<1227.714111, 169.339233, 7566.576172>)
20:42:08.492 [VehicleDeleted] ExpansionUh1h_Medical (id=7796A0B7D94B11A2A88D1099985ED8C7 pos=<1231.040527, 168.749786, 7566.886719>)
20:44:18.460 [VehicleDestroyed] ExpansionUh1h_Resistance (id=947D16422D462F6C7F80939C86A5E565 pos=<7924.633789, 169.631714, 11833.830078>)
20:50:13.125 [VehicleDeleted] ExpansionUh1h_Resistance (id=947D16422D462F6C7F80939C86A5E565 pos=<7925.483887, 169.065292, 11835.717773>)
20:51:57.765 [VehicleDestroyed] ExpansionUh1h (id=E9706E24BC420EB18545369FB5D57C77 pos=<7924.688477, 169.629684, 11833.675781>)
20:57:50.906 [VehicleDeleted] ExpansionUh1h (id=E9706E24BC420EB18545369FB5D57C77 pos=<7924.770508, 169.395035, 11833.500000>)
21:00:00.851 [VehicleDestroyed] ExpansionUh1h (id=700CCAEFE94782088F722AAD4E358E78 pos=<1227.719238, 169.338791, 7566.580078>)
21:01:14.070 [MissionAirdrop] An airdrop is heading towards "Muratyn" (pos=<4559.000000, 0.000000, 6852.000000> type=Random_Muratyn) with a ExpansionAirdropContainer_Military
21:01:24.070 [MissionAirdrop] An airdrop is heading towards "Gieraltow" (pos=<10899.000000, 0.000000, 4515.000000> type=Random_Gieraltow) with a ExpansionAirdropContainer_Medical
21:03:36.476 [AI Patrol] Spawning 3 Shamans bots at <6816.725098, 221.096222, 8601.662109>
21:05:55.421 [VehicleDeleted] ExpansionUh1h (id=700CCAEFE94782088F722AAD4E358E78 pos=<1231.070435, 168.755219, 7566.856934>)
21:07:39.945 [VehicleDestroyed] ExpansionUh1h (id=9F4C171BEB488F1990C873A5F968CED7 pos=<1227.718628, 169.338989, 7566.580566>)
21:13:32.921 [VehicleDeleted] ExpansionUh1h (id=9F4C171BEB488F1990C873A5F968CED7 pos=<1231.078369, 168.751297, 7566.869629>)
21:15:43.031 [VehicleDestroyed] ExpansionUh1h_Resistance (id=CC423B26A14749521E6E048CE5CD3C24 pos=<7924.779297, 169.282059, 11833.877930>)
21:21:37.382 [VehicleDeleted] ExpansionUh1h_Resistance (id=CC423B26A14749521E6E048CE5CD3C24 pos=<7924.430664, 169.228683, 11834.112305>)
21:23:21.929 [VehicleDestroyed] ExpansionUh1h (id=CB84A0EFC446EBE76A27CCB56027066B pos=<7924.527832, 169.432114, 11833.927734>)
21:29:15.289 [VehicleDeleted] ExpansionUh1h (id=CB84A0EFC446EBE76A27CCB56027066B pos=<7925.098145, 169.035049, 11835.510742>)
21:31:25.218 [VehicleDestroyed] ExpansionUh1h (id=B17356494E467D0AC4C3D6B005B9ADC3 pos=<1227.718872, 169.338776, 7566.581543>)
21:37:19.796 [VehicleDeleted] ExpansionUh1h (id=B17356494E467D0AC4C3D6B005B9ADC3 pos=<1231.075806, 168.752365, 7566.866211>)
21:39:04.500 [VehicleDestroyed] ExpansionUh1h_Medical (id=1C42F3296248833EA0E1D1B084F0705E pos=<7924.738281, 169.653900, 11833.626953>)
21:44:57.625 [VehicleDeleted] ExpansionUh1h_Medical (id=1C42F3296248833EA0E1D1B084F0705E pos=<7924.289063, 169.340652, 11833.356445>)
21:47:07.750 [VehicleDestroyed] ExpansionUh1h_Uber (id=56D52C960C4FF054F85E6DAC7CFEC347 pos=<1227.718872, 169.338867, 7566.580078>)
21:53:02.375 [VehicleDeleted] ExpansionUh1h_Uber (id=56D52C960C4FF054F85E6DAC7CFEC347 pos=<1231.083740, 168.754791, 7566.854492>)
21:54:46.898 [VehicleDestroyed] ExpansionUh1h_Medical (id=8A6FA07144480EB657C81C9A29CEDF7A pos=<7924.709473, 169.388626, 11833.705078>)
21:55:51.109 [AI Patrol] Spawning 3 Shamans bots at <9207.248047, 291.842224, 6034.132324>
22:00:40.125 [VehicleDeleted] ExpansionUh1h_Medical (id=8A6FA07144480EB657C81C9A29CEDF7A pos=<7924.641113, 169.435837, 11833.371094>)
22:02:50.234 [VehicleDestroyed] ExpansionUh1h_Uber (id=1E80B0981A41CAF8FF676BBA597AF9B1 pos=<7924.624512, 169.302399, 11833.768555>)
22:08:44.984 [VehicleDeleted] ExpansionUh1h_Uber (id=1E80B0981A41CAF8FF676BBA597AF9B1 pos=<7921.076172, 168.638443, 11833.793945>)
22:10:29.515 [VehicleDestroyed] ExpansionUh1h_Uber (id=04AE8DF53B4AACC4B22A66936EACF534 pos=<7924.817871, 169.407547, 11833.750977>)
22:16:22.507 [VehicleDeleted] ExpansionUh1h_Uber (id=04AE8DF53B4AACC4B22A66936EACF534 pos=<7924.917480, 169.392166, 11833.782227>)
22:17:49.234 [AI Patrol] Spawning 3 Shamans bots at <9198.807617, 291.988464, 6678.375488>
22:18:32.546 [VehicleDestroyed] ExpansionUh1h_Medical (id=C9903AF0AA4105127663CB98FCDEFC65 pos=<7924.708984, 169.339462, 11833.788086>)
22:24:27.531 [VehicleDeleted] ExpansionUh1h_Medical (id=C9903AF0AA4105127663CB98FCDEFC65 pos=<7924.586426, 169.376175, 11833.589844>)
22:26:12.109 [VehicleDestroyed] ExpansionUh1h_Uber (id=06D958F78443155DB11D1CB80463BC1D pos=<7924.744141, 169.652451, 11833.640625>)
22:27:47.156 [MissionAirdrop] An airdrop is heading towards "Karlin" (pos=<9975.000000, 0.000000, 7242.000000> type=Random_Karlin) with a ExpansionAirdropContainer_Medical
22:28:27.156 [MissionAirdrop] An airdrop is heading towards "Kolembrody" (pos=<8676.000000, 0.000000, 12114.000000> type=Random_Kolembrody) with a ExpansionAirdropContainer
22:30:08.390 [AI Patrol] Spawning 3 Shamans bots at <10768.440430, 313.989441, 5017.439453>
22:32:05.250 [VehicleDeleted] ExpansionUh1h_Uber (id=06D958F78443155DB11D1CB80463BC1D pos=<7924.633789, 169.387939, 11833.424805>)
22:32:27.578 [AI Patrol] Spawning 3 Shamans bots at <12006.467773, 302.239990, 5248.194336>
22:34:15.296 [VehicleDestroyed] ExpansionUh1h_Resistance (id=8DC9C189D1466E57D9E054B744C111ED pos=<1227.704102, 169.338928, 7566.576660>)
22:36:25.867 [AI Patrol] Spawning 3 Shamans bots at <11475.728516, 329.846069, 4624.415039>
22:40:09.617 [VehicleDeleted] ExpansionUh1h_Resistance (id=8DC9C189D1466E57D9E054B744C111ED pos=<1230.882446, 168.752335, 7566.926270>)
22:41:54.148 [VehicleDestroyed] ExpansionUh1h (id=85DB8143B947DABF6387318529749110 pos=<1227.718628, 169.338943, 7566.580078>)
22:47:47.195 [VehicleDeleted] ExpansionUh1h (id=85DB8143B947DABF6387318529749110 pos=<1231.065796, 168.758270, 7566.846191>)
22:49:57.156 [VehicleDestroyed] ExpansionUh1h_Medical (id=D61EFBD5CD4AA7E073DAE58CE6196916 pos=<7924.347168, 169.504318, 11833.986328>)
22:55:51.679 [VehicleDeleted] ExpansionUh1h_Medical (id=D61EFBD5CD4AA7E073DAE58CE6196916 pos=<7924.139160, 169.228806, 11833.737305>)
