20:30:26.429 [Party] Player "Cmal687" (id=p9VAMsoU43lZ0gBLvB0Ns7qmVLz3DUVyfPN19xn28Ws=) joinded the party "dirty" (id=3 ownerUID=eZvdqnhxQZeB4Wvp7ko5cFy79bCUMACrCdUKq6S9F3w= ownerName=DirtyMike)
20:31:28.867 [Chat - Global]("Cmal687"(id=p9VAMsoU43lZ0gBLvB0Ns7qmVLz3DUVyfPN19xn28Ws=)): awesome!
20:33:06.625 [VehicleDestroyed] ExpansionUh1h_Resistance (id=D3B3EA42234F8B74A7A7C78D2F630150 pos=<7924.253906, 169.507431, 11834.095703>)
20:35:34.664 [MissionAirdrop] An airdrop is heading towards "Dolnik" (pos=<11491.000000, 0.000000, 763.000000> type=Random_Dolnik) with a ExpansionAirdropContainer_Military
20:36:04.664 [MissionAirdrop] An airdrop is heading towards "Tarnow" (pos=<9976.000000, 0.000000, 11000.000000> type=Random_Tarnow) with a ExpansionAirdropContainer_Medical
20:38:59.421 [VehicleDeleted] ExpansionUh1h_Resistance (id=D3B3EA42234F8B74A7A7C78D2F630150 pos=<7924.306152, 169.234955, 11833.848633>)
20:41:09.585 [VehicleDestroyed] ExpansionUh1h_Uber (id=DED4E9D4B747184C44674989999CBD11 pos=<1227.719238, 169.338760, 7566.580078>)
20:47:04.476 [VehicleDeleted] ExpansionUh1h_Uber (id=DED4E9D4B747184C44674989999CBD11 pos=<1231.072510, 168.754501, 7566.859375>)
20:48:49.070 [VehicleDestroyed] ExpansionUh1h_Resistance (id=09F4EA4F6947D46BFA3877BD4AC8A512 pos=<7924.673828, 169.567062, 11834.016602>)
20:54:42.179 [VehicleDeleted] ExpansionUh1h_Resistance (id=09F4EA4F6947D46BFA3877BD4AC8A512 pos=<7924.865234, 169.327499, 11833.886719>)
20:56:52.179 [VehicleDestroyed] ExpansionUh1h_Uber (id=F603D03A4449FF5033844E89555BC651 pos=<1227.719238, 169.338913, 7566.580078>)
21:02:46.546 [VehicleDeleted] ExpansionUh1h_Uber (id=F603D03A4449FF5033844E89555BC651 pos=<1231.062134, 168.758896, 7566.845215>)
21:04:31.132 [VehicleDestroyed] ExpansionUh1h_Resistance (id=B6E7B153E2494C59C92DE3B047506635 pos=<7924.622559, 169.394211, 11833.824219>)
21:10:24.062 [VehicleDeleted] ExpansionUh1h_Resistance (id=B6E7B153E2494C59C92DE3B047506635 pos=<7924.355957, 169.255753, 11833.858398>)
21:12:34.046 [VehicleDestroyed] ExpansionUh1h_Uber (id=0DC320E498478ECB4094AB9A2D4377FF pos=<7924.775391, 169.650177, 11833.674805>)
21:18:28.437 [VehicleDeleted] ExpansionUh1h_Uber (id=0DC320E498478ECB4094AB9A2D4377FF pos=<7924.926270, 169.416840, 11833.525391>)
21:20:13.062 [VehicleDestroyed] ExpansionUh1h_Uber (id=88F841CB0645025F65C90F945B3C3C39 pos=<7924.727539, 169.623032, 11833.730469>)
21:26:05.953 [VehicleDeleted] ExpansionUh1h_Uber (id=88F841CB0645025F65C90F945B3C3C39 pos=<7924.827148, 169.387924, 11833.578125>)
21:28:15.875 [VehicleDestroyed] ExpansionUh1h_Uber (id=F966965F014AC2DAEDBCF38FDA5648B9 pos=<7924.702637, 169.579712, 11833.859375>)
21:34:10.429 [VehicleDeleted] ExpansionUh1h_Uber (id=F966965F014AC2DAEDBCF38FDA5648B9 pos=<7925.010254, 169.429199, 11833.604492>)
21:35:55.000 [VehicleDestroyed] ExpansionUh1h_Medical (id=9474F02AA94925F01E0281A4946A9187 pos=<1227.718262, 169.338913, 7566.580078>)
21:38:47.726 [BaseRaiding] ExpansionWall6x3 (<10506.595703, 270.196167, 3114.347412>) Code set by player "Cmal687" (ID = "p9VAMsoU43lZ0gBLvB0Ns7qmVLz3DUVyfPN19xn28Ws=" at <10507.814453, 270.196075, 3113.898438>) and the code is 861987
21:41:47.960 [VehicleDeleted] ExpansionUh1h_Medical (id=9474F02AA94925F01E0281A4946A9187 pos=<1231.056641, 168.756042, 7566.857910>)
21:43:57.882 [VehicleDestroyed] ExpansionUh1h_Uber (id=C3DCC54A49448D5E0B109AAFE4C0EFB7 pos=<7924.801270, 169.578110, 11834.049805>)
21:49:52.171 [VehicleDeleted] ExpansionUh1h_Uber (id=C3DCC54A49448D5E0B109AAFE4C0EFB7 pos=<7924.979492, 169.340042, 11833.917969>)
21:51:36.695 [VehicleDestroyed] ExpansionUh1h_Medical (id=8711F2BB8D4697DCCAC57B8E48C1CBF2 pos=<7924.641602, 169.317490, 11833.769531>)
21:57:29.476 [VehicleDeleted] ExpansionUh1h_Medical (id=8711F2BB8D4697DCCAC57B8E48C1CBF2 pos=<7924.452637, 169.323166, 11833.723633>)
21:59:39.398 [VehicleDestroyed] ExpansionUh1h_Uber (id=30D7AB7D9D48E9356C1BCEB8DFC80E47 pos=<7924.840332, 169.352905, 11833.719727>)
22:05:07.835 [MissionAirdrop] An airdrop is heading towards "Dolnik" (pos=<11491.000000, 0.000000, 763.000000> type=Random_Dolnik) with a ExpansionAirdropContainer_Military
22:05:17.835 [MissionAirdrop] An airdrop is heading towards "Gieraltow" (pos=<10899.000000, 0.000000, 4515.000000> type=Random_Gieraltow) with a ExpansionAirdropContainer_Military
22:05:33.671 [VehicleDeleted] ExpansionUh1h_Uber (id=30D7AB7D9D48E9356C1BCEB8DFC80E47 pos=<7921.191406, 168.607513, 11834.072266>)
22:07:18.203 [VehicleDestroyed] ExpansionUh1h (id=F199AFF93C460FAA210C4DBBEC00DFE1 pos=<1227.718872, 169.338715, 7566.581055>)
22:08:07.515 [Party] Player "Cmal687" (id=p9VAMsoU43lZ0gBLvB0Ns7qmVLz3DUVyfPN19xn28Ws=) left the party "dirty" (id=3 ownerUID=eZvdqnhxQZeB4Wvp7ko5cFy79bCUMACrCdUKq6S9F3w= ownerName=DirtyMike)
22:19:26.007 [Party] Player "DirtyMike" (id=eZvdqnhxQZeB4Wvp7ko5cFy79bCUMACrCdUKq6S9F3w=) joinded the party "dirty" (id=3 ownerUID=eZvdqnhxQZeB4Wvp7ko5cFy79bCUMACrCdUKq6S9F3w= ownerName=DirtyMike)
22:23:33.726 [VehicleDeleted] ExpansionUh1h (id=F199AFF93C460FAA210C4DBBEC00DFE1 pos=<1232.015015, 168.715271, 7566.807129>)
22:25:16.750 [VehicleDestroyed] ExpansionUh1h_Uber (id=D61C9A7BB343CAC878AC8EBB484C00BF pos=<1227.719360, 169.338623, 7566.581543>)
22:31:11.023 [VehicleDeleted] ExpansionUh1h_Uber (id=D61C9A7BB343CAC878AC8EBB484C00BF pos=<1231.053467, 168.750122, 7566.881836>)
22:32:55.554 [VehicleDestroyed] ExpansionUh1h (id=FE4734F7544B608F8EC2868BC2687051 pos=<7924.656250, 169.588211, 11833.875977>)
22:38:35.460 [VehicleEnter] Player DirtyMike [uid=eZvdqnhxQZeB4Wvp7ko5cFy79bCUMACrCdUKq6S9F3w=] entered vehicle Mh-6 Little Bird (id=80BD4A78644BF0B359FA2B99B7F8C86F pos=<9133.181641, 256.299866, 381.998627>) as pilot
22:38:40.539 [VehicleEngine] Player DirtyMike [uid=eZvdqnhxQZeB4Wvp7ko5cFy79bCUMACrCdUKq6S9F3w=] started vehicle Mh-6 Little Bird (id=80BD4A78644BF0B359FA2B99B7F8C86F pos=<9133.180664, 256.299805, 381.995422>)
22:38:48.328 [VehicleDeleted] ExpansionUh1h (id=FE4734F7544B608F8EC2868BC2687051 pos=<7924.790527, 169.348160, 11833.728516>)
22:40:58.328 [VehicleDestroyed] ExpansionUh1h_Resistance (id=83F3E1596E47FF27ED110ABE957CCF0B pos=<7924.627441, 169.312729, 11833.779297>)
22:43:38.515 [VehicleEngine] Player DirtyMike [uid=eZvdqnhxQZeB4Wvp7ko5cFy79bCUMACrCdUKq6S9F3w=] stopped vehicle Mh-6 Little Bird (id=80BD4A78644BF0B359FA2B99B7F8C86F pos=<9160.847656, 261.325592, 9394.530273>)
22:43:48.179 [VehicleLeave] Player DirtyMike [uid=eZvdqnhxQZeB4Wvp7ko5cFy79bCUMACrCdUKq6S9F3w=] left vehicle Mh-6 Little Bird (id=80BD4A78644BF0B359FA2B99B7F8C86F pos=<9160.830078, 261.337708, 9394.499023>)
22:45:53.265 [Party] Player "DirtyMike" (id=eZvdqnhxQZeB4Wvp7ko5cFy79bCUMACrCdUKq6S9F3w=) left the party "dirty" (id=3 ownerUID=eZvdqnhxQZeB4Wvp7ko5cFy79bCUMACrCdUKq6S9F3w= ownerName=DirtyMike)
22:46:53.109 [VehicleDeleted] ExpansionUh1h_Resistance (id=83F3E1596E47FF27ED110ABE957CCF0B pos=<7924.450195, 169.318024, 11833.737305>)
