19:49:40.046 [VehicleDestroyed] ExpansionUh1h_Uber (id=52D6BE24EE48B1D62737028694D8B88C pos=<7924.479492, 169.438110, 11834.355469>)
19:53:23.265 [MissionAirdrop] An airdrop is heading towards "Kolembrody" (pos=<8676.000000, 0.000000, 12114.000000> type=Random_Kolembrody) with a ExpansionAirdropContainer_Military
19:53:43.265 [MissionAirdrop] An airdrop is heading towards "Tarnow" (pos=<9976.000000, 0.000000, 11000.000000> type=Random_Tarnow) with a ExpansionAirdropContainer
19:55:34.726 [VehicleDeleted] ExpansionUh1h_Uber (id=52D6BE24EE48B1D62737028694D8B88C pos=<7925.055664, 168.974655, 11835.753906>)
19:57:19.289 [VehicleDestroyed] ExpansionUh1h_Medical (id=0CC114ADAF40A22316972497ACFFFD87 pos=<7924.697266, 169.587051, 11833.904297>)
20:01:15.859 [AI Patrol] Spawning 3 Shamans bots at <3698.890381, 251.784073, 11788.419922>
20:03:12.476 [VehicleDeleted] ExpansionUh1h_Medical (id=0CC114ADAF40A22316972497ACFFFD87 pos=<7924.840820, 169.354721, 11833.741211>)
20:05:22.664 [VehicleDestroyed] ExpansionUh1h_Uber (id=B03CBDE7DE4091A717A9E1B931DA2E26 pos=<1227.719360, 169.338608, 7566.580078>)
20:11:17.289 [VehicleDeleted] ExpansionUh1h_Uber (id=B03CBDE7DE4091A717A9E1B931DA2E26 pos=<1231.080078, 168.756638, 7566.847656>)
20:13:01.812 [VehicleDestroyed] ExpansionUh1h (id=F22026E620400751954002A62795F650 pos=<7924.729004, 169.623566, 11833.720703>)
20:18:55.078 [VehicleDeleted] ExpansionUh1h (id=F22026E620400751954002A62795F650 pos=<7924.856934, 169.390900, 11833.587891>)
20:21:05.414 [VehicleDestroyed] ExpansionUh1h (id=31890EBED64A094E33007FA678D3E99B pos=<7924.624512, 169.302322, 11833.787109>)
20:26:59.914 [VehicleDeleted] ExpansionUh1h (id=31890EBED64A094E33007FA678D3E99B pos=<7921.047363, 168.628464, 11833.817383>)
20:28:44.445 [VehicleDestroyed] ExpansionUh1h_Uber (id=C87F2A99E942868B53C9B38B70FDE1A8 pos=<1227.718384, 169.338852, 7566.581543>)
20:34:30.726 [AI Patrol] Spawning 1 Shamans bots at <6485.755859, 174.899994, 11009.437500>
20:34:37.687 [VehicleDeleted] ExpansionUh1h_Uber (id=C87F2A99E942868B53C9B38B70FDE1A8 pos=<1231.085327, 168.754715, 7566.854492>)
20:36:47.757 [VehicleDestroyed] ExpansionUh1h_Uber (id=F3504DB6FA47D8351517928296C2ECD1 pos=<1227.718628, 169.338745, 7566.580078>)
20:42:42.343 [VehicleDeleted] ExpansionUh1h_Uber (id=F3504DB6FA47D8351517928296C2ECD1 pos=<1231.066650, 168.746323, 7566.892578>)
20:44:26.890 [VehicleDestroyed] ExpansionUh1h_Resistance (id=45905E1EE542C2546F126787EAD7A1CE pos=<7924.735840, 169.376877, 11833.788086>)
20:50:20.062 [VehicleDeleted] ExpansionUh1h_Resistance (id=45905E1EE542C2546F126787EAD7A1CE pos=<7921.055664, 168.642761, 11833.743164>)
20:52:30.218 [VehicleDestroyed] ExpansionUh1h_Medical (id=8CADD7E6CE4C3A43743B5F95E1547C70 pos=<7924.727539, 169.412659, 11833.648438>)
20:58:24.687 [VehicleDeleted] ExpansionUh1h_Medical (id=8CADD7E6CE4C3A43743B5F95E1547C70 pos=<7924.548340, 169.448166, 11833.243164>)
21:00:09.218 [VehicleDestroyed] ExpansionUh1h_Resistance (id=9BDE7FE5344A1F1CDDD390B97877C11C pos=<7924.812988, 169.178802, 11834.610352>)
21:06:02.523 [VehicleDeleted] ExpansionUh1h_Resistance (id=9BDE7FE5344A1F1CDDD390B97877C11C pos=<7924.744629, 169.196320, 11834.504883>)
21:08:12.648 [VehicleDestroyed] ExpansionUh1h_Resistance (id=9B0F5766074FF6E62DEACB8A04FCB1B1 pos=<7924.699707, 169.312805, 11833.849609>)
21:14:07.210 [VehicleDeleted] ExpansionUh1h_Resistance (id=9B0F5766074FF6E62DEACB8A04FCB1B1 pos=<7922.402832, 168.482269, 11835.761719>)
21:15:51.734 [VehicleDestroyed] ExpansionUh1h_Medical (id=F9CD21C9F649287D47031FBB19EB788D pos=<1227.719116, 169.338715, 7566.580078>)
21:21:44.734 [VehicleDeleted] ExpansionUh1h_Medical (id=F9CD21C9F649287D47031FBB19EB788D pos=<1231.090454, 168.753357, 7566.857422>)
21:22:25.390 [MissionAirdrop] An airdrop is heading towards "Radunin" (pos=<7209.000000, 0.000000, 6073.000000> type=Random_Radunin) with a ExpansionAirdropContainer_Military
21:22:45.390 [MissionAirdrop] An airdrop is heading towards "Zapadlisko" (pos=<8399.000000, 0.000000, 8803.000000> type=Random_Zapadlisko) with a ExpansionAirdropContainer_Medical
21:23:54.664 [VehicleDestroyed] ExpansionUh1h (id=E0F9D4D2F543F54AFE35F5A19E222C11 pos=<7924.694824, 169.628113, 11833.688477>)
21:29:49.750 [VehicleDeleted] ExpansionUh1h (id=E0F9D4D2F543F54AFE35F5A19E222C11 pos=<7924.771484, 169.384552, 11833.549805>)
21:31:34.351 [VehicleDestroyed] ExpansionUh1h (id=6D717A8CEC493A1E92E356B527F69E35 pos=<1227.718994, 169.338593, 7566.581055>)
21:37:26.007 [AI Patrol] Spawning 3 Shamans bots at <7813.402832, 256.333221, 7863.458008>
21:37:27.382 [VehicleDeleted] ExpansionUh1h (id=6D717A8CEC493A1E92E356B527F69E35 pos=<1231.081421, 168.754440, 7566.855957>)
21:39:37.351 [VehicleDestroyed] ExpansionUh1h_Medical (id=D4B856230F47F48DB1975BA64198A640 pos=<7924.905273, 169.404205, 11833.701172>)
21:45:31.835 [VehicleDeleted] ExpansionUh1h_Medical (id=D4B856230F47F48DB1975BA64198A640 pos=<7925.007324, 169.421677, 11833.729492>)
21:47:16.367 [VehicleDestroyed] ExpansionUh1h_Uber (id=C68BCC8DC341073E7ADC819F267C0583 pos=<1227.718628, 169.338364, 7566.581543>)
21:53:09.734 [VehicleDeleted] ExpansionUh1h_Uber (id=C68BCC8DC341073E7ADC819F267C0583 pos=<1230.953125, 168.748291, 7566.920410>)
21:55:19.671 [VehicleDestroyed] ExpansionUh1h_Medical (id=15B6ABC92E4205165A0A44A085F4B158 pos=<1227.718140, 169.338547, 7566.581543>)
22:01:14.203 [VehicleDeleted] ExpansionUh1h_Medical (id=15B6ABC92E4205165A0A44A085F4B158 pos=<1231.063843, 168.756638, 7566.853027>)
22:02:58.742 [VehicleDestroyed] ExpansionUh1h (id=49389C179F474C19BC4600BAAF41359F pos=<7924.704590, 169.618835, 11833.792969>)
22:08:52.132 [VehicleDeleted] ExpansionUh1h (id=49389C179F474C19BC4600BAAF41359F pos=<7924.144531, 169.302444, 11833.408203>)
22:11:02.156 [VehicleDestroyed] ExpansionUh1h_Resistance (id=D9EB33B8D2468A10D088618EA10DAFA1 pos=<7924.833984, 169.663666, 11833.668945>)
22:16:56.585 [VehicleDeleted] ExpansionUh1h_Resistance (id=D9EB33B8D2468A10D088618EA10DAFA1 pos=<7924.776367, 169.398819, 11833.488281>)
22:18:41.187 [VehicleDestroyed] ExpansionUh1h_Resistance (id=9BAB7F8226490BC328B435B526778647 pos=<7924.831543, 169.359055, 11833.687500>)
22:19:28.984 [AI Patrol] Spawning 3 Shamans bots at <8851.866211, 316.429901, 6683.788086>
22:24:34.734 [VehicleDeleted] ExpansionUh1h_Resistance (id=9BAB7F8226490BC328B435B526778647 pos=<7921.311035, 168.625122, 11834.100586>)
