19:04:28.343 [Party] Player "(ADMIN)BLUE" (id=OAdpPkJP2Ps_W7h2ttR1bK23ekHCzrxw0mDT3zqLMdU=) joinded the party "dddd" (id=0 ownerUID=OAdpPkJP2Ps_W7h2ttR1bK23ekHCzrxw0mDT3zqLMdU= ownerName=DirtyMike)
19:05:49.320 [VehicleDestroyed] ExpansionUh1h_Uber (id=58221C69B14D84E29B9257A173E345E8 pos=<1227.718872, 169.338608, 7566.580078>)
19:09:29.117 [MissionAirdrop] An airdrop is heading towards "Muratyn" (pos=<4559.000000, 0.000000, 6852.000000> type=Random_Muratyn) with a ExpansionAirdropContainer_Basebuilding
19:09:39.117 [MissionAirdrop] An airdrop is heading towards "Gieraltow" (pos=<10899.000000, 0.000000, 4515.000000> type=Random_Gieraltow) with a ExpansionAirdropContainer_Military
19:11:43.718 [VehicleDeleted] ExpansionUh1h_Uber (id=58221C69B14D84E29B9257A173E345E8 pos=<1231.077026, 168.757431, 7566.845703>)
19:13:28.242 [VehicleDestroyed] ExpansionUh1h_Uber (id=752EC0F4044D467B48F8B2AD35AB7AF0 pos=<1227.718628, 169.339066, 7566.580566>)
19:19:21.328 [VehicleDeleted] ExpansionUh1h_Uber (id=752EC0F4044D467B48F8B2AD35AB7AF0 pos=<1231.090088, 168.751602, 7566.864746>)
19:21:31.664 [VehicleDestroyed] ExpansionUh1h_Resistance (id=79DD9E6B22487DE12D1F8FA880DB11BC pos=<7924.686523, 169.384827, 11833.657227>)
19:27:26.218 [VehicleDeleted] ExpansionUh1h_Resistance (id=79DD9E6B22487DE12D1F8FA880DB11BC pos=<7924.548828, 169.378525, 11833.547852>)
19:29:10.820 [VehicleDestroyed] ExpansionUh1h (id=9D26925F0E476AEEBC465CBB7AE32C13 pos=<1227.718750, 169.338760, 7566.581543>)
19:30:35.031 [Party] Player "Cmal687" (id=p9VAMsoU43lZ0gBLvB0Ns7qmVLz3DUVyfPN19xn28Ws=) joinded the party "dirty" (id=3 ownerUID=eZvdqnhxQZeB4Wvp7ko5cFy79bCUMACrCdUKq6S9F3w= ownerName=DirtyMike)
19:32:32.664 [VehicleEnter] Player Cmal687 [uid=p9VAMsoU43lZ0gBLvB0Ns7qmVLz3DUVyfPN19xn28Ws=] entered vehicle Sarka 120 (id=5F52A8EF5E46E2FE0910EE8ECA348BF4 pos=<10508.258789, 270.172211, 3111.127930>) as driver
19:32:38.031 [VehicleEngine] Player Cmal687 [uid=p9VAMsoU43lZ0gBLvB0Ns7qmVLz3DUVyfPN19xn28Ws=] started vehicle Sarka 120 (id=5F52A8EF5E46E2FE0910EE8ECA348BF4 pos=<10508.258789, 270.172211, 3111.126221>)
19:32:48.789 [VehicleLeave] Player Cmal687 [uid=p9VAMsoU43lZ0gBLvB0Ns7qmVLz3DUVyfPN19xn28Ws=] left vehicle Sarka 120 (id=5F52A8EF5E46E2FE0910EE8ECA348BF4 pos=<10505.241211, 270.216461, 3120.111816>)
19:33:04.140 [VehicleEnter] Player Cmal687 [uid=p9VAMsoU43lZ0gBLvB0Ns7qmVLz3DUVyfPN19xn28Ws=] entered vehicle Sarka 120 (id=5F52A8EF5E46E2FE0910EE8ECA348BF4 pos=<10505.242188, 270.216248, 3120.103271>) as driver
19:35:04.218 [VehicleDeleted] ExpansionUh1h (id=9D26925F0E476AEEBC465CBB7AE32C13 pos=<1231.063110, 168.756332, 7566.854980>)
19:37:14.234 [VehicleDestroyed] ExpansionUh1h (id=4579D3365A44CAC9DD7FB39BDD0C61A5 pos=<7924.909668, 169.410309, 11833.541992>)
19:41:40.929 [AI Patrol] Spawning 3 Shamans bots at <9292.416016, 232.000839, 10582.591797>
19:41:53.101 [AI Patrol] Spawning 3 Shamans bots at <9254.125000, 199.455353, 10941.217773>
19:43:08.773 [VehicleDeleted] ExpansionUh1h (id=4579D3365A44CAC9DD7FB39BDD0C61A5 pos=<7924.858398, 169.461731, 11833.433594>)
19:43:12.625 [Chat - Global]("(ADMIN)BLUE"(id=OAdpPkJP2Ps_W7h2ttR1bK23ekHCzrxw0mDT3zqLMdU=)): Fuck that rain
19:43:32.117 [Chat - Global]("Cmal687"(id=p9VAMsoU43lZ0gBLvB0Ns7qmVLz3DUVyfPN19xn28Ws=)): lol
19:44:13.195 [Chat - Global]("(ADMIN)BLUE"(id=OAdpPkJP2Ps_W7h2ttR1bK23ekHCzrxw0mDT3zqLMdU=)): whats one thing you would like to find in a hunt cmal
19:44:37.625 [Chat - Global]("Cmal687"(id=p9VAMsoU43lZ0gBLvB0Ns7qmVLz3DUVyfPN19xn28Ws=)): man im going for them all right now. Im not picky. just enjoy the hunt
19:44:53.484 [VehicleDestroyed] ExpansionUh1h_Uber (id=1F22DB3B184AE53CA84743AEA30FF989 pos=<7924.749512, 169.396545, 11833.587891>)
19:45:03.476 [Chat - Global]("(ADMIN)BLUE"(id=OAdpPkJP2Ps_W7h2ttR1bK23ekHCzrxw0mDT3zqLMdU=)): ok
19:45:55.484 [AI Patrol] Spawning 1 Shamans bots at <6576.312988, 172.394608, 11025.049805>
19:48:14.203 [VehicleLeave] Player Cmal687 [uid=p9VAMsoU43lZ0gBLvB0Ns7qmVLz3DUVyfPN19xn28Ws=] left vehicle Sarka 120 (id=5F52A8EF5E46E2FE0910EE8ECA348BF4 pos=<5114.794434, 190.030411, 10195.097656>)
19:50:46.453 [VehicleDeleted] ExpansionUh1h_Uber (id=1F22DB3B184AE53CA84743AEA30FF989 pos=<7924.855469, 169.429062, 11833.576172>)
19:52:42.757 [Chat - Global]("(ADMIN)BLUE"(id=OAdpPkJP2Ps_W7h2ttR1bK23ekHCzrxw0mDT3zqLMdU=)): did you guys find some gold
19:54:18.781 [VehicleDestroyed] ExpansionUh1h (id=A0413719C74D344ECF8A8B89424E7B58 pos=<1227.709839, 169.338425, 7566.579102>)
20:00:12.046 [VehicleDeleted] ExpansionUh1h (id=A0413719C74D344ECF8A8B89424E7B58 pos=<1230.995239, 168.758850, 7566.866211>)
20:02:22.046 [VehicleDestroyed] ExpansionUh1h_Medical (id=D1CA555D2B40278E8D5AE48F9AB0B738 pos=<7924.647461, 169.411469, 11833.822266>)
20:08:16.484 [VehicleDeleted] ExpansionUh1h_Medical (id=D1CA555D2B40278E8D5AE48F9AB0B738 pos=<7925.165527, 169.072571, 11835.400391>)
20:08:19.140 [Chat - Global]("Cmal687"(id=p9VAMsoU43lZ0gBLvB0Ns7qmVLz3DUVyfPN19xn28Ws=)): we did we found the house down south w the VSD
20:08:27.796 [Chat - Global]("Cmal687"(id=p9VAMsoU43lZ0gBLvB0Ns7qmVLz3DUVyfPN19xn28Ws=)): im looking in gliniska now
20:08:55.054 [Chat - Global]("(ADMIN)BLUE"(id=OAdpPkJP2Ps_W7h2ttR1bK23ekHCzrxw0mDT3zqLMdU=)): nice
20:09:16.265 [Chat - Global]("Cmal687"(id=p9VAMsoU43lZ0gBLvB0Ns7qmVLz3DUVyfPN19xn28Ws=)): If i was blue, where would i put the stash :)
20:10:01.070 [VehicleDestroyed] ExpansionUh1h (id=A15FA8CD8047EE8F7167DFB62D91F41D pos=<7924.737305, 169.307800, 11833.830078>)
20:11:41.648 [Chat - Global]("(ADMIN)BLUE"(id=OAdpPkJP2Ps_W7h2ttR1bK23ekHCzrxw0mDT3zqLMdU=)): in that one spot
20:11:48.218 [Chat - Global]("Cmal687"(id=p9VAMsoU43lZ0gBLvB0Ns7qmVLz3DUVyfPN19xn28Ws=)): LMAO
20:12:04.625 [VehicleEnter] Player Cmal687 [uid=p9VAMsoU43lZ0gBLvB0Ns7qmVLz3DUVyfPN19xn28Ws=] entered vehicle Sarka 120 (id=5F52A8EF5E46E2FE0910EE8ECA348BF4 pos=<5114.794922, 190.030396, 10195.097656>) as driver
20:12:05.914 [VehicleEngine] Player Cmal687 [uid=p9VAMsoU43lZ0gBLvB0Ns7qmVLz3DUVyfPN19xn28Ws=] started vehicle Sarka 120 (id=5F52A8EF5E46E2FE0910EE8ECA348BF4 pos=<5114.794922, 190.030472, 10195.097656>)
20:12:44.585 [VehicleLeave] Player Cmal687 [uid=p9VAMsoU43lZ0gBLvB0Ns7qmVLz3DUVyfPN19xn28Ws=] left vehicle Sarka 120 (id=5F52A8EF5E46E2FE0910EE8ECA348BF4 pos=<5001.514160, 192.307480, 9954.248047>)
20:15:54.546 [VehicleDeleted] ExpansionUh1h (id=A15FA8CD8047EE8F7167DFB62D91F41D pos=<7924.536133, 169.295074, 11833.905273>)
20:16:20.320 [Party] Player "(ADMIN)BLUE" (id=OAdpPkJP2Ps_W7h2ttR1bK23ekHCzrxw0mDT3zqLMdU=) left the party "dddd" (id=0 ownerUID=OAdpPkJP2Ps_W7h2ttR1bK23ekHCzrxw0mDT3zqLMdU= ownerName=DirtyMike)
20:17:30.828 [Party] Player "(ADMIN)BLUE" (id=OAdpPkJP2Ps_W7h2ttR1bK23ekHCzrxw0mDT3zqLMdU=) joinded the party "dddd" (id=0 ownerUID=OAdpPkJP2Ps_W7h2ttR1bK23ekHCzrxw0mDT3zqLMdU= ownerName=DirtyMike)
20:18:04.562 [VehicleDestroyed] ExpansionUh1h (id=35803E4EB4436A27554479A55951A04B pos=<1227.695801, 169.338821, 7566.573242>)
20:19:33.359 [Chat - Global]("(ADMIN)BLUE"(id=OAdpPkJP2Ps_W7h2ttR1bK23ekHCzrxw0mDT3zqLMdU=)): not on my watch
20:19:44.929 [Chat - Global]("Cmal687"(id=p9VAMsoU43lZ0gBLvB0Ns7qmVLz3DUVyfPN19xn28Ws=)): lol like your style
20:23:28.242 [ExplosionDamageSystem] About to explode M67Grenade_Ammo from M67Grenade<dcc92500> at <6492.78, 185.81, 11329.9> EXPLOSION range 20 dropoff 5
20:23:42.648 [ExplosionDamageSystem] About to explode M67Grenade_Ammo from M67Grenade<dcc94930> at <6477.45, 185.22, 11317.3> EXPLOSION range 20 dropoff 5
20:23:57.515 [ExplosionDamageSystem] About to explode M67Grenade_Ammo from M67Grenade<dcca0a30> at <6490.65, 185.56, 11327.9> EXPLOSION range 20 dropoff 5
20:23:59.117 [VehicleDeleted] ExpansionUh1h (id=35803E4EB4436A27554479A55951A04B pos=<1230.905884, 168.756073, 7566.904785>)
20:25:43.671 [VehicleDestroyed] ExpansionUh1h_Uber (id=8AA972ED5F42ACEC468253858878EFDA pos=<1227.686401, 169.339859, 7566.565918>)
20:28:24.429 [Party] Player "(ADMIN)BLUE" (id=OAdpPkJP2Ps_W7h2ttR1bK23ekHCzrxw0mDT3zqLMdU=) left the party "dddd" (id=0 ownerUID=OAdpPkJP2Ps_W7h2ttR1bK23ekHCzrxw0mDT3zqLMdU= ownerName=DirtyMike)
20:29:32.398 [VehicleEnter] Player Cmal687 [uid=p9VAMsoU43lZ0gBLvB0Ns7qmVLz3DUVyfPN19xn28Ws=] entered vehicle Sarka 120 (id=5F52A8EF5E46E2FE0910EE8ECA348BF4 pos=<5001.514160, 192.307510, 9954.248047>) as driver
20:29:33.796 [VehicleEngine] Player Cmal687 [uid=p9VAMsoU43lZ0gBLvB0Ns7qmVLz3DUVyfPN19xn28Ws=] started vehicle Sarka 120 (id=5F52A8EF5E46E2FE0910EE8ECA348BF4 pos=<5001.514160, 192.307480, 9954.248047>)
20:29:46.664 [VehicleEngine] Player Cmal687 [uid=p9VAMsoU43lZ0gBLvB0Ns7qmVLz3DUVyfPN19xn28Ws=] stopped vehicle Sarka 120 (id=5F52A8EF5E46E2FE0910EE8ECA348BF4 pos=<5001.513672, 192.307526, 9954.248047>)
20:29:50.578 [VehicleLeave] Player Cmal687 [uid=p9VAMsoU43lZ0gBLvB0Ns7qmVLz3DUVyfPN19xn28Ws=] left vehicle Sarka 120 (id=5F52A8EF5E46E2FE0910EE8ECA348BF4 pos=<5001.513672, 192.307480, 9954.248047>)
20:31:36.687 [VehicleDeleted] ExpansionUh1h_Uber (id=8AA972ED5F42ACEC468253858878EFDA pos=<1230.894897, 168.754028, 7566.916504>)
20:33:46.710 [VehicleDestroyed] ExpansionUh1h_Uber (id=1205E9C5FB49C8C48F273097347C58C6 pos=<1227.718628, 169.338776, 7566.580078>)
20:35:44.500 [MissionAirdrop] An airdrop is heading towards "Zapadlisko" (pos=<8399.000000, 0.000000, 8803.000000> type=Random_Zapadlisko) with a ExpansionAirdropContainer
20:36:04.500 [MissionAirdrop] An airdrop is heading towards "Radunin" (pos=<7209.000000, 0.000000, 6073.000000> type=Random_Radunin) with a ExpansionAirdropContainer
20:39:41.148 [VehicleDeleted] ExpansionUh1h_Uber (id=1205E9C5FB49C8C48F273097347C58C6 pos=<1231.069702, 168.757797, 7566.846680>)
20:41:25.726 [VehicleDestroyed] ExpansionUh1h_Resistance (id=559B20A3FA45E0B1D1BCA893702F8269 pos=<7924.756348, 169.290451, 11833.855469>)
20:47:18.734 [VehicleDeleted] ExpansionUh1h_Resistance (id=559B20A3FA45E0B1D1BCA893702F8269 pos=<7924.448242, 169.231644, 11834.113281>)
20:49:28.812 [VehicleDestroyed] ExpansionUh1h_Uber (id=1F0A59A64643CC92A5AE62BBEE2E5C1E pos=<7924.618164, 169.295563, 11833.776367>)
20:53:31.890 [Chat - Global]("Cmal687"(id=p9VAMsoU43lZ0gBLvB0Ns7qmVLz3DUVyfPN19xn28Ws=)): i give up lol
20:54:29.367 [VehicleAttachments] Player Cmal687 (uid=p9VAMsoU43lZ0gBLvB0Ns7qmVLz3DUVyfPN19xn28Ws=) detached Sarka 120 Hood (type=Sedan_02_Hood_RedRust) from vehicle Sarka 120(id=5F52A8EF5E46E2FE0910EE8ECA348BF4 pos=<5001.513672, 192.307510, 9954.248047>)
20:55:23.242 [VehicleDeleted] ExpansionUh1h_Uber (id=1F0A59A64643CC92A5AE62BBEE2E5C1E pos=<7921.098633, 168.644974, 11833.778320>)
20:57:07.773 [VehicleDestroyed] ExpansionUh1h (id=3AD2A8101647590D5DC35ABBCA63E54E pos=<1227.700806, 169.337524, 7566.581543>)
21:03:00.953 [VehicleDeleted] ExpansionUh1h (id=3AD2A8101647590D5DC35ABBCA63E54E pos=<1230.886963, 168.749985, 7566.934082>)
21:05:10.898 [VehicleDestroyed] ExpansionUh1h_Uber (id=D0995C54EF41F9BB1495B3AF41C6C8EB pos=<7924.822754, 169.408142, 11833.753906>)
21:11:05.601 [VehicleDeleted] ExpansionUh1h_Uber (id=D0995C54EF41F9BB1495B3AF41C6C8EB pos=<7924.899414, 169.394257, 11833.761719>)
21:12:50.148 [VehicleDestroyed] ExpansionUh1h_Uber (id=C06F48C4B84A41AE86CE64B50915DAA9 pos=<7924.845703, 169.520248, 11833.721680>)
21:14:32.523 [VehicleEnter] Player Cmal687 [uid=p9VAMsoU43lZ0gBLvB0Ns7qmVLz3DUVyfPN19xn28Ws=] entered vehicle Sarka 120 (id=5F52A8EF5E46E2FE0910EE8ECA348BF4 pos=<5001.513672, 192.307480, 9954.248047>) as driver
21:14:34.890 [VehicleEngine] Player Cmal687 [uid=p9VAMsoU43lZ0gBLvB0Ns7qmVLz3DUVyfPN19xn28Ws=] started vehicle Sarka 120 (id=5F52A8EF5E46E2FE0910EE8ECA348BF4 pos=<5001.513672, 192.307495, 9954.248047>)
21:15:11.195 [VehicleLeave] Player Cmal687 [uid=p9VAMsoU43lZ0gBLvB0Ns7qmVLz3DUVyfPN19xn28Ws=] left vehicle Sarka 120 (id=5F52A8EF5E46E2FE0910EE8ECA348BF4 pos=<4838.010742, 197.241150, 9685.935547>)
21:16:00.250 [VehicleEnter] Player Cmal687 [uid=p9VAMsoU43lZ0gBLvB0Ns7qmVLz3DUVyfPN19xn28Ws=] entered vehicle Sarka 120 (id=5F52A8EF5E46E2FE0910EE8ECA348BF4 pos=<4838.011719, 197.241119, 9685.934570>) as driver
21:18:43.578 [VehicleDeleted] ExpansionUh1h_Uber (id=C06F48C4B84A41AE86CE64B50915DAA9 pos=<7924.559570, 169.330368, 11833.680664>)
21:20:53.500 [VehicleDestroyed] ExpansionUh1h (id=B04F52D3A140EFAEF769899495C98D41 pos=<7924.707520, 169.387405, 11833.716797>)
21:25:09.187 [VehicleLeave] Player Cmal687 [uid=p9VAMsoU43lZ0gBLvB0Ns7qmVLz3DUVyfPN19xn28Ws=] left vehicle Sarka 120 (id=5F52A8EF5E46E2FE0910EE8ECA348BF4 pos=<2411.932617, 301.239807, 3801.075928>)
21:26:48.156 [VehicleDeleted] ExpansionUh1h (id=B04F52D3A140EFAEF769899495C98D41 pos=<7924.618164, 169.437119, 11833.346680>)
21:28:32.687 [VehicleDestroyed] ExpansionUh1h_Uber (id=4888EDB90B44E9C619B0219CA0C2A7DC pos=<7924.694336, 169.618622, 11833.791016>)
21:32:07.734 [VehicleEnter] Player Cmal687 [uid=p9VAMsoU43lZ0gBLvB0Ns7qmVLz3DUVyfPN19xn28Ws=] entered vehicle Sarka 120 (id=5F52A8EF5E46E2FE0910EE8ECA348BF4 pos=<2411.913574, 301.235535, 3801.122803>) as driver
21:32:11.406 [VehicleEngine] Player Cmal687 [uid=p9VAMsoU43lZ0gBLvB0Ns7qmVLz3DUVyfPN19xn28Ws=] started vehicle Sarka 120 (id=5F52A8EF5E46E2FE0910EE8ECA348BF4 pos=<2411.890381, 301.229858, 3801.185303>)
21:32:36.906 [VehicleLeave] Player Cmal687 [uid=p9VAMsoU43lZ0gBLvB0Ns7qmVLz3DUVyfPN19xn28Ws=] left vehicle Sarka 120 (id=5F52A8EF5E46E2FE0910EE8ECA348BF4 pos=<2423.391602, 305.853821, 3767.372070>)
21:32:50.953 [VehicleEnter] Player Cmal687 [uid=p9VAMsoU43lZ0gBLvB0Ns7qmVLz3DUVyfPN19xn28Ws=] entered vehicle Sarka 120 (id=5F52A8EF5E46E2FE0910EE8ECA348BF4 pos=<2423.267578, 305.828918, 3767.626709>) as driver
21:34:25.812 [VehicleDeleted] ExpansionUh1h_Uber (id=4888EDB90B44E9C619B0219CA0C2A7DC pos=<7924.215332, 169.306534, 11833.450195>)
21:36:35.750 [VehicleDestroyed] ExpansionUh1h_Resistance (id=1E3445E4AE480D9B7B1B3FA004E38356 pos=<1227.718018, 169.339005, 7566.580078>)
21:39:47.695 [VehicleLeave] Player Cmal687 [uid=p9VAMsoU43lZ0gBLvB0Ns7qmVLz3DUVyfPN19xn28Ws=] left vehicle Sarka 120 (id=5F52A8EF5E46E2FE0910EE8ECA348BF4 pos=<5161.382813, 431.246307, 2777.200195>)
21:42:30.281 [VehicleDeleted] ExpansionUh1h_Resistance (id=1E3445E4AE480D9B7B1B3FA004E38356 pos=<1231.064697, 168.756210, 7566.854492>)
21:44:14.843 [VehicleDestroyed] ExpansionUh1h_Resistance (id=52C40E02C74DE7687725148906D9A7D0 pos=<1227.718628, 169.339020, 7566.580566>)
21:50:08.046 [VehicleDeleted] ExpansionUh1h_Resistance (id=52C40E02C74DE7687725148906D9A7D0 pos=<1231.029663, 168.748245, 7566.896484>)
21:52:18.171 [VehicleDestroyed] ExpansionUh1h_Resistance (id=4EC47BFDE14A9220127BA999E42AE632 pos=<1227.718872, 169.338745, 7566.581543>)
21:58:12.906 [VehicleDeleted] ExpansionUh1h_Resistance (id=4EC47BFDE14A9220127BA999E42AE632 pos=<1231.081055, 168.752060, 7566.865723>)
21:59:57.429 [VehicleDestroyed] ExpansionUh1h (id=A22AF7F4A54584168D117D9B4D109B6C pos=<1227.718628, 169.338470, 7566.581543>)
22:00:13.882 [VehicleEnter] Player Cmal687 [uid=p9VAMsoU43lZ0gBLvB0Ns7qmVLz3DUVyfPN19xn28Ws=] entered vehicle Sarka 120 (id=5F52A8EF5E46E2FE0910EE8ECA348BF4 pos=<5161.382324, 431.246277, 2777.202148>) as driver
22:00:15.843 [VehicleEngine] Player Cmal687 [uid=p9VAMsoU43lZ0gBLvB0Ns7qmVLz3DUVyfPN19xn28Ws=] started vehicle Sarka 120 (id=5F52A8EF5E46E2FE0910EE8ECA348BF4 pos=<5161.382324, 431.246246, 2777.203613>)
22:00:18.437 [VehicleEngine] Player Cmal687 [uid=p9VAMsoU43lZ0gBLvB0Ns7qmVLz3DUVyfPN19xn28Ws=] stopped vehicle Sarka 120 (id=5F52A8EF5E46E2FE0910EE8ECA348BF4 pos=<5161.382324, 431.246307, 2777.205566>)
22:00:20.625 [VehicleLeave] Player Cmal687 [uid=p9VAMsoU43lZ0gBLvB0Ns7qmVLz3DUVyfPN19xn28Ws=] left vehicle Sarka 120 (id=5F52A8EF5E46E2FE0910EE8ECA348BF4 pos=<5161.382813, 431.246246, 2777.206543>)
22:02:11.671 [MissionAirdrop] An airdrop is heading towards "Nadbor" (pos=<5996.000000, 0.000000, 4513.000000> type=Random_Nadbor) with a ExpansionAirdropContainer_Medical
22:02:21.671 [MissionAirdrop] An airdrop is heading towards "Karlin" (pos=<9975.000000, 0.000000, 7242.000000> type=Random_Karlin) with a ExpansionAirdropContainer
22:05:50.398 [VehicleDeleted] ExpansionUh1h (id=A22AF7F4A54584168D117D9B4D109B6C pos=<1231.021973, 168.747971, 7566.899902>)
22:08:00.328 [VehicleDestroyed] ExpansionUh1h_Medical (id=ED529F8823438DF2A02922B348727F32 pos=<7924.640625, 169.316940, 11833.771484>)
22:08:38.000 [VehicleEnter] Player Cmal687 [uid=p9VAMsoU43lZ0gBLvB0Ns7qmVLz3DUVyfPN19xn28Ws=] entered vehicle Sarka 120 (id=5F52A8EF5E46E2FE0910EE8ECA348BF4 pos=<5161.382813, 431.246277, 2777.207275>) as driver
22:08:54.000 [VehicleEngine] Player Cmal687 [uid=p9VAMsoU43lZ0gBLvB0Ns7qmVLz3DUVyfPN19xn28Ws=] started vehicle Sarka 120 (id=5F52A8EF5E46E2FE0910EE8ECA348BF4 pos=<5161.382813, 431.246277, 2777.214844>)
22:11:23.015 [AI Patrol] Spawning 3 Shamans bots at <6258.090820, 382.463562, 3969.953125>
22:13:55.046 [VehicleDeleted] ExpansionUh1h_Medical (id=ED529F8823438DF2A02922B348727F32 pos=<7924.408203, 169.311325, 11833.726563>)
22:15:39.773 [VehicleDestroyed] ExpansionUh1h (id=5F58386BA942F2F6414B5CB9381C8098 pos=<7924.852539, 169.304565, 11833.875977>)
22:18:47.265 [VehicleLeave] Player Cmal687 [uid=p9VAMsoU43lZ0gBLvB0Ns7qmVLz3DUVyfPN19xn28Ws=] left vehicle Sarka 120 (id=5F52A8EF5E46E2FE0910EE8ECA348BF4 pos=<10501.687500, 270.264679, 3125.172852>)
22:19:09.750 [VehicleEnter] Player Cmal687 [uid=p9VAMsoU43lZ0gBLvB0Ns7qmVLz3DUVyfPN19xn28Ws=] entered vehicle Sarka 120 (id=5F52A8EF5E46E2FE0910EE8ECA348BF4 pos=<10501.687500, 270.264587, 3125.159424>) as driver
22:19:34.578 [VehicleLeave] Player Cmal687 [uid=p9VAMsoU43lZ0gBLvB0Ns7qmVLz3DUVyfPN19xn28Ws=] left vehicle Sarka 120 (id=5F52A8EF5E46E2FE0910EE8ECA348BF4 pos=<10508.842773, 270.172241, 3109.701660>)
22:19:38.281 [VehicleEnter] Player Cmal687 [uid=p9VAMsoU43lZ0gBLvB0Ns7qmVLz3DUVyfPN19xn28Ws=] entered vehicle Sarka 120 (id=5F52A8EF5E46E2FE0910EE8ECA348BF4 pos=<10508.842773, 270.172150, 3109.699951>) as driver
22:19:41.468 [VehicleLeave] Player Cmal687 [uid=p9VAMsoU43lZ0gBLvB0Ns7qmVLz3DUVyfPN19xn28Ws=] left vehicle Sarka 120 (id=5F52A8EF5E46E2FE0910EE8ECA348BF4 pos=<10508.842773, 270.172180, 3109.700439>)
22:21:33.039 [VehicleDeleted] ExpansionUh1h (id=5F58386BA942F2F6414B5CB9381C8098 pos=<7924.080566, 169.132339, 11834.256836>)
22:23:42.968 [VehicleDestroyed] ExpansionUh1h (id=03BD869BEE45BFE4E7B87282A6636D62 pos=<1227.719604, 169.338394, 7566.581055>)
22:24:08.843 [BaseRaiding] ExpansionSafeLarge (<10506.940430, 270.196167, 3107.378906>) Code set by player "Cmal687" (ID = "p9VAMsoU43lZ0gBLvB0Ns7qmVLz3DUVyfPN19xn28Ws=" at <10506.519531, 270.196136, 3108.686279>) and the code is 861987
22:29:37.757 [VehicleDeleted] ExpansionUh1h (id=03BD869BEE45BFE4E7B87282A6636D62 pos=<1231.055420, 168.756058, 7566.857910>)
22:31:14.195 [Party] Player "Cmal687" (id=p9VAMsoU43lZ0gBLvB0Ns7qmVLz3DUVyfPN19xn28Ws=) left the party "dirty" (id=3 ownerUID=eZvdqnhxQZeB4Wvp7ko5cFy79bCUMACrCdUKq6S9F3w= ownerName=DirtyMike)
22:31:22.453 [VehicleDestroyed] ExpansionUh1h_Uber (id=862E8444B84B5288448B84A6992E2A4F pos=<1227.719849, 169.338593, 7566.581543>)
