00:00:56.663 [VehicleDestroyed] ExpansionUh1h_Resistance (id=FD4DAD280F43E51C54B2758AA2CB5352 pos=<7923.063965, 169.213470, 11832.825195>)
00:00:56.921 [VehicleDeleted] ExpansionUh1h_Resistance (id=5F931804B64EF87375CFD4BD749A1EF6 pos=<7923.063965, 169.213470, 11832.825195>)
03:39:24.216 [VehicleDestroyed] ExpansionUh1h_Uber (id=CEEB7FB432481113D1D35D926F7EB907 pos=<7924.803223, 169.245544, 11834.355469>)
03:43:07.195 [MissionAirdrop] An airdrop is heading towards "Muratyn" (pos=<4559.000000, 0.000000, 6852.000000> type=Random_Muratyn) with a ExpansionAirdropContainer_Basebuilding
03:43:37.193 [MissionAirdrop] An airdrop is heading towards "Zapadlisko" (pos=<8399.000000, 0.000000, 8803.000000> type=Random_Zapadlisko) with a ExpansionAirdropContainer
03:45:18.822 [VehicleDeleted] ExpansionUh1h_Uber (id=CEEB7FB432481113D1D35D926F7EB907 pos=<7924.848145, 169.266647, 11834.282227>)
03:47:03.407 [VehicleDestroyed] ExpansionUh1h (id=CB92117DAF4A45BA3615F8B7B6EED7B5 pos=<1227.718872, 169.338638, 7566.581055>)
03:52:56.582 [VehicleDeleted] ExpansionUh1h (id=CB92117DAF4A45BA3615F8B7B6EED7B5 pos=<1231.029541, 168.749588, 7566.891602>)
03:58:15.049 [VehicleDestroyed] ExpansionUh1h_Uber (id=605FBD008A4F52DAFDCB5E94A83C2DA1 pos=<7924.867188, 169.314651, 11833.845703>)
04:04:09.579 [VehicleDeleted] ExpansionUh1h_Uber (id=605FBD008A4F52DAFDCB5E94A83C2DA1 pos=<7924.029297, 169.159119, 11834.096680>)
04:05:54.247 [VehicleDestroyed] ExpansionUh1h_Resistance (id=10ABA86F5649F1F0E6556E8D6FB3C0D6 pos=<7924.919922, 169.409149, 11833.571289>)
04:11:47.396 [VehicleDeleted] ExpansionUh1h_Resistance (id=10ABA86F5649F1F0E6556E8D6FB3C0D6 pos=<7924.915527, 169.459518, 11833.490234>)
04:13:57.393 [VehicleDestroyed] ExpansionUh1h_Uber (id=9E2E460CF6464E662467DD9E2248B73E pos=<7924.835938, 169.516327, 11833.730469>)
04:19:52.118 [VehicleDeleted] ExpansionUh1h_Uber (id=9E2E460CF6464E662467DD9E2248B73E pos=<7924.823242, 169.393433, 11833.624023>)
04:21:36.982 [VehicleDestroyed] ExpansionUh1h_Medical (id=3C959D0B4145D4AC9EA22BB1D73B945F pos=<7924.852539, 169.294479, 11833.898438>)
04:27:29.950 [VehicleDeleted] ExpansionUh1h_Medical (id=3C959D0B4145D4AC9EA22BB1D73B945F pos=<7924.117676, 169.156479, 11834.180664>)
04:29:40.059 [VehicleDestroyed] ExpansionUh1h_Resistance (id=D7B2A84B9B4EA47C02E02F9A5C67FC9D pos=<7924.699219, 169.628143, 11833.694336>)
04:35:34.519 [VehicleDeleted] ExpansionUh1h_Resistance (id=D7B2A84B9B4EA47C02E02F9A5C67FC9D pos=<7924.769531, 169.384109, 11833.550781>)
04:37:19.214 [VehicleDestroyed] ExpansionUh1h_Resistance (id=AA93EB74144A37985D750791BFBBA0F8 pos=<1227.708496, 169.338959, 7566.577148>)
04:43:12.308 [VehicleDeleted] ExpansionUh1h_Resistance (id=AA93EB74144A37985D750791BFBBA0F8 pos=<1230.909424, 168.752182, 7566.918945>)
04:45:22.574 [VehicleDestroyed] ExpansionUh1h_Uber (id=E302A5A2F340084343109AA7C88D8104 pos=<7924.823242, 169.341171, 11833.984375>)
04:51:17.232 [VehicleDeleted] ExpansionUh1h_Uber (id=E302A5A2F340084343109AA7C88D8104 pos=<7924.994629, 169.371964, 11833.929688>)
04:54:47.951 [VehicleDestroyed] ExpansionUh1h_Medical (id=52E09B4E424F890DAAFCA382437DD019 pos=<7924.643066, 169.317673, 11833.767578>)
