21:17:41.437 [VehicleDestroyed] ExpansionUh1h_Medical (id=7399BDEADD4A640D4104408E8AF8533F pos=<7924.705078, 169.371841, 11833.736328>)
21:21:23.015 [MissionAirdrop] An airdrop is heading towards "Dolnik" (pos=<11491.000000, 0.000000, 763.000000> type=Random_Dolnik) with a ExpansionAirdropContainer_Basebuilding
21:21:53.015 [MissionAirdrop] An airdrop is heading towards "Gieraltow" (pos=<10899.000000, 0.000000, 4515.000000> type=Random_Gieraltow) with a ExpansionAirdropContainer_Medical
21:23:35.820 [VehicleDeleted] ExpansionUh1h_Medical (id=7399BDEADD4A640D4104408E8AF8533F pos=<7924.631348, 169.435669, 11833.364258>)
21:25:20.406 [VehicleDestroyed] ExpansionUh1h (id=0D85DC9F9947B42C3661878D7EFAC198 pos=<1227.718506, 169.338745, 7566.580566>)
21:31:13.273 [VehicleDeleted] ExpansionUh1h (id=0D85DC9F9947B42C3661878D7EFAC198 pos=<1231.058350, 168.757324, 7566.852051>)
21:33:23.234 [VehicleDestroyed] ExpansionUh1h_Uber (id=B781D409454A2106D822EB9FAC0C766C pos=<1227.700439, 169.337509, 7566.580078>)
21:39:17.625 [VehicleDeleted] ExpansionUh1h_Uber (id=B781D409454A2106D822EB9FAC0C766C pos=<1230.899048, 168.750549, 7566.928223>)
21:41:02.171 [VehicleDestroyed] ExpansionUh1h (id=6718C41FB34CB7FDAB294185EA87A0C8 pos=<1227.718140, 169.338730, 7566.581543>)
21:46:55.203 [VehicleDeleted] ExpansionUh1h (id=6718C41FB34CB7FDAB294185EA87A0C8 pos=<1231.069214, 168.758057, 7566.846191>)
21:49:05.148 [VehicleDestroyed] ExpansionUh1h (id=B02697F6B648D8A4A882CC9034BF16A6 pos=<7924.625977, 169.601746, 11833.757813>)
21:54:59.585 [VehicleDeleted] ExpansionUh1h (id=B02697F6B648D8A4A882CC9034BF16A6 pos=<7924.208984, 169.320557, 11833.379883>)
21:56:44.164 [VehicleDestroyed] ExpansionUh1h_Uber (id=800F9883FF4FD262E2B28C97F258423D pos=<1227.718628, 169.338333, 7566.581543>)
22:02:37.046 [VehicleDeleted] ExpansionUh1h_Uber (id=800F9883FF4FD262E2B28C97F258423D pos=<1230.931152, 168.757706, 7566.890137>)
22:04:47.031 [VehicleDestroyed] ExpansionUh1h_Resistance (id=5A524D14AE413FB4740A90B56F4AC87F pos=<1227.697144, 169.339264, 7566.572266>)
22:10:41.335 [VehicleDeleted] ExpansionUh1h_Resistance (id=5A524D14AE413FB4740A90B56F4AC87F pos=<1230.927734, 168.754349, 7566.904785>)
22:12:25.859 [VehicleDestroyed] ExpansionUh1h (id=A691CF2D634FABE3F90E609ECC79DE97 pos=<1227.719116, 169.338364, 7566.581543>)
22:18:18.671 [VehicleDeleted] ExpansionUh1h (id=A691CF2D634FABE3F90E609ECC79DE97 pos=<1231.061279, 168.755295, 7566.858887>)
22:20:28.625 [VehicleDestroyed] ExpansionUh1h_Medical (id=F5410AD83E4CC4743E1183BF6754ED0B pos=<1227.719360, 169.338608, 7566.581543>)
22:26:22.929 [VehicleDeleted] ExpansionUh1h_Medical (id=F5410AD83E4CC4743E1183BF6754ED0B pos=<1230.970093, 168.756241, 7566.884277>)
22:28:07.460 [VehicleDestroyed] ExpansionUh1h_Uber (id=86DF02A70041C6BEC383EFB0CA0843CA pos=<7924.711426, 169.381851, 11833.737305>)
22:28:55.414 [AI Patrol] Spawning 3 Shamans bots at <3270.684570, 493.962830, 2074.829834>
22:34:00.382 [VehicleDeleted] ExpansionUh1h_Uber (id=86DF02A70041C6BEC383EFB0CA0843CA pos=<7924.361328, 169.257584, 11833.855469>)
22:36:10.351 [VehicleDestroyed] ExpansionUh1h_Resistance (id=8514AE4F9E41FDDA06DB6ABA21906441 pos=<7924.625977, 169.566772, 11833.814453>)
22:42:04.742 [VehicleDeleted] ExpansionUh1h_Resistance (id=8514AE4F9E41FDDA06DB6ABA21906441 pos=<7925.214355, 169.004990, 11835.754883>)
22:43:49.304 [VehicleDestroyed] ExpansionUh1h_Medical (id=685E15B2E84C0EC49AAEE890B929857B pos=<7924.890137, 169.413162, 11833.697266>)
22:49:42.187 [VehicleDeleted] ExpansionUh1h_Medical (id=685E15B2E84C0EC49AAEE890B929857B pos=<7924.990723, 169.416748, 11833.737305>)
22:50:19.132 [MissionAirdrop] An airdrop is heading towards "Radunin" (pos=<7209.000000, 0.000000, 6073.000000> type=Random_Radunin) with a ExpansionAirdropContainer_Medical
22:50:29.132 [MissionAirdrop] An airdrop is heading towards "Zapadlisko" (pos=<8399.000000, 0.000000, 8803.000000> type=Random_Zapadlisko) with a ExpansionAirdropContainer
22:51:52.343 [VehicleDestroyed] ExpansionUh1h_Resistance (id=8A97ABDE92410EAE63F14099EC2F5F0F pos=<7924.639160, 169.312500, 11833.751953>)
22:57:46.773 [VehicleDeleted] ExpansionUh1h_Resistance (id=8A97ABDE92410EAE63F14099EC2F5F0F pos=<7921.061523, 168.638885, 11833.772461>)
22:59:31.328 [VehicleDestroyed] ExpansionUh1h (id=7AB631E425408785E269428EA4A5AF51 pos=<1227.718872, 169.338577, 7566.581543>)
23:05:24.375 [VehicleDeleted] ExpansionUh1h (id=7AB631E425408785E269428EA4A5AF51 pos=<1231.018921, 168.749298, 7566.895508>)
23:07:34.375 [VehicleDestroyed] ExpansionUh1h (id=B3673AAF6E4C1B203BE082AFD9162DD5 pos=<7924.841309, 169.407562, 11833.545898>)
