12:00:57.710 [VehicleDestroyed] ExpansionUh1h (id=B39F7B46C043129E0683DBBDA5345F50 pos=<1230.245972, 168.746857, 7567.127930>)
12:00:57.941 [VehicleDeleted] ExpansionUh1h (id=BCA46F4CC64CB2A00BDC109D25D2ECA6 pos=<1230.245972, 168.746857, 7567.127930>)
12:03:34.687 [VehicleDestroyed] ExpansionUh1h (id=BA412E314E4B3513976060A148DD564A pos=<1227.718872, 169.338715, 7566.580078>)
12:07:18.238 [MissionAirdrop] An airdrop is heading towards "Dolnik" (pos=<11491.000000, 0.000000, 763.000000> type=Random_Dolnik) with a ExpansionAirdropContainer_Basebuilding
12:07:38.238 [MissionAirdrop] An airdrop is heading towards "Tarnow" (pos=<9976.000000, 0.000000, 11000.000000> type=Random_Tarnow) with a ExpansionAirdropContainer_Military
12:09:29.175 [VehicleDeleted] ExpansionUh1h (id=BA412E314E4B3513976060A148DD564A pos=<1231.089355, 168.754532, 7566.853516>)
12:11:13.703 [VehicleDestroyed] ExpansionUh1h_Resistance (id=8AFFFFC5324923B267494CBC26470410 pos=<7924.654297, 169.369675, 11833.716797>)
12:17:06.941 [VehicleDeleted] ExpansionUh1h_Resistance (id=8AFFFFC5324923B267494CBC26470410 pos=<7924.513184, 169.358719, 11833.606445>)
12:19:16.929 [VehicleDestroyed] ExpansionUh1h_Uber (id=B598D46E624BDDD3419FE8A312612372 pos=<7924.634277, 169.382919, 11833.797852>)
12:25:11.562 [VehicleDeleted] ExpansionUh1h_Uber (id=B598D46E624BDDD3419FE8A312612372 pos=<7924.458496, 169.284225, 11833.828125>)
12:26:56.328 [VehicleDestroyed] ExpansionUh1h_Uber (id=5BDFD7A83143C9DFE981619C107C4CE2 pos=<1227.700195, 169.337799, 7566.579102>)
12:32:49.195 [VehicleDeleted] ExpansionUh1h_Uber (id=5BDFD7A83143C9DFE981619C107C4CE2 pos=<1230.874512, 168.751251, 7566.933594>)
12:34:59.257 [VehicleDestroyed] ExpansionUh1h_Uber (id=812B5CE5E543E468E5BEA8B25500B3D4 pos=<1227.719238, 169.338501, 7566.581055>)
12:40:53.890 [VehicleDeleted] ExpansionUh1h_Uber (id=812B5CE5E543E468E5BEA8B25500B3D4 pos=<1231.086670, 168.756943, 7566.844727>)
12:42:38.445 [VehicleDestroyed] ExpansionUh1h_Resistance (id=B9F0FD8FA14436B9D8E2E28C267C042C pos=<1227.719360, 169.338715, 7566.581543>)
12:48:31.855 [VehicleDeleted] ExpansionUh1h_Resistance (id=B9F0FD8FA14436B9D8E2E28C267C042C pos=<1231.066040, 168.753876, 7566.863281>)
12:50:41.820 [VehicleDestroyed] ExpansionUh1h_Uber (id=961ABC50814578C0516F28926B3ED38A pos=<1227.719727, 169.338730, 7566.581543>)
12:56:36.425 [VehicleDeleted] ExpansionUh1h_Uber (id=961ABC50814578C0516F28926B3ED38A pos=<1231.084351, 168.754807, 7566.854492>)
12:58:20.992 [VehicleDestroyed] ExpansionUh1h_Resistance (id=6F604D620049C1A1E167DA8029D265C3 pos=<1227.717407, 169.339050, 7566.580078>)
13:04:14.156 [VehicleDeleted] ExpansionUh1h_Resistance (id=6F604D620049C1A1E167DA8029D265C3 pos=<1231.060059, 168.756989, 7566.853027>)
13:06:24.269 [VehicleDestroyed] ExpansionUh1h (id=833BF99934445D5FC092A79FBACAF9B2 pos=<1227.718506, 169.339020, 7566.580566>)
13:12:18.679 [VehicleDeleted] ExpansionUh1h (id=833BF99934445D5FC092A79FBACAF9B2 pos=<1231.087280, 168.754990, 7566.852539>)
13:14:03.210 [VehicleDestroyed] ExpansionUh1h_Medical (id=9E192B20534EA2CD18C7D2BC2E1B4118 pos=<1227.718750, 169.338776, 7566.580078>)
13:19:56.214 [VehicleDeleted] ExpansionUh1h_Medical (id=9E192B20534EA2CD18C7D2BC2E1B4118 pos=<1231.105835, 168.751755, 7566.859375>)
13:22:06.250 [VehicleDestroyed] ExpansionUh1h_Medical (id=6D330717684E6C797EA387B3D685EA1E pos=<7924.742188, 169.217682, 11834.147461>)
13:28:00.640 [VehicleDeleted] ExpansionUh1h_Medical (id=6D330717684E6C797EA387B3D685EA1E pos=<7924.352539, 169.218918, 11834.094727>)
13:29:45.171 [VehicleDestroyed] ExpansionUh1h (id=6743E4120749A8D5E4CA939727DC6F8D pos=<7924.599609, 169.283371, 11833.746094>)
13:35:38.199 [VehicleDeleted] ExpansionUh1h (id=6743E4120749A8D5E4CA939727DC6F8D pos=<7921.128906, 168.643997, 11833.805664>)
13:36:50.109 [AI Patrol] Spawning 3 Shamans bots at <3707.551270, 254.811432, 11666.369141>
13:36:55.386 [MissionAirdrop] An airdrop is heading towards "Zapadlisko" (pos=<8399.000000, 0.000000, 8803.000000> type=Random_Zapadlisko) with a ExpansionAirdropContainer_Military
13:37:05.386 [MissionAirdrop] An airdrop is heading towards "Nadbor" (pos=<5996.000000, 0.000000, 4513.000000> type=Random_Nadbor) with a ExpansionAirdropContainer_Basebuilding
13:37:48.367 [VehicleDestroyed] ExpansionUh1h_Uber (id=DA0564DD66406305E442D6A224BE03DF pos=<7924.853027, 169.344009, 11833.780273>)
13:43:07.281 [AI Patrol] Spawning 3 Shamans bots at <3657.785400, 252.957397, 11734.803711>
13:43:42.851 [VehicleDeleted] ExpansionUh1h_Uber (id=DA0564DD66406305E442D6A224BE03DF pos=<7921.344238, 168.621399, 11834.175781>)
13:45:27.468 [VehicleDestroyed] ExpansionUh1h_Medical (id=B36980D6444B92E1055600B1BD805E75 pos=<7924.754883, 169.231293, 11834.098633>)
13:51:20.457 [VehicleDeleted] ExpansionUh1h_Medical (id=B36980D6444B92E1055600B1BD805E75 pos=<7923.965332, 169.132462, 11834.163086>)
13:53:30.437 [VehicleDestroyed] ExpansionUh1h (id=C3827698584FFAEF68BD5487A7D6306C pos=<7924.664551, 169.584381, 11833.890625>)
13:59:24.960 [VehicleDeleted] ExpansionUh1h (id=C3827698584FFAEF68BD5487A7D6306C pos=<7924.795410, 169.346161, 11833.742188>)
14:01:09.531 [VehicleDestroyed] ExpansionUh1h_Medical (id=05210B099942D3A6FFCA00BD16022858 pos=<7924.771484, 169.234406, 11834.091797>)
14:07:02.597 [VehicleDeleted] ExpansionUh1h_Medical (id=05210B099942D3A6FFCA00BD16022858 pos=<7924.378906, 169.229431, 11834.069336>)
14:09:12.523 [VehicleDestroyed] ExpansionUh1h_Medical (id=727588F2BF4DBEF450F0408BFA821A03 pos=<7924.653320, 169.410355, 11833.800781>)
14:15:06.933 [VehicleDeleted] ExpansionUh1h_Medical (id=727588F2BF4DBEF450F0408BFA821A03 pos=<7925.132324, 169.058243, 11835.437500>)
14:16:51.531 [VehicleDestroyed] ExpansionUh1h_Resistance (id=915E8CEBEA41E0C960E58F8A2E81FE46 pos=<1227.718994, 169.338623, 7566.581055>)
14:22:44.656 [VehicleDeleted] ExpansionUh1h_Resistance (id=915E8CEBEA41E0C960E58F8A2E81FE46 pos=<1231.078735, 168.752975, 7566.863281>)
14:24:18.371 [AI Patrol] Spawning 1 Shamans bots at <6595.345215, 169.812729, 11022.672852>
14:24:54.625 [VehicleDestroyed] ExpansionUh1h_Medical (id=EC3A0F62D64E371CB4C7BCA6BBE70F73 pos=<7924.729004, 169.334702, 11833.800781>)
14:30:49.082 [VehicleDeleted] ExpansionUh1h_Medical (id=EC3A0F62D64E371CB4C7BCA6BBE70F73 pos=<7924.591797, 169.365463, 11833.639648>)
14:32:33.636 [VehicleDestroyed] ExpansionUh1h_Resistance (id=BEEB1FBFFC40FAA62A23E198BBB4AC07 pos=<1227.718628, 169.338715, 7566.580078>)
14:38:26.667 [VehicleDeleted] ExpansionUh1h_Resistance (id=BEEB1FBFFC40FAA62A23E198BBB4AC07 pos=<1231.066528, 168.758148, 7566.846191>)
14:40:36.695 [VehicleDestroyed] ExpansionUh1h (id=9FA975175F4359C05F4E75AB409B42C5 pos=<7924.657715, 169.330154, 11833.758789>)
14:46:31.132 [VehicleDeleted] ExpansionUh1h (id=9FA975175F4359C05F4E75AB409B42C5 pos=<7921.856934, 168.705780, 11834.237305>)
14:48:15.660 [VehicleDestroyed] ExpansionUh1h_Uber (id=D1B3869AE74B172708820D8EEAB1242F pos=<1227.719238, 169.338715, 7566.580078>)
14:54:08.933 [VehicleDeleted] ExpansionUh1h_Uber (id=D1B3869AE74B172708820D8EEAB1242F pos=<1231.087280, 168.754257, 7566.855469>)
14:56:18.925 [VehicleDestroyed] ExpansionUh1h_Uber (id=960A14C3E14E1E5CE3B9298312842A89 pos=<7924.670898, 169.526352, 11833.758789>)
15:02:13.554 [VehicleDeleted] ExpansionUh1h_Uber (id=960A14C3E14E1E5CE3B9298312842A89 pos=<7925.234375, 169.035309, 11835.632813>)
15:03:45.492 [MissionAirdrop] An airdrop is heading towards "Dolnik" (pos=<11491.000000, 0.000000, 763.000000> type=Random_Dolnik) with a ExpansionAirdropContainer_Basebuilding
15:03:55.492 [MissionAirdrop] An airdrop is heading towards "Muratyn" (pos=<4559.000000, 0.000000, 6852.000000> type=Random_Muratyn) with a ExpansionAirdropContainer_Medical
15:03:58.156 [VehicleDestroyed] ExpansionUh1h_Resistance (id=BA8B07369B4342EF7E0C91B426B93124 pos=<1227.717773, 169.338562, 7566.581543>)
15:09:51.062 [VehicleDeleted] ExpansionUh1h_Resistance (id=BA8B07369B4342EF7E0C91B426B93124 pos=<1231.076904, 168.755539, 7566.854004>)
15:12:01.031 [VehicleDestroyed] ExpansionUh1h_Resistance (id=0302B2AE9142B895BBB192BB1BD018FE pos=<7924.789063, 169.293915, 11833.907227>)
15:17:55.738 [VehicleDeleted] ExpansionUh1h_Resistance (id=0302B2AE9142B895BBB192BB1BD018FE pos=<7923.050293, 169.031128, 11833.918945>)
15:19:40.316 [VehicleDestroyed] ExpansionUh1h_Medical (id=89B0263390447CB0BA9C068C2531F823 pos=<7924.937500, 169.410156, 11833.633789>)
15:25:33.984 [VehicleDeleted] ExpansionUh1h_Medical (id=89B0263390447CB0BA9C068C2531F823 pos=<7924.972656, 169.447891, 11833.586914>)
15:27:43.949 [VehicleDestroyed] ExpansionUh1h_Resistance (id=765DDFF84C4724E453B8769844BF2488 pos=<7924.709473, 169.389069, 11833.702148>)
15:33:38.484 [VehicleDeleted] ExpansionUh1h_Resistance (id=765DDFF84C4724E453B8769844BF2488 pos=<7924.618652, 169.444336, 11833.315430>)
15:35:23.011 [VehicleDestroyed] ExpansionUh1h_Medical (id=D6BB70A3B441E7BB4CDD969DADBB1F5D pos=<1227.718262, 169.338745, 7566.580078>)
15:41:16.070 [VehicleDeleted] ExpansionUh1h_Medical (id=D6BB70A3B441E7BB4CDD969DADBB1F5D pos=<1231.069336, 168.756577, 7566.851563>)
15:43:26.078 [VehicleDestroyed] ExpansionUh1h_Resistance (id=B47782196642EF360A41C1B32ACD2F11 pos=<1227.718872, 169.338821, 7566.580078>)
15:49:20.507 [VehicleDeleted] ExpansionUh1h_Resistance (id=B47782196642EF360A41C1B32ACD2F11 pos=<1231.056519, 168.758209, 7566.849609>)
15:51:05.144 [VehicleDestroyed] ExpansionUh1h_Uber (id=929F07FAB6400E4450C14F91AB9F66E7 pos=<1227.718750, 169.338760, 7566.581543>)
15:56:58.136 [VehicleDeleted] ExpansionUh1h_Uber (id=929F07FAB6400E4450C14F91AB9F66E7 pos=<1230.933228, 168.753036, 7566.907715>)
15:59:08.117 [VehicleDestroyed] ExpansionUh1h_Medical (id=A7138653594088D4CFDF21AF1593341F pos=<7924.623535, 169.295151, 11833.748047>)
16:05:02.882 [VehicleDeleted] ExpansionUh1h_Medical (id=A7138653594088D4CFDF21AF1593341F pos=<7921.112793, 168.657944, 11833.710938>)
16:06:47.406 [VehicleDestroyed] ExpansionUh1h (id=A97B3870C14921A79F0B6A8DF5B010BF pos=<7924.685059, 169.312958, 11833.791992>)
16:12:40.453 [VehicleDeleted] ExpansionUh1h (id=A97B3870C14921A79F0B6A8DF5B010BF pos=<7921.621094, 168.671463, 11834.212891>)
16:14:50.472 [VehicleDestroyed] ExpansionUh1h_Uber (id=59ED47C87045437E979A3EA9516C3CE3 pos=<7924.674805, 169.379105, 11833.674805>)
16:20:45.445 [VehicleDeleted] ExpansionUh1h_Uber (id=59ED47C87045437E979A3EA9516C3CE3 pos=<7924.672852, 169.381607, 11833.635742>)
16:22:30.015 [VehicleDestroyed] ExpansionUh1h_Medical (id=918372BA39440440C460D7A453262CB5 pos=<7924.645020, 169.623138, 11833.853516>)
16:28:23.039 [VehicleDeleted] ExpansionUh1h_Medical (id=918372BA39440440C460D7A453262CB5 pos=<7924.705078, 169.365265, 11833.620117>)
16:30:28.632 [MissionAirdrop] An airdrop is heading towards "Nadbor" (pos=<5996.000000, 0.000000, 4513.000000> type=Random_Nadbor) with a ExpansionAirdropContainer_Basebuilding
16:30:33.046 [VehicleDestroyed] ExpansionUh1h_Medical (id=3FC1D295A74C565D82039FB08C0191EE pos=<7924.794922, 169.399490, 11833.559570>)
16:30:38.632 [MissionAirdrop] An airdrop is heading towards "Kolembrody" (pos=<8676.000000, 0.000000, 12114.000000> type=Random_Kolembrody) with a ExpansionAirdropContainer_Military
16:36:27.984 [VehicleDeleted] ExpansionUh1h_Medical (id=3FC1D295A74C565D82039FB08C0191EE pos=<7924.918945, 169.442917, 11833.566406>)
16:38:12.558 [VehicleDestroyed] ExpansionUh1h (id=BA84AF163646E44593703FB859C30FA6 pos=<1227.718506, 169.338699, 7566.580078>)
16:44:05.519 [VehicleDeleted] ExpansionUh1h (id=BA84AF163646E44593703FB859C30FA6 pos=<1230.947876, 168.748642, 7566.920410>)
16:46:15.515 [VehicleDestroyed] ExpansionUh1h (id=BC0299453D49B08D23CD47837C9E29FE pos=<7924.647949, 169.322952, 11833.829102>)
16:52:09.890 [VehicleDeleted] ExpansionUh1h (id=BC0299453D49B08D23CD47837C9E29FE pos=<7921.603516, 168.699402, 11833.986328>)
16:53:54.562 [VehicleDestroyed] ExpansionUh1h_Uber (id=E0A19CBFF24F43CCFFE491B7397090C3 pos=<1227.718750, 169.338669, 7566.580078>)
16:59:47.531 [VehicleDeleted] ExpansionUh1h_Uber (id=E0A19CBFF24F43CCFFE491B7397090C3 pos=<1231.073242, 168.754837, 7566.857422>)
17:01:57.500 [VehicleDestroyed] ExpansionUh1h (id=CA577B7C4E44B470736FF285157A2866 pos=<7924.595703, 169.298828, 11833.998047>)
17:04:47.765 [VehicleEnter] Player Cmal687 [uid=p9VAMsoU43lZ0gBLvB0Ns7qmVLz3DUVyfPN19xn28Ws=] entered vehicle Sarka 120 (id=5F52A8EF5E46E2FE0910EE8ECA348BF4 pos=<1092.955078, 265.069305, 5695.034180>) as driver
17:04:52.578 [VehicleLeave] Player Cmal687 [uid=p9VAMsoU43lZ0gBLvB0Ns7qmVLz3DUVyfPN19xn28Ws=] left vehicle Sarka 120 (id=5F52A8EF5E46E2FE0910EE8ECA348BF4 pos=<1092.927856, 265.068298, 5695.034180>)
17:07:52.031 [VehicleDeleted] ExpansionUh1h (id=CA577B7C4E44B470736FF285157A2866 pos=<7924.783203, 168.993912, 11835.419922>)
17:09:36.605 [VehicleDestroyed] ExpansionUh1h_Medical (id=977733A6B549E6FDD4D2FC884DF43689 pos=<1227.701416, 169.337372, 7566.581543>)
