14:21:35.648 [VehicleDestroyed] ExpansionUh1h_Resistance (id=8999764C144A32F6B28F17959D77959A pos=<1227.718750, 169.338776, 7566.581543>)
14:21:54.976 [AI Patrol] Spawning 1 Shamans bots at <6462.912598, 168.433807, 10945.884766>
14:25:12.843 [MissionAirdrop] An airdrop is heading towards "Nadbor" (pos=<5996.000000, 0.000000, 4513.000000> type=Random_Nadbor) with a ExpansionAirdropContainer_Basebuilding
14:25:22.843 [MissionAirdrop] An airdrop is heading towards "Kolembrody" (pos=<8676.000000, 0.000000, 12114.000000> type=Random_Kolembrody) with a ExpansionAirdropContainer_Military
14:27:30.003 [VehicleDeleted] ExpansionUh1h_Resistance (id=8999764C144A32F6B28F17959D77959A pos=<1231.078857, 168.753494, 7566.860840>)
14:28:57.679 [AI Patrol] Spawning 3 Shamans bots at <12330.288086, 209.237320, 3848.858398>
14:29:14.625 [VehicleDestroyed] ExpansionUh1h_Medical (id=55516D13F44C1D7A1751EEB829AD784D pos=<7924.738770, 169.305969, 11833.846680>)
14:31:25.031 [AI Patrol] Spawning 3 Shamans bots at <10975.786133, 345.910187, 4375.923340>
14:35:07.960 [VehicleDeleted] ExpansionUh1h_Medical (id=55516D13F44C1D7A1751EEB829AD784D pos=<7924.534180, 169.285370, 11833.945313>)
14:38:40.218 [VehicleDestroyed] ExpansionUh1h (id=8B62CF328C4A8FE45C99BD8FE0B443D0 pos=<7924.717773, 169.343384, 11833.787109>)
14:44:33.578 [VehicleDeleted] ExpansionUh1h (id=8B62CF328C4A8FE45C99BD8FE0B443D0 pos=<7924.581543, 169.414200, 11833.418945>)
14:46:43.781 [VehicleDestroyed] ExpansionUh1h_Medical (id=54C2CA5AC945DDA87C45BCA06B44CF67 pos=<7924.641602, 169.630051, 11833.791992>)
14:52:38.351 [VehicleDeleted] ExpansionUh1h_Medical (id=54C2CA5AC945DDA87C45BCA06B44CF67 pos=<7925.510254, 169.102341, 11835.569336>)
14:53:24.976 [AI Patrol] Spawning 3 Shamans bots at <11030.807617, 340.775452, 4125.704590>
14:54:22.980 [VehicleDestroyed] ExpansionUh1h_Medical (id=B39DABBB46424F4FF9A3539CFAB2791B pos=<1227.719116, 169.338882, 7566.580078>)
15:00:16.367 [VehicleDeleted] ExpansionUh1h_Medical (id=B39DABBB46424F4FF9A3539CFAB2791B pos=<1230.991211, 168.747513, 7566.911621>)
15:02:26.390 [VehicleDestroyed] ExpansionUh1h (id=E9FB951F0745A46F855A379F7FB1E6CC pos=<7924.625488, 169.590790, 11833.892578>)
15:08:21.265 [VehicleDeleted] ExpansionUh1h (id=E9FB951F0745A46F855A379F7FB1E6CC pos=<7924.743164, 169.364151, 11833.668945>)
15:10:05.921 [VehicleDestroyed] ExpansionUh1h (id=B32186FAE046863F6ABEF1809DB7E9DD pos=<1227.700562, 169.337616, 7566.581543>)
15:15:58.921 [VehicleDeleted] ExpansionUh1h (id=B32186FAE046863F6ABEF1809DB7E9DD pos=<1231.005005, 168.757553, 7566.868164>)
15:18:08.992 [VehicleDestroyed] ExpansionUh1h_Medical (id=6FA218649149F3157C2654A1319D8ACB pos=<7924.790527, 169.347992, 11833.694336>)
15:24:03.679 [VehicleDeleted] ExpansionUh1h_Medical (id=6FA218649149F3157C2654A1319D8ACB pos=<7921.114258, 168.595230, 11834.045898>)
15:25:48.289 [VehicleDestroyed] ExpansionUh1h_Resistance (id=4FDCC822C64974EA9BD9DB96B58698F5 pos=<7924.620605, 169.299271, 11833.773438>)
