08:59:06.552 [VehicleDestroyed] ExpansionUh1h_Medical (id=B5BDBA2192442920194D2F8CD5490326 pos=<7924.885254, 169.338486, 11834.034180>)
09:02:54.843 [MissionAirdrop] An airdrop is heading towards "Karlin" (pos=<9975.000000, 0.000000, 7242.000000> type=Random_Karlin) with a ExpansionAirdropContainer
09:03:04.839 [MissionAirdrop] An airdrop is heading towards "Zapadlisko" (pos=<8399.000000, 0.000000, 8803.000000> type=Random_Zapadlisko) with a ExpansionAirdropContainer
09:05:01.003 [VehicleDeleted] ExpansionUh1h_Medical (id=B5BDBA2192442920194D2F8CD5490326 pos=<7924.987305, 169.355316, 11834.001953>)
09:06:45.558 [VehicleDestroyed] ExpansionUh1h_Uber (id=4D6254D2D3408281A24109A9FADE56EC pos=<1227.717773, 169.338531, 7566.581543>)
09:12:38.992 [VehicleDeleted] ExpansionUh1h_Uber (id=4D6254D2D3408281A24109A9FADE56EC pos=<1231.076172, 168.754410, 7566.858398>)
09:14:49.007 [VehicleDestroyed] ExpansionUh1h_Uber (id=704B8BC85C4E4123842D698A1C4C129A pos=<1227.718750, 169.338837, 7566.580078>)
09:20:43.445 [VehicleDeleted] ExpansionUh1h_Uber (id=704B8BC85C4E4123842D698A1C4C129A pos=<1231.078491, 168.753784, 7566.859863>)
09:22:28.039 [VehicleDestroyed] ExpansionUh1h_Resistance (id=F8785487AC466680544AF388DDED8C47 pos=<1227.718018, 169.338608, 7566.580566>)
09:36:07.031 [VehicleDeleted] ExpansionUh1h_Resistance (id=F8785487AC466680544AF388DDED8C47 pos=<1231.817139, 168.740067, 7566.732910>)
09:37:50.273 [VehicleDestroyed] ExpansionUh1h_Medical (id=BA03C4E509463CECD87DE0AE1E298035 pos=<1227.717896, 169.339020, 7566.580078>)
10:05:48.289 [VehicleDeleted] ExpansionUh1h_Medical (id=BA03C4E509463CECD87DE0AE1E298035 pos=<1233.215332, 168.701645, 7566.637695>)
10:07:05.914 [VehicleDestroyed] ExpansionUh1h_Medical (id=8FD6EDF21C43F21BC46701AD1B3F619A pos=<7924.839844, 169.331635, 11834.048828>)
10:21:38.773 [VehicleDeleted] ExpansionUh1h_Medical (id=8FD6EDF21C43F21BC46701AD1B3F619A pos=<7924.567383, 169.299637, 11833.903320>)
10:23:21.945 [VehicleDestroyed] ExpansionUh1h_Uber (id=A00066D3BB48D9EE3EF420A634C9DD38 pos=<7924.920410, 169.413528, 11833.653320>)
10:29:16.375 [VehicleDeleted] ExpansionUh1h_Uber (id=A00066D3BB48D9EE3EF420A634C9DD38 pos=<7925.014648, 169.436188, 11833.671875>)
10:30:18.968 [MissionAirdrop] An airdrop is heading towards "Muratyn" (pos=<4559.000000, 0.000000, 6852.000000> type=Random_Muratyn) with a ExpansionAirdropContainer_Medical
10:30:28.968 [MissionAirdrop] An airdrop is heading towards "Radunin" (pos=<7209.000000, 0.000000, 6073.000000> type=Random_Radunin) with a ExpansionAirdropContainer_Basebuilding
10:31:00.976 [VehicleDestroyed] ExpansionUh1h_Medical (id=BBECA2F98B4D6C3D118E649E7D9A57D8 pos=<1227.719849, 169.338623, 7566.581543>)
10:36:54.062 [VehicleDeleted] ExpansionUh1h_Medical (id=BBECA2F98B4D6C3D118E649E7D9A57D8 pos=<1231.073853, 168.754089, 7566.860352>)
10:39:04.015 [VehicleDestroyed] ExpansionUh1h (id=073E9599034588E5A78BF8BDC5AEEA81 pos=<1227.718750, 169.338715, 7566.580078>)
10:47:35.812 [VehicleDeleted] ExpansionUh1h (id=073E9599034588E5A78BF8BDC5AEEA81 pos=<1231.438599, 168.763184, 7566.716309>)
10:48:53.437 [VehicleDestroyed] ExpansionUh1h (id=725961ADE9410E73D0CA1584B1B326EB pos=<1227.701904, 169.337234, 7566.581543>)
10:54:46.574 [VehicleDeleted] ExpansionUh1h (id=725961ADE9410E73D0CA1584B1B326EB pos=<1230.901978, 168.748611, 7566.935059>)
10:56:56.562 [VehicleDestroyed] ExpansionUh1h_Uber (id=4D426A55E0445391AB711DAE8C7D7ABE pos=<1227.696899, 169.339020, 7566.572754>)
11:02:51.070 [VehicleDeleted] ExpansionUh1h_Uber (id=4D426A55E0445391AB711DAE8C7D7ABE pos=<1230.913208, 168.749557, 7566.927734>)
11:04:35.792 [VehicleDestroyed] ExpansionUh1h_Uber (id=E50DA7AB76460D2100248AAB348688B8 pos=<7924.714844, 169.330673, 11833.804688>)
11:13:30.406 [VehicleDeleted] ExpansionUh1h_Uber (id=E50DA7AB76460D2100248AAB348688B8 pos=<7924.645020, 169.350586, 11833.748047>)
11:15:13.574 [VehicleDestroyed] ExpansionUh1h_Medical (id=A02DA1914A4215F94C8960A1539091B9 pos=<1227.717773, 169.338928, 7566.580078>)
