15:48:34.691 [VehicleDestroyed] ExpansionUh1h_Resistance (id=E6D89386DB4731DDC6D250945C43FFB8 pos=<7924.748047, 169.395096, 11833.553711>)
15:52:23.601 [MissionAirdrop] An airdrop is heading towards "Zapadlisko" (pos=<8399.000000, 0.000000, 8803.000000> type=Random_Zapadlisko) with a ExpansionAirdropContainer_Medical
15:52:53.597 [MissionAirdrop] An airdrop is heading towards "Kolembrody" (pos=<8676.000000, 0.000000, 12114.000000> type=Random_Kolembrody) with a ExpansionAirdropContainer_Medical
15:53:53.488 [AI Patrol] Spawning 3 Shamans bots at <9898.055664, 351.700012, 3783.277832>
15:54:29.191 [VehicleDeleted] ExpansionUh1h_Resistance (id=E6D89386DB4731DDC6D250945C43FFB8 pos=<7924.866211, 169.435181, 11833.558594>)
15:56:13.886 [VehicleDestroyed] ExpansionUh1h_Medical (id=BD42AE0FE44AE25E98AEEDA114D1DF0C pos=<7924.467773, 169.290726, 11833.945313>)
15:58:24.726 [AI Patrol] Spawning 3 Shamans bots at <9952.884766, 350.862000, 3861.608643>
16:02:07.023 [VehicleDeleted] ExpansionUh1h_Medical (id=BD42AE0FE44AE25E98AEEDA114D1DF0C pos=<7924.222656, 169.191727, 11834.042969>)
16:03:19.394 [AI Patrol] Spawning 3 Shamans bots at <9920.773438, 341.832764, 3673.023926>
16:04:17.046 [VehicleDestroyed] ExpansionUh1h (id=3F36C929154B54F7CDDA049D69511300 pos=<1227.713867, 169.339142, 7566.576660>)
16:10:11.464 [VehicleDeleted] ExpansionUh1h (id=3F36C929154B54F7CDDA049D69511300 pos=<1231.064819, 168.754944, 7566.859375>)
16:11:56.089 [VehicleDestroyed] ExpansionUh1h_Uber (id=CA597AD6B74B3BBF07692997313E8DBE pos=<7924.507324, 169.365219, 11833.683594>)
16:12:44.488 [AI Patrol] Spawning 3 Shamans bots at <9908.383789, 351.512177, 3754.960938>
16:17:49.121 [VehicleDeleted] ExpansionUh1h_Uber (id=CA597AD6B74B3BBF07692997313E8DBE pos=<7924.572754, 169.360718, 11833.649414>)
16:19:59.128 [VehicleDestroyed] ExpansionUh1h (id=F81B4B07E84F283176A871A81F03A7B9 pos=<1227.696167, 169.339081, 7566.573730>)
16:25:53.640 [VehicleDeleted] ExpansionUh1h (id=F81B4B07E84F283176A871A81F03A7B9 pos=<1230.942383, 168.748764, 7566.921875>)
16:27:38.167 [VehicleDestroyed] ExpansionUh1h (id=49534485A043D2B31CC3E08BEBF30C74 pos=<1227.719849, 169.338486, 7566.581543>)
16:31:35.367 [AI Patrol] Spawning 3 Shamans bots at <10051.226563, 346.335999, 3810.286621>
16:33:31.445 [VehicleDeleted] ExpansionUh1h (id=49534485A043D2B31CC3E08BEBF30C74 pos=<1231.080444, 168.754013, 7566.858887>)
16:35:41.445 [VehicleDestroyed] ExpansionUh1h_Medical (id=155D1671C94C4B724FB990913351E6BA pos=<7924.795898, 169.287857, 11833.864258>)
16:41:36.332 [VehicleDeleted] ExpansionUh1h_Medical (id=155D1671C94C4B724FB990913351E6BA pos=<7924.419922, 169.247940, 11834.020508>)
16:43:20.972 [VehicleDestroyed] ExpansionUh1h_Uber (id=E5D8A567A04702B0ADD0ACA398CAC2AC pos=<7924.545898, 169.438385, 11833.817383>)
16:47:31.398 [AI Patrol] Spawning 3 Shamans bots at <9967.451172, 351.296082, 3767.437988>
16:49:14.218 [VehicleDeleted] ExpansionUh1h_Uber (id=E5D8A567A04702B0ADD0ACA398CAC2AC pos=<7925.139160, 169.059708, 11835.436523>)
16:51:24.187 [VehicleDestroyed] ExpansionUh1h_Resistance (id=B8BB9AF6714C54A2B52D4BB98EAE3F45 pos=<7924.720703, 169.329865, 11833.809570>)
16:57:18.855 [VehicleDeleted] ExpansionUh1h_Resistance (id=B8BB9AF6714C54A2B52D4BB98EAE3F45 pos=<7924.520020, 169.352188, 11833.641602>)
16:59:03.406 [VehicleDestroyed] ExpansionUh1h (id=3AE0DBC7164BE61215B2B1B195B01142 pos=<7924.516602, 169.575424, 11833.905273>)
17:01:14.414 [AI Patrol] Spawning 3 Shamans bots at <10243.916016, 255.098145, 2237.007324>
17:02:59.878 [AI Patrol] Spawning 3 Shamans bots at <10214.436523, 242.297958, 2216.153809>
17:04:56.796 [VehicleDeleted] ExpansionUh1h (id=3AE0DBC7164BE61215B2B1B195B01142 pos=<7924.599609, 169.327087, 11833.681641>)
17:07:06.820 [VehicleDestroyed] ExpansionUh1h_Medical (id=BEF33FAAF4446C4FC2A002814F17B612 pos=<7924.540527, 169.447495, 11834.256836>)
17:13:01.453 [VehicleDeleted] ExpansionUh1h_Medical (id=BEF33FAAF4446C4FC2A002814F17B612 pos=<7925.178223, 169.027527, 11835.618164>)
17:16:32.210 [VehicleDestroyed] ExpansionUh1h_Medical (id=13449F42C042BAC206114A962719BCEB pos=<7924.807617, 169.340500, 11833.766602>)
17:20:04.742 [MissionAirdrop] An airdrop is heading towards "Tarnow" (pos=<9976.000000, 0.000000, 11000.000000> type=Random_Tarnow) with a ExpansionAirdropContainer_Basebuilding
17:20:14.742 [MissionAirdrop] An airdrop is heading towards "Muratyn" (pos=<4559.000000, 0.000000, 6852.000000> type=Random_Muratyn) with a ExpansionAirdropContainer_Basebuilding
17:22:26.578 [VehicleDeleted] ExpansionUh1h_Medical (id=13449F42C042BAC206114A962719BCEB pos=<7921.775391, 168.664551, 11834.383789>)
17:24:11.105 [VehicleDestroyed] ExpansionUh1h_Resistance (id=34B2D0B53B4CBA09C8757C8A8203316C pos=<7924.725586, 169.613495, 11833.781250>)
17:30:04.031 [VehicleDeleted] ExpansionUh1h_Resistance (id=34B2D0B53B4CBA09C8757C8A8203316C pos=<7924.905273, 169.384872, 11833.658203>)
17:33:36.277 [VehicleDestroyed] ExpansionUh1h_Medical (id=BA0C55F739470DC2457548AD96D9A9A0 pos=<7924.696777, 169.398331, 11833.793945>)
17:39:29.308 [VehicleDeleted] ExpansionUh1h_Medical (id=BA0C55F739470DC2457548AD96D9A9A0 pos=<7925.075195, 169.053970, 11835.403320>)
17:41:39.484 [VehicleDestroyed] ExpansionUh1h_Resistance (id=467859DD5845FE1B7E0CEAB70D00AE4E pos=<1227.701416, 169.337433, 7566.581543>)
17:47:34.382 [VehicleDeleted] ExpansionUh1h_Resistance (id=467859DD5845FE1B7E0CEAB70D00AE4E pos=<1230.988281, 168.752304, 7566.893555>)
17:49:19.000 [VehicleDestroyed] ExpansionUh1h_Medical (id=F06831242043F7FF84EC338AD9D5FFBE pos=<7924.551758, 169.239151, 11834.399414>)
17:55:11.968 [VehicleDeleted] ExpansionUh1h_Medical (id=F06831242043F7FF84EC338AD9D5FFBE pos=<7924.848145, 169.001495, 11835.444336>)
17:57:22.070 [VehicleDestroyed] ExpansionUh1h_Resistance (id=9B7C14A74F45439590F683B363ADA452 pos=<7924.717285, 169.391205, 11833.603516>)
