02:57:02.247 [VehicleDestroyed] ExpansionUh1h_Uber (id=EAECE1AFF04A9E3FB52C3296D5E597B1 pos=<1227.719482, 169.338654, 7566.580078>)
03:00:53.475 [MissionAirdrop] An airdrop is heading towards "Gieraltow" (pos=<10899.000000, 0.000000, 4515.000000> type=Random_Gieraltow) with a ExpansionAirdropContainer
03:01:03.473 [MissionAirdrop] An airdrop is heading towards "Muratyn" (pos=<4559.000000, 0.000000, 6852.000000> type=Random_Muratyn) with a ExpansionAirdropContainer_Military
03:08:19.763 [VehicleDeleted] ExpansionUh1h_Uber (id=EAECE1AFF04A9E3FB52C3296D5E597B1 pos=<1231.709106, 168.750076, 7566.703613>)
03:09:35.988 [VehicleDestroyed] ExpansionUh1h (id=3B082855C74DA5217FC2EFB472601D1F pos=<7924.750000, 169.233841, 11834.086914>)
03:15:30.638 [VehicleDeleted] ExpansionUh1h (id=3B082855C74DA5217FC2EFB472601D1F pos=<7923.767578, 169.088852, 11834.194336>)
03:19:01.290 [VehicleDestroyed] ExpansionUh1h_Uber (id=5CA5CC3743476D16B1501195F9095D42 pos=<7924.644531, 169.562668, 11834.006836>)
03:24:55.858 [VehicleDeleted] ExpansionUh1h_Uber (id=5CA5CC3743476D16B1501195F9095D42 pos=<7924.835938, 169.324310, 11833.876953>)
03:26:40.420 [VehicleDestroyed] ExpansionUh1h_Resistance (id=B3718BA4A84FC77388845C9A275BC026 pos=<7924.623535, 169.356308, 11833.812500>)
03:32:33.394 [VehicleDeleted] ExpansionUh1h_Resistance (id=B3718BA4A84FC77388845C9A275BC026 pos=<7924.443848, 169.272339, 11833.866211>)
03:34:43.681 [VehicleDestroyed] ExpansionUh1h (id=00603D42764CE90A074FD2AFEC4297F6 pos=<7924.756836, 169.658508, 11833.630859>)
03:40:38.212 [VehicleDeleted] ExpansionUh1h (id=00603D42764CE90A074FD2AFEC4297F6 pos=<7924.673828, 169.391663, 11833.439453>)
03:42:22.760 [VehicleDestroyed] ExpansionUh1h_Uber (id=3B8F4C8B2B4BBF2F665ECE9458DB978D pos=<1227.718872, 169.338867, 7566.580078>)
03:48:15.534 [VehicleDeleted] ExpansionUh1h_Uber (id=3B8F4C8B2B4BBF2F665ECE9458DB978D pos=<1231.055054, 168.758606, 7566.848145>)
03:50:25.460 [VehicleDestroyed] ExpansionUh1h (id=01E8A920974EDA65B042D99137E61BC9 pos=<1227.719116, 169.338623, 7566.581055>)
03:56:19.735 [VehicleDeleted] ExpansionUh1h (id=01E8A920974EDA65B042D99137E61BC9 pos=<1231.073608, 168.759232, 7566.839844>)
03:58:04.278 [VehicleDestroyed] ExpansionUh1h (id=A0F63E010B49F26E93E35D929A2F4E07 pos=<1227.718384, 169.338623, 7566.581543>)
04:03:57.051 [VehicleDeleted] ExpansionUh1h (id=A0F63E010B49F26E93E35D929A2F4E07 pos=<1231.053589, 168.749680, 7566.883301>)
04:06:06.977 [VehicleDestroyed] ExpansionUh1h (id=7E1391EF304A12373AFFD39A5908DDA1 pos=<7924.673340, 169.305344, 11833.889648>)
04:12:01.251 [VehicleDeleted] ExpansionUh1h (id=7E1391EF304A12373AFFD39A5908DDA1 pos=<7922.956543, 168.573059, 11835.813477>)
04:13:45.777 [VehicleDestroyed] ExpansionUh1h (id=7F2BD21ADF410861419F22A0C6DD1888 pos=<1227.718872, 169.338654, 7566.582031>)
