00:00:52.777 [VehicleDestroyed] ExpansionUh1h_Uber (id=96409D66734B53C815AE8EAA9D23117D pos=<1230.787476, 168.754715, 7566.946777>)
00:00:53.027 [VehicleDeleted] ExpansionUh1h_Uber (id=D8F8DA85F049D0A150CAEAB54F0E779A pos=<1230.787476, 168.754715, 7566.946777>)
04:05:37.993 [VehicleDestroyed] ExpansionUh1h_Medical (id=57A8ABB98047A63FF2C5A083271FA852 pos=<7924.864258, 169.402634, 11833.550781>)
04:09:13.278 [MissionAirdrop] An airdrop is heading towards "Gieraltow" (pos=<10899.000000, 0.000000, 4515.000000> type=Random_Gieraltow) with a ExpansionAirdropContainer_Military
04:09:23.276 [MissionAirdrop] An airdrop is heading towards "Karlin" (pos=<9975.000000, 0.000000, 7242.000000> type=Random_Karlin) with a ExpansionAirdropContainer_Military
04:10:32.312 [VehicleEnter] Player Deplorable [uid=41LNWyiQAQIXrFoMk6rKGP2InqII08fX7iNhsUqpLl4=] entered vehicle Gunter 2 (id=CC8ABDED1F4657C8127DD1B718E48D27 pos=<8406.429688, 175.585571, 11988.443359>) as driver
04:11:13.905 [VehicleEngine] Player Deplorable [uid=41LNWyiQAQIXrFoMk6rKGP2InqII08fX7iNhsUqpLl4=] started vehicle Gunter 2 (id=CC8ABDED1F4657C8127DD1B718E48D27 pos=<8406.429688, 175.585541, 11988.444336>)
04:11:43.528 [VehicleEngine] Player Deplorable [uid=41LNWyiQAQIXrFoMk6rKGP2InqII08fX7iNhsUqpLl4=] stopped vehicle Gunter 2 (id=CC8ABDED1F4657C8127DD1B718E48D27 pos=<8411.977539, 174.138336, 11820.417969>)
04:11:46.019 [VehicleLeave] Player Deplorable [uid=41LNWyiQAQIXrFoMk6rKGP2InqII08fX7iNhsUqpLl4=] left vehicle Gunter 2 (id=CC8ABDED1F4657C8127DD1B718E48D27 pos=<8411.977539, 174.138321, 11820.417969>)
04:11:59.544 [VehicleDeleted] ExpansionUh1h_Medical (id=57A8ABB98047A63FF2C5A083271FA852 pos=<7924.980957, 169.454407, 11833.564453>)
04:13:17.172 [VehicleDestroyed] ExpansionUh1h_Resistance (id=54692EED3E49B85BF8D6B1AAE8B88F02 pos=<1227.719116, 169.338379, 7566.581543>)
04:19:10.848 [VehicleDeleted] ExpansionUh1h_Resistance (id=54692EED3E49B85BF8D6B1AAE8B88F02 pos=<1231.063477, 168.756271, 7566.854980>)
04:21:20.909 [VehicleDestroyed] ExpansionUh1h (id=B19EC0126D4D680C936D01B18F83BE8D pos=<1227.718872, 169.338715, 7566.581055>)
04:26:39.117 [AI Patrol] Spawning 1 Shamans bots at <6635.781738, 171.218765, 11044.962891>
04:27:15.525 [VehicleDeleted] ExpansionUh1h (id=B19EC0126D4D680C936D01B18F83BE8D pos=<1231.075195, 168.752914, 7566.864258>)
04:29:00.076 [VehicleDestroyed] ExpansionUh1h_Resistance (id=2256427B7D455B5E547DD2B60BCEB299 pos=<7924.917480, 169.416962, 11833.669922>)
04:36:38.279 [VehicleEnter] Player Deplorable [uid=41LNWyiQAQIXrFoMk6rKGP2InqII08fX7iNhsUqpLl4=] entered vehicle Gunter 2 (id=CC8ABDED1F4657C8127DD1B718E48D27 pos=<8411.977539, 174.138336, 11820.417969>) as driver
04:36:39.630 [VehicleEngine] Player Deplorable [uid=41LNWyiQAQIXrFoMk6rKGP2InqII08fX7iNhsUqpLl4=] started vehicle Gunter 2 (id=CC8ABDED1F4657C8127DD1B718E48D27 pos=<8411.977539, 174.138367, 11820.417969>)
04:36:53.265 [AI Patrol] Spawning 3 Shamans bots at <9230.759766, 191.761475, 11106.520508>
04:37:14.068 [AI Patrol] Spawning 3 Shamans bots at <9415.682617, 224.077896, 10626.896484>
04:38:01.880 [VehicleDeleted] ExpansionUh1h_Resistance (id=2256427B7D455B5E547DD2B60BCEB299 pos=<7924.888184, 169.440750, 11833.549805>)
04:38:06.054 [VehicleEngine] Player Deplorable [uid=41LNWyiQAQIXrFoMk6rKGP2InqII08fX7iNhsUqpLl4=] stopped vehicle Gunter 2 (id=CC8ABDED1F4657C8127DD1B718E48D27 pos=<8854.895508, 204.473465, 11088.131836>)
04:38:50.343 [VehicleLeave] Player Deplorable [uid=41LNWyiQAQIXrFoMk6rKGP2InqII08fX7iNhsUqpLl4=] left vehicle Gunter 2 (id=CC8ABDED1F4657C8127DD1B718E48D27 pos=<8854.894531, 204.473465, 11088.131836>)
04:40:11.937 [VehicleDestroyed] ExpansionUh1h (id=D4585E13314FED6ABD0AC9B02565EA1A pos=<7924.642090, 169.375412, 11833.788086>)
