19:49:07.976 [AI Patrol] Spawning 3 Shamans bots at <12019.339844, 302.239990, 5252.966309>
19:49:38.726 [VehicleDestroyed] ExpansionUh1h_Resistance (id=73A77C001E49FCF456CDDBAE20CC05E4 pos=<7924.686523, 169.596924, 11833.857422>)
19:53:27.304 [MissionAirdrop] An airdrop is heading towards "Gieraltow" (pos=<10899.000000, 0.000000, 4515.000000> type=Random_Gieraltow) with a ExpansionAirdropContainer_Military
19:53:57.304 [MissionAirdrop] An airdrop is heading towards "Nadbor" (pos=<5996.000000, 0.000000, 4513.000000> type=Random_Nadbor) with a ExpansionAirdropContainer_Basebuilding
19:55:33.507 [VehicleDeleted] ExpansionUh1h_Resistance (id=73A77C001E49FCF456CDDBAE20CC05E4 pos=<7924.807129, 169.359894, 11833.690430>)
19:57:18.062 [VehicleDestroyed] ExpansionUh1h_Medical (id=97B37D75554D7D9590584CA0EEB86FF9 pos=<1227.718628, 169.338928, 7566.580078>)
20:03:11.296 [VehicleDeleted] ExpansionUh1h_Medical (id=97B37D75554D7D9590584CA0EEB86FF9 pos=<1231.046997, 168.760773, 7566.842773>)
20:05:21.257 [VehicleDestroyed] ExpansionUh1h_Resistance (id=FF37432EA14C9534FD1B65BA1CF5CC92 pos=<7924.743164, 169.297989, 11833.838867>)
20:11:15.757 [VehicleDeleted] ExpansionUh1h_Resistance (id=FF37432EA14C9534FD1B65BA1CF5CC92 pos=<7924.506348, 169.263168, 11834.021484>)
20:52:10.406 [VehicleDestroyed] ExpansionUh1h_Medical (id=FE5C5F8BB74DD03C6EFF76AC6FAFE0F4 pos=<7924.639648, 169.547852, 11834.052734>)
20:53:04.046 [AI Patrol] Spawning 3 Shamans bots at <9646.465820, 420.464478, 1030.797119>
20:58:03.406 [VehicleDeleted] ExpansionUh1h_Medical (id=FE5C5F8BB74DD03C6EFF76AC6FAFE0F4 pos=<7924.835938, 169.310898, 11833.937500>)
21:00:13.359 [VehicleDestroyed] ExpansionUh1h (id=2D92FC2DF8439761D25D5FA831D9CCC8 pos=<1227.700806, 169.337540, 7566.581543>)
21:06:07.945 [VehicleDeleted] ExpansionUh1h (id=2D92FC2DF8439761D25D5FA831D9CCC8 pos=<1230.884277, 168.751724, 7566.928223>)
21:07:52.578 [VehicleDestroyed] ExpansionUh1h_Medical (id=402A5F0C584DC12A9546D38687827B9C pos=<7924.779785, 169.283783, 11833.869141>)
21:13:45.773 [VehicleDeleted] ExpansionUh1h_Medical (id=402A5F0C584DC12A9546D38687827B9C pos=<7924.484375, 169.255951, 11834.036133>)
21:15:55.828 [VehicleDestroyed] ExpansionUh1h (id=EB81A521224114F013AA7B9C6323DB7E pos=<1227.719238, 169.338669, 7566.580078>)
21:19:35.320 [MissionAirdrop] An airdrop is heading towards "Zapadlisko" (pos=<8399.000000, 0.000000, 8803.000000> type=Random_Zapadlisko) with a ExpansionAirdropContainer
21:19:55.320 [MissionAirdrop] An airdrop is heading towards "Muratyn" (pos=<4559.000000, 0.000000, 6852.000000> type=Random_Muratyn) with a ExpansionAirdropContainer_Military
21:21:50.343 [VehicleDeleted] ExpansionUh1h (id=EB81A521224114F013AA7B9C6323DB7E pos=<1231.079712, 168.754196, 7566.858398>)
21:23:34.921 [VehicleDestroyed] ExpansionUh1h_Medical (id=0F7589D0584CF318A1004FB6A6045188 pos=<7924.918457, 169.411163, 11833.549805>)
21:29:28.351 [VehicleDeleted] ExpansionUh1h_Medical (id=0F7589D0584CF318A1004FB6A6045188 pos=<7924.895508, 169.463394, 11833.457031>)
21:31:38.320 [VehicleDestroyed] ExpansionUh1h_Medical (id=0C5896B3834C62BBB323CDBE06B556B9 pos=<1227.718994, 169.338638, 7566.581543>)
21:37:32.796 [VehicleDeleted] ExpansionUh1h_Medical (id=0C5896B3834C62BBB323CDBE06B556B9 pos=<1231.056763, 168.747635, 7566.890625>)
21:39:17.351 [VehicleDestroyed] ExpansionUh1h (id=B39D43D70A4D2A755757E0BB3ACCB428 pos=<1227.718628, 169.338730, 7566.580078>)
21:45:10.625 [VehicleDeleted] ExpansionUh1h (id=B39D43D70A4D2A755757E0BB3ACCB428 pos=<1231.073608, 168.751572, 7566.870117>)
21:47:20.632 [VehicleDestroyed] ExpansionUh1h_Medical (id=BCDA83437A45EA52F04924BE082E7FDA pos=<7924.538574, 169.391876, 11833.515625>)
21:51:27.296 [BaseRaiding] UndergroundHatch (<10517.117188, 265.579376, 3077.718750>) Code set by player "Cmal687" (ID = "p9VAMsoU43lZ0gBLvB0Ns7qmVLz3DUVyfPN19xn28Ws=" at <10517.012695, 265.411255, 3079.140137>) and the code is 861987
21:53:15.289 [VehicleDeleted] ExpansionUh1h_Medical (id=BCDA83437A45EA52F04924BE082E7FDA pos=<7924.491211, 169.394516, 11833.434570>)
21:54:59.875 [VehicleDestroyed] ExpansionUh1h_Uber (id=7E8A829DD54AD6C362980AAF70BFB0BD pos=<7924.560547, 169.306488, 11833.776367>)
22:00:52.890 [VehicleDeleted] ExpansionUh1h_Uber (id=7E8A829DD54AD6C362980AAF70BFB0BD pos=<7924.445801, 169.329483, 11833.683594>)
22:03:03.093 [VehicleDestroyed] ExpansionUh1h_Medical (id=F3D7DC16CE4849220FB273ACB54B741C pos=<7924.914551, 169.395691, 11833.825195>)
22:08:57.648 [VehicleDeleted] ExpansionUh1h_Medical (id=F3D7DC16CE4849220FB273ACB54B741C pos=<7924.954102, 169.401169, 11833.776367>)
22:10:42.265 [VehicleDestroyed] ExpansionUh1h_Medical (id=321E89E535425686751CED95A7F9592E pos=<1227.719116, 169.338547, 7566.582031>)
22:16:35.500 [VehicleDeleted] ExpansionUh1h_Medical (id=321E89E535425686751CED95A7F9592E pos=<1231.069824, 168.756454, 7566.852539>)
22:18:45.554 [VehicleDestroyed] ExpansionUh1h_Medical (id=F197EF37FA40C1B26D83E9B8270E18ED pos=<7924.810059, 169.342545, 11833.756836>)
22:24:40.570 [VehicleDeleted] ExpansionUh1h_Medical (id=F197EF37FA40C1B26D83E9B8270E18ED pos=<7921.709473, 168.670761, 11834.307617>)
22:26:25.164 [VehicleDestroyed] ExpansionUh1h_Medical (id=5A9BB2D06C4B9F07530284932FB14915 pos=<7924.651367, 169.304276, 11833.884766>)
22:32:18.132 [VehicleDeleted] ExpansionUh1h_Medical (id=5A9BB2D06C4B9F07530284932FB14915 pos=<7922.354980, 168.476929, 11835.751953>)
22:34:28.210 [VehicleDestroyed] ExpansionUh1h_Uber (id=0862DFC07943996578CF369776D80DE9 pos=<7924.744629, 169.654480, 11833.632813>)
22:40:22.828 [VehicleDeleted] ExpansionUh1h_Uber (id=0862DFC07943996578CF369776D80DE9 pos=<7924.662109, 169.396439, 11833.408203>)
22:42:07.390 [VehicleDestroyed] ExpansionUh1h_Medical (id=045D6662D94888A6128927B456CCC325 pos=<7924.761230, 169.550110, 11833.633789>)
22:45:51.539 [MissionAirdrop] An airdrop is heading towards "Gieraltow" (pos=<10899.000000, 0.000000, 4515.000000> type=Random_Gieraltow) with a ExpansionAirdropContainer_Military
22:46:01.539 [MissionAirdrop] An airdrop is heading towards "Zapadlisko" (pos=<8399.000000, 0.000000, 8803.000000> type=Random_Zapadlisko) with a ExpansionAirdropContainer
22:48:00.601 [VehicleDeleted] ExpansionUh1h_Medical (id=045D6662D94888A6128927B456CCC325 pos=<7925.000000, 169.473801, 11833.421875>)
22:50:10.718 [VehicleDestroyed] ExpansionUh1h (id=452A2FAEAD446B5E34169880BC058FBA pos=<7924.702637, 169.311615, 11833.810547>)
22:53:43.671 [AI Patrol] Spawning 3 Shamans bots at <9988.033203, 344.138489, 3748.893555>
22:56:05.390 [VehicleDeleted] ExpansionUh1h (id=452A2FAEAD446B5E34169880BC058FBA pos=<7921.768555, 168.655960, 11834.421875>)
22:57:50.015 [VehicleDestroyed] ExpansionUh1h_Resistance (id=DCA8651E82494D2BDF4FEC9A48C9EC51 pos=<7924.703613, 169.590179, 11833.887695>)
23:03:43.375 [VehicleDeleted] ExpansionUh1h_Resistance (id=DCA8651E82494D2BDF4FEC9A48C9EC51 pos=<7924.851074, 169.357681, 11833.735352>)
23:05:53.515 [VehicleDestroyed] ExpansionUh1h_Medical (id=62D97D7DDD497EED36A42D81967B5180 pos=<1227.727173, 169.337555, 7566.589355>)
