22:06:46.554 [VehicleDestroyed] ExpansionUh1h_Uber (id=9567781C7E4F48B782B204BDF3F94894 pos=<7924.869141, 169.402985, 11833.555664>)
22:10:37.906 [MissionAirdrop] An airdrop is heading towards "Gieraltow" (pos=<10899.000000, 0.000000, 4515.000000> type=Random_Gieraltow) with a ExpansionAirdropContainer
22:10:47.898 [MissionAirdrop] An airdrop is heading towards "Dolnik" (pos=<11491.000000, 0.000000, 763.000000> type=Random_Dolnik) with a ExpansionAirdropContainer_Military
22:12:41.015 [VehicleDeleted] ExpansionUh1h_Uber (id=9567781C7E4F48B782B204BDF3F94894 pos=<7924.836914, 169.452026, 11833.458984>)
22:14:25.554 [VehicleDestroyed] ExpansionUh1h_Uber (id=481778653243B7836886CE9D42FF6E7F pos=<7924.547852, 169.582764, 11833.825195>)
22:20:18.750 [VehicleDeleted] ExpansionUh1h_Uber (id=481778653243B7836886CE9D42FF6E7F pos=<7924.225586, 169.293900, 11833.512695>)
22:22:28.859 [VehicleDestroyed] ExpansionUh1h_Resistance (id=706BC02A0A4E33ED48F9EBB963A05845 pos=<7924.917969, 169.341156, 11834.041016>)
22:28:23.203 [VehicleDeleted] ExpansionUh1h_Resistance (id=706BC02A0A4E33ED48F9EBB963A05845 pos=<7924.692871, 169.317230, 11833.924805>)
22:30:07.781 [VehicleDestroyed] ExpansionUh1h (id=EDBF9856CC4755B8C4BA509DA3A58E3D pos=<1227.719727, 169.338715, 7566.581543>)
22:36:00.843 [VehicleDeleted] ExpansionUh1h (id=EDBF9856CC4755B8C4BA509DA3A58E3D pos=<1231.078491, 168.755524, 7566.853027>)
22:36:05.500 [AI Patrol] Spawning 3 Shamans bots at <9326.812500, 232.598160, 10576.000000>
22:38:10.898 [VehicleDestroyed] ExpansionUh1h_Medical (id=ADBDEFE3E14AC220C3095FB1332A85BC pos=<7924.823242, 169.589401, 11833.796875>)
22:43:01.562 [AI Patrol] Spawning 3 Shamans bots at <9274.058594, 198.131638, 10981.158203>
22:44:05.500 [VehicleDeleted] ExpansionUh1h_Medical (id=ADBDEFE3E14AC220C3095FB1332A85BC pos=<7924.520508, 169.328369, 11833.631836>)
22:45:50.109 [VehicleDestroyed] ExpansionUh1h_Medical (id=420E9CF255497D4E3AC64B885256241F pos=<7924.714355, 169.334015, 11833.801758>)
22:51:43.273 [VehicleDeleted] ExpansionUh1h_Medical (id=420E9CF255497D4E3AC64B885256241F pos=<7924.519043, 169.383316, 11833.503906>)
22:53:53.218 [VehicleDestroyed] ExpansionUh1h_Medical (id=5B19B35D9744B56032E7B2A54A03DC7B pos=<1227.718750, 169.338821, 7566.580078>)
22:57:26.328 [AI Patrol] Spawning 3 Shamans bots at <8074.086426, 204.521896, 10907.155273>
22:59:47.968 [VehicleDeleted] ExpansionUh1h_Medical (id=5B19B35D9744B56032E7B2A54A03DC7B pos=<1231.055420, 168.746475, 7566.895508>)
23:01:32.585 [VehicleDestroyed] ExpansionUh1h (id=0DC89DD56A4C1CF9DD5E41B7F4C7D2CA pos=<1227.693115, 169.339706, 7566.568848>)
23:07:25.500 [VehicleDeleted] ExpansionUh1h (id=0DC89DD56A4C1CF9DD5E41B7F4C7D2CA pos=<1230.874512, 168.753845, 7566.923340>)
23:09:35.460 [VehicleDestroyed] ExpansionUh1h_Resistance (id=33F85DA46D46D03022506B8B92694583 pos=<1227.717896, 169.338943, 7566.580078>)
23:15:30.062 [VehicleDeleted] ExpansionUh1h_Resistance (id=33F85DA46D46D03022506B8B92694583 pos=<1230.933716, 168.757080, 7566.892090>)
23:17:14.726 [VehicleDestroyed] ExpansionUh1h_Resistance (id=3FA35A142E41976E83391E933E4419F4 pos=<7924.750977, 169.300354, 11833.833984>)
