18:00:56.925 [VehicleDestroyed] ExpansionUh1h_Resistance (id=78568CECF747ABE0A44AFEBF3ABC078A pos=<7924.663086, 169.407928, 11833.512695>)
18:00:57.148 [VehicleDeleted] ExpansionUh1h_Resistance (id=9B7C14A74F45439590F683B363ADA452 pos=<7924.663086, 169.407928, 11833.512695>)
18:02:50.214 [VehicleDestroyed] ExpansionUh1h (id=69BA9A310F4D4828E35D6493BC3CB603 pos=<1227.718384, 169.338455, 7566.581543>)
18:06:37.398 [MissionAirdrop] An airdrop is heading towards "Dolnik" (pos=<11491.000000, 0.000000, 763.000000> type=Random_Dolnik) with a ExpansionAirdropContainer_Military
18:07:07.394 [MissionAirdrop] An airdrop is heading towards "Muratyn" (pos=<4559.000000, 0.000000, 6852.000000> type=Random_Muratyn) with a ExpansionAirdropContainer_Medical
18:08:44.687 [VehicleDeleted] ExpansionUh1h (id=69BA9A310F4D4828E35D6493BC3CB603 pos=<1231.075928, 168.754028, 7566.859375>)
18:10:29.214 [VehicleDestroyed] ExpansionUh1h_Resistance (id=C2EC31C9FD4694152D6A7E95407CDD69 pos=<1227.718994, 169.338425, 7566.581543>)
18:15:48.273 [AI Patrol] Spawning 3 Shamans bots at <10279.143555, 242.482788, 2153.107422>
18:16:22.492 [VehicleDeleted] ExpansionUh1h_Resistance (id=C2EC31C9FD4694152D6A7E95407CDD69 pos=<1231.072266, 168.757355, 7566.847656>)
18:18:32.468 [VehicleDestroyed] ExpansionUh1h_Uber (id=18DB0A35544657BFCA20DEBD636A41E8 pos=<7924.623047, 169.298676, 11833.770508>)
18:18:56.585 [AI Patrol] Spawning 3 Shamans bots at <10247.092773, 256.734833, 2034.878418>
18:24:27.093 [VehicleDeleted] ExpansionUh1h_Uber (id=18DB0A35544657BFCA20DEBD636A41E8 pos=<7921.085449, 168.641953, 11833.784180>)
18:26:11.679 [VehicleDestroyed] ExpansionUh1h_Medical (id=5712CF8BDA4AF6B1DC645C895A0B1AF1 pos=<1227.700073, 169.337921, 7566.579102>)
18:32:04.718 [VehicleDeleted] ExpansionUh1h_Medical (id=5712CF8BDA4AF6B1DC645C895A0B1AF1 pos=<1230.893188, 168.750519, 7566.930664>)
18:34:11.828 [ExplosionDamageSystem] About to explode RGD5Grenade_Ammo from RGD5Grenade<fb45cf30> at <11480, 273.67, 868.15> EXPLOSION range 12 dropoff 3
18:34:14.617 [VehicleDestroyed] ExpansionUh1h_Medical (id=3CCBA6F1144AD4E31C6674B80C49E221 pos=<7924.850098, 169.324402, 11834.053711>)
18:54:32.085 [VehicleDeleted] ExpansionUh1h_Medical (id=3CCBA6F1144AD4E31C6674B80C49E221 pos=<7925.224121, 169.378571, 11834.090820>)
18:55:49.710 [VehicleDestroyed] ExpansionUh1h (id=3CA90779EE4CFDED40F17496AD873C72 pos=<1227.719727, 169.338577, 7566.581543>)
19:01:42.703 [VehicleDeleted] ExpansionUh1h (id=3CA90779EE4CFDED40F17496AD873C72 pos=<1231.078247, 168.752930, 7566.863281>)
19:03:52.726 [VehicleDestroyed] ExpansionUh1h (id=8CDAF53E4245341016CB20970E6E7B1D pos=<7924.449707, 169.466370, 11834.423828>)
19:04:21.296 [Chat - Global]("RottenDane"(id=8WOSq0hXx_MqxQmvgh0jRWaYXmuMEt0JN9jsHgpMDaw=)): terrible game mode ...
