12:00:52.816 [VehicleDestroyed] ExpansionUh1h_Medical (id=574922C9CD4E58859899E39C3BB805EB pos=<7924.372559, 169.304810, 11833.582031>)
12:00:53.042 [VehicleDeleted] ExpansionUh1h_Medical (id=435C40257E4E50929F8F6FA69559B51F pos=<7924.372559, 169.304810, 11833.582031>)
12:03:46.382 [Party] Player "DirtyMike" (id=eZvdqnhxQZeB4Wvp7ko5cFy79bCUMACrCdUKq6S9F3w=) joinded the party "dirty" (id=3 ownerUID= ownerName=)
12:03:46.382 [Party] Player "DirtyMike" (id=eZvdqnhxQZeB4Wvp7ko5cFy79bCUMACrCdUKq6S9F3w=) created a party named dirty (mike)
12:05:31.449 [VehicleDestroyed] ExpansionUh1h_Uber (id=D14FD301E947F4BF7735359955D3C2DB pos=<7924.739746, 169.657791, 11833.620117>)
12:07:53.257 [MissionAirdrop] An airdrop is heading towards "Zapadlisko" (pos=<8399.000000, 0.000000, 8803.000000> type=Random_Zapadlisko) with a ExpansionAirdropContainer_Basebuilding
12:08:03.253 [MissionAirdrop] An airdrop is heading towards "Gieraltow" (pos=<10899.000000, 0.000000, 4515.000000> type=Random_Gieraltow) with a ExpansionAirdropContainer
12:11:24.660 [VehicleDeleted] ExpansionUh1h_Uber (id=D14FD301E947F4BF7735359955D3C2DB pos=<7924.223145, 169.343079, 11833.284180>)
12:12:30.652 [Chat - Global]("DirtyMike"(id=eZvdqnhxQZeB4Wvp7ko5cFy79bCUMACrCdUKq6S9F3w=)): whats up dude
12:13:34.828 [VehicleDestroyed] ExpansionUh1h_Resistance (id=0F2C7B22094B8FDF932E27B2DC27ED32 pos=<1227.719238, 169.338470, 7566.581055>)
12:19:29.441 [VehicleDeleted] ExpansionUh1h_Resistance (id=0F2C7B22094B8FDF932E27B2DC27ED32 pos=<1231.080566, 168.757370, 7566.845215>)
12:23:00.289 [VehicleDestroyed] ExpansionUh1h_Resistance (id=6356E7009542C145A3C838BBFDFB9E66 pos=<7924.929199, 169.409958, 11833.615234>)
12:28:54.679 [VehicleDeleted] ExpansionUh1h_Resistance (id=6356E7009542C145A3C838BBFDFB9E66 pos=<7924.972168, 169.450912, 11833.573242>)
12:30:18.863 [Chat - Global]("DirtyMike"(id=eZvdqnhxQZeB4Wvp7ko5cFy79bCUMACrCdUKq6S9F3w=)): thanks!
12:30:39.386 [VehicleDestroyed] ExpansionUh1h (id=88D140B77B4C73577D369B865846D241 pos=<7924.714844, 169.388367, 11833.703125>)
12:36:01.671 [Party] Player "Captain Chaos" (id=KWl3ojgjStHOe3-iLRChpUG8crsNiNfei3BT6NCIfaw=) joinded the party "dddd" (id=0 ownerUID=OAdpPkJP2Ps_W7h2ttR1bK23ekHCzrxw0mDT3zqLMdU= ownerName=DirtyMike)
12:36:32.414 [VehicleDeleted] ExpansionUh1h (id=88D140B77B4C73577D369B865846D241 pos=<7924.495117, 169.438553, 11833.243164>)
12:36:37.261 [Party] Player "Captain Chaos" (id=KWl3ojgjStHOe3-iLRChpUG8crsNiNfei3BT6NCIfaw=) joinded the party "dddd" (id=0 ownerUID=OAdpPkJP2Ps_W7h2ttR1bK23ekHCzrxw0mDT3zqLMdU= ownerName=DirtyMike)
12:37:34.136 [Party] Player "Captain Chaos" (id=KWl3ojgjStHOe3-iLRChpUG8crsNiNfei3BT6NCIfaw=) joinded the party "dddd" (id=0 ownerUID=OAdpPkJP2Ps_W7h2ttR1bK23ekHCzrxw0mDT3zqLMdU= ownerName=DirtyMike)
12:38:42.375 [VehicleDestroyed] ExpansionUh1h_Medical (id=86D3519A5648877FEC512594BC720BB7 pos=<7924.673340, 169.516342, 11833.760742>)
12:40:10.277 [Chat - Global]("DirtyMike"(id=eZvdqnhxQZeB4Wvp7ko5cFy79bCUMACrCdUKq6S9F3w=)): leave your group 
12:40:27.808 [Party] Player "Captain Chaos" (id=KWl3ojgjStHOe3-iLRChpUG8crsNiNfei3BT6NCIfaw=) left the party "dddd" (id=0 ownerUID=OAdpPkJP2Ps_W7h2ttR1bK23ekHCzrxw0mDT3zqLMdU= ownerName=DirtyMike)
12:40:44.648 [Party] Player "DirtyMike" (id=eZvdqnhxQZeB4Wvp7ko5cFy79bCUMACrCdUKq6S9F3w=) invited the player "Captain Chaos" (id=KWl3ojgjStHOe3-iLRChpUG8crsNiNfei3BT6NCIfaw=)to the party named dirty
12:41:00.449 [Party] Player "Captain Chaos" (id=KWl3ojgjStHOe3-iLRChpUG8crsNiNfei3BT6NCIfaw=) joinded the party "dirty" (id=3 ownerUID=eZvdqnhxQZeB4Wvp7ko5cFy79bCUMACrCdUKq6S9F3w= ownerName=DirtyMike)
12:44:37.003 [VehicleDeleted] ExpansionUh1h_Medical (id=86D3519A5648877FEC512594BC720BB7 pos=<7925.208984, 169.033676, 11835.619141>)
12:46:21.644 [VehicleDestroyed] ExpansionUh1h_Medical (id=515C4F99E34C0E23BCBE51ACE5A32465 pos=<7924.629395, 169.556931, 11833.802734>)
12:52:14.593 [VehicleDeleted] ExpansionUh1h_Medical (id=515C4F99E34C0E23BCBE51ACE5A32465 pos=<7925.290527, 169.032303, 11835.698242>)
12:54:24.792 [VehicleDestroyed] ExpansionUh1h (id=4899347F784A87F34962C680F3F8FE90 pos=<1227.719727, 169.338623, 7566.581543>)
12:59:53.253 [Party] Player "Captain Chaos" (id=KWl3ojgjStHOe3-iLRChpUG8crsNiNfei3BT6NCIfaw=) joinded the party "dirty" (id=3 ownerUID=eZvdqnhxQZeB4Wvp7ko5cFy79bCUMACrCdUKq6S9F3w= ownerName=DirtyMike)
13:00:10.250 [Party] Player "Captain Chaos" (id=KWl3ojgjStHOe3-iLRChpUG8crsNiNfei3BT6NCIfaw=) joinded the party "dirty" (id=3 ownerUID=eZvdqnhxQZeB4Wvp7ko5cFy79bCUMACrCdUKq6S9F3w= ownerName=DirtyMike)
13:00:19.929 [VehicleDeleted] ExpansionUh1h (id=4899347F784A87F34962C680F3F8FE90 pos=<1231.083862, 168.753555, 7566.858887>)
13:00:33.816 [Party] Player "Captain Chaos" (id=KWl3ojgjStHOe3-iLRChpUG8crsNiNfei3BT6NCIfaw=) joinded the party "dirty" (id=3 ownerUID=eZvdqnhxQZeB4Wvp7ko5cFy79bCUMACrCdUKq6S9F3w= ownerName=DirtyMike)
13:02:04.460 [VehicleDestroyed] ExpansionUh1h_Medical (id=6C2E9D77974DBC4172913B90F091A87F pos=<1227.718506, 169.339005, 7566.580566>)
13:07:57.585 [VehicleDeleted] ExpansionUh1h_Medical (id=6C2E9D77974DBC4172913B90F091A87F pos=<1231.067627, 168.755081, 7566.857910>)
13:10:07.535 [VehicleDestroyed] ExpansionUh1h (id=B15115030D44AF76701AF5B8CAB5F416 pos=<7924.669922, 169.299561, 11833.839844>)
13:11:17.757 [Territory] Player "DirtyMike" (id=eZvdqnhxQZeB4Wvp7ko5cFy79bCUMACrCdUKq6S9F3w=) created territory Of Butt plug at <11800.671875, 223.562943, 7494.391113>
13:13:00.792 [Territory] Player "Captain Chaos" (id=KWl3ojgjStHOe3-iLRChpUG8crsNiNfei3BT6NCIfaw= pos=<11806.074219, 223.602921, 7495.346680>) was invited to join the territory Of Butt plug at <11800.671875, 223.562943, 7494.391113> by the player "DirtyMike" (id=eZvdqnhxQZeB4Wvp7ko5cFy79bCUMACrCdUKq6S9F3w=)
13:16:02.289 [VehicleDeleted] ExpansionUh1h (id=B15115030D44AF76701AF5B8CAB5F416 pos=<7921.833008, 168.663940, 11834.432617>)
13:17:46.820 [VehicleDestroyed] ExpansionUh1h_Uber (id=E02A8989A6469D4D64CD999821A5BF9D pos=<1227.701904, 169.337326, 7566.581543>)
13:23:39.906 [VehicleDeleted] ExpansionUh1h_Uber (id=E02A8989A6469D4D64CD999821A5BF9D pos=<1230.877441, 168.751968, 7566.929688>)
13:23:59.105 [Chat - Global]("DirtyMike"(id=eZvdqnhxQZeB4Wvp7ko5cFy79bCUMACrCdUKq6S9F3w=)): ding
13:25:50.023 [VehicleDestroyed] ExpansionUh1h_Medical (id=15D6EAA7D04EEF6B1DE7ECBDDFE634B0 pos=<7924.752441, 169.647003, 11833.669922>)
13:31:44.656 [VehicleDeleted] ExpansionUh1h_Medical (id=15D6EAA7D04EEF6B1DE7ECBDDFE634B0 pos=<7924.145996, 169.324966, 11833.299805>)
13:33:29.187 [VehicleDestroyed] ExpansionUh1h_Resistance (id=61A5F7BAFC428FE6B7739CB337FD09E3 pos=<7924.280273, 169.522415, 11833.959961>)
13:35:42.386 [MissionAirdrop] An airdrop is heading towards "Zapadlisko" (pos=<8399.000000, 0.000000, 8803.000000> type=Random_Zapadlisko) with a ExpansionAirdropContainer_Basebuilding
13:35:52.386 [MissionAirdrop] An airdrop is heading towards "Kolembrody" (pos=<8676.000000, 0.000000, 12114.000000> type=Random_Kolembrody) with a ExpansionAirdropContainer_Basebuilding
13:37:47.843 [Party] Player "DirtyMike" (id=eZvdqnhxQZeB4Wvp7ko5cFy79bCUMACrCdUKq6S9F3w=) joinded the party "dirty" (id=3 ownerUID=eZvdqnhxQZeB4Wvp7ko5cFy79bCUMACrCdUKq6S9F3w= ownerName=DirtyMike)
13:38:37.472 [Party] Player "DirtyMike" (id=eZvdqnhxQZeB4Wvp7ko5cFy79bCUMACrCdUKq6S9F3w=) joinded the party "dirty" (id=3 ownerUID=eZvdqnhxQZeB4Wvp7ko5cFy79bCUMACrCdUKq6S9F3w= ownerName=DirtyMike)
13:39:03.625 [Party] Player "DirtyMike" (id=eZvdqnhxQZeB4Wvp7ko5cFy79bCUMACrCdUKq6S9F3w=) joinded the party "dirty" (id=3 ownerUID=eZvdqnhxQZeB4Wvp7ko5cFy79bCUMACrCdUKq6S9F3w= ownerName=DirtyMike)
13:39:03.625 [AI Patrol] Spawning 3 Shamans bots at <11398.999023, 296.668243, 5141.860840>
13:39:22.425 [VehicleDeleted] ExpansionUh1h_Resistance (id=61A5F7BAFC428FE6B7739CB337FD09E3 pos=<7924.273438, 169.258484, 11833.712891>)
13:41:32.402 [VehicleDestroyed] ExpansionUh1h_Resistance (id=F4B345178C40584639C5ACB716B9BCF4 pos=<1227.718872, 169.338593, 7566.580566>)
13:42:38.117 [Chat - Global]("DirtyMike"(id=eZvdqnhxQZeB4Wvp7ko5cFy79bCUMACrCdUKq6S9F3w=)): is there ai on here
13:47:27.023 [VehicleDeleted] ExpansionUh1h_Resistance (id=F4B345178C40584639C5ACB716B9BCF4 pos=<1230.999023, 168.759720, 7566.861328>)
13:49:11.578 [VehicleDestroyed] ExpansionUh1h_Uber (id=C900FF020245C24F4B1A7B89B14477BF pos=<7924.892090, 169.421692, 11833.673828>)
13:52:39.031 [Chat - Global]("Cmal687"(id=p9VAMsoU43lZ0gBLvB0Ns7qmVLz3DUVyfPN19xn28Ws=)): Yes
13:52:53.503 [Chat - Global]("DirtyMike"(id=eZvdqnhxQZeB4Wvp7ko5cFy79bCUMACrCdUKq6S9F3w=)): ok
13:53:20.753 [Chat - Global]("Cmal687"(id=p9VAMsoU43lZ0gBLvB0Ns7qmVLz3DUVyfPN19xn28Ws=)): I recognize your name. First time on this server?
13:53:42.972 [Chat - Global]("DirtyMike"(id=eZvdqnhxQZeB4Wvp7ko5cFy79bCUMACrCdUKq6S9F3w=)): been a min.  been playing on pnw and alteria
13:53:55.500 [Chat - Global]("Cmal687"(id=p9VAMsoU43lZ0gBLvB0Ns7qmVLz3DUVyfPN19xn28Ws=)): yeah i see ya on discord
13:54:14.820 [Chat - Global]("Cmal687"(id=p9VAMsoU43lZ0gBLvB0Ns7qmVLz3DUVyfPN19xn28Ws=)): im about to die from Z. You looking to team up? 
13:55:04.757 [VehicleDeleted] ExpansionUh1h_Uber (id=C900FF020245C24F4B1A7B89B14477BF pos=<7924.885742, 169.435135, 11833.572266>)
13:55:27.773 [Party] Player "DirtyMike" (id=eZvdqnhxQZeB4Wvp7ko5cFy79bCUMACrCdUKq6S9F3w=) left the party "dirty" (id=3 ownerUID=eZvdqnhxQZeB4Wvp7ko5cFy79bCUMACrCdUKq6S9F3w= ownerName=DirtyMike)
13:57:14.859 [VehicleDestroyed] ExpansionUh1h_Medical (id=8DA215039E4F0A6A024E4AA06F785521 pos=<1227.701416, 169.337555, 7566.582031>)
14:00:02.199 [Party] Player "DirtyMike" (id=eZvdqnhxQZeB4Wvp7ko5cFy79bCUMACrCdUKq6S9F3w=) joinded the party "dirty" (id=3 ownerUID=eZvdqnhxQZeB4Wvp7ko5cFy79bCUMACrCdUKq6S9F3w= ownerName=DirtyMike)
14:00:10.945 [Chat - Global]("DirtyMike"(id=eZvdqnhxQZeB4Wvp7ko5cFy79bCUMACrCdUKq6S9F3w=)): im back
14:00:55.046 [Chat - Global]("DirtyMike"(id=eZvdqnhxQZeB4Wvp7ko5cFy79bCUMACrCdUKq6S9F3w=)): if you want we are in a chat on discord
14:03:10.070 [VehicleDeleted] ExpansionUh1h_Medical (id=8DA215039E4F0A6A024E4AA06F785521 pos=<1231.042603, 168.757416, 7566.856934>)
14:03:18.851 [Chat - Global]("DirtyMike"(id=eZvdqnhxQZeB4Wvp7ko5cFy79bCUMACrCdUKq6S9F3w=)): we have a base up 
14:03:30.101 [Chat - Global]("DirtyMike"(id=eZvdqnhxQZeB4Wvp7ko5cFy79bCUMACrCdUKq6S9F3w=)): if you want to call it that 
14:04:09.699 [Chat - Global]("Cmal687"(id=p9VAMsoU43lZ0gBLvB0Ns7qmVLz3DUVyfPN19xn28Ws=)): I have a base too. Just keep getting damn Z virus lol
14:04:54.722 [VehicleDestroyed] ExpansionUh1h_Resistance (id=768147690A455E9B3064AA9411B1BE94 pos=<1227.719238, 169.338684, 7566.580078>)
14:05:47.535 [Chat - Global]("DirtyMike"(id=eZvdqnhxQZeB4Wvp7ko5cFy79bCUMACrCdUKq6S9F3w=)): lol ya gunna need to find some z virus
14:06:13.757 [Chat - Global]("Cmal687"(id=p9VAMsoU43lZ0gBLvB0Ns7qmVLz3DUVyfPN19xn28Ws=)): i havent found a single one. been all over
14:06:24.878 [Party] Player "Captain Chaos" (id=KWl3ojgjStHOe3-iLRChpUG8crsNiNfei3BT6NCIfaw=) left the party "dirty" (id=3 ownerUID=eZvdqnhxQZeB4Wvp7ko5cFy79bCUMACrCdUKq6S9F3w= ownerName=DirtyMike)
14:06:33.089 [Chat - Global]("DirtyMike"(id=eZvdqnhxQZeB4Wvp7ko5cFy79bCUMACrCdUKq6S9F3w=)): damn thats good lol
14:08:17.355 [Chat - Global]("DirtyMike"(id=eZvdqnhxQZeB4Wvp7ko5cFy79bCUMACrCdUKq6S9F3w=)): have you tried out the other maps they have
14:08:37.308 [Chat - Global]("Cmal687"(id=p9VAMsoU43lZ0gBLvB0Ns7qmVLz3DUVyfPN19xn28Ws=)): I have. Got a base on Chiemese and have been on Namalsk a bunch
14:08:58.429 [Chat - Global]("DirtyMike"(id=eZvdqnhxQZeB4Wvp7ko5cFy79bCUMACrCdUKq6S9F3w=)): ya i have a base on chiesmee been a min since ive been there tho
14:09:16.457 [Chat - Global]("Cmal687"(id=p9VAMsoU43lZ0gBLvB0Ns7qmVLz3DUVyfPN19xn28Ws=)): i was on there earlier, and yet again, Z virus lol
14:10:47.609 [VehicleDeleted] ExpansionUh1h_Resistance (id=768147690A455E9B3064AA9411B1BE94 pos=<1231.046021, 168.749039, 7566.888184>)
14:12:57.589 [VehicleDestroyed] ExpansionUh1h (id=B629B4B6E8488EFD156EDB915D41CAFB pos=<7924.541504, 169.304642, 11833.774414>)
14:13:46.589 [Chat - Global]("DirtyMike"(id=eZvdqnhxQZeB4Wvp7ko5cFy79bCUMACrCdUKq6S9F3w=)): no cure on there also
14:18:51.921 [VehicleDeleted] ExpansionUh1h (id=B629B4B6E8488EFD156EDB915D41CAFB pos=<7924.484863, 169.333481, 11833.695313>)
14:20:36.464 [VehicleDestroyed] ExpansionUh1h_Medical (id=C02918E18D46A6803955B9B26451C43A pos=<7924.682129, 169.340912, 11833.749023>)
14:23:30.019 [Chat - Global]("DirtyMike"(id=eZvdqnhxQZeB4Wvp7ko5cFy79bCUMACrCdUKq6S9F3w=)): im just east of karlin
14:24:25.117 [Chat - Global]("Cmal687"(id=p9VAMsoU43lZ0gBLvB0Ns7qmVLz3DUVyfPN19xn28Ws=)): Im down my polana headed north
14:24:38.542 [Chat - Global]("DirtyMike"(id=eZvdqnhxQZeB4Wvp7ko5cFy79bCUMACrCdUKq6S9F3w=)): whats up with all the cheese lol
14:24:44.667 [Chat - Global]("Cmal687"(id=p9VAMsoU43lZ0gBLvB0Ns7qmVLz3DUVyfPN19xn28Ws=)): dont eat it. lol
14:25:11.843 [Chat - Global]("DirtyMike"(id=eZvdqnhxQZeB4Wvp7ko5cFy79bCUMACrCdUKq6S9F3w=)): lol i found that out the hard way once
14:25:21.816 [Chat - Global]("DirtyMike"(id=eZvdqnhxQZeB4Wvp7ko5cFy79bCUMACrCdUKq6S9F3w=)): but it spawns ALL OVER
14:25:34.144 [Chat - Global]("Cmal687"(id=p9VAMsoU43lZ0gBLvB0Ns7qmVLz3DUVyfPN19xn28Ws=)): yup. and unknown can
14:26:29.761 [VehicleDeleted] ExpansionUh1h_Medical (id=C02918E18D46A6803955B9B26451C43A pos=<7921.697266, 168.700851, 11834.079102>)
14:26:36.343 [Chat - Global]("DirtyMike"(id=eZvdqnhxQZeB4Wvp7ko5cFy79bCUMACrCdUKq6S9F3w=)): also any opened food
14:28:39.757 [VehicleDestroyed] ExpansionUh1h (id=6EC38A5141462405BE5E19BF5345D6C7 pos=<7924.617188, 169.287064, 11833.748047>)
14:30:23.703 [Chat - Global]("DirtyMike"(id=eZvdqnhxQZeB4Wvp7ko5cFy79bCUMACrCdUKq6S9F3w=)): any luck with a bbp book
14:31:54.453 [AI Patrol] Spawning 3 Shamans bots at <10771.179688, 226.776871, 7144.169922>
14:32:02.632 [Chat - Global]("Cmal687"(id=p9VAMsoU43lZ0gBLvB0Ns7qmVLz3DUVyfPN19xn28Ws=)): nope. just got a little UG base now
14:32:20.464 [Party] Player "Captain Chaos" (id=KWl3ojgjStHOe3-iLRChpUG8crsNiNfei3BT6NCIfaw=) joinded the party "dirty" (id=3 ownerUID=eZvdqnhxQZeB4Wvp7ko5cFy79bCUMACrCdUKq6S9F3w= ownerName=DirtyMike)
14:32:22.226 [Chat - Global]("Cmal687"(id=p9VAMsoU43lZ0gBLvB0Ns7qmVLz3DUVyfPN19xn28Ws=)): i think you can build without it. jsut combine sticks and rope
14:32:30.890 [Chat - Global]("DirtyMike"(id=eZvdqnhxQZeB4Wvp7ko5cFy79bCUMACrCdUKq6S9F3w=)): vanilla
14:32:44.132 [Chat - Global]("DirtyMike"(id=eZvdqnhxQZeB4Wvp7ko5cFy79bCUMACrCdUKq6S9F3w=)): or is it expansion
14:32:49.316 [Chat - Global]("Cmal687"(id=p9VAMsoU43lZ0gBLvB0Ns7qmVLz3DUVyfPN19xn28Ws=)): its both. just scroll
14:32:52.609 [Chat - Global]("DirtyMike"(id=eZvdqnhxQZeB4Wvp7ko5cFy79bCUMACrCdUKq6S9F3w=)): ok
14:33:14.203 [Chat - Global]("DirtyMike"(id=eZvdqnhxQZeB4Wvp7ko5cFy79bCUMACrCdUKq6S9F3w=)): are you at heli crash
14:33:26.843 [Chat - Global]("Cmal687"(id=p9VAMsoU43lZ0gBLvB0Ns7qmVLz3DUVyfPN19xn28Ws=)): nope
14:33:33.230 [Chat - Global]("Cmal687"(id=p9VAMsoU43lZ0gBLvB0Ns7qmVLz3DUVyfPN19xn28Ws=)): prob hear AI
14:34:34.300 [VehicleDeleted] ExpansionUh1h (id=6EC38A5141462405BE5E19BF5345D6C7 pos=<7921.099121, 168.652557, 11833.733398>)
14:36:18.878 [VehicleDestroyed] ExpansionUh1h_Uber (id=370B9FF80F4EF759BA560B85C62E69A5 pos=<7924.775879, 169.294067, 11833.894531>)
14:42:11.703 [VehicleDeleted] ExpansionUh1h_Uber (id=370B9FF80F4EF759BA560B85C62E69A5 pos=<7923.031250, 169.030014, 11833.902344>)
14:44:21.667 [VehicleDestroyed] ExpansionUh1h_Uber (id=6BFA3753114C652191E9CB8786596BE1 pos=<7924.820801, 169.294006, 11834.188477>)
14:50:16.132 [VehicleDeleted] ExpansionUh1h_Uber (id=6BFA3753114C652191E9CB8786596BE1 pos=<7924.895508, 169.309692, 11834.129883>)
14:52:00.703 [VehicleDestroyed] ExpansionUh1h (id=248500EB144AA40431CDAB9ED18E14E6 pos=<1227.698730, 169.338837, 7566.574219>)
14:56:09.554 [Chat - Global]("DirtyMike"(id=eZvdqnhxQZeB4Wvp7ko5cFy79bCUMACrCdUKq6S9F3w=)): def was ai
14:56:19.531 [Chat - Global]("DirtyMike"(id=eZvdqnhxQZeB4Wvp7ko5cFy79bCUMACrCdUKq6S9F3w=)): we shot and killed 3
14:56:25.125 [Chat - Global]("Cmal687"(id=p9VAMsoU43lZ0gBLvB0Ns7qmVLz3DUVyfPN19xn28Ws=)): anything good on them? Usually one has a VSD
14:56:35.097 [Chat - Global]("DirtyMike"(id=eZvdqnhxQZeB4Wvp7ko5cFy79bCUMACrCdUKq6S9F3w=)): kam and a bison
14:56:38.773 [Chat - Global]("Cmal687"(id=p9VAMsoU43lZ0gBLvB0Ns7qmVLz3DUVyfPN19xn28Ws=)): not bad
14:57:03.378 [Chat - Global]("DirtyMike"(id=eZvdqnhxQZeB4Wvp7ko5cFy79bCUMACrCdUKq6S9F3w=)): one was stuck in heli.  thought for sure that the ones in the field were gunna smoke us
14:57:11.863 [Chat - Global]("DirtyMike"(id=eZvdqnhxQZeB4Wvp7ko5cFy79bCUMACrCdUKq6S9F3w=)): cr527 for the win 
14:57:14.773 [Chat - Global]("Cmal687"(id=p9VAMsoU43lZ0gBLvB0Ns7qmVLz3DUVyfPN19xn28Ws=)): lmao they arent a great shot thanksfull
14:57:53.660 [VehicleDeleted] ExpansionUh1h (id=248500EB144AA40431CDAB9ED18E14E6 pos=<1231.040894, 168.753189, 7566.874512>)
15:00:03.617 [VehicleDestroyed] ExpansionUh1h (id=E02D4FCE684D57856BBD9784E4A7BF6D pos=<1227.719238, 169.338821, 7566.580078>)
15:03:15.640 [MissionAirdrop] An airdrop is heading towards "Karlin" (pos=<9975.000000, 0.000000, 7242.000000> type=Random_Karlin) with a ExpansionAirdropContainer_Medical
15:03:25.640 [MissionAirdrop] An airdrop is heading towards "Muratyn" (pos=<4559.000000, 0.000000, 6852.000000> type=Random_Muratyn) with a ExpansionAirdropContainer_Basebuilding
15:05:58.425 [VehicleDeleted] ExpansionUh1h (id=E02D4FCE684D57856BBD9784E4A7BF6D pos=<1231.065552, 168.755875, 7566.855469>)
15:07:43.039 [VehicleDestroyed] ExpansionUh1h_Resistance (id=C7D48BBB3D4B343D015EFE9BCB93A942 pos=<7924.556152, 169.300797, 11833.805664>)
15:13:36.199 [VehicleDeleted] ExpansionUh1h_Resistance (id=C7D48BBB3D4B343D015EFE9BCB93A942 pos=<7924.475586, 169.326050, 11833.718750>)
15:15:23.050 [Chat - Global]("DirtyMike"(id=eZvdqnhxQZeB4Wvp7ko5cFy79bCUMACrCdUKq6S9F3w=)): no ziv in medical drop
15:15:37.082 [Chat - Global]("Cmal687"(id=p9VAMsoU43lZ0gBLvB0Ns7qmVLz3DUVyfPN19xn28Ws=)): not surprised. lol
15:15:46.316 [VehicleDestroyed] ExpansionUh1h_Medical (id=FA2F47C0A6443E36D3931F81E8F85670 pos=<7924.619141, 169.588287, 11833.783203>)
15:21:23.246 [Chat - Global]("Cmal687"(id=p9VAMsoU43lZ0gBLvB0Ns7qmVLz3DUVyfPN19xn28Ws=)): dude thank you!!!
15:21:35.589 [Chat - Global]("DirtyMike"(id=eZvdqnhxQZeB4Wvp7ko5cFy79bCUMACrCdUKq6S9F3w=)): i put a ticket in and boom
15:21:40.921 [VehicleDeleted] ExpansionUh1h_Medical (id=FA2F47C0A6443E36D3931F81E8F85670 pos=<7924.292480, 169.314163, 11833.476563>)
15:21:45.593 [Chat - Global]("DirtyMike"(id=eZvdqnhxQZeB4Wvp7ko5cFy79bCUMACrCdUKq6S9F3w=)): should be able to survive for a little now
15:21:55.109 [Chat - Global]("Cmal687"(id=p9VAMsoU43lZ0gBLvB0Ns7qmVLz3DUVyfPN19xn28Ws=)): thank you admins!
15:22:11.609 [Chat - Global]("DirtyMike"(id=eZvdqnhxQZeB4Wvp7ko5cFy79bCUMACrCdUKq6S9F3w=)): that airdrop had a bunch of empty med packs
15:23:08.898 [Chat - Global]("DirtyMike"(id=eZvdqnhxQZeB4Wvp7ko5cFy79bCUMACrCdUKq6S9F3w=)): lol cap hit his ziverol and passed the fuck out
15:23:20.000 [Chat - Global]("Cmal687"(id=p9VAMsoU43lZ0gBLvB0Ns7qmVLz3DUVyfPN19xn28Ws=)): and here i was thinking it was me. LOL
15:23:21.066 [Chat - Global]("DirtyMike"(id=eZvdqnhxQZeB4Wvp7ko5cFy79bCUMACrCdUKq6S9F3w=)): poor guy is gunna be od
15:23:25.500 [VehicleDestroyed] ExpansionUh1h_Uber (id=07FB39375F4DE716F0200A933B9AFE30 pos=<1227.718750, 169.338776, 7566.580078>)
15:23:42.257 [Chat - Global]("DirtyMike"(id=eZvdqnhxQZeB4Wvp7ko5cFy79bCUMACrCdUKq6S9F3w=)): ziv will fuck you up and help at the same time lol
15:24:02.464 [Chat - Global]("Cmal687"(id=p9VAMsoU43lZ0gBLvB0Ns7qmVLz3DUVyfPN19xn28Ws=)): lol thats some strong shit huh?
15:24:09.523 [Chat - Global]("DirtyMike"(id=eZvdqnhxQZeB4Wvp7ko5cFy79bCUMACrCdUKq6S9F3w=)): ya 
15:27:35.644 [Chat - Global]("DirtyMike"(id=eZvdqnhxQZeB4Wvp7ko5cFy79bCUMACrCdUKq6S9F3w=)): where you at now cmal
15:28:03.746 [Chat - Global]("Cmal687"(id=p9VAMsoU43lZ0gBLvB0Ns7qmVLz3DUVyfPN19xn28Ws=)): Zalesie
15:28:10.234 [Chat - Global]("Cmal687"(id=p9VAMsoU43lZ0gBLvB0Ns7qmVLz3DUVyfPN19xn28Ws=)): working on a car
15:28:43.261 [Chat - Global]("DirtyMike"(id=eZvdqnhxQZeB4Wvp7ko5cFy79bCUMACrCdUKq6S9F3w=)): damn waaaaay west of us lol
15:28:46.589 [Party] Player "Captain Chaos" (id=KWl3ojgjStHOe3-iLRChpUG8crsNiNfei3BT6NCIfaw=) left the party "dirty" (id=3 ownerUID=eZvdqnhxQZeB4Wvp7ko5cFy79bCUMACrCdUKq6S9F3w= ownerName=DirtyMike)
15:29:18.617 [VehicleDeleted] ExpansionUh1h_Uber (id=07FB39375F4DE716F0200A933B9AFE30 pos=<1231.054810, 168.755615, 7566.860352>)
15:31:28.617 [VehicleDestroyed] ExpansionUh1h_Uber (id=A5A027E23F472817B90B83A7372D0447 pos=<1227.718994, 169.338623, 7566.581543>)
15:31:36.296 [Chat - Global]("Cmal687"(id=p9VAMsoU43lZ0gBLvB0Ns7qmVLz3DUVyfPN19xn28Ws=)): yeah. i just need to find a container to get water
15:31:42.769 [Chat - Global]("Cmal687"(id=p9VAMsoU43lZ0gBLvB0Ns7qmVLz3DUVyfPN19xn28Ws=)): then ill be on the move
15:32:25.441 [Chat - Global]("DirtyMike"(id=eZvdqnhxQZeB4Wvp7ko5cFy79bCUMACrCdUKq6S9F3w=)): rain rain go away
15:33:13.460 [Chat - Global]("DirtyMike"(id=eZvdqnhxQZeB4Wvp7ko5cFy79bCUMACrCdUKq6S9F3w=)): damn i tried
15:36:47.074 [AI Patrol] Spawning 3 Shamans bots at <9098.077148, 299.244537, 6587.432617>
15:37:23.132 [VehicleDeleted] ExpansionUh1h_Uber (id=A5A027E23F472817B90B83A7372D0447 pos=<1231.068604, 168.750732, 7566.874512>)
15:39:07.773 [VehicleDestroyed] ExpansionUh1h (id=E470529AF44B535B26312D9CA64F316A pos=<7924.414551, 169.535034, 11833.913086>)
15:39:36.734 [Chat - Global]("Cmal687"(id=p9VAMsoU43lZ0gBLvB0Ns7qmVLz3DUVyfPN19xn28Ws=)): LOL
15:41:39.941 [Party] Player "DirtyMike" (id=eZvdqnhxQZeB4Wvp7ko5cFy79bCUMACrCdUKq6S9F3w=) invited the player "Sharkparty" (id=2H7391gmOSCz4VnnBebcTth-2Sm4qjaSYaboxsOPA1Q=)to the party named dirty
15:41:48.640 [Party] Player "Sharkparty" (id=2H7391gmOSCz4VnnBebcTth-2Sm4qjaSYaboxsOPA1Q=) joinded the party "dirty" (id=3 ownerUID=eZvdqnhxQZeB4Wvp7ko5cFy79bCUMACrCdUKq6S9F3w= ownerName=DirtyMike)
15:45:00.906 [VehicleDeleted] ExpansionUh1h (id=E470529AF44B535B26312D9CA64F316A pos=<7924.456055, 169.295654, 11833.693359>)
15:47:10.925 [VehicleDestroyed] ExpansionUh1h_Resistance (id=0FF74013C340FAE6B4FAABBF8CBBA38E pos=<1227.718872, 169.338715, 7566.580078>)
15:50:40.214 [Party] Player "Captain Chaos" (id=KWl3ojgjStHOe3-iLRChpUG8crsNiNfei3BT6NCIfaw=) joinded the party "dirty" (id=3 ownerUID=eZvdqnhxQZeB4Wvp7ko5cFy79bCUMACrCdUKq6S9F3w= ownerName=DirtyMike)
15:53:05.472 [VehicleDeleted] ExpansionUh1h_Resistance (id=0FF74013C340FAE6B4FAABBF8CBBA38E pos=<1231.086426, 168.755447, 7566.851074>)
15:54:50.000 [VehicleDestroyed] ExpansionUh1h_Uber (id=59EBA5724C456BBEAC4ECEAEFE470F46 pos=<1227.718628, 169.338379, 7566.581543>)
16:00:43.054 [VehicleDeleted] ExpansionUh1h_Uber (id=59EBA5724C456BBEAC4ECEAEFE470F46 pos=<1231.054688, 168.757156, 7566.854004>)
16:01:55.472 [AI Patrol] Spawning 3 Shamans bots at <9180.006836, 295.181854, 6694.880371>
16:02:52.984 [VehicleDestroyed] ExpansionUh1h_Medical (id=BEFD96B1704B3EDE08F3D59F9F71AC9C pos=<1227.700073, 169.338013, 7566.579590>)
16:08:47.738 [VehicleDeleted] ExpansionUh1h_Medical (id=BEFD96B1704B3EDE08F3D59F9F71AC9C pos=<1230.923706, 168.753876, 7566.907227>)
16:09:55.898 [Chat - Global]("Cmal687"(id=p9VAMsoU43lZ0gBLvB0Ns7qmVLz3DUVyfPN19xn28Ws=)): 4 vs 1 LOL
16:10:06.781 [Chat - Global]("DirtyMike"(id=eZvdqnhxQZeB4Wvp7ko5cFy79bCUMACrCdUKq6S9F3w=)): we aint after you 
16:10:13.277 [Chat - Global]("DirtyMike"(id=eZvdqnhxQZeB4Wvp7ko5cFy79bCUMACrCdUKq6S9F3w=)): we just trying to survive 
16:10:25.027 [Chat - Global]("Cmal687"(id=p9VAMsoU43lZ0gBLvB0Ns7qmVLz3DUVyfPN19xn28Ws=)): haha i know
16:10:32.476 [VehicleDestroyed] ExpansionUh1h (id=57C2A7403B40576B378926807CEC33A2 pos=<1227.701660, 169.337189, 7566.581543>)
16:11:57.304 [Chat - Global]("Cmal687"(id=p9VAMsoU43lZ0gBLvB0Ns7qmVLz3DUVyfPN19xn28Ws=)): found a water bottle!
16:15:02.152 [Party] Player "Captain Chaos" (id=KWl3ojgjStHOe3-iLRChpUG8crsNiNfei3BT6NCIfaw=) invited the player "MaxCaliber" (id=s7vJf2NuCNme1MUM_sgLr2G3yzcxYg10pO0s-GAKExM=)to the party named dirty
16:15:07.214 [Party] Player "MaxCaliber" (id=s7vJf2NuCNme1MUM_sgLr2G3yzcxYg10pO0s-GAKExM=) joinded the party "dirty" (id=3 ownerUID=eZvdqnhxQZeB4Wvp7ko5cFy79bCUMACrCdUKq6S9F3w= ownerName=DirtyMike)
16:16:25.726 [VehicleDeleted] ExpansionUh1h (id=57C2A7403B40576B378926807CEC33A2 pos=<1230.895874, 168.749863, 7566.931641>)
16:17:45.414 [VehicleEnter] Player Cmal687 [uid=p9VAMsoU43lZ0gBLvB0Ns7qmVLz3DUVyfPN19xn28Ws=] entered vehicle Sarka 120 (id=5F52A8EF5E46E2FE0910EE8ECA348BF4 pos=<1092.926880, 265.068939, 5695.105957>) as driver
16:17:52.605 [VehicleEngine] Player Cmal687 [uid=p9VAMsoU43lZ0gBLvB0Ns7qmVLz3DUVyfPN19xn28Ws=] started vehicle Sarka 120 (id=5F52A8EF5E46E2FE0910EE8ECA348BF4 pos=<1092.885498, 265.067444, 5695.105957>)
16:17:56.238 [VehicleEngine] Player Cmal687 [uid=p9VAMsoU43lZ0gBLvB0Ns7qmVLz3DUVyfPN19xn28Ws=] stopped vehicle Sarka 120 (id=5F52A8EF5E46E2FE0910EE8ECA348BF4 pos=<1092.864014, 265.066681, 5695.105957>)
16:17:59.410 [VehicleLeave] Player Cmal687 [uid=p9VAMsoU43lZ0gBLvB0Ns7qmVLz3DUVyfPN19xn28Ws=] left vehicle Sarka 120 (id=5F52A8EF5E46E2FE0910EE8ECA348BF4 pos=<1092.848022, 265.066101, 5695.105957>)
16:19:58.101 [VehicleDestroyed] ExpansionUh1h (id=A7370D2E0B451E572DC94F83A22E5432 pos=<7924.580078, 169.397583, 11833.567383>)
16:21:43.156 [Party] Player "DirtyMike" (id=eZvdqnhxQZeB4Wvp7ko5cFy79bCUMACrCdUKq6S9F3w=) invited the player "Cmal687" (id=p9VAMsoU43lZ0gBLvB0Ns7qmVLz3DUVyfPN19xn28Ws=)to the party named dirty
16:21:53.566 [Party] Player "Cmal687" (id=p9VAMsoU43lZ0gBLvB0Ns7qmVLz3DUVyfPN19xn28Ws=) joinded the party "dirty" (id=3 ownerUID=eZvdqnhxQZeB4Wvp7ko5cFy79bCUMACrCdUKq6S9F3w= ownerName=DirtyMike)
16:25:51.343 [VehicleDeleted] ExpansionUh1h (id=A7370D2E0B451E572DC94F83A22E5432 pos=<7924.610840, 169.394043, 11833.533203>)
16:26:01.296 [VehicleEnter] Player Cmal687 [uid=p9VAMsoU43lZ0gBLvB0Ns7qmVLz3DUVyfPN19xn28Ws=] entered vehicle Sarka 120 (id=5F52A8EF5E46E2FE0910EE8ECA348BF4 pos=<1092.834229, 265.065643, 5695.105957>) as driver
16:26:36.316 [VehicleEngine] Player Cmal687 [uid=p9VAMsoU43lZ0gBLvB0Ns7qmVLz3DUVyfPN19xn28Ws=] started vehicle Sarka 120 (id=5F52A8EF5E46E2FE0910EE8ECA348BF4 pos=<1092.644653, 265.058990, 5695.105469>)
16:26:40.996 [VehicleEngine] Player Cmal687 [uid=p9VAMsoU43lZ0gBLvB0Ns7qmVLz3DUVyfPN19xn28Ws=] stopped vehicle Sarka 120 (id=5F52A8EF5E46E2FE0910EE8ECA348BF4 pos=<1092.619629, 265.058105, 5695.105469>)
16:26:43.570 [VehicleLeave] Player Cmal687 [uid=p9VAMsoU43lZ0gBLvB0Ns7qmVLz3DUVyfPN19xn28Ws=] left vehicle Sarka 120 (id=5F52A8EF5E46E2FE0910EE8ECA348BF4 pos=<1092.606812, 265.057617, 5695.105469>)
16:28:01.273 [VehicleDestroyed] ExpansionUh1h_Resistance (id=7F1A3AC0034C4D32A9FE358C165C1A49 pos=<7924.614258, 169.542664, 11834.082031>)
16:29:36.835 [MissionAirdrop] An airdrop is heading towards "Muratyn" (pos=<4559.000000, 0.000000, 6852.000000> type=Random_Muratyn) with a ExpansionAirdropContainer_Basebuilding
16:29:46.835 [MissionAirdrop] An airdrop is heading towards "Radunin" (pos=<7209.000000, 0.000000, 6073.000000> type=Random_Radunin) with a ExpansionAirdropContainer
16:33:56.054 [VehicleDeleted] ExpansionUh1h_Resistance (id=7F1A3AC0034C4D32A9FE358C165C1A49 pos=<7924.813965, 169.301437, 11833.961914>)
16:35:18.687 [VehicleEnter] Player Cmal687 [uid=p9VAMsoU43lZ0gBLvB0Ns7qmVLz3DUVyfPN19xn28Ws=] entered vehicle Sarka 120 (id=5F52A8EF5E46E2FE0910EE8ECA348BF4 pos=<1092.593384, 265.057190, 5695.105469>) as driver
16:35:21.441 [VehicleEngine] Player Cmal687 [uid=p9VAMsoU43lZ0gBLvB0Ns7qmVLz3DUVyfPN19xn28Ws=] started vehicle Sarka 120 (id=5F52A8EF5E46E2FE0910EE8ECA348BF4 pos=<1092.578735, 265.056671, 5695.105469>)
16:35:40.648 [VehicleDestroyed] ExpansionUh1h (id=33387A08034D9993C4DE448773F12590 pos=<7924.707520, 169.627289, 11833.683594>)
16:36:49.820 [VehicleEngine] Player Cmal687 [uid=p9VAMsoU43lZ0gBLvB0Ns7qmVLz3DUVyfPN19xn28Ws=] stopped vehicle Sarka 120 (id=5F52A8EF5E46E2FE0910EE8ECA348BF4 pos=<1168.031494, 249.106567, 5198.855469>)
16:36:52.585 [VehicleLeave] Player Cmal687 [uid=p9VAMsoU43lZ0gBLvB0Ns7qmVLz3DUVyfPN19xn28Ws=] left vehicle Sarka 120 (id=5F52A8EF5E46E2FE0910EE8ECA348BF4 pos=<1168.025269, 249.106888, 5198.855957>)
16:41:33.843 [VehicleDeleted] ExpansionUh1h (id=33387A08034D9993C4DE448773F12590 pos=<7924.799805, 169.390533, 11833.544922>)
16:42:59.605 [Party] Player "Captain Chaos" (id=KWl3ojgjStHOe3-iLRChpUG8crsNiNfei3BT6NCIfaw=) left the party "dirty" (id=3 ownerUID=eZvdqnhxQZeB4Wvp7ko5cFy79bCUMACrCdUKq6S9F3w= ownerName=DirtyMike)
16:43:43.875 [VehicleDestroyed] ExpansionUh1h (id=F0B0CEF3B54A984FDB7D8D8B8D4D1B37 pos=<1227.700928, 169.337326, 7566.580566>)
16:43:52.164 [Party] Player "Captain Chaos" (id=KWl3ojgjStHOe3-iLRChpUG8crsNiNfei3BT6NCIfaw=) joinded the party "dirty" (id=3 ownerUID=eZvdqnhxQZeB4Wvp7ko5cFy79bCUMACrCdUKq6S9F3w= ownerName=DirtyMike)
16:46:02.390 [VehicleEnter] Player DirtyMike [uid=eZvdqnhxQZeB4Wvp7ko5cFy79bCUMACrCdUKq6S9F3w=] entered vehicle Land Rover Defender (id=F04BA7C76F4AC912E79D8A9129B5E0A2 pos=<11192.952148, 184.036499, 9345.140625>) as driver
16:46:03.914 [VehicleEngine] Player DirtyMike [uid=eZvdqnhxQZeB4Wvp7ko5cFy79bCUMACrCdUKq6S9F3w=] started vehicle Land Rover Defender (id=F04BA7C76F4AC912E79D8A9129B5E0A2 pos=<11192.952148, 184.036484, 9345.140625>)
16:46:33.718 [VehicleLeave] Player DirtyMike [uid=eZvdqnhxQZeB4Wvp7ko5cFy79bCUMACrCdUKq6S9F3w=] left vehicle Land Rover Defender (id=F04BA7C76F4AC912E79D8A9129B5E0A2 pos=<11344.970703, 182.658875, 9441.417969>)
16:49:38.507 [VehicleDeleted] ExpansionUh1h (id=F0B0CEF3B54A984FDB7D8D8B8D4D1B37 pos=<1230.892944, 168.751114, 7566.927734>)
16:51:23.125 [VehicleDestroyed] ExpansionUh1h_Resistance (id=0CE17CD0C341961ED60344998260B6D9 pos=<7924.601074, 169.294495, 11833.940430>)
16:52:48.226 [VehicleEnter] Player DirtyMike [uid=eZvdqnhxQZeB4Wvp7ko5cFy79bCUMACrCdUKq6S9F3w=] entered vehicle Land Rover Defender (id=F04BA7C76F4AC912E79D8A9129B5E0A2 pos=<11344.970703, 182.658875, 9441.416992>) as driver
16:53:37.859 [VehicleEngine] Player DirtyMike [uid=eZvdqnhxQZeB4Wvp7ko5cFy79bCUMACrCdUKq6S9F3w=] started vehicle Land Rover Defender (id=F04BA7C76F4AC912E79D8A9129B5E0A2 pos=<11344.970703, 182.658859, 9441.416992>)
16:54:27.273 [VehicleEngine] Player DirtyMike [uid=eZvdqnhxQZeB4Wvp7ko5cFy79bCUMACrCdUKq6S9F3w=] stopped vehicle Land Rover Defender (id=F04BA7C76F4AC912E79D8A9129B5E0A2 pos=<11597.964844, 187.308762, 9643.853516>)
16:54:29.656 [VehicleLeave] Player DirtyMike [uid=eZvdqnhxQZeB4Wvp7ko5cFy79bCUMACrCdUKq6S9F3w=] left vehicle Land Rover Defender (id=F04BA7C76F4AC912E79D8A9129B5E0A2 pos=<11597.964844, 187.308762, 9643.853516>)
16:54:44.531 [VehicleEnter] Player Cmal687 [uid=p9VAMsoU43lZ0gBLvB0Ns7qmVLz3DUVyfPN19xn28Ws=] entered vehicle Sarka 120 (id=5F52A8EF5E46E2FE0910EE8ECA348BF4 pos=<1168.022827, 249.107025, 5198.856445>) as driver
16:54:46.007 [VehicleEngine] Player Cmal687 [uid=p9VAMsoU43lZ0gBLvB0Ns7qmVLz3DUVyfPN19xn28Ws=] started vehicle Sarka 120 (id=5F52A8EF5E46E2FE0910EE8ECA348BF4 pos=<1168.022217, 249.107040, 5198.856445>)
16:57:16.582 [VehicleDeleted] ExpansionUh1h_Resistance (id=0CE17CD0C341961ED60344998260B6D9 pos=<7924.677246, 168.978333, 11835.396484>)
16:58:49.773 [VehicleLeave] Player Cmal687 [uid=p9VAMsoU43lZ0gBLvB0Ns7qmVLz3DUVyfPN19xn28Ws=] left vehicle Sarka 120 (id=5F52A8EF5E46E2FE0910EE8ECA348BF4 pos=<2875.229980, 393.761230, 5242.138672>)
16:59:07.250 [VehicleEnter] Player Cmal687 [uid=p9VAMsoU43lZ0gBLvB0Ns7qmVLz3DUVyfPN19xn28Ws=] entered vehicle Sarka 120 (id=5F52A8EF5E46E2FE0910EE8ECA348BF4 pos=<2875.254150, 393.756744, 5242.089844>) as driver
16:59:11.570 [VehicleEngine] Player Cmal687 [uid=p9VAMsoU43lZ0gBLvB0Ns7qmVLz3DUVyfPN19xn28Ws=] started vehicle Sarka 120 (id=5F52A8EF5E46E2FE0910EE8ECA348BF4 pos=<2875.296143, 393.748932, 5242.005371>)
16:59:26.984 [VehicleDestroyed] ExpansionUh1h_Resistance (id=8C9B35E19646A2FD8F8E939EB9DCFEAA pos=<1227.696899, 169.339020, 7566.573730>)
17:00:09.585 [VehicleLeave] Player Cmal687 [uid=p9VAMsoU43lZ0gBLvB0Ns7qmVLz3DUVyfPN19xn28Ws=] left vehicle Sarka 120 (id=5F52A8EF5E46E2FE0910EE8ECA348BF4 pos=<3161.338379, 404.881287, 4939.369629>)
17:02:53.851 [Party] Player "DirtyMike" (id=eZvdqnhxQZeB4Wvp7ko5cFy79bCUMACrCdUKq6S9F3w=) left the party "dirty" (id=3 ownerUID=eZvdqnhxQZeB4Wvp7ko5cFy79bCUMACrCdUKq6S9F3w= ownerName=DirtyMike)
17:03:05.468 [VehicleEnter] Player Cmal687 [uid=p9VAMsoU43lZ0gBLvB0Ns7qmVLz3DUVyfPN19xn28Ws=] entered vehicle Sarka 120 (id=5F52A8EF5E46E2FE0910EE8ECA348BF4 pos=<3161.338379, 404.881226, 4939.369629>) as driver
17:03:07.871 [VehicleEngine] Player Cmal687 [uid=p9VAMsoU43lZ0gBLvB0Ns7qmVLz3DUVyfPN19xn28Ws=] started vehicle Sarka 120 (id=5F52A8EF5E46E2FE0910EE8ECA348BF4 pos=<3161.337646, 404.881256, 4939.369629>)
17:03:39.660 [VehicleLeave] Player Cmal687 [uid=p9VAMsoU43lZ0gBLvB0Ns7qmVLz3DUVyfPN19xn28Ws=] left vehicle Sarka 120 (id=5F52A8EF5E46E2FE0910EE8ECA348BF4 pos=<3300.128418, 387.049957, 4652.990723>)
17:04:14.312 [VehicleEnter] Player Cmal687 [uid=p9VAMsoU43lZ0gBLvB0Ns7qmVLz3DUVyfPN19xn28Ws=] entered vehicle Sarka 120 (id=5F52A8EF5E46E2FE0910EE8ECA348BF4 pos=<3300.128418, 387.049988, 4652.990723>) as driver
17:04:15.757 [VehicleEngine] Player Cmal687 [uid=p9VAMsoU43lZ0gBLvB0Ns7qmVLz3DUVyfPN19xn28Ws=] started vehicle Sarka 120 (id=5F52A8EF5E46E2FE0910EE8ECA348BF4 pos=<3300.128662, 387.050018, 4652.990723>)
17:05:21.632 [VehicleDeleted] ExpansionUh1h_Resistance (id=8C9B35E19646A2FD8F8E939EB9DCFEAA pos=<1230.889771, 168.754318, 7566.916504>)
17:07:06.320 [VehicleDestroyed] ExpansionUh1h_Resistance (id=BD1737C0F7443C108C02568F56B257D0 pos=<1227.702271, 169.337311, 7566.582031>)
17:09:19.960 [AI Patrol] Spawning 3 Shamans bots at <4729.718262, 427.473541, 3211.125732>
17:12:59.359 [VehicleDeleted] ExpansionUh1h_Resistance (id=BD1737C0F7443C108C02568F56B257D0 pos=<1231.019409, 168.756180, 7566.869141>)
17:13:06.097 [VehicleLeave] Player Cmal687 [uid=p9VAMsoU43lZ0gBLvB0Ns7qmVLz3DUVyfPN19xn28Ws=] left vehicle Sarka 120 (id=5F52A8EF5E46E2FE0910EE8ECA348BF4 pos=<6259.026367, 382.416016, 3945.193115>)
17:15:09.398 [VehicleDestroyed] ExpansionUh1h_Medical (id=0CE5DB76934600CA4BD3209B5ECB7638 pos=<1227.717896, 169.338791, 7566.580078>)
17:17:26.210 [VehicleEnter] Player Cmal687 [uid=p9VAMsoU43lZ0gBLvB0Ns7qmVLz3DUVyfPN19xn28Ws=] entered vehicle Sarka 120 (id=5F52A8EF5E46E2FE0910EE8ECA348BF4 pos=<6259.026367, 382.416016, 3945.194092>) as driver
17:17:28.187 [VehicleLeave] Player Cmal687 [uid=p9VAMsoU43lZ0gBLvB0Ns7qmVLz3DUVyfPN19xn28Ws=] left vehicle Sarka 120 (id=5F52A8EF5E46E2FE0910EE8ECA348BF4 pos=<6259.026367, 382.416016, 3945.195068>)
17:17:49.367 [VehicleEnter] Player Cmal687 [uid=p9VAMsoU43lZ0gBLvB0Ns7qmVLz3DUVyfPN19xn28Ws=] entered vehicle Sarka 120 (id=5F52A8EF5E46E2FE0910EE8ECA348BF4 pos=<6259.026367, 382.416046, 3945.195557>) as driver
17:17:50.718 [VehicleEngine] Player Cmal687 [uid=p9VAMsoU43lZ0gBLvB0Ns7qmVLz3DUVyfPN19xn28Ws=] started vehicle Sarka 120 (id=5F52A8EF5E46E2FE0910EE8ECA348BF4 pos=<6259.026367, 382.416016, 3945.195557>)
17:18:16.507 [AI Patrol] Spawning 3 Shamans bots at <7052.693848, 298.427399, 3128.530273>
17:18:50.820 [VehicleLeave] Player Cmal687 [uid=p9VAMsoU43lZ0gBLvB0Ns7qmVLz3DUVyfPN19xn28Ws=] left vehicle Sarka 120 (id=5F52A8EF5E46E2FE0910EE8ECA348BF4 pos=<7102.420410, 371.741241, 3980.230957>)
17:18:52.195 [Party] Player "MaxCaliber" (id=s7vJf2NuCNme1MUM_sgLr2G3yzcxYg10pO0s-GAKExM=) left the party "dirty" (id=3 ownerUID=eZvdqnhxQZeB4Wvp7ko5cFy79bCUMACrCdUKq6S9F3w= ownerName=DirtyMike)
17:19:18.351 [Chat - Global]("Cmal687"(id=p9VAMsoU43lZ0gBLvB0Ns7qmVLz3DUVyfPN19xn28Ws=)): uhhh I found a bus to drive :)
17:19:30.375 [Chat - Global]("Sharkparty"(id=2H7391gmOSCz4VnnBebcTth-2Sm4qjaSYaboxsOPA1Q=)): lol a bus?
17:20:01.812 [Chat - Global]("Cmal687"(id=p9VAMsoU43lZ0gBLvB0Ns7qmVLz3DUVyfPN19xn28Ws=)): yeah... 500 slots and plenty of seats LOL
17:21:03.875 [VehicleDeleted] ExpansionUh1h_Medical (id=0CE5DB76934600CA4BD3209B5ECB7638 pos=<1231.069458, 168.756149, 7566.853027>)
17:21:08.656 [VehicleEnter] Player Cmal687 [uid=p9VAMsoU43lZ0gBLvB0Ns7qmVLz3DUVyfPN19xn28Ws=] entered vehicle Sarka 120 (id=5F52A8EF5E46E2FE0910EE8ECA348BF4 pos=<7102.416992, 371.741180, 3980.230957>) as driver
17:21:10.921 [VehicleEngine] Player Cmal687 [uid=p9VAMsoU43lZ0gBLvB0Ns7qmVLz3DUVyfPN19xn28Ws=] started vehicle Sarka 120 (id=5F52A8EF5E46E2FE0910EE8ECA348BF4 pos=<7102.416504, 371.741211, 3980.230957>)
17:22:48.578 [VehicleDestroyed] ExpansionUh1h_Medical (id=9196011E074B9657D44339B9058C1AD3 pos=<1227.702271, 169.337433, 7566.581543>)
17:24:16.203 [Party] Player "Sharkparty" (id=2H7391gmOSCz4VnnBebcTth-2Sm4qjaSYaboxsOPA1Q=) left the party "dirty" (id=3 ownerUID=eZvdqnhxQZeB4Wvp7ko5cFy79bCUMACrCdUKq6S9F3w= ownerName=DirtyMike)
17:27:10.695 [VehicleLeave] Player Cmal687 [uid=p9VAMsoU43lZ0gBLvB0Ns7qmVLz3DUVyfPN19xn28Ws=] left vehicle Sarka 120 (id=5F52A8EF5E46E2FE0910EE8ECA348BF4 pos=<10500.927734, 270.251617, 3123.830078>)
17:28:23.957 [VehicleEnter] Player Cmal687 [uid=p9VAMsoU43lZ0gBLvB0Ns7qmVLz3DUVyfPN19xn28Ws=] entered vehicle Sarka 120 (id=5F52A8EF5E46E2FE0910EE8ECA348BF4 pos=<10500.926758, 270.251495, 3123.819092>) as driver
17:28:41.515 [VehicleDeleted] ExpansionUh1h_Medical (id=9196011E074B9657D44339B9058C1AD3 pos=<1230.910767, 168.750015, 7566.926758>)
17:28:43.406 [VehicleLeave] Player Cmal687 [uid=p9VAMsoU43lZ0gBLvB0Ns7qmVLz3DUVyfPN19xn28Ws=] left vehicle Sarka 120 (id=5F52A8EF5E46E2FE0910EE8ECA348BF4 pos=<10508.258789, 270.172211, 3111.130859>)
17:30:51.718 [VehicleDestroyed] ExpansionUh1h_Resistance (id=D0A71DCBD3428F6B3C7FC58096AE2DA9 pos=<7924.528320, 169.343155, 11833.750000>)
17:36:46.367 [VehicleDeleted] ExpansionUh1h_Resistance (id=D0A71DCBD3428F6B3C7FC58096AE2DA9 pos=<7924.466797, 169.332657, 11833.683594>)
17:38:31.015 [VehicleDestroyed] ExpansionUh1h_Medical (id=4EF60E6E694B2000C4071A9468BE4848 pos=<1227.718018, 169.338943, 7566.580078>)
17:44:24.062 [VehicleDeleted] ExpansionUh1h_Medical (id=4EF60E6E694B2000C4071A9468BE4848 pos=<1230.975586, 168.757599, 7566.876953>)
17:46:02.910 [Territory] Player "Cmal687" (id=p9VAMsoU43lZ0gBLvB0Ns7qmVLz3DUVyfPN19xn28Ws=) created territory Kramerica at <10495.851563, 271.275238, 3138.331543>
17:46:34.234 [VehicleDestroyed] ExpansionUh1h_Uber (id=BB861984BB4931528A779F93015CD887 pos=<1227.719482, 169.338913, 7566.580078>)
17:50:18.742 [BaseRaiding] ExpansionSafeMedium (<10506.497070, 270.196167, 3107.167725>) Code set by player "Cmal687" (ID = "p9VAMsoU43lZ0gBLvB0Ns7qmVLz3DUVyfPN19xn28Ws=" at <10506.365234, 270.196136, 3108.563721>) and the code is 861987
17:52:28.707 [VehicleDeleted] ExpansionUh1h_Uber (id=BB861984BB4931528A779F93015CD887 pos=<1231.067261, 168.748566, 7566.883789>)
17:53:09.367 [Party] Player "DirtyMike" (id=eZvdqnhxQZeB4Wvp7ko5cFy79bCUMACrCdUKq6S9F3w=) joinded the party "dirty" (id=3 ownerUID=eZvdqnhxQZeB4Wvp7ko5cFy79bCUMACrCdUKq6S9F3w= ownerName=DirtyMike)
17:54:13.390 [VehicleDestroyed] ExpansionUh1h_Resistance (id=7ED09D54A549A9AD06A860B5F46FBE67 pos=<1227.718994, 169.338699, 7566.581543>)
17:55:43.976 [MissionAirdrop] An airdrop is heading towards "Muratyn" (pos=<4559.000000, 0.000000, 6852.000000> type=Random_Muratyn) with a ExpansionAirdropContainer_Basebuilding
17:55:53.976 [MissionAirdrop] An airdrop is heading towards "Zapadlisko" (pos=<8399.000000, 0.000000, 8803.000000> type=Random_Zapadlisko) with a ExpansionAirdropContainer_Basebuilding
17:56:23.804 [Party] Player "Cmal687" (id=p9VAMsoU43lZ0gBLvB0Ns7qmVLz3DUVyfPN19xn28Ws=) left the party "dirty" (id=3 ownerUID=eZvdqnhxQZeB4Wvp7ko5cFy79bCUMACrCdUKq6S9F3w= ownerName=DirtyMike)
17:59:13.726 [Party] Player "DirtyMike" (id=eZvdqnhxQZeB4Wvp7ko5cFy79bCUMACrCdUKq6S9F3w=) left the party "dirty" (id=3 ownerUID=eZvdqnhxQZeB4Wvp7ko5cFy79bCUMACrCdUKq6S9F3w= ownerName=DirtyMike)
17:59:13.757 [Party] Player "Captain Chaos" (id=KWl3ojgjStHOe3-iLRChpUG8crsNiNfei3BT6NCIfaw=) left the party "dirty" (id=3 ownerUID=eZvdqnhxQZeB4Wvp7ko5cFy79bCUMACrCdUKq6S9F3w= ownerName=DirtyMike)
