19:26:21.921 [VehicleDestroyed] ExpansionUh1h_Uber (id=E04721D27043DC174EA4E9B3E13F62CC pos=<7924.916992, 169.409744, 11833.667969>)
19:30:37.007 [MissionAirdrop] An airdrop is heading towards "Dolnik" (pos=<11491.000000, 0.000000, 763.000000> type=Random_Dolnik) with a ExpansionAirdropContainer
19:30:47.000 [MissionAirdrop] An airdrop is heading towards "Nadbor" (pos=<5996.000000, 0.000000, 4513.000000> type=Random_Nadbor) with a ExpansionAirdropContainer_Medical
19:32:16.351 [VehicleDeleted] ExpansionUh1h_Uber (id=E04721D27043DC174EA4E9B3E13F62CC pos=<7925.009277, 169.432281, 11833.684570>)
19:34:00.921 [VehicleDestroyed] ExpansionUh1h_Resistance (id=2ADA03D2164F0B161EA459B743B67C1B pos=<1227.718140, 169.338821, 7566.580078>)
19:39:53.773 [VehicleDeleted] ExpansionUh1h_Resistance (id=2ADA03D2164F0B161EA459B743B67C1B pos=<1231.062622, 168.757080, 7566.852051>)
19:42:03.859 [VehicleDestroyed] ExpansionUh1h_Medical (id=61ED860E3E401E359788EC95421D58DD pos=<1227.701416, 169.337570, 7566.582031>)
19:46:21.765 [AI Patrol] Spawning 1 Shamans bots at <6519.124512, 173.067505, 10996.533203>
19:47:58.398 [VehicleDeleted] ExpansionUh1h_Medical (id=61ED860E3E401E359788EC95421D58DD pos=<1230.907959, 168.750595, 7566.925293>)
19:49:42.921 [VehicleDestroyed] ExpansionUh1h_Resistance (id=10A93FFA85493934A3A93CA458DA7CD3 pos=<7924.559082, 169.292816, 11833.977539>)
20:34:38.804 [VehicleDeleted] ExpansionUh1h_Resistance (id=10A93FFA85493934A3A93CA458DA7CD3 pos=<7924.773926, 168.987015, 11835.444336>)
20:36:21.906 [VehicleDestroyed] ExpansionUh1h (id=651A4A040E4FAC714550C09FF7662AC1 pos=<7924.914551, 169.343414, 11834.033203>)
20:42:16.500 [VehicleDeleted] ExpansionUh1h (id=651A4A040E4FAC714550C09FF7662AC1 pos=<7924.937012, 169.353256, 11833.967773>)
20:44:01.070 [VehicleDestroyed] ExpansionUh1h_Uber (id=20D10E12A14D71C2F721D2A7E43AC800 pos=<1227.719238, 169.338791, 7566.580078>)
20:49:54.335 [VehicleDeleted] ExpansionUh1h_Uber (id=20D10E12A14D71C2F721D2A7E43AC800 pos=<1231.055664, 168.755020, 7566.861816>)
20:52:04.460 [VehicleDestroyed] ExpansionUh1h_Uber (id=E7BBBAF5AC45F52D1B434D83221C6D7B pos=<1227.719116, 169.338898, 7566.580078>)
21:27:35.234 [MissionAirdrop] An airdrop is heading towards "Tarnow" (pos=<9976.000000, 0.000000, 11000.000000> type=Random_Tarnow) with a ExpansionAirdropContainer_Basebuilding
21:27:45.234 [MissionAirdrop] An airdrop is heading towards "Kolembrody" (pos=<8676.000000, 0.000000, 12114.000000> type=Random_Kolembrody) with a ExpansionAirdropContainer_Basebuilding
21:29:06.164 [VehicleDeleted] ExpansionUh1h_Uber (id=E7BBBAF5AC45F52D1B434D83221C6D7B pos=<1233.214600, 168.698471, 7566.649902>)
21:30:23.789 [VehicleDestroyed] ExpansionUh1h_Uber (id=1C90B2ED3B4B13C0A8A695A02A455B6D pos=<1227.718994, 169.338684, 7566.581543>)
21:36:17.164 [VehicleDeleted] ExpansionUh1h_Uber (id=1C90B2ED3B4B13C0A8A695A02A455B6D pos=<1231.061157, 168.758072, 7566.848145>)
21:40:37.523 [VehicleDestroyed] ExpansionUh1h (id=05F8E5A4E74CA300EA06EBA6BFC31398 pos=<1227.718384, 169.338394, 7566.581543>)
21:46:31.984 [VehicleDeleted] ExpansionUh1h (id=05F8E5A4E74CA300EA06EBA6BFC31398 pos=<1231.071777, 168.758011, 7566.845703>)
21:48:16.554 [VehicleDestroyed] ExpansionUh1h_Resistance (id=55C644F48F4C5A7C48CE86884947CF43 pos=<1227.690674, 169.339539, 7566.567871>)
21:54:09.968 [VehicleDeleted] ExpansionUh1h_Resistance (id=55C644F48F4C5A7C48CE86884947CF43 pos=<1231.006348, 168.757797, 7566.866699>)
21:56:19.992 [VehicleDestroyed] ExpansionUh1h (id=ACE40EECC144E8006926109EE2505BC8 pos=<7924.685547, 169.331970, 11833.666016>)
22:02:14.570 [VehicleDeleted] ExpansionUh1h (id=ACE40EECC144E8006926109EE2505BC8 pos=<7920.973145, 168.605881, 11833.808594>)
22:03:59.109 [VehicleDestroyed] ExpansionUh1h_Uber (id=D9D478E02D4E7C119C4F38863E8FCF8E pos=<1227.718750, 169.338776, 7566.581055>)
22:09:52.000 [VehicleDeleted] ExpansionUh1h_Uber (id=D9D478E02D4E7C119C4F38863E8FCF8E pos=<1231.064087, 168.755630, 7566.857422>)
22:12:01.984 [VehicleDestroyed] ExpansionUh1h_Medical (id=52CD85CA8F400E670572C59412DE514B pos=<7924.715820, 169.626678, 11833.708008>)
