09:31:17.742 [VehicleDestroyed] ExpansionUh1h_Medical (id=5E983996024D2D2E228EBC849465AE49 pos=<7924.117676, 169.485214, 11834.107422>)
09:31:19.101 [Party] Player "Cmal687" (id=p9VAMsoU43lZ0gBLvB0Ns7qmVLz3DUVyfPN19xn28Ws=) joinded the party "dirty" (id=3 ownerUID=eZvdqnhxQZeB4Wvp7ko5cFy79bCUMACrCdUKq6S9F3w= ownerName=DirtyMike)
09:36:21.601 [MissionAirdrop] An airdrop is heading towards "Dolnik" (pos=<11491.000000, 0.000000, 763.000000> type=Random_Dolnik) with a ExpansionAirdropContainer
09:37:01.601 [MissionAirdrop] An airdrop is heading towards "Zapadlisko" (pos=<8399.000000, 0.000000, 8803.000000> type=Random_Zapadlisko) with a ExpansionAirdropContainer
09:37:12.328 [VehicleDeleted] ExpansionUh1h_Medical (id=5E983996024D2D2E228EBC849465AE49 pos=<7924.230469, 169.221741, 11833.866211>)
09:38:56.917 [VehicleDestroyed] ExpansionUh1h_Medical (id=50F181527C491236E7D5448774218507 pos=<1227.718628, 169.338776, 7566.580078>)
09:44:50.242 [VehicleDeleted] ExpansionUh1h_Medical (id=50F181527C491236E7D5448774218507 pos=<1231.052246, 168.750443, 7566.881348>)
09:47:00.269 [VehicleDestroyed] ExpansionUh1h (id=4C17F689B34DEB6525BB4585C6966ED8 pos=<7924.781250, 169.262711, 11834.023438>)
09:52:55.214 [VehicleDeleted] ExpansionUh1h (id=4C17F689B34DEB6525BB4585C6966ED8 pos=<7923.090820, 169.066223, 11833.794922>)
09:54:39.785 [VehicleDestroyed] ExpansionUh1h_Medical (id=D015A36CFF42983077B4B0AB214E76C4 pos=<7924.612305, 169.572830, 11833.833008>)
10:00:32.644 [VehicleDeleted] ExpansionUh1h_Medical (id=D015A36CFF42983077B4B0AB214E76C4 pos=<7925.427246, 169.087067, 11835.564453>)
10:02:42.761 [VehicleDestroyed] ExpansionUh1h_Uber (id=69C7DE9CA44BE330C8D7188542293419 pos=<7924.919922, 169.411011, 11833.554688>)
10:08:37.292 [VehicleDeleted] ExpansionUh1h_Uber (id=69C7DE9CA44BE330C8D7188542293419 pos=<7924.945801, 169.463577, 11833.496094>)
10:10:21.820 [VehicleDestroyed] ExpansionUh1h_Uber (id=AD1FD0972D43961B9F424F84ABD0894B pos=<1227.718994, 169.338486, 7566.581543>)
10:16:14.734 [VehicleDeleted] ExpansionUh1h_Uber (id=AD1FD0972D43961B9F424F84ABD0894B pos=<1231.036133, 168.756027, 7566.864746>)
10:18:24.800 [VehicleDestroyed] ExpansionUh1h_Resistance (id=9E233E26124B61773008958DFCF70861 pos=<7924.735840, 169.578033, 11833.845703>)
10:24:19.308 [VehicleDeleted] ExpansionUh1h_Resistance (id=9E233E26124B61773008958DFCF70861 pos=<7925.005371, 169.428925, 11833.601563>)
10:26:03.859 [VehicleDestroyed] ExpansionUh1h_Medical (id=334F8A293745FF100ADF5AADB428CC36 pos=<7924.601563, 169.610260, 11833.727539>)
10:27:19.332 [Party] Player "Cmal687" (id=p9VAMsoU43lZ0gBLvB0Ns7qmVLz3DUVyfPN19xn28Ws=) left the party "dirty" (id=3 ownerUID=eZvdqnhxQZeB4Wvp7ko5cFy79bCUMACrCdUKq6S9F3w= ownerName=DirtyMike)
10:30:05.058 [Party] Player "Cmal687" (id=p9VAMsoU43lZ0gBLvB0Ns7qmVLz3DUVyfPN19xn28Ws=) joinded the party "dirty" (id=3 ownerUID=eZvdqnhxQZeB4Wvp7ko5cFy79bCUMACrCdUKq6S9F3w= ownerName=DirtyMike)
10:33:45.222 [VehicleDeleted] ExpansionUh1h_Medical (id=334F8A293745FF100ADF5AADB428CC36 pos=<7924.337402, 169.330124, 11833.440430>)
10:35:28.339 [VehicleDestroyed] ExpansionUh1h_Medical (id=A079B96C19419FBCE93072A6A6FF8F3B pos=<1227.714111, 169.338760, 7566.580078>)
10:41:22.859 [VehicleDeleted] ExpansionUh1h_Medical (id=A079B96C19419FBCE93072A6A6FF8F3B pos=<1230.943237, 168.755661, 7566.895020>)
10:43:07.468 [VehicleDestroyed] ExpansionUh1h_Medical (id=496804959D4E4CE86279B7A9DCB7C075 pos=<1227.719116, 169.338776, 7566.580078>)
10:49:00.546 [VehicleDeleted] ExpansionUh1h_Medical (id=496804959D4E4CE86279B7A9DCB7C075 pos=<1231.068237, 168.755630, 7566.855957>)
10:51:00.292 [Party] Player "Cmal687" (id=p9VAMsoU43lZ0gBLvB0Ns7qmVLz3DUVyfPN19xn28Ws=) left the party "dirty" (id=3 ownerUID=eZvdqnhxQZeB4Wvp7ko5cFy79bCUMACrCdUKq6S9F3w= ownerName=DirtyMike)
10:51:10.472 [VehicleDestroyed] ExpansionUh1h_Medical (id=E75941FD3B4311D6FF738B9C3BC19A2F pos=<7924.517578, 169.281067, 11833.981445>)
