19:40:51.281 [VehicleDestroyed] ExpansionUh1h_Medical (id=D53B9CAFF447AA26F90E988997844C5B pos=<1227.718994, 169.338562, 7566.580566>)
19:44:34.257 [MissionAirdrop] An airdrop is heading towards "Zapadlisko" (pos=<8399.000000, 0.000000, 8803.000000> type=Random_Zapadlisko) with a ExpansionAirdropContainer_Military
19:45:04.257 [MissionAirdrop] An airdrop is heading towards "Kolembrody" (pos=<8676.000000, 0.000000, 12114.000000> type=Random_Kolembrody) with a ExpansionAirdropContainer
19:46:09.781 [AI Patrol] Spawning 3 Shamans bots at <8971.823242, 305.562195, 6659.166992>
19:46:46.000 [VehicleDeleted] ExpansionUh1h_Medical (id=D53B9CAFF447AA26F90E988997844C5B pos=<1231.081299, 168.753311, 7566.860840>)
19:48:30.578 [VehicleDestroyed] ExpansionUh1h_Resistance (id=FE30A9BAC645182961A2A8A9255EE2A4 pos=<7924.752930, 169.397751, 11833.582031>)
19:54:24.000 [VehicleDeleted] ExpansionUh1h_Resistance (id=FE30A9BAC645182961A2A8A9255EE2A4 pos=<7924.845215, 169.430145, 11833.561523>)
19:56:34.273 [VehicleDestroyed] ExpansionUh1h_Resistance (id=686D1CAEE94911BEC455D2A0F89AD736 pos=<1227.698975, 169.338852, 7566.574707>)
20:02:29.000 [VehicleDeleted] ExpansionUh1h_Resistance (id=686D1CAEE94911BEC455D2A0F89AD736 pos=<1230.894897, 168.750473, 7566.929688>)
20:04:13.664 [VehicleDestroyed] ExpansionUh1h (id=568AEDF5894F61E82EA6D4BAFF73D00C pos=<7924.844727, 169.285034, 11834.219727>)
20:10:06.875 [VehicleDeleted] ExpansionUh1h (id=568AEDF5894F61E82EA6D4BAFF73D00C pos=<7924.808594, 169.294037, 11834.127930>)
20:12:16.937 [VehicleDestroyed] ExpansionUh1h_Medical (id=A769E508FE40A93A272A9C8E584EA5B2 pos=<7924.758789, 169.399292, 11833.584961>)
20:18:11.593 [VehicleDeleted] ExpansionUh1h_Medical (id=A769E508FE40A93A272A9C8E584EA5B2 pos=<7924.824219, 169.428848, 11833.550781>)
20:19:56.179 [VehicleDestroyed] ExpansionUh1h_Resistance (id=D2AFF0FFF54DDD6B4E9CDBA725F4C8E0 pos=<7924.799316, 169.330582, 11834.014648>)
20:25:49.210 [VehicleDeleted] ExpansionUh1h_Resistance (id=D2AFF0FFF54DDD6B4E9CDBA725F4C8E0 pos=<7924.789551, 169.290649, 11834.125977>)
20:27:59.312 [VehicleDestroyed] ExpansionUh1h (id=AF4FD844F54994380A85438E73F52334 pos=<1227.708740, 169.339325, 7566.576660>)
20:33:54.851 [VehicleDeleted] ExpansionUh1h (id=AF4FD844F54994380A85438E73F52334 pos=<1230.914795, 168.749893, 7566.926270>)
20:35:39.445 [VehicleDestroyed] ExpansionUh1h_Uber (id=4C8EB012B84DED3117E9049176E3E9FD pos=<1227.718140, 169.338821, 7566.580078>)
20:41:32.625 [VehicleDeleted] ExpansionUh1h_Uber (id=4C8EB012B84DED3117E9049176E3E9FD pos=<1231.044067, 168.748337, 7566.891602>)
20:43:42.546 [VehicleDestroyed] ExpansionUh1h_Resistance (id=700C6A0FC948C28A28925C9DA437498A pos=<7924.676270, 169.600204, 11833.829102>)
20:43:54.906 [AI Patrol] Spawning 3 Shamans bots at <10464.233398, 316.854401, 4581.886719>
20:49:37.078 [VehicleDeleted] ExpansionUh1h_Resistance (id=700C6A0FC948C28A28925C9DA437498A pos=<7924.840332, 169.365051, 11833.693359>)
20:51:21.625 [VehicleDestroyed] ExpansionUh1h_Uber (id=B8AA7F22914DA5D189141BB44F782474 pos=<7924.619629, 169.364624, 11833.820313>)
20:57:14.781 [VehicleDeleted] ExpansionUh1h_Uber (id=B8AA7F22914DA5D189141BB44F782474 pos=<7924.457520, 169.277191, 11833.856445>)
20:59:24.843 [VehicleDestroyed] ExpansionUh1h (id=616BAEC60E4358E4A02AE3B745AA175C pos=<7924.819824, 169.393875, 11833.758789>)
21:05:19.195 [VehicleDeleted] ExpansionUh1h (id=616BAEC60E4358E4A02AE3B745AA175C pos=<7924.889648, 169.397247, 11833.742188>)
21:07:03.898 [VehicleDestroyed] ExpansionUh1h_Medical (id=EED197B04341759F9677E1A781A48F1D pos=<1227.700928, 169.337372, 7566.581543>)
21:11:53.406 [MissionAirdrop] An airdrop is heading towards "Kolembrody" (pos=<8676.000000, 0.000000, 12114.000000> type=Random_Kolembrody) with a ExpansionAirdropContainer
21:12:03.406 [MissionAirdrop] An airdrop is heading towards "Muratyn" (pos=<4559.000000, 0.000000, 6852.000000> type=Random_Muratyn) with a ExpansionAirdropContainer_Basebuilding
21:12:56.937 [VehicleDeleted] ExpansionUh1h_Medical (id=EED197B04341759F9677E1A781A48F1D pos=<1230.898804, 168.749573, 7566.932617>)
21:15:07.070 [VehicleDestroyed] ExpansionUh1h_Medical (id=4D0CFAD505411632982731B3669AF99D pos=<7924.619141, 169.598801, 11833.830078>)
21:21:01.601 [VehicleDeleted] ExpansionUh1h_Medical (id=4D0CFAD505411632982731B3669AF99D pos=<7924.746582, 169.354416, 11833.666992>)
21:22:46.187 [VehicleDestroyed] ExpansionUh1h_Medical (id=F771EFD7DD4D59E473D4CD97313C4E39 pos=<7924.766113, 169.287277, 11833.914063>)
21:28:39.773 [VehicleDeleted] ExpansionUh1h_Medical (id=F771EFD7DD4D59E473D4CD97313C4E39 pos=<7923.091797, 169.070923, 11833.770508>)
21:30:49.828 [VehicleDestroyed] ExpansionUh1h_Resistance (id=5FF3A715B94D57F966EF9A93EB510327 pos=<1227.719116, 169.338486, 7566.581055>)
21:32:46.843 [VehicleAttachments] Player Cmal687 (uid=p9VAMsoU43lZ0gBLvB0Ns7qmVLz3DUVyfPN19xn28Ws=) detached Spark Plug (type=SparkPlug) from vehicle UAZ 469(id=0E955E461648AF79F8D6CABF721B4684 pos=<9917.592773, 351.474396, 3783.726074>)
21:36:44.398 [VehicleDeleted] ExpansionUh1h_Resistance (id=5FF3A715B94D57F966EF9A93EB510327 pos=<1230.928711, 168.748932, 7566.925781>)
21:38:28.960 [VehicleDestroyed] ExpansionUh1h_Resistance (id=A03CB336F14D429BCDB59CAB4CC2037D pos=<7924.417480, 169.323105, 11833.872070>)
21:39:38.500 [AI Patrol] Spawning 3 Shamans bots at <11085.233398, 346.271881, 4192.348145>
21:44:22.078 [VehicleDeleted] ExpansionUh1h_Resistance (id=A03CB336F14D429BCDB59CAB4CC2037D pos=<7924.426270, 169.288940, 11833.846680>)
21:46:32.085 [VehicleDestroyed] ExpansionUh1h_Uber (id=B56004DE5042BC454973709DF0B164CD pos=<1227.718750, 169.338959, 7566.580566>)
21:52:26.648 [VehicleDeleted] ExpansionUh1h_Uber (id=B56004DE5042BC454973709DF0B164CD pos=<1231.090332, 168.753113, 7566.858398>)
21:54:11.218 [VehicleDestroyed] ExpansionUh1h_Uber (id=7B3AF5DA2843C27C620DF3BA51327819 pos=<1227.718628, 169.338486, 7566.581543>)
22:00:04.312 [VehicleDeleted] ExpansionUh1h_Uber (id=7B3AF5DA2843C27C620DF3BA51327819 pos=<1231.052612, 168.756500, 7566.856934>)
22:02:14.484 [VehicleDestroyed] ExpansionUh1h_Uber (id=D4701A2F9F4B4A8CF0B73EA5ABB5BB24 pos=<1227.695679, 169.339066, 7566.573242>)
22:08:09.156 [VehicleDeleted] ExpansionUh1h_Uber (id=D4701A2F9F4B4A8CF0B73EA5ABB5BB24 pos=<1230.891357, 168.751419, 7566.927246>)
22:09:53.703 [VehicleDestroyed] ExpansionUh1h (id=7D22D5409644AAB603ED3D8A352BAAAB pos=<1227.719238, 169.338287, 7566.581543>)
