12:12:18.476 [VehicleDestroyed] ExpansionUh1h (id=2E7DB1AC8549DEA201AA99BB70C734D2 pos=<7924.625488, 169.554977, 11833.816406>)
12:16:07.839 [MissionAirdrop] An airdrop is heading towards "Gieraltow" (pos=<10899.000000, 0.000000, 4515.000000> type=Random_Gieraltow) with a ExpansionAirdropContainer_Basebuilding
12:16:37.839 [MissionAirdrop] An airdrop is heading towards "Kolembrody" (pos=<8676.000000, 0.000000, 12114.000000> type=Random_Kolembrody) with a ExpansionAirdropContainer_Military
12:18:13.195 [VehicleDeleted] ExpansionUh1h (id=2E7DB1AC8549DEA201AA99BB70C734D2 pos=<7925.395996, 169.082932, 11835.556641>)
12:19:57.851 [VehicleDestroyed] ExpansionUh1h_Uber (id=D176A633114D067697365DAD984774A3 pos=<7924.855957, 169.549850, 11833.959961>)
12:25:50.816 [VehicleDeleted] ExpansionUh1h_Uber (id=D176A633114D067697365DAD984774A3 pos=<7925.013184, 169.359344, 11833.859375>)
12:26:24.199 [AI Patrol] Spawning 3 Shamans bots at <9423.033203, 242.101578, 10390.564453>
12:28:00.917 [VehicleDestroyed] ExpansionUh1h (id=6FEA7B3FB1492F3FA06170BA81948F19 pos=<7924.669434, 169.402512, 11833.789063>)
12:28:41.093 [AI Patrol] Spawning 3 Shamans bots at <9246.032227, 205.359634, 10785.477539>
12:33:55.640 [VehicleDeleted] ExpansionUh1h (id=6FEA7B3FB1492F3FA06170BA81948F19 pos=<7925.089844, 169.056412, 11835.408203>)
12:35:40.347 [VehicleDestroyed] ExpansionUh1h_Uber (id=CBED63967D4461E70DF7EDAC727525EC pos=<1227.715332, 169.338531, 7566.580566>)
12:41:33.277 [VehicleDeleted] ExpansionUh1h_Uber (id=CBED63967D4461E70DF7EDAC727525EC pos=<1230.938965, 168.756378, 7566.893066>)
12:43:43.250 [VehicleDestroyed] ExpansionUh1h (id=C785D316EC40F855A97141B798AA5E69 pos=<7924.937012, 169.414230, 11833.596680>)
12:49:38.046 [VehicleDeleted] ExpansionUh1h (id=C785D316EC40F855A97141B798AA5E69 pos=<7925.016113, 169.453186, 11833.598633>)
12:51:22.652 [VehicleDestroyed] ExpansionUh1h (id=D3629FC8854F6050015ADAA124797418 pos=<1227.719849, 169.338501, 7566.581543>)
12:57:15.800 [VehicleDeleted] ExpansionUh1h (id=D3629FC8854F6050015ADAA124797418 pos=<1231.053711, 168.756439, 7566.856934>)
12:57:54.734 [AI Patrol] Spawning 1 Shamans bots at <6769.100098, 174.799515, 11159.632813>
12:59:25.738 [VehicleDestroyed] ExpansionUh1h_Uber (id=1D1790D7DA48C35F9B5B27A9F3A6F033 pos=<7924.593750, 169.284790, 11833.728516>)
13:05:20.183 [VehicleDeleted] ExpansionUh1h_Uber (id=1D1790D7DA48C35F9B5B27A9F3A6F033 pos=<7921.116211, 168.648499, 11833.773438>)
13:07:04.734 [VehicleDestroyed] ExpansionUh1h (id=FAB22969C7424206A75E95982175A945 pos=<1227.699829, 169.337570, 7566.580078>)
13:12:57.601 [VehicleDeleted] ExpansionUh1h (id=FAB22969C7424206A75E95982175A945 pos=<1230.887695, 168.750961, 7566.930664>)
13:15:07.746 [VehicleDestroyed] ExpansionUh1h_Resistance (id=B21DA2C26B47FC1E2E51F6B061C4BB55 pos=<1227.718750, 169.338882, 7566.580078>)
13:21:02.398 [VehicleDeleted] ExpansionUh1h_Resistance (id=B21DA2C26B47FC1E2E51F6B061C4BB55 pos=<1231.081543, 168.757721, 7566.843750>)
13:22:46.925 [VehicleDestroyed] ExpansionUh1h (id=F288BD4FAA4313FF494711B47DA2EFAF pos=<1227.722412, 169.337051, 7566.588867>)
13:28:40.273 [VehicleDeleted] ExpansionUh1h (id=F288BD4FAA4313FF494711B47DA2EFAF pos=<1231.063354, 168.756577, 7566.853516>)
13:30:50.230 [VehicleDestroyed] ExpansionUh1h_Uber (id=573774ABD7400C0B8DE8BAA93A86DDE7 pos=<7924.828613, 169.348801, 11833.729492>)
13:36:44.773 [VehicleDeleted] ExpansionUh1h_Uber (id=573774ABD7400C0B8DE8BAA93A86DDE7 pos=<7921.296387, 168.619308, 11834.114258>)
13:40:15.617 [VehicleDestroyed] ExpansionUh1h_Resistance (id=8D5509773A40D12B7FD910921ED67C3A pos=<7924.637695, 169.336655, 11833.784180>)
13:44:30.968 [MissionAirdrop] An airdrop is heading towards "Zapadlisko" (pos=<8399.000000, 0.000000, 8803.000000> type=Random_Zapadlisko) with a ExpansionAirdropContainer_Medical
13:44:40.968 [MissionAirdrop] An airdrop is heading towards "Gieraltow" (pos=<10899.000000, 0.000000, 4515.000000> type=Random_Gieraltow) with a ExpansionAirdropContainer_Basebuilding
13:46:10.171 [VehicleDeleted] ExpansionUh1h_Resistance (id=8D5509773A40D12B7FD910921ED67C3A pos=<7921.678223, 168.718185, 11833.968750>)
13:47:54.703 [VehicleDestroyed] ExpansionUh1h_Uber (id=E95769A10A424952B4AC13863A0DD9E3 pos=<1227.719116, 169.338623, 7566.581543>)
13:53:47.871 [VehicleDeleted] ExpansionUh1h_Uber (id=E95769A10A424952B4AC13863A0DD9E3 pos=<1231.061157, 168.756760, 7566.853516>)
13:55:58.000 [VehicleDestroyed] ExpansionUh1h_Medical (id=7D392618184F88187280DBBBCCB1A31B pos=<7924.814941, 169.186874, 11834.586914>)
14:01:52.847 [VehicleDeleted] ExpansionUh1h_Medical (id=7D392618184F88187280DBBBCCB1A31B pos=<7924.722656, 169.199814, 11834.472656>)
14:03:37.437 [VehicleDestroyed] ExpansionUh1h_Medical (id=6C699346D841BDD7DDA886B4BC971EBD pos=<7924.663574, 169.388840, 11833.642578>)
14:09:30.886 [VehicleDeleted] ExpansionUh1h_Medical (id=6C699346D841BDD7DDA886B4BC971EBD pos=<7924.473633, 169.370804, 11833.521484>)
14:11:40.867 [VehicleDestroyed] ExpansionUh1h_Uber (id=896D1414E648EE9CD75649BC4BF6597D pos=<7924.649902, 169.324097, 11833.818359>)
14:17:35.511 [VehicleDeleted] ExpansionUh1h_Uber (id=896D1414E648EE9CD75649BC4BF6597D pos=<7921.656250, 168.702499, 11834.024414>)
14:19:20.082 [VehicleDestroyed] ExpansionUh1h (id=080A9EB8CE480C69B70D1BA921029429 pos=<7924.596680, 169.485718, 11834.198242>)
14:25:13.238 [VehicleDeleted] ExpansionUh1h (id=080A9EB8CE480C69B70D1BA921029429 pos=<7924.781738, 169.265930, 11834.099609>)
14:27:23.253 [VehicleDestroyed] ExpansionUh1h_Uber (id=2B6CA5F53B4DF2B22D89B18D2FAE0D8B pos=<1227.718628, 169.338531, 7566.581055>)
14:33:17.726 [VehicleDeleted] ExpansionUh1h_Uber (id=2B6CA5F53B4DF2B22D89B18D2FAE0D8B pos=<1231.065918, 168.757355, 7566.850098>)
14:35:02.257 [VehicleDestroyed] ExpansionUh1h_Medical (id=9DA9EB5D3A46B5F3B1346EB768C6C676 pos=<7924.598145, 169.392227, 11833.838867>)
14:40:55.652 [VehicleDeleted] ExpansionUh1h_Medical (id=9DA9EB5D3A46B5F3B1346EB768C6C676 pos=<7924.502930, 169.295135, 11833.812500>)
14:43:05.628 [VehicleDestroyed] ExpansionUh1h_Resistance (id=3039FE272A48C2F2902C2AA1F0B79E9A pos=<7924.902832, 169.430267, 11833.627930>)
14:49:00.304 [VehicleDeleted] ExpansionUh1h_Resistance (id=3039FE272A48C2F2902C2AA1F0B79E9A pos=<7924.953613, 169.440796, 11833.601563>)
14:50:44.847 [VehicleDestroyed] ExpansionUh1h (id=0D07177AF846ABBCB2FB788C6646DFD7 pos=<1227.719238, 169.338806, 7566.580078>)
14:56:38.023 [VehicleDeleted] ExpansionUh1h (id=0D07177AF846ABBCB2FB788C6646DFD7 pos=<1231.067505, 168.755264, 7566.857422>)
14:58:48.132 [VehicleDestroyed] ExpansionUh1h (id=508BE2B1DE4E8FFA150AB58F5D874AED pos=<1227.700928, 169.337219, 7566.581543>)
15:04:42.589 [VehicleDeleted] ExpansionUh1h (id=508BE2B1DE4E8FFA150AB58F5D874AED pos=<1230.885376, 168.751968, 7566.927246>)
15:06:27.121 [VehicleDestroyed] ExpansionUh1h_Uber (id=64458018A2443AD0F19CC99DB883C60E pos=<1227.718872, 169.338821, 7566.580078>)
15:12:20.218 [VehicleDeleted] ExpansionUh1h_Uber (id=64458018A2443AD0F19CC99DB883C60E pos=<1231.064819, 168.749023, 7566.882813>)
15:12:23.085 [MissionAirdrop] An airdrop is heading towards "Muratyn" (pos=<4559.000000, 0.000000, 6852.000000> type=Random_Muratyn) with a ExpansionAirdropContainer
15:12:33.085 [MissionAirdrop] An airdrop is heading towards "Radunin" (pos=<7209.000000, 0.000000, 6073.000000> type=Random_Radunin) with a ExpansionAirdropContainer
15:14:30.144 [VehicleDestroyed] ExpansionUh1h_Resistance (id=1C8F9D2DB64236A4A4D8E5A5BC86D789 pos=<1227.718750, 169.338867, 7566.580078>)
15:21:14.414 [VehicleDeleted] ExpansionUh1h_Resistance (id=1C8F9D2DB64236A4A4D8E5A5BC86D789 pos=<1231.198853, 168.747879, 7566.845703>)
15:22:32.132 [VehicleDestroyed] ExpansionUh1h_Medical (id=B3045E67DC488079173B66BDB020F4D3 pos=<7924.882324, 169.413986, 11833.691406>)
15:28:25.203 [VehicleDeleted] ExpansionUh1h_Medical (id=B3045E67DC488079173B66BDB020F4D3 pos=<7924.923340, 169.424911, 11833.647461>)
15:30:35.234 [VehicleDestroyed] ExpansionUh1h_Medical (id=D28197C86D4E999C5E3BE2BEB94AA4D0 pos=<7924.512207, 169.290710, 11833.892578>)
15:36:29.679 [VehicleDeleted] ExpansionUh1h_Medical (id=D28197C86D4E999C5E3BE2BEB94AA4D0 pos=<7921.567871, 168.746201, 11833.719727>)
15:38:14.531 [VehicleDestroyed] ExpansionUh1h (id=7375DC214F4A22B513EBD0AB157134E3 pos=<1227.701782, 169.336975, 7566.582520>)
15:44:07.472 [VehicleDeleted] ExpansionUh1h (id=7375DC214F4A22B513EBD0AB157134E3 pos=<1230.975220, 168.748840, 7566.911133>)
