---------------------------------------------
Log C:\Users\rylic\OneDrive\Documents\Livonia\servers\Production\profiles\script_2024-01-27_10-09-35.log started at 27.01. 10:09:36

SCRIPT       : Registered 402 temporary action enum(s), UAN==402
SCRIPT    (W): @"GameLabs/Scripts/3_Game/API/*бхоЦотц.ogg,265": Possible variable name conflict 'player'
SCRIPT    (W): @"GameLabs/Scripts/3_Game/API/*бхоЦотц.ogg,265": Possible variable name conflict 'murderer'
SCRIPT    (W): @"GameLabs/Scripts/3_Game/API/*бхоЦотц.ogg,265": Possible variable name conflict 'weapon'
SCRIPT    (W): @"GameLabs/Scripts/3_Game/API/*бхоЦотц.ogg,265": Possible variable name conflict 'weaponNiceName'
SCRIPT    (W): @"GameLabs/Scripts/3_Game/API/*бхоЦотц.ogg,154": Possible variable name conflict 'initial'
SCRIPT    (W): @"GameLabs/Scripts/3_Game/API/*бхоЦотц.ogg,154": Possible variable name conflict 'interval'
SCRIPT    (W): @"GameLabs/Scripts/3_Game/API/*бхоЦотц.ogg,154": Possible variable name conflict 'added'
SCRIPT    (W): @"GameLabs/Scripts/3_Game/API/*бхоЦотц.ogg,154": Possible variable name conflict 'removed'
SCRIPT    (W): @"GameLabs/Scripts/3_Game/API/*бхоЦотц.ogg,243": Possible variable name conflict 'initial'
SCRIPT    (W): @"GameLabs/Scripts/3_Game/API/*бхоЦотц.ogg,243": Possible variable name conflict 'interval'
SCRIPT    (W): @"GameLabs/Scripts/3_Game/API/*бхоЦотц.ogg,243": Possible variable name conflict 'updated'
SCRIPT    (W): @"GameLabs/Scripts/3_Game/?їкЮСч.rvmat,29": Possible variable name conflict 'modId'
SCRIPT    (W): @"GameLabs/Scripts/3_Game/?їкЮСч.rvmat,29": Possible variable name conflict 'key'
SCRIPT    (W): @"GameLabs/Scripts/3_Game/Эџрѓљ?зјѐ.ogg,207": Possible variable name conflict 'status'
SCRIPT    (W): @"GameLabs/Scripts/3_Game/3_Hooking/оі?Унёџ.p3d,8": Possible variable name conflict 'uid'
SCRIPT    (W): @"GameLabs/Scripts/3_Game/3_Hooking/оі?Унёџ.p3d,8": Possible variable name conflict 'sessionKey'
SCRIPT    (W): @"GameLabs/Scripts/3_Game/3_Hooking/оі?Унёџ.p3d,8": Possible variable name conflict 'host'
SCRIPT    (W): @"GameLabs/Scripts/3_Game/3_Hooking/оі?Унёџ.p3d,8": Possible variable name conflict 'port'
SCRIPT    (W): @"GameLabs/Scripts/3_Game/?їкЮСч.rvmat,15": Possible variable name conflict 'modId'
SCRIPT    (W): @"GameLabs/Scripts/3_Game/?їкЮСч.rvmat,15": Possible variable name conflict 'key'
SCRIPT    (W): @"GameLabs/Scripts/3_Game/?їкЮСч.rvmat,15": Possible variable name conflict 'value'
SCRIPT    (W): @"GameLabs/Scripts/3_Game/Эџрѓљ?зјѐ.ogg,226": Possible variable name conflict 'responseType'
SCRIPT    (W): @"GameLabs/Scripts/3_Game/Эџрѓљ?зјѐ.ogg,226": Possible variable name conflict 'webhookUrl'
SCRIPT    (W): @"GameLabs/Scripts/3_Game/Эџрѓљ?зјѐ.ogg,264": Possible variable name conflict 'object'
SCRIPT    (W): @"GameLabs/Scripts/3_Game/API/*бхоЦотц.ogg,443": Possible variable name conflict 'operation'
SCRIPT    (W): @"GameLabs/Scripts/3_Game/API/*бхоЦотц.ogg,443": Possible variable name conflict 'key'
SCRIPT    (W): @"GameLabs/Scripts/3_Game/API/*бхоЦотц.ogg,443": Possible variable name conflict 'value'
SCRIPT    (W): @"GameLabs/Scripts/3_Game/API/*бхоЦотц.ogg,443": Possible variable name conflict 'expires'
SCRIPT    (W): @"GameLabs/Scripts/3_Game/ЫђЩюђт?ќ.wsi,75": Possible variable name conflict 'debugEnabled'
SCRIPT    (W): @"GameLabs/Scripts/3_Game/Эџрѓљ?зјѐ.ogg,26": Possible variable name conflict '_reference'
SCRIPT    (W): @"GameLabs/Scripts/3_Game/API/*бхоЦотц.ogg,346": Possible variable name conflict 'player'
SCRIPT    (W): @"GameLabs/Scripts/3_Game/API/*бхоЦотц.ogg,346": Possible variable name conflict 'channel'
SCRIPT    (W): @"GameLabs/Scripts/3_Game/API/*бхоЦотц.ogg,346": Possible variable name conflict 'message'
SCRIPT    (W): @"GameLabs/Scripts/3_Game/API/*бхоЦотц.ogg,398": Possible variable name conflict 'items'
SCRIPT    (W): @"GameLabs/Scripts/3_Game/API/*бхоЦотц.ogg,362": Possible variable name conflict 'steam64'
SCRIPT    (W): @"GameLabs/Scripts/3_Game/API/*бхоЦотц.ogg,362": Possible variable name conflict 'position'
SCRIPT    (W): @"GameLabs/Scripts/3_Game/Эџрѓљ?зјѐ.ogg,107": Possible variable name conflict 'displayName'
SCRIPT    (W): @"GameLabs/Scripts/3_Game/Эџрѓљ?зјѐ.ogg,107": Possible variable name conflict 'description'
SCRIPT    (W): @"GameLabs/Scripts/3_Game/Эџрѓљ?зјѐ.ogg,107": Possible variable name conflict 'dataType'
SCRIPT    (W): @"GameLabs/Scripts/3_Game/API/*ѝъдЮђШХыїХ.p3d,62": Possible variable name conflict 'serverId'
SCRIPT    (W): @"GameLabs/Scripts/3_Game/API/*ѝъдЮђШХыїХ.p3d,62": Possible variable name conflict 'apiKey'
SCRIPT    (W): @"GameLabs/Scripts/3_Game/API/*ѝъдЮђШХыїХ.p3d,62": Possible variable name conflict 'baseUrl'
SCRIPT    (W): @"GameLabs/Scripts/3_Game/API/*ѝъдЮђШХыїХ.p3d,62": Possible variable name conflict 'storeUrl'
SCRIPT    (W): @"GameLabs/Scripts/3_Game/API/*ѝъдЮђШХыїХ.p3d,81": Possible variable name conflict 'authKey'
SCRIPT    (W): @"GameLabs/Scripts/3_Game/?їкЮСч.rvmat,61": Possible variable name conflict 'modId'
SCRIPT    (W): @"GameLabs/Scripts/3_Game/?їкЮСч.rvmat,61": Possible variable name conflict 'key'
SCRIPT    (W): @"GameLabs/Scripts/3_Game/?їкЮСч.rvmat,61": Possible variable name conflict 'value'
SCRIPT    (W): @"GameLabs/Scripts/3_Game/API/*бхоЦотц.ogg,512": Possible variable name conflict 'content'
SCRIPT    (W): @"GameLabs/Scripts/3_Game/?їкЮСч.rvmat,46": Possible variable name conflict 'modId'
SCRIPT    (W): @"GameLabs/Scripts/3_Game/?їкЮСч.rvmat,46": Possible variable name conflict 'key'
SCRIPT    (W): @"GameLabs/Scripts/3_Game/?їкЮСч.rvmat,46": Possible variable name conflict 'value'
SCRIPT    (W): @"GameLabs/Scripts/3_Game/API/*бхоЦотц.ogg,199": Possible variable name conflict 'initial'
SCRIPT    (W): @"GameLabs/Scripts/3_Game/API/*бхоЦотц.ogg,199": Possible variable name conflict 'interval'
SCRIPT    (W): @"GameLabs/Scripts/3_Game/API/*бхоЦотц.ogg,199": Possible variable name conflict 'added'
SCRIPT    (W): @"GameLabs/Scripts/3_Game/API/*бхоЦотц.ogg,199": Possible variable name conflict 'updated'
SCRIPT    (W): @"GameLabs/Scripts/3_Game/API/*бхоЦотц.ogg,199": Possible variable name conflict 'removed'
SCRIPT    (W): @"GameLabs/Scripts/3_Game/Эџрѓљ?зјѐ.ogg,5": Possible variable name conflict '_reference'
SCRIPT    (W): @"GameLabs/Scripts/3_Game/?їкЮСч.rvmat,77": Possible variable name conflict 'modId'
SCRIPT    (W): @"GameLabs/Scripts/3_Game/API/*ѝъдЮђШХыїХ.p3d,10": Possible variable name conflict 'status'
SCRIPT    (W): @"GameLabs/Scripts/3_Game/API/*ѝъдЮђШХыїХ.p3d,10": Possible variable name conflict 'error'
SCRIPT    (W): @"GameLabs/Scripts/3_Game/API/*бхоЦотц.ogg,313": Possible variable name conflict 'player'
SCRIPT    (W): @"GameLabs/Scripts/3_Game/API/*бхоЦотц.ogg,313": Possible variable name conflict 'item'
SCRIPT    (W): @"GameLabs/Scripts/3_Game/API/*бхоЦотц.ogg,313": Possible variable name conflict 'target'
SCRIPT    (W): @"GameLabs/Scripts/3_Game/API/*бхоЦотц.ogg,313": Possible variable name conflict 'action'
SCRIPT    (W): @"GameLabs/Scripts/3_Game/API/*бхоЦотц.ogg,41": Possible variable name conflict 'serverId'
SCRIPT    (W): @"GameLabs/Scripts/3_Game/API/*бхоЦотц.ogg,41": Possible variable name conflict 'apiKey'
SCRIPT    (W): @"GameLabs/Scripts/3_Game/API/*бхоЦотц.ogg,41": Possible variable name conflict 'flagReauth'
SCRIPT    (W): @"GameLabs/Scripts/3_Game/Эџрѓљ?зјѐ.ogg,47": Possible variable name conflict 'className'
SCRIPT    (W): @"GameLabs/Scripts/3_Game/Эџрѓљ?зјѐ.ogg,47": Possible variable name conflict 'icon'
SCRIPT    (W): @"GameLabs/Scripts/3_Game/Эџрѓљ?зјѐ.ogg,47": Possible variable name conflict '_reference'
SCRIPT    (W): @"GameLabs/Scripts/3_Game/API/*бхоЦотц.ogg,420": Possible variable name conflict 'operation'
SCRIPT    (W): @"GameLabs/Scripts/3_Game/API/*бхоЦотц.ogg,420": Possible variable name conflict 'key'
SCRIPT    (W): @"GameLabs/Scripts/3_Game/API/*бхоЦотц.ogg,420": Possible variable name conflict 'value'
SCRIPT    (W): @"GameLabs/Scripts/3_Game/API/*бхоЦотц.ogg,420": Possible variable name conflict 'expires'
SCRIPT    (W): @"GameLabs/Scripts/3_Game/API/*бхоЦотц.ogg,390": Possible variable name conflict 'className'
SCRIPT    (W): @"GameLabs/Scripts/3_Game/API/*бхоЦотц.ogg,390": Possible variable name conflict 'displayName'
SCRIPT    (W): @"GameLabs/Scripts/3_Game/API/*бхоЦотц.ogg,289": Possible variable name conflict 'player'
SCRIPT    (W): @"GameLabs/Scripts/3_Game/API/*бхоЦотц.ogg,289": Possible variable name conflict 'murderer'
SCRIPT    (W): @"GameLabs/Scripts/3_Game/API/*бхоЦотц.ogg,289": Possible variable name conflict 'weapon'
SCRIPT    (W): @"GameLabs/Scripts/3_Game/API/*бхоЦотц.ogg,289": Possible variable name conflict 'damage'
SCRIPT    (W): @"GameLabs/Scripts/3_Game/API/*бхоЦотц.ogg,289": Possible variable name conflict 'zone'
SCRIPT    (W): @"GameLabs/Scripts/3_Game/ёТђ?жЬѐЪТсР.wsi,11": Possible variable name conflict 'modIdentifier'
SCRIPT    (W): @"GameLabs/Scripts/3_Game/ёТђ?жЬѐЪТсР.wsi,11": Possible variable name conflict 'allowDebug'
SCRIPT    (W): @"GameLabs/Scripts/3_Game/ёТђ?жЬѐЪТсР.wsi,11": Possible variable name conflict 'logrotate'
SCRIPT    (W): @"GameLabs/Scripts/3_Game/ёТђ?жЬѐЪТсР.wsi,20": Possible variable name conflict 'allowDebug'
SCRIPT    (W): @"GameLabs/Scripts/3_Game/API/*бхоЦотц.ogg,330": Possible variable name conflict 'player'
SCRIPT    (W): @"GameLabs/Scripts/3_Game/API/*бхоЦотц.ogg,330": Possible variable name conflict 'item'
SCRIPT    (W): @"GameLabs/Scripts/3_Game/Эџрѓљ?зјѐ.ogg,64": Possible variable name conflict 'contextType'
SCRIPT    (W): @"GameLabs/Scripts/3_Game/Эџрѓљ?зјѐ.ogg,64": Possible variable name conflict 'referencedObject'
SCRIPT    (W): @"GameLabs/Scripts/3_Game/Эџрѓљ?зјѐ.ogg,64": Possible variable name conflict 'parameters'
SCRIPT    (W): @"GameLabs/Scripts/3_Game/Эџрѓљ?зјѐ.ogg,75": Unsafe down-casting, use 'Object.Cast' for safe down-casting
SCRIPT       : Registering faction type eAIFactionShamans ID -1484989417
SCRIPT       : Registering faction type eAIFactionObservers ID -563736721
SCRIPT       : Registering faction type eAIFactionInvincibleObservers ID -1227299746
SCRIPT       : Registering faction type eAIFactionEast ID 90522109
SCRIPT       : Registering faction type eAIFactionGuards ID 963933710
SCRIPT       : Registering faction type eAIFactionRaiders ID 1535276022
SCRIPT       : Registering faction type eAIFactionYeetBrigade ID 1408543989
SCRIPT       : Registering faction type eAIFactionMercenaries ID 1629891834
SCRIPT       : Registering faction type eAIFactionWest ID 113880155
SCRIPT       : Registering faction type eAIFactionCivilian ID 1096178351
SCRIPT       : Registering faction type eAIFactionPassive ID -1159399789
SCRIPT       : Registering faction type eAIFactionInvincibleYeetBrigade ID -1118767876
SCRIPT       : Registering faction type eAIFactionInvincibleGuards ID 782746017
SCRIPT       : ... Backlit Effects Enabled
SCRIPT       : 10:09:37 [EXPANSION LOG]: DayZGame<82e668f0> Start time (local time) 2024-01-27 10:09:34
SCRIPT       : 10:09:37 [EXPANSION LOG]: DayZGame<82e668f0> Start time (UTC) 2024-01-27 15:09:34
SCRIPT       : 10:09:37 [EXPANSION LOG]: DayZGame<82e668f0> Runtime since start (seconds) 3.707
SCRIPT    (W): @"GameLabs/Scripts/4_World/4_Hooking/ЦЮљ?їЮТзЪ.jpg,261": Missing ';' at the end of line
SCRIPT    (W): @"GameLabs/Scripts/4_World/4_Hooking/лђШ?зы.rvmat,2": FIX-ME: Overriding function 'OnContinouousAction' but not marked as 'override'
SCRIPT    (W): @"GameLabs/Scripts/4_World/4_Hooking/лђШ?зы.rvmat,42": FIX-ME: Overriding function 'OnPlacementComplete' but not marked as 'override'
SCRIPT    (W): @"UndergroundBases/scripts/4_World/undergroundtemp.c,345": FIX-ME: Overriding function 'FoldBaseBuildingObject' but not marked as 'override'
SCRIPT    (W): @"UndergroundBases/scripts/4_World/undergroundtemp.c,360": FIX-ME: Overriding function 'CreateConstructionKit' but not marked as 'override'
SCRIPT    (W): @"UndergroundBases/scripts/4_World/undergroundtemp.c,3": FIX-ME: Overriding function 'BaseClassName' but not marked as 'override'
SCRIPT    (W): @"UndergroundBases/scripts/4_World/undergroundtemp.c,9": FIX-ME: Overriding function 'BaseClassName' but not marked as 'override'
SCRIPT    (W): @"GameLabs/Scripts/4_World/4_Hooking/?эшѕљнюѕѐў.rvmat,33": Possible variable name conflict '_registeredInstance'
SCRIPT    (W): @"GameLabs/Scripts/4_World/4_Hooking/япчЫѝы?б.jpg,288": No need to use 'Cast' for up-casting
SCRIPT    (W): @"GameLabs/Scripts/4_World/4_Hooking/ЦЮљ?їЮТзЪ.jpg,74": Possible variable name conflict 'deviation'
SCRIPT    (W): @"SyberiaServer/scripts/4_World/plugins\pluginbase\plugintrader.c,282": FIX-ME: Undefined function 'PlayerBase.SpawnItemOnLocation'
SCRIPT       : Registering faction type eAIFactionLunatics ID 1167351711
SCRIPT       : Registering faction type eAIFactionInfected ID 1371958374
SCRIPT    (W): @"JM/COT/Scripts/5_Mission/communityonlinetools\modules\object\jmobjectspawnermodule.c,635": Missing ';' at the end of line
SCRIPT    (W): @"JM/COT/Scripts/5_Mission/communityonlinetools\modules\object\jmobjectspawnermodule.c,637": Missing ';' at the end of line
SCRIPT    (W): @"GameLabs/Scripts/5_Mission/вХіт?юЮюде.jpg,80": Possible variable name conflict 'gamesession_id'
SCRIPT       : [DATABASE]: Load config file: $profile:\DatabaseOptions.json
SCRIPT       : [DATABASE]: Database instance created.
SCRIPT       : Expansion version: 1.8.38
SCRIPT       : 10:09:47.937 [EXPANSION DEBUG]: [ExpansionDebugSettings] Load existing setting file:$profile:ExpansionMod\Settings\DebugSettings.json
SCRIPT       : 10:09:47.937 [EXPANSION DEBUG]: [ExpansionLogSettings] Load existing setting file:$profile:ExpansionMod\Settings\LogsSettings.json
SCRIPT       : 10:09:47.937 [EXPANSION DEBUG]: [ExpansionNotificationSettings] Load existing setting file:$profile:ExpansionMod\Settings\NotificationSettings.json
SCRIPT       : 10:09:47.941 [EXPANSION DEBUG]: [ExpansionMonitoringSettings] Load existing setting file:$profile:ExpansionMod\Settings\MonitoringSettings.json
SCRIPT       : 10:09:47.941 [EXPANSION DEBUG]: [ExpansionDamageSystemSettings] Load existing setting file:$profile:ExpansionMod\Settings\DamageSystemSettings.json
SCRIPT       : 10:09:47.941 [EXPANSION DEBUG]: [ExpansionPartySettings] Load existing setting file:$profile:ExpansionMod\Settings\PartySettings.json
SCRIPT       : 10:09:47.941 [EXPANSION DEBUG]: [ExpansionHardlineSettings] Load existing setting file:$mission:expansion\settings\HardlineSettings.json
SCRIPT       : 10:09:47.949 [EXPANSION DEBUG]: [ExpansionMarketSettings] Load existing setting file:$mission:expansion\settings\MarketSettings.json
SCRIPT       : ExpansionMarketSettings::LoadCategories - Adding category ID 1 (Ammo)
SCRIPT       : ExpansionMarketSettings::LoadCategories - Adding category ID 2 (Ammo_Boxes)
SCRIPT       : ExpansionMarketSettings::LoadCategories - Adding category ID 3 (Armbands)
SCRIPT       : ExpansionMarketSettings::LoadCategories - Adding category ID 4 (Assault_Rifles)
SCRIPT       : ExpansionMarketSettings::LoadCategories - Adding category ID 5 (Backpacks)
SCRIPT       : ExpansionMarketSettings::LoadCategories - Adding category ID 6 (Bandanas)
SCRIPT       : ExpansionMarketSettings::LoadCategories - Adding category ID 7 (Batteries)
SCRIPT       : ExpansionMarketSettings::LoadCategories - Adding category ID 8 (Bayonets)
SCRIPT       : ExpansionMarketSettings::LoadCategories - Adding category ID 9 (Belts)
SCRIPT       : ExpansionMarketSettings::LoadCategories - Adding category ID 10 (Blouses_And_Suits)
SCRIPT       : ExpansionMarketSettings::LoadCategories - Adding category ID 11 (Boats)
SCRIPT       : ExpansionMarketSettings::LoadCategories - Adding category ID 12 (Boots_And_Shoes)
SCRIPT       : ExpansionMarketSettings::LoadCategories - Adding category ID 13 (Buttstocks)
SCRIPT       : ExpansionMarketSettings::LoadCategories - Adding category ID 14 (Caps)
SCRIPT       : ExpansionMarketSettings::LoadCategories - Adding category ID 15 (Cars)
SCRIPT       : ExpansionMarketSettings::LoadCategories - Adding category ID 16 (Coats_And_Jackets)
SCRIPT       : ExpansionMarketSettings::LoadCategories - Adding category ID 17 (Containers)
SCRIPT       : ExpansionMarketSettings::LoadCategories - Adding category ID 18 (Crossbows)
SCRIPT       : ExpansionMarketSettings::LoadCategories - Adding category ID 19 (Drinks)
SCRIPT       : ExpansionMarketSettings::LoadCategories - Adding category ID 20 (Electronics)
SCRIPT       : ExpansionMarketSettings::LoadCategories - Adding category ID 21 (Event)
SCRIPT       : ExpansionMarketSettings::LoadCategories - Adding category ID 22 (Exchange)
SCRIPT       : ExpansionMarketSettings::LoadCategories - Adding category ID 23 (Explosives_And_Grenades)
SCRIPT       : ExpansionMarketSettings::LoadCategories - Adding category ID 24 (Eyewear)
SCRIPT       : ExpansionMarketSettings::LoadCategories - Adding category ID 25 (Fish)
SCRIPT       : ExpansionMarketSettings::LoadCategories - Adding category ID 26 (Fishing)
SCRIPT       : ExpansionMarketSettings::LoadCategories - Adding category ID 27 (Flags)
SCRIPT       : ExpansionMarketSettings::LoadCategories - Adding category ID 28 (Food)
SCRIPT       : ExpansionMarketSettings::LoadCategories - Adding category ID 29 (Fruit_And_Vegetables)
SCRIPT       : ExpansionMarketSettings::LoadCategories - Adding category ID 30 (Furnishings)
SCRIPT       : ExpansionMarketSettings::LoadCategories - Adding category ID 31 (Gardening)
SCRIPT       : ExpansionMarketSettings::LoadCategories - Adding category ID 32 (Ghillies)
SCRIPT       : ExpansionMarketSettings::LoadCategories - Adding category ID 33 (Gloves)
SCRIPT       : ExpansionMarketSettings::LoadCategories - Adding category ID 34 (Handguards)
SCRIPT       : ExpansionMarketSettings::LoadCategories - Adding category ID 35 (Hats_And_Hoods)
SCRIPT       : ExpansionMarketSettings::LoadCategories - Adding category ID 36 (Helicopters)
SCRIPT       : ExpansionMarketSettings::LoadCategories - Adding category ID 37 (Helmets)
SCRIPT       : ExpansionMarketSettings::LoadCategories - Adding category ID 38 (Holsters_And_Pouches)
SCRIPT       : ExpansionMarketSettings::LoadCategories - Adding category ID 39 (Kits)
SCRIPT       : ExpansionMarketSettings::LoadCategories - Adding category ID 40 (Knifes)
SCRIPT       : ExpansionMarketSettings::LoadCategories - Adding category ID 41 (Launchers)
SCRIPT       : ExpansionMarketSettings::LoadCategories - Adding category ID 42 (Lights)
SCRIPT       : ExpansionMarketSettings::LoadCategories - Adding category ID 43 (Liquids)
SCRIPT       : ExpansionMarketSettings::LoadCategories - Adding category ID 44 (Locks)
SCRIPT       : ExpansionMarketSettings::LoadCategories - Adding category ID 45 (Magazines)
SCRIPT       : ExpansionMarketSettings::LoadCategories - Adding category ID 46 (Masks)
SCRIPT       : ExpansionMarketSettings::LoadCategories - Adding category ID 47 (Meat)
SCRIPT       : ExpansionMarketSettings::LoadCategories - Adding category ID 48 (Medical)
SCRIPT       : ExpansionMarketSettings::LoadCategories - Adding category ID 49 (Melee_Weapons)
SCRIPT       : ExpansionMarketSettings::LoadCategories - Adding category ID 50 (Muzzles)
SCRIPT       : ExpansionMarketSettings::LoadCategories - Adding category ID 51 (Navigation)
SCRIPT       : ExpansionMarketSettings::LoadCategories - Adding category ID 52 (Optics)
SCRIPT       : ExpansionMarketSettings::LoadCategories - Adding category ID 53 (Pants_And_Shorts)
SCRIPT       : ExpansionMarketSettings::LoadCategories - Adding category ID 54 (Pistols)
SCRIPT       : ExpansionMarketSettings::LoadCategories - Adding category ID 55 (Rifles)
SCRIPT       : ExpansionMarketSettings::LoadCategories - Adding category ID 56 (Shirts_And_TShirts)
SCRIPT       : ExpansionMarketSettings::LoadCategories - Adding category ID 57 (Shotguns)
SCRIPT       : ExpansionMarketSettings::LoadCategories - Adding category ID 58 (Skirts_And_Dresses)
SCRIPT       : ExpansionMarketSettings::LoadCategories - Adding category ID 59 (Sniper_Rifles)
SCRIPT       : ExpansionMarketSettings::LoadCategories - Adding category ID 60 (Spraycans)
SCRIPT       : ExpansionMarketSettings::LoadCategories - Adding category ID 61 (Submachine_Guns)
SCRIPT       : ExpansionMarketSettings::LoadCategories - Adding category ID 62 (Supplies)
SCRIPT       : ExpansionMarketSettings::LoadCategories - Adding category ID 63 (Sweaters_And_Hoodies)
SCRIPT       : ExpansionMarketSettings::LoadCategories - Adding category ID 64 (Tents)
SCRIPT       : ExpansionMarketSettings::LoadCategories - Adding category ID 65 (Tools)
SCRIPT       : ExpansionMarketSettings::LoadCategories - Adding category ID 66 (Vehicle_Parts)
SCRIPT       : ExpansionMarketSettings::LoadCategories - Adding category ID 67 (Vests)
SCRIPT       : 10:09:48.003 [EXPANSION DEBUG]: [ExpansionAirdropSettings] Load existing setting file:$profile:ExpansionMod\Settings\AirdropSettings.json
SCRIPT       : 10:09:48.085 [EXPANSION DEBUG]: [ExpansionMissionSettings] Load existing setting file:$profile:ExpansionMod\Settings\MissionSettings.json
SCRIPT       : 10:09:48.085 [EXPANSION DEBUG]: [ExpansionMapSettings] Load existing setting file:$mission:expansion\settings\MapSettings.json
SCRIPT       : 10:09:48.097 [EXPANSION DEBUG]: [ExpansionPersonalStorageNewSettings] Load existing setting file:$profile:ExpansionMod\Settings\PersonalStorageNewSettings.json
SCRIPT       : 10:09:48.097 [EXPANSION DEBUG]: [ExpansionGeneralSettings] Load existing setting file:$profile:ExpansionMod\Settings\GeneralSettings.json
SCRIPT       : 10:09:48.097 [EXPANSION DEBUG]: [ExpansionPlayerListSettings] Load existing setting file:$profile:ExpansionMod\Settings\PlayerListSettings.json
SCRIPT       : 10:09:48.097 [EXPANSION DEBUG]: [ExpansionSocialMediaSettings] Load existing setting file:$profile:ExpansionMod\Settings\SocialMediaSettings.json
SCRIPT       : 10:09:48.097 [EXPANSION DEBUG]: [ExpansionSpawnSettings] Load existing setting file:$mission:expansion\settings\SpawnSettings.json
SCRIPT       : 10:09:48.097 [EXPANSION DEBUG]: [ExpansionVehicleSettings] Load existing setting file:$profile:ExpansionMod\Settings\VehicleSettings.json
SCRIPT       : 10:09:48.101 [EXPANSION DEBUG]: [ExpansionAISettings] Load existing setting file:$profile:ExpansionMod\Settings\AISettings.json
SCRIPT       : 10:09:48.101 [EXPANSION DEBUG]: [ExpansionAIPatrolSettings] Load existing setting file:$mission:expansion\settings\AIPatrolSettings.json
SCRIPT       : 10:09:48.105 [EXPANSION DEBUG]: [ExpansionBaseBuildingSettings] Load existing setting file:$mission:expansion\settings\BaseBuildingSettings.json
SCRIPT       : 10:09:48.105 [EXPANSION DEBUG]: [ExpansionRaidSettings] Load existing setting file:$profile:ExpansionMod\Settings\RaidSettings.json
SCRIPT       : 10:09:48.105 [EXPANSION DEBUG]: [ExpansionTerritorySettings] Load existing setting file:$profile:ExpansionMod\Settings\TerritorySettings.json
SCRIPT       : 10:09:48.109 [EXPANSION DEBUG]: [ExpansionChatSettings] Load existing setting file:$profile:ExpansionMod\Settings\ChatSettings.json
SCRIPT       : [DefineTest] EXPANSIONMOD is defined
SCRIPT       : [DefineTest] EXPANSIONMODAI is defined
SCRIPT       : [DefineTest] EXPANSIONMODBASEBUILDING is defined
SCRIPT       : [DefineTest] EXPANSIONMODBOOK is defined
SCRIPT       : [DefineTest] EXPANSIONMODCHAT is defined
SCRIPT       : [DefineTest] EXPANSIONMODCORE is defined
SCRIPT       : [DefineTest] EXPANSIONMODGARAGE is defined
SCRIPT       : [DefineTest] EXPANSIONMODGROUPS is defined
SCRIPT       : [DefineTest] EXPANSIONMODHARDLINE is defined
SCRIPT       : [DefineTest] EXPANSIONMODKILLFEED is defined
SCRIPT       : [DefineTest] EXPANSIONMODMAPASSETS is defined
SCRIPT       : [DefineTest] EXPANSIONMODMARKET is defined
SCRIPT       : [DefineTest] EXPANSIONMODMISSIONS is defined
SCRIPT       : [DefineTest] EXPANSIONMODNAMETAGS is defined
SCRIPT       : [DefineTest] EXPANSIONMODNAVIGATION is defined
SCRIPT       : [DefineTest] EXPANSIONMODP2PMARKET is defined
SCRIPT       : [DefineTest] EXPANSIONMODPERSONALSTORAGE is defined
SCRIPT       : [DefineTest] EXPANSIONMODQUESTS is defined
SCRIPT       : [DefineTest] EXPANSIONMODSPAWNSELECTION is defined
SCRIPT       : [DefineTest] EXPANSIONMODVEHICLE is defined
SCRIPT       : [DefineTest] EXPANSIONMODWEAPONS is defined
SCRIPT       : [DefineTest] CfgMods:
SCRIPT       : defaultAction
SCRIPT       : DayZ
SCRIPT       : DZ_Expansion_AI_Preload
SCRIPT       : DZ_Expansion_BaseBuilding_Preload
SCRIPT       : DZ_Expansion_Book_Preload
SCRIPT       : DZ_Expansion_Chat_Preload
SCRIPT       : DZ_Expansion_Core_Preload
SCRIPT       : DZ_Expansion_Garage_Preload
SCRIPT       : DZ_Expansion_Groups_Preload
SCRIPT       : DZ_Expansion_Hardline_Preload
SCRIPT       : DZ_Expansion_KillFeed_Preload
SCRIPT       : DZ_Expansion_MapAssets_Preload
SCRIPT       : DZ_Expansion_Market_Preload
SCRIPT       : DZ_Expansion_Missions_Preload
SCRIPT       : DZ_Expansion_ModStorage_Preload
SCRIPT       : DZ_Expansion_NameTags_Preload
SCRIPT       : DZ_Expansion_Navigation_Preload
SCRIPT       : DZ_Expansion_P2PMarket_Preload
SCRIPT       : DZ_Expansion_PersonalStorage_Preload
SCRIPT       : DZ_Expansion_Preload
SCRIPT       : DZ_Expansion_Quests_Preload
SCRIPT       : DZ_Expansion_SpawnSelection_Preload
SCRIPT       : DZ_Expansion_Vehicles_Preload
SCRIPT       : DZ_Expansion_Weapons_Preload
SCRIPT       : DZ_DabsFramework
SCRIPT       : DZ_Expansion_DefineTest
SCRIPT       : DZ_Expansion_MapAssets
SCRIPT       : bliss
SCRIPT       : GameLabs
SCRIPT       : JM_CommunityFramework
SCRIPT       : JM_CommunityOnlineTools
SCRIPT       : UndergroundBases
SCRIPT       : DZ_Editor_Loader
SCRIPT       : DZ_Expansion_ModStorage
SCRIPT       : SyberiaScripts
SCRIPT       : SyberiaServer
SCRIPT       : DZ_Expansion_Core
SCRIPT       : DZ_Expansion_Garage
SCRIPT       : DZ_Expansion_Groups
SCRIPT       : DZ_Expansion_Market
SCRIPT       : DZ_Expansion_Missions
SCRIPT       : DZ_Expansion_NameTags
SCRIPT       : DZ_Expansion_Navigation
SCRIPT       : DZ_Expansion_NotificationScheduler
SCRIPT       : DZ_Expansion_P2PMarket
SCRIPT       : DZ_Expansion_PersonalStorage
SCRIPT       : DZ_Expansion_PersonalStorageNew
SCRIPT       : DZ_Expansion_PlayerList
SCRIPT       : DZ_Expansion
SCRIPT       : DZ_Expansion_SpawnSelection
SCRIPT       : DZ_Expansion_VanillaFixes
SCRIPT       : DZ_Expansion_Vehicles
SCRIPT       : DZ_Expansion_Weapons
SCRIPT       : DZ_Expansion_AI
SCRIPT       : DZ_Expansion_BaseBuilding
SCRIPT       : DZ_Expansion_Book
SCRIPT       : DZ_Expansion_Chat
SCRIPT       : DZ_Expansion_Hardline
SCRIPT       : DZ_Expansion_Quests
SCRIPT       : DZ_Expansion_VirtualContainerStorage
SCRIPT       : [UndergroundBase] OnInit
SCRIPT       : [UndergroundBase] Config Init
SCRIPT       : 10:09:48.781 [EXPANSION DEBUG]: ModStorage v5
SCRIPT       : [SYBERIA SERVER] Syberia server mission initialized
SCRIPT       : [ExpansionQuestPersistentServerData] Load existing configuration file:$profile:ExpansionMod\Quests\PersistentServerData.json
SCRIPT       : [ExpansionQuestPersistentServerData] Load existing configuration file:$profile:ExpansionMod\Quests\PersistentServerData.json
SCRIPT       : [ExpansionQuestObjectiveTravelConfig] Load existing configuration file:$profile:ExpansionMod\Quests\Objectives\Travel\Objective_T_1.json
SCRIPT       : [ExpansionQuestObjectiveTravelConfig] Load existing configuration file:$profile:ExpansionMod\Quests\Objectives\Travel\Objective_T_2.json
SCRIPT       : [ExpansionQuestObjectiveTravelConfig] Load existing configuration file:$profile:ExpansionMod\Quests\Objectives\Travel\Objective_T_3.json
SCRIPT       : [ExpansionQuestObjectiveTravelConfig] Load existing configuration file:$profile:ExpansionMod\Quests\Objectives\Travel\Objective_T_4.json
SCRIPT       : [ExpansionQuestObjectiveTravelConfig] Load existing configuration file:$profile:ExpansionMod\Quests\Objectives\Travel\Objective_T_5.json
SCRIPT       : [ExpansionQuestObjectiveTravelConfig] Load existing configuration file:$profile:ExpansionMod\Quests\Objectives\Travel\Objective_T_6.json
SCRIPT       : [ExpansionQuestObjectiveTravelConfig] Load existing configuration file:$profile:ExpansionMod\Quests\Objectives\Travel\Objective_T_7.json
SCRIPT       : [ExpansionQuestObjectiveTargetConfig] Load existing configuration file:$profile:ExpansionMod\Quests\Objectives\Target\Objective_TA_1.json
SCRIPT       : [ExpansionQuestObjectiveTargetConfig] Load existing configuration file:$profile:ExpansionMod\Quests\Objectives\Target\Objective_TA_2.json
SCRIPT       : [ExpansionQuestObjectiveTargetConfig] Load existing configuration file:$profile:ExpansionMod\Quests\Objectives\Target\Objective_TA_3.json
SCRIPT       : [ExpansionQuestObjectiveTargetConfig] Load existing configuration file:$profile:ExpansionMod\Quests\Objectives\Target\Objective_TA_4.json
SCRIPT       : [ExpansionQuestObjectiveDeliveryConfig] Load existing configuration file:$profile:ExpansionMod\Quests\Objectives\Delivery\Objective_D_1.json
SCRIPT       : [ExpansionQuestObjectiveDeliveryConfig] Load existing configuration file:$profile:ExpansionMod\Quests\Objectives\Delivery\Objective_D_2.json
SCRIPT       : [ExpansionQuestObjectiveCollectionConfig] Load existing configuration file:$profile:ExpansionMod\Quests\Objectives\Collection\Objective_C_1.json
SCRIPT       : [ExpansionQuestObjectiveCollectionConfig] Load existing configuration file:$profile:ExpansionMod\Quests\Objectives\Collection\Objective_C_2.json
SCRIPT       : [ExpansionQuestObjectiveCollectionConfig] Load existing configuration file:$profile:ExpansionMod\Quests\Objectives\Collection\Objective_C_3.json
SCRIPT       : [ExpansionQuestObjectiveTreasureHuntConfig] Load existing configuration file:$profile:ExpansionMod\Quests\Objectives\TreasureHunt\Objective_TH_1.json
SCRIPT       : [ExpansionQuestObjectiveActionConfig] Load existing configuration file:$profile:ExpansionMod\Quests\Objectives\Action\Objective_A_1.json
SCRIPT       : [ExpansionQuestObjectiveActionConfig] Load existing configuration file:$profile:ExpansionMod\Quests\Objectives\Action\Objective_A_2.json
SCRIPT       : [ExpansionQuestObjectiveCraftingConfig] Load existing configuration file:$profile:ExpansionMod\Quests\Objectives\Crafting\Objective_CR_1.json
SCRIPT       : [ExpansionQuestObjectiveAIPatrolConfig] Load existing configuration file:$profile:ExpansionMod\Quests\Objectives\AIPatrol\Objective_AIP_1.json
SCRIPT       : [ExpansionQuestObjectiveAICampConfig] Load existing configuration file:$profile:ExpansionMod\Quests\Objectives\AICamp\Objective_AIC_1.json
SCRIPT       : [ExpansionQuestObjectiveAIEscortConfig] Load existing configuration file:$profile:ExpansionMod\Quests\Objectives\AIVIP\Objective_AIESCORT_1.json
SCRIPT       : [ExpansionQuestNPCData] Load existing configuration file:QuestNPC_1.json
SCRIPT       : [ExpansionQuestNPCData] Load existing configuration file:QuestNPC_2.json
SCRIPT       : [ExpansionQuestNPCData] Load existing configuration file:QuestNPC_3.json
SCRIPT       : [EditorLoader] No files found, exiting
SCRIPT       : [SYBERIA SERVER] SYBSTATS mark dirty for player SurvivorBase<73746090> with debug index 32
SCRIPT       : [SYBERIA SERVER] Trader 0 successfully initialized.
SCRIPT       : ExpansionMarketItem marketItem = ExpansionMarketItem<7359b350>
SCRIPT       : int worth =   1
SCRIPT       : Found 0 zones!
SCRIPT       : [SYBERIA SERVER] Send SYBRPC_RESPAWN_SCREEN_OPEN RPC.
SCRIPT       : [EditorLoader] Sent Deleted objects in 0s
SCRIPT       : 10:11:37.632 [EXPANSION DEBUG]: ExpansionQuestModule<e0398ad0> Sending 24 quest configs to client with UID: mBNlxASsPlOcry0dpDl8K-WgHNR5WMCMmoJ9NhpU4FY=
SCRIPT       : 10:11:37.632 [EXPANSION DEBUG]: ExpansionQuestModule<e0398ad0> Sending player quest data for 4 quests to player with UID: mBNlxASsPlOcry0dpDl8K-WgHNR5WMCMmoJ9NhpU4FY=
SCRIPT       : [SYBERIA SERVER] SYBRPC_RESPAWN_REQUEST Received from PlayerIdentity<b17bf1b0>
SCRIPT       : 10:11:44.222 [EXTRACE] +ExpansionKillFeedModule<9c079040>::OnPlayerKilled SurvivorBase<36912fe0> SurvivorBase<36912fe0>
SCRIPT       : 10:11:44.222 [EXTRACE] -ExpansionKillFeedModule<9c079040>::OnPlayerKilled SurvivorBase<36912fe0> SurvivorBase<36912fe0> 0.3466 ms
SCRIPT       : [SYBERIA SERVER] Send SYBRPC_EQUIP_SCREEN_OPEN RPC.
SCRIPT       : [SYBERIA SERVER] SYBRPC_STARTGAME_REQUEST Received from PlayerIdentity<b17bf1b0>
SCRIPT       : 10:12:04.687 [EXTRACE] +ExpansionKillFeedModule<9c079040>::OnPlayerKilled SurvivorBase<36912fe0> SurvivorBase<36912fe0>
SCRIPT       : 10:12:04.687 [EXTRACE] -ExpansionKillFeedModule<9c079040>::OnPlayerKilled SurvivorBase<36912fe0> SurvivorBase<36912fe0> 0.317 ms
SCRIPT       : [SYBERIA SERVER] PLAYER Admin Bunker (mBNlxASsPlOcry0dpDl8K-WgHNR5WMCMmoJ9NhpU4FY=) ENTER TO ZONE 0; ACTIVE ZONES COUNT 1
SCRIPT       : [Logout]: New player mBNlxASsPlOcry0dpDl8K-WgHNR5WMCMmoJ9NhpU4FY= with logout time 15
SCRIPT       : 10:13:57.714 [EXPANSION DEBUG]: ExpansionQuestPersistentData<e95d82d0>~ExpansionQuestPersistentData (4)
SCRIPT       : [Logout]: Player mBNlxASsPlOcry0dpDl8K-WgHNR5WMCMmoJ9NhpU4FY= finished
SCRIPT       : 10:15:00.632 [EXPANSION DEBUG]: [ExpansionMissionEventAirdrop] Adjusted container weights:
SCRIPT       : 10:15:00.632 [EXPANSION DEBUG]: ExpansionAirdropContainer 66
SCRIPT       : 10:15:00.632 [EXPANSION DEBUG]: ExpansionAirdropContainer_Medical 71
SCRIPT       : 10:15:00.632 [EXPANSION DEBUG]: ExpansionAirdropContainer_Basebuilding 76
SCRIPT       : 10:15:00.632 [EXPANSION DEBUG]: ExpansionAirdropContainer_Military 81
SCRIPT       : 10:15:00.632 [EXPANSION DEBUG]: ExpansionAirdropPlane::GetSpawnPoint - drop position <9976.000000, 0.000000, 11000.000000> - map is enoch - size 12800 - center <7100.000000, 300.000000, 7750.000000>
SCRIPT       : 10:15:00.632 [EXPANSION DEBUG]: ExpansionAirdropPlane::GetSpawnPoint - selected spawn point <2894.430420, 885.988525, 0.000000>
SCRIPT       : 10:23:42.785 [EXPANSION DEBUG]: ExpansionLootSpawner::Spawn - WARNING: Couldn't spawn CharcoalTablets on FirstAidKit<d9a451a0>
SCRIPT       : 10:23:42.785 [EXPANSION DEBUG]: ExpansionLootSpawner::Spawn - WARNING: Couldn't spawn PainkillerTablets on FirstAidKit<d9a43070>
SCRIPT       : 10:23:42.785 [EXPANSION DEBUG]: ExpansionLootSpawner::Spawn - WARNING: Couldn't spawn Morphine on FirstAidKit<d9a4ec80>
SCRIPT       : 10:23:42.785 [EXPANSION DEBUG]: ExpansionLootSpawner::Spawn - WARNING: Couldn't spawn PainkillerTablets on ExpansionAirdropContainerBase<cf8edd80>
SCRIPT       : 10:23:42.785 [EXPANSION DEBUG]: ExpansionLootSpawner::Spawn - WARNING: Couldn't spawn CharcoalTablets on FirstAidKit<d9a4c040>
SCRIPT       : 10:23:42.785 [EXPANSION DEBUG]: ExpansionLootSpawner::Spawn - WARNING: Couldn't spawn Morphine on FirstAidKit<d9a4c040>
SCRIPT       : 10:23:42.785 [EXPANSION DEBUG]: ExpansionLootSpawner::Spawn - WARNING: Couldn't spawn TetracyclineAntiBiotics on FirstAidKit<d9a4e170>
SCRIPT       : 10:23:42.785 [EXPANSION DEBUG]: ExpansionLootSpawner::Spawn - WARNING: Couldn't spawn PainkillerTablets on FirstAidKit<d9a523d0>
SCRIPT       : 10:23:42.789 [EXPANSION DEBUG]: ExpansionLootSpawner::Spawn - WARNING: Couldn't spawn PainkillerTablets on FirstAidKit<d9a54500>
SCRIPT       : 10:23:42.789 [EXPANSION DEBUG]: ExpansionLootSpawner::Spawn - WARNING: Couldn't spawn CharcoalTablets on FirstAidKit<d9a50db0>
SCRIPT       : 10:23:42.789 [EXPANSION DEBUG]: ExpansionLootSpawner::Spawn - WARNING: Couldn't spawn PainkillerTablets on FirstAidKit<d9a57c50>
SCRIPT       : 10:23:42.789 [EXPANSION DEBUG]: ExpansionLootSpawner::Spawn - WARNING: Couldn't spawn BandageDressing on FirstAidKit<d9a518c0>
SCRIPT       : 10:23:42.789 [EXPANSION LOG]: ExpansionAirdropContainerBase<cf8edd80> InitAirdrop - total weight (kg) 309.49 - nominal fall speed 4.52373 m/s, wind impact strength 0.149209
SCRIPT       : Clear up static fireplaces: 0
SCRIPT       : 10:35:20.195 [EXPANSION DEBUG]: Clearing cached categories 67
SCRIPT       : 10:35:20.199 [EXPANSION DEBUG]: Clearing cached traders 0
SCRIPT       : 10:35:20.246 [EXPANSION DEBUG]: ExpansionQuestPersistentData<e95d94f0>~ExpansionQuestPersistentData (0)
SCRIPT       : ~DayZGame()
