10:09:42 BattlEye Server: Initialized (v1.219, DayZ 1.23.157045)
10:09:42 SUCCESS: SteamGameServer_Init(0,8766,2602,27016,3,1.23.157045)
10:09:42 BattlEye Server: Config entry: RConPassword 4c73fb7edd3f805859e973c8879ae87e
10:09:42 BattlEye Server: Config entry: RConPort 2605
10:09:42 BattlEye Server: Config entry: RestrictRCon 0
10:09:42 Roles assigned.
10:09:42 Reading mission ...
10:09:50 [CE][Hive] :: Initializing OFFLINE
10:09:50 [StorageDirs] :: Selected storage directory: C:\Users\rylic\OneDrive\Documents\Livonia\servers\Production\mpmissions\dayzOffline.enoch\storage_1\
10:09:50 [CE][Hive] :: Loading core data ... 
10:09:50 [CE][CoreData] :: 7 root classes, 19 defaults, 0 updaters...
10:09:50 [CE][offlineDB] :: Conversion of characters started.
10:09:50 [CE][offlineDB] :: Processing 0 players.
10:09:50 [CE][offlineDB] :: Conversion of characters successfully completed.
10:09:53 [CE][TypeSetup] :: 527 classes setuped...
10:09:53 [CE][TypeSetup] :: 97 classes setuped...
10:09:54 [CE][RegisterBind] :: 0 classes binded...
10:09:54 [CE][RegisterConfig] :: 11582 config classes registered, 0 sub-counters...
10:09:54 [CE][Hive] :: Loading map data ... 
10:09:54 [CE][IgnoreList] "cfgignorelist.xml" :: loaded 19 types
10:09:54 [CE][LoadPrototype] :: loaded 445 prototypes
10:09:54   842 containers, 11087 points
10:09:54   83 dispatches, 324 proxies
10:09:54 !!! [CE][LoadPrototype] 4 groups have no points...
10:09:54 !!! [CE][LoadPrototype] 1 groups have wrong points...
10:09:54 [CE][LoadPrototype] :: last group name: StaticObj_Misc_SupplyBox3_DE...
10:09:54 [CE][LoadPrototype] :: loaded 0 prototypes
10:09:54   50 containers, 276 points
10:09:54   0 dispatches, 0 proxies
10:09:54 [CE][LoadPrototype] :: last group name: PathD_7100...
10:09:54 [CE][LoadMap] "Group" :: loaded 5753 groups, groups failed: 0, largest group range: 26.6
10:09:54 [CE][LoadMap] "Dirt" :: loaded 0 groups, groups failed: 0, largest group range: 26.6
10:09:54 [CE][LoadClusters] "Cluster" :: Loading files...
10:09:54 [CE][LoadClusters] :: file: "mapgroupcluster.xml", 4 types, 50000 instances
10:09:54 [CE][LoadClusters] :: file: "mapgroupcluster01", 4 types, 50000 instances
10:09:54 [CE][LoadClusters] :: file: "mapgroupcluster02", 4 types, 50000 instances
10:09:55 [CE][LoadClusters] :: file: "mapgroupcluster03", 4 types, 50000 instances
10:09:55 [CE][LoadClusters] :: file: "mapgroupcluster04", 4 types, 25015 instances
10:09:55 [CE][Storage] ver:0 stamp:0, valid:NO, name:"C:\Users\rylic\OneDrive\Documents\Livonia\servers\Production\mpmissions\dayzOffline.enoch\storage_1\data\types.bin"
10:09:55 [CE][Storage] ver:0 stamp:0, valid:NO, name:"C:\Users\rylic\OneDrive\Documents\Livonia\servers\Production\mpmissions\dayzOffline.enoch\storage_1\data\types.001"
10:09:55 [CE][Storage] ver:0 stamp:0, valid:NO, name:"C:\Users\rylic\OneDrive\Documents\Livonia\servers\Production\mpmissions\dayzOffline.enoch\storage_1\data\types.002"
10:09:55 !!! [CE][offlineDB] :: No Shutdown message present.
10:09:55 [CE][offlineDB] :: Loaded 43 dynamic events 235 total types.
10:09:55 !!! [CE][DE] (VehicleTruck01) :: Unable to create child (Truck_01_Covered_Grey) as the type does not exist.
10:09:55 [CE][offlineDB] :: Loaded 52 dynamic events 292 total types.
10:09:55 !!! [CE][offlineDB] :: Type 'AntiChemInjector' will be ignored. (Not spawnable. (Scope is not public?))
10:09:55 !!! [CE][offlineDB] :: Type 'CharcoalTablets' will be ignored. (Not spawnable. (Scope is not public?))
10:09:55 !!! [CE][offlineDB] :: Type 'ChristmasTree_Green' will be ignored. (Not spawnable. (Scope is not public?))
10:09:55 !!! [CE][offlineDB] :: Type 'Epinephrine' will be ignored. (Not spawnable. (Scope is not public?))
10:09:55 !!! [CE][offlineDB] :: Type 'Morphine' will be ignored. (Not spawnable. (Scope is not public?))
10:09:55 !!! [CE][offlineDB] :: Type 'PainkillerTablets' will be ignored. (Not spawnable. (Scope is not public?))
10:09:55 !!! [CE][offlineDB] :: Type 'TetracyclineAntibiotics' will be ignored. (Not spawnable. (Scope is not public?))
10:09:55 !!! [CE][offlineDB] :: Type 'WitchHood_Chainmail_Black' will be ignored. (Type does not exist. (Typo?))
10:09:55 !!! [CE][offlineDB] :: Type 'WitchHood_Chainmail_Brown' will be ignored. (Type does not exist. (Typo?))
10:09:55 !!! [CE][offlineDB] :: Type 'WitchHood_Chainmail_Red' will be ignored. (Type does not exist. (Typo?))
10:09:55 !!! [CE][offlineDB] :: Type 'Expansion_M79' will be ignored. (Not spawnable. (Scope is not public?))
10:09:55 !!! [CE][offlineDB] :: Type 'ExpansionFlaregun' will be ignored. (Not spawnable. (Scope is not public?))
10:09:55 !!! [CE][offlineDB] :: Type 'Expansion_Longhorn' will be ignored. (Not spawnable. (Scope is not public?))
10:09:55 !!! [CE] :: Unknown usage: 'Historical'.
10:09:55 !!! [CE][DE][SPAWNS] :: [WARNING] :: Skipping entry for non-existing event 'VehicleTransitBus'.
10:09:55 [CE][DE][SPAWNS] :: Total positions: 529
10:09:55 [CE][DE][GROUPS] :: Total eventgroups defined: 61, Eventgroups in use: 61
10:09:55 [CE][Storage] ver:0 stamp:0, valid:NO, name:"C:\Users\rylic\OneDrive\Documents\Livonia\servers\Production\mpmissions\dayzOffline.enoch\storage_1\data\events.bin"
10:09:55 [CE][Storage] ver:0 stamp:0, valid:NO, name:"C:\Users\rylic\OneDrive\Documents\Livonia\servers\Production\mpmissions\dayzOffline.enoch\storage_1\data\events.001"
10:09:55 [CE][Storage] ver:0 stamp:0, valid:NO, name:"C:\Users\rylic\OneDrive\Documents\Livonia\servers\Production\mpmissions\dayzOffline.enoch\storage_1\data\events.002"
10:09:55 [CE][Storage] ver:0 stamp:0, valid:NO, name:"C:\Users\rylic\OneDrive\Documents\Livonia\servers\Production\mpmissions\dayzOffline.enoch\storage_1\data\dynamic_000.bin"
10:09:55 [CE][Storage] ver:0 stamp:0, valid:NO, name:"C:\Users\rylic\OneDrive\Documents\Livonia\servers\Production\mpmissions\dayzOffline.enoch\storage_1\data\dynamic_000.001"
10:09:55 [CE][Storage] ver:0 stamp:0, valid:NO, name:"C:\Users\rylic\OneDrive\Documents\Livonia\servers\Production\mpmissions\dayzOffline.enoch\storage_1\data\dynamic_000.002"
10:09:55 [CE][Storage] ver:0 stamp:0, valid:NO, name:"C:\Users\rylic\OneDrive\Documents\Livonia\servers\Production\mpmissions\dayzOffline.enoch\storage_1\data\dynamic_001.bin"
10:09:55 [CE][Storage] ver:0 stamp:0, valid:NO, name:"C:\Users\rylic\OneDrive\Documents\Livonia\servers\Production\mpmissions\dayzOffline.enoch\storage_1\data\dynamic_001.001"
10:09:55 [CE][Storage] ver:0 stamp:0, valid:NO, name:"C:\Users\rylic\OneDrive\Documents\Livonia\servers\Production\mpmissions\dayzOffline.enoch\storage_1\data\dynamic_001.002"
10:09:55 [CE][Storage] ver:0 stamp:0, valid:NO, name:"C:\Users\rylic\OneDrive\Documents\Livonia\servers\Production\mpmissions\dayzOffline.enoch\storage_1\data\dynamic_002.bin"
10:09:55 [CE][Storage] ver:0 stamp:0, valid:NO, name:"C:\Users\rylic\OneDrive\Documents\Livonia\servers\Production\mpmissions\dayzOffline.enoch\storage_1\data\dynamic_002.001"
10:09:55 [CE][Storage] ver:0 stamp:0, valid:NO, name:"C:\Users\rylic\OneDrive\Documents\Livonia\servers\Production\mpmissions\dayzOffline.enoch\storage_1\data\dynamic_002.002"
10:09:55 [CE][Storage] ver:0 stamp:0, valid:NO, name:"C:\Users\rylic\OneDrive\Documents\Livonia\servers\Production\mpmissions\dayzOffline.enoch\storage_1\data\dynamic_003.bin"
10:09:55 [CE][Storage] ver:0 stamp:0, valid:NO, name:"C:\Users\rylic\OneDrive\Documents\Livonia\servers\Production\mpmissions\dayzOffline.enoch\storage_1\data\dynamic_003.001"
10:09:55 [CE][Storage] ver:0 stamp:0, valid:NO, name:"C:\Users\rylic\OneDrive\Documents\Livonia\servers\Production\mpmissions\dayzOffline.enoch\storage_1\data\dynamic_003.002"
10:09:55 [CE][Storage] ver:0 stamp:0, valid:NO, name:"C:\Users\rylic\OneDrive\Documents\Livonia\servers\Production\mpmissions\dayzOffline.enoch\storage_1\data\dynamic_004.bin"
10:09:55 [CE][Storage] ver:0 stamp:0, valid:NO, name:"C:\Users\rylic\OneDrive\Documents\Livonia\servers\Production\mpmissions\dayzOffline.enoch\storage_1\data\dynamic_004.001"
10:09:55 [CE][Storage] ver:0 stamp:0, valid:NO, name:"C:\Users\rylic\OneDrive\Documents\Livonia\servers\Production\mpmissions\dayzOffline.enoch\storage_1\data\dynamic_004.002"
10:09:55 [CE][Storage] ver:0 stamp:0, valid:NO, name:"C:\Users\rylic\OneDrive\Documents\Livonia\servers\Production\mpmissions\dayzOffline.enoch\storage_1\data\dynamic_005.bin"
10:09:55 [CE][Storage] ver:0 stamp:0, valid:NO, name:"C:\Users\rylic\OneDrive\Documents\Livonia\servers\Production\mpmissions\dayzOffline.enoch\storage_1\data\dynamic_005.001"
10:09:55 [CE][Storage] ver:0 stamp:0, valid:NO, name:"C:\Users\rylic\OneDrive\Documents\Livonia\servers\Production\mpmissions\dayzOffline.enoch\storage_1\data\dynamic_005.002"
10:09:55 [CE][Storage] ver:0 stamp:0, valid:NO, name:"C:\Users\rylic\OneDrive\Documents\Livonia\servers\Production\mpmissions\dayzOffline.enoch\storage_1\data\dynamic_006.bin"
10:09:55 [CE][Storage] ver:0 stamp:0, valid:NO, name:"C:\Users\rylic\OneDrive\Documents\Livonia\servers\Production\mpmissions\dayzOffline.enoch\storage_1\data\dynamic_006.001"
10:09:55 [CE][Storage] ver:0 stamp:0, valid:NO, name:"C:\Users\rylic\OneDrive\Documents\Livonia\servers\Production\mpmissions\dayzOffline.enoch\storage_1\data\dynamic_006.002"
10:09:55 [CE][Storage] ver:0 stamp:0, valid:NO, name:"C:\Users\rylic\OneDrive\Documents\Livonia\servers\Production\mpmissions\dayzOffline.enoch\storage_1\data\dynamic_007.bin"
10:09:55 [CE][Storage] ver:0 stamp:0, valid:NO, name:"C:\Users\rylic\OneDrive\Documents\Livonia\servers\Production\mpmissions\dayzOffline.enoch\storage_1\data\dynamic_007.001"
10:09:55 [CE][Storage] ver:0 stamp:0, valid:NO, name:"C:\Users\rylic\OneDrive\Documents\Livonia\servers\Production\mpmissions\dayzOffline.enoch\storage_1\data\dynamic_007.002"
10:09:55 [CE][Storage] ver:0 stamp:0, valid:NO, name:"C:\Users\rylic\OneDrive\Documents\Livonia\servers\Production\mpmissions\dayzOffline.enoch\storage_1\data\dynamic_008.bin"
10:09:55 [CE][Storage] ver:0 stamp:0, valid:NO, name:"C:\Users\rylic\OneDrive\Documents\Livonia\servers\Production\mpmissions\dayzOffline.enoch\storage_1\data\dynamic_008.001"
10:09:55 [CE][Storage] ver:0 stamp:0, valid:NO, name:"C:\Users\rylic\OneDrive\Documents\Livonia\servers\Production\mpmissions\dayzOffline.enoch\storage_1\data\dynamic_008.002"
10:09:55 [CE][Storage] ver:0 stamp:0, valid:NO, name:"C:\Users\rylic\OneDrive\Documents\Livonia\servers\Production\mpmissions\dayzOffline.enoch\storage_1\data\dynamic_009.bin"
10:09:55 [CE][Storage] ver:0 stamp:0, valid:NO, name:"C:\Users\rylic\OneDrive\Documents\Livonia\servers\Production\mpmissions\dayzOffline.enoch\storage_1\data\dynamic_009.001"
10:09:55 [CE][Storage] ver:0 stamp:0, valid:NO, name:"C:\Users\rylic\OneDrive\Documents\Livonia\servers\Production\mpmissions\dayzOffline.enoch\storage_1\data\dynamic_009.002"
10:09:55 [CE][Storage] ver:0 stamp:0, valid:NO, name:"C:\Users\rylic\OneDrive\Documents\Livonia\servers\Production\mpmissions\dayzOffline.enoch\storage_1\data\dynamic_010.bin"
10:09:55 [CE][Storage] ver:0 stamp:0, valid:NO, name:"C:\Users\rylic\OneDrive\Documents\Livonia\servers\Production\mpmissions\dayzOffline.enoch\storage_1\data\dynamic_010.001"
10:09:55 [CE][Storage] ver:0 stamp:0, valid:NO, name:"C:\Users\rylic\OneDrive\Documents\Livonia\servers\Production\mpmissions\dayzOffline.enoch\storage_1\data\dynamic_010.002"
10:09:55 [CE][Storage] ver:0 stamp:0, valid:NO, name:"C:\Users\rylic\OneDrive\Documents\Livonia\servers\Production\mpmissions\dayzOffline.enoch\storage_1\data\dynamic_011.bin"
10:09:55 [CE][Storage] ver:0 stamp:0, valid:NO, name:"C:\Users\rylic\OneDrive\Documents\Livonia\servers\Production\mpmissions\dayzOffline.enoch\storage_1\data\dynamic_011.001"
10:09:55 [CE][Storage] ver:0 stamp:0, valid:NO, name:"C:\Users\rylic\OneDrive\Documents\Livonia\servers\Production\mpmissions\dayzOffline.enoch\storage_1\data\dynamic_011.002"
10:09:55 [CE][Storage] ver:0 stamp:0, valid:NO, name:"C:\Users\rylic\OneDrive\Documents\Livonia\servers\Production\mpmissions\dayzOffline.enoch\storage_1\data\building.bin"
10:09:55 [CE][Storage] ver:0 stamp:0, valid:NO, name:"C:\Users\rylic\OneDrive\Documents\Livonia\servers\Production\mpmissions\dayzOffline.enoch\storage_1\data\building.001"
10:09:55 [CE][Storage] ver:0 stamp:0, valid:NO, name:"C:\Users\rylic\OneDrive\Documents\Livonia\servers\Production\mpmissions\dayzOffline.enoch\storage_1\data\building.002"
10:09:55 [CE][Storage] ver:0 stamp:0, valid:NO, name:"C:\Users\rylic\OneDrive\Documents\Livonia\servers\Production\mpmissions\dayzOffline.enoch\storage_1\data\vehicles.bin"
10:09:55 [CE][Storage] ver:0 stamp:0, valid:NO, name:"C:\Users\rylic\OneDrive\Documents\Livonia\servers\Production\mpmissions\dayzOffline.enoch\storage_1\data\vehicles.001"
10:09:55 [CE][Storage] ver:0 stamp:0, valid:NO, name:"C:\Users\rylic\OneDrive\Documents\Livonia\servers\Production\mpmissions\dayzOffline.enoch\storage_1\data\vehicles.002"
10:09:55 [CE][Hive] :: Empty storage folder, reinitializing ... 
10:09:55 [CE][Hive] :: Initializing ... 
10:09:55 [CE][InitializeMap] :: initialized: 0
10:09:55 [CE][Hive] :: Initializing spawners ... 
10:09:55 !!! [CE][DE] DynamicEvent "InfectedNBCYellow" has no children defined, at least one is required for this type of event.
10:09:55 !!!!!! [CE][DE] DynamicEvent "InfectedNBCYellow" setup is invalid, event will be disabled.
10:09:55 [CE][LootRespawner] (PRIDummy) :: Item [0] causing search overtime: "Truck_01_Door_1_1_GreenRust"
10:09:55 [CE][LootRespawner] (PRIDummy) :: Item [1] causing search overtime: "Truck_01_Door_1_1_GreenRust"
10:09:55 [CE][LootRespawner] (PRIDummy) :: Item [2] causing search overtime: "Truck_01_Door_1_1_GreenRust"
10:09:55 [CE][LootRespawner] (PRIDummy) :: Item [3] causing search overtime: "Truck_01_Door_1_1_GreenRust"
10:09:55 [CE][LootRespawner] (PRIDummy) :: Item [4] causing search overtime: "Truck_01_Door_1_1_GreenRust"
10:09:55 [CE][LootRespawner] (PRIDummy) :: Item [5] causing search overtime: "Truck_01_Door_1_1_GreenRust"
10:09:55 [CE][LootRespawner] (PRIDummy) :: Item [6] causing search overtime: "Truck_01_Door_1_1_GreenRust"
10:09:55 [CE][LootRespawner] (PRIDummy) :: Item [7] causing search overtime: "Truck_01_Door_1_1_GreenRust"
10:09:55 [CE][LootRespawner] (PRIDummy) :: Item [8] causing search overtime: "Truck_01_Door_1_1_GreenRust"
10:09:55 [CE][LootRespawner] (PRIDummy) :: Item [9] causing search overtime: "CivSedanTrunk_WineRust"
10:09:55 [CE][LootRespawner] (PRIDummy) :: Item [10] causing search overtime: "CivSedanTrunk_WineRust"
10:09:55 [CE][LootRespawner] (PRIDummy) :: Item [11] causing search overtime: "CivSedanTrunk_WineRust"
10:09:55 [CE][LootRespawner] (PRIDummy) :: Item [12] causing search overtime: "CivSedanTrunk_WineRust"
10:09:55 [CE][LootRespawner] (PRIDummy) :: Item [13] causing search overtime: "CivSedanTrunk_WineRust"
10:09:55 [CE][LootRespawner] (PRIDummy) :: Item [14] causing search overtime: "CivSedanTrunk_WineRust"
10:09:55 [CE][LootRespawner] (PRIDummy) :: Item [15] causing search overtime: "CivSedanTrunk_WineRust"
10:09:55 [CE][LootRespawner] (PRIDummy) :: Item [16] causing search overtime: "CivSedanTrunk_WineRust"
10:09:55 [CE][LootRespawner] (PRIDummy) :: Item [17] causing search overtime: "CivSedanTrunk_WineRust"
10:09:55 [CE][LootRespawner] (PRIDummy) :: Item [18] causing search overtime: "Sedan_02_Door_2_1_GreyRust"
10:09:55 [CE][LootRespawner] (PRIDummy) :: Item [19] causing search overtime: "Sedan_02_Door_2_1_GreyRust"
10:09:55 !!! [CE][Point] Removing 610.545593, 1144.913940 from Land_Wreck_truck01_aban1_green
10:09:55 !!! [CE][Point] Removing 599.014771, 1143.951904 from Land_Wreck_truck01_aban2_green
10:09:55 !!! [CE][Point] Removing 614.292786, 1148.432373 from Land_Wreck_truck01_aban1_green
10:09:55 !!! [CE][Point] Removing 707.855896, 1184.662598 from Land_Wreck_truck01_aban1_green
10:09:56 !!! [CE][Point] Removing 705.516479, 1182.057739 from Land_Wreck_truck01_aban1_green
10:09:56 !!! [CE][Point] Removing 611.490173, 1147.956665 from Land_Wreck_truck01_aban1_green
10:09:56 !!! [CE][Point] Removing 597.063293, 1141.367554 from Land_Wreck_truck01_aban2_green
10:09:56 !!! [CE][Point] Removing 596.386841, 1144.632446 from Land_Wreck_truck01_aban2_green
10:09:56 [CE][LootRespawner] (PRIDummy) :: Item [0] is hard to place, performance drops: "GasMask_Filter"
10:09:56 !!! [CE][Point] Removing 706.733337, 1181.260254 from Land_Wreck_truck01_aban1_green
10:09:56 !!! [CE][Point] Removing 704.672974, 1183.113647 from Land_Wreck_truck01_aban1_green
10:09:56 [CE][LootRespawner] (PRIDummy) :: Item [1] is hard to place, performance drops: "M9A1_Bayonet"
10:09:56 [CE][LootRespawner] (PRIDummy) :: Item [2] is hard to place, performance drops: "ParamedicJacket_Green"
10:09:56 [CE][LootRespawner] (PRIDummy) :: Item [3] is hard to place, performance drops: "ParamedicJacket_Green"
10:09:56 !!! [CE][Point] Removing 711.076477, 1184.009399 from Land_Wreck_truck01_aban1_green
10:09:56 [CE][LootRespawner] (PRIDummy) :: Item [4] is hard to place, performance drops: "PressVest_LightBlue"
10:09:56 [CE][LootRespawner] (PRIDummy) :: Item [5] is hard to place, performance drops: "PressVest_LightBlue"
10:09:56 [CE][LootRespawner] (PRIDummy) :: Item [6] is hard to place, performance drops: "PressVest_LightBlue"
10:09:56 [CE][LootRespawner] (PRIDummy) :: Item [7] is hard to place, performance drops: "NurseDress_White"
10:09:56 [CE][LootRespawner] (PRIDummy) :: Item [8] is hard to place, performance drops: "NurseDress_White"
10:09:56 [CE][LootRespawner] (PRIDummy) :: Item [9] is hard to place, performance drops: "NurseDress_White"
10:09:56 [CE][LootRespawner] (PRIDummy) :: Item [10] is hard to place, performance drops: "NurseDress_White"
10:09:56 [CE][LootRespawner] (PRIDummy) :: Item [11] is hard to place, performance drops: "NurseDress_White"
10:09:57 [CE][LootRespawner] (PRIDummy) :: Item [12] is hard to place, performance drops: "DisinfectantSpray"
10:09:57 [CE][LootRespawner] (PRIDummy) :: Item [13] is hard to place, performance drops: "Saiga"
10:09:57 [CE][LootRespawner] (PRIDummy) :: Item [14] is hard to place, performance drops: "AviatorGlasses"
10:09:57 [CE][LootRespawner] (PRIDummy) :: Item [15] is hard to place, performance drops: "LabCoat"
10:09:57 [CE][LootRespawner] (PRIDummy) :: Item [16] is hard to place, performance drops: "LabCoat"
10:09:57 [CE][LootRespawner] (PRIDummy) :: Item [17] is hard to place, performance drops: "LabCoat"
10:09:57 [CE][LootRespawner] (PRIDummy) :: Item [18] is hard to place, performance drops: "LabCoat"
10:09:57 [CE][LootRespawner] (PRIDummy) :: Item [19] is hard to place, performance drops: "LabCoat"
10:09:59 [CE][LootRespawner] (PRIDummy) :: Initially (re)spawned:16846, Nominal:17178, Total in Map: 15749 at 3 (sec)
10:09:59   tests:17072, repeats:41 fails:185, overtime:1541
10:09:59 [CE][VehicleRespawner] (PRIContaminatedArea) :: Initial random enabled for "StaticContaminatedArea" - Chosen nominal: 1
10:09:59 [CE][SpawnRandomLoot] (StaticHeliCrash) :: Type: Wreck_Mi8_Crashed, lootmin: 10, lootmax: 15, wanted: 13, deloot: 2, containermaxsum: 15
10:09:59 [CE][SpawnRandomLoot] (StaticHeliCrash) :: Type: Wreck_UH1Y, lootmin: 10, lootmax: 15, wanted: 14, deloot: 2, containermaxsum: 15
10:09:59 [CE][SpawnRandomLoot] (StaticHeliCrash) :: Type: Wreck_UH1Y, lootmin: 10, lootmax: 15, wanted: 11, deloot: 2, containermaxsum: 15
10:09:59 [CE][SpawnRandomLoot] (StaticMilitaryConvoy) :: Type: Land_wreck_truck01_aban2_green_DE, lootmin: 2, lootmax: 3, wanted: 2, deloot: 1, containermaxsum: 3
10:09:59 [CE][SpawnRandomLoot] (StaticMilitaryConvoy) :: Type: Land_Wreck_offroad02_aban2_DE, lootmin: 2, lootmax: 2, wanted: 2, deloot: 1, containermaxsum: 3
10:09:59 [CE][SpawnRandomLoot] (StaticMilitaryConvoy) :: Type: StaticObj_Wreck_T72_Chassis_DE, lootmin: 2, lootmax: 4, wanted: 3, deloot: 1, containermaxsum: 4
10:09:59 [CE][SpawnRandomLoot] (StaticMilitaryConvoy) :: Type: StaticObj_Wreck_BMP1_NoPlacement_DE, lootmin: 2, lootmax: 3, wanted: 2, deloot: 1, containermaxsum: 3
10:09:59 [CE][SpawnRandomLoot] (StaticMilitaryConvoy) :: Type: StaticObj_Wreck_Ural_DE, lootmin: 2, lootmax: 3, wanted: 2, deloot: 1, containermaxsum: 3
10:09:59 [CE][SpawnRandomLoot] (StaticMilitaryConvoy) :: Type: Land_wreck_truck01_aban1_green_DE, lootmin: 2, lootmax: 3, wanted: 2, deloot: 1, containermaxsum: 3
10:09:59 [CE][SpawnRandomLoot] (StaticMilitaryConvoy) :: Type: StaticObj_Wreck_BMP2_DE, lootmin: 2, lootmax: 3, wanted: 2, deloot: 1, containermaxsum: 3
10:09:59 [CE][SpawnRandomLoot] (StaticMilitaryConvoy) :: Type: StaticObj_Wreck_Uaz_DE, lootmin: 2, lootmax: 3, wanted: 2, deloot: 1, containermaxsum: 3
10:09:59 [CE][SpawnRandomLoot] (StaticMilitaryConvoy) :: Type: StaticObj_Wreck_BMP2_DE, lootmin: 2, lootmax: 3, wanted: 2, deloot: 1, containermaxsum: 3
10:09:59 [CE][SpawnRandomLoot] (StaticMilitaryConvoy) :: Type: StaticObj_Wreck_Ural_DE, lootmin: 2, lootmax: 3, wanted: 2, deloot: 1, containermaxsum: 3
10:09:59 [CE][SpawnRandomLoot] (StaticMilitaryConvoy) :: Type: StaticObj_Wreck_BMP2_DE, lootmin: 2, lootmax: 3, wanted: 2, deloot: 1, containermaxsum: 3
10:09:59 [CE][SpawnRandomLoot] (StaticMilitaryConvoy) :: Type: Land_wreck_truck01_aban2_green_DE, lootmin: 2, lootmax: 3, wanted: 2, deloot: 1, containermaxsum: 3
10:09:59 [CE][SpawnRandomLoot] (StaticMilitaryConvoy) :: Type: Land_Wreck_V3S_DE, lootmin: 2, lootmax: 3, wanted: 2, deloot: 1, containermaxsum: 3
10:09:59 [CE][SpawnRandomLoot] (StaticMilitaryConvoy) :: Type: StaticObj_Wreck_BMP2_DE, lootmin: 2, lootmax: 3, wanted: 2, deloot: 1, containermaxsum: 3
10:09:59 [CE][SpawnRandomLoot] (StaticMilitaryConvoy) :: Type: Land_wreck_truck01_aban1_green_DE, lootmin: 2, lootmax: 3, wanted: 2, deloot: 1, containermaxsum: 3
10:09:59 [CE][SpawnRandomLoot] (StaticMilitaryConvoy) :: Type: StaticObj_Wreck_Uaz_DE, lootmin: 2, lootmax: 3, wanted: 2, deloot: 1, containermaxsum: 3
10:09:59 [CE][SpawnRandomLoot] (StaticMilitaryConvoy) :: Type: StaticObj_Wreck_Ural_DE, lootmin: 2, lootmax: 3, wanted: 2, deloot: 1, containermaxsum: 3
10:09:59 [CE][SpawnRandomLoot] (StaticMilitaryConvoy) :: Type: Land_Wreck_offroad02_aban2_DE, lootmin: 2, lootmax: 2, wanted: 2, deloot: 1, containermaxsum: 3
10:09:59 [CE][SpawnRandomLoot] (StaticMilitaryConvoy) :: Type: StaticObj_Wreck_BMP2_DE, lootmin: 2, lootmax: 3, wanted: 2, deloot: 1, containermaxsum: 3
10:09:59 [CE][SpawnRandomLoot] (StaticPoliceSituation) :: Type: Land_Wreck_hb01_aban1_police_DE, lootmin: 2, lootmax: 4, wanted: 2, deloot: 1, containermaxsum: 4
10:09:59 [CE][SpawnRandomLoot] (StaticPoliceSituation) :: Type: Land_Wreck_hb01_aban1_police_DE, lootmin: 2, lootmax: 4, wanted: 3, deloot: 1, containermaxsum: 4
10:09:59 [CE][SpawnRandomLoot] (StaticPoliceSituation) :: Type: Land_Wreck_sed02_aban2_grey_DE, lootmin: 2, lootmax: 2, wanted: 2, deloot: 1, containermaxsum: 2
10:09:59 [CE][SpawnRandomLoot] (StaticPoliceSituation) :: Type: Land_Wreck_hb01_aban2_police_DE, lootmin: 2, lootmax: 4, wanted: 2, deloot: 1, containermaxsum: 4
10:09:59 [CE][SpawnRandomLoot] (StaticPoliceSituation) :: Type: Land_Wreck_truck01_aban1_orange_DE, lootmin: 2, lootmax: 2, wanted: 2, deloot: 1, containermaxsum: 3
10:09:59 [CE][SpawnRandomLoot] (StaticPoliceSituation) :: Type: Land_Wreck_hb01_aban1_police_DE, lootmin: 2, lootmax: 4, wanted: 2, deloot: 1, containermaxsum: 4
10:09:59 [CE][SpawnRandomLoot] (StaticPoliceSituation) :: Type: Land_Wreck_hb01_aban2_police_DE, lootmin: 2, lootmax: 4, wanted: 3, deloot: 1, containermaxsum: 4
10:09:59 [CE][SpawnRandomLoot] (StaticPoliceSituation) :: Type: Land_Wreck_Tractor_DE, lootmin: 2, lootmax: 2, wanted: 2, deloot: 1, containermaxsum: 4
10:09:59 [CE][SpawnRandomLoot] (StaticPoliceSituation) :: !!! No group configured for 'StaticObj_Wreck_Trailer_Flat_DE', failed to spawn loot
10:09:59 [CE][SpawnRandomLoot] (StaticPoliceSituation) :: Type: Land_Wreck_hb01_aban2_blue_DE, lootmin: 2, lootmax: 2, wanted: 2, deloot: 1, containermaxsum: 2
10:09:59 [CE][SpawnRandomLoot] (StaticPoliceSituation) :: Type: Land_Wreck_hb01_aban1_police_DE, lootmin: 2, lootmax: 4, wanted: 2, deloot: 1, containermaxsum: 4
10:09:59 [CE][SpawnRandomLoot] (StaticPoliceSituation) :: Type: Land_Wreck_sed01_aban2_wine_DE, lootmin: 2, lootmax: 2, wanted: 2, deloot: 1, containermaxsum: 2
10:09:59 [CE][SpawnRandomLoot] (StaticPoliceSituation) :: Type: Land_Wreck_hb01_aban1_police_DE, lootmin: 2, lootmax: 4, wanted: 2, deloot: 1, containermaxsum: 4
10:09:59 [CE][SpawnRandomLoot] (StaticPoliceSituation) :: Type: Land_Wreck_hb02_aban2_blue_DE, lootmin: 2, lootmax: 2, wanted: 2, deloot: 1, containermaxsum: 2
10:09:59 [CE][SpawnRandomLoot] (StaticPoliceSituation) :: Type: Land_Wreck_truck01_aban2_orange_DE, lootmin: 2, lootmax: 2, wanted: 2, deloot: 1, containermaxsum: 3
10:09:59 [CE][SpawnRandomLoot] (StaticPoliceSituation) :: Type: Land_Wreck_hb01_aban1_police_DE, lootmin: 2, lootmax: 4, wanted: 2, deloot: 1, containermaxsum: 4
10:09:59 [CE][SpawnRandomLoot] (StaticTrain) :: Type: StaticObj_Wreck_Train_742_Blue_DE, lootmin: 1, lootmax: 3, wanted: 2, deloot: 0, containermaxsum: 15
10:09:59 [CE][SpawnRandomLoot] (StaticTrain) :: Type: Land_Container_1Aoh_DE, lootmin: 3, lootmax: 5, wanted: 4, deloot: 0, containermaxsum: 15
10:09:59 [CE][SpawnRandomLoot] (StaticTrain) :: Type: StaticObj_Wreck_Train_Wagon_Tanker_DE, lootmin: 1, lootmax: 3, wanted: 1, deloot: 0, containermaxsum: 15
10:09:59 [CE][SpawnRandomLoot] (StaticTrain) :: Type: StaticObj_Wreck_Train_Wagon_Tanker_DE, lootmin: 1, lootmax: 3, wanted: 1, deloot: 0, containermaxsum: 15
10:09:59 [CE][SpawnRandomLoot] (StaticTrain) :: Type: StaticObj_Wreck_Train_Wagon_Tanker_DE, lootmin: 1, lootmax: 3, wanted: 1, deloot: 0, containermaxsum: 15
10:09:59 [CE][SpawnRandomLoot] (StaticTrain) :: Type: StaticObj_Wreck_Train_Wagon_Flat_DE, lootmin: 1, lootmax: 3, wanted: 2, deloot: 0, containermaxsum: 15
10:09:59 [CE][SpawnRandomLoot] (StaticTrain) :: Type: StaticObj_Train_Wagon_Flat_Industrial_Barrels_DE, lootmin: 1, lootmax: 3, wanted: 2, deloot: 0, containermaxsum: 15
10:09:59 [CE][SpawnRandomLoot] (StaticTrain) :: Type: StaticObj_Wreck_Train_Wagon_Flat_DE, lootmin: 1, lootmax: 3, wanted: 1, deloot: 0, containermaxsum: 15
10:09:59 [CE][SpawnRandomLoot] (StaticTrain) :: Type: StaticObj_Wreck_Train_Wagon_Flat_DE, lootmin: 1, lootmax: 3, wanted: 1, deloot: 0, containermaxsum: 15
10:09:59 [CE][SpawnRandomLoot] (StaticTrain) :: Type: StaticObj_Train_Wagon_Flat_Industrial_Planks_DE, lootmin: 1, lootmax: 3, wanted: 2, deloot: 0, containermaxsum: 15
10:09:59 [CE][SpawnRandomLoot] (StaticTrain) :: Type: Land_Container_1Aoh_DE, lootmin: 3, lootmax: 5, wanted: 4, deloot: 0, containermaxsum: 15
10:09:59 [CE][SpawnRandomLoot] (StaticTrain) :: Type: Land_Container_1Aoh_DE, lootmin: 3, lootmax: 5, wanted: 3, deloot: 0, containermaxsum: 15
10:09:59 [CE][SpawnRandomLoot] (StaticTrain) :: Type: Land_Container_1Bo_DE, lootmin: 2, lootmax: 4, wanted: 3, deloot: 0, containermaxsum: 15
10:09:59 [CE][SpawnRandomLoot] (StaticTrain) :: Type: Land_Container_1Bo_DE, lootmin: 2, lootmax: 4, wanted: 2, deloot: 0, containermaxsum: 15
10:09:59 [CE][SpawnRandomLoot] (StaticTrain) :: Type: StaticObj_Wreck_Train_742_Blue_DE, lootmin: 1, lootmax: 3, wanted: 2, deloot: 0, containermaxsum: 15
10:09:59 [CE][SpawnRandomLoot] (StaticTrain) :: Type: StaticObj_Wreck_Train_Wagon_Tanker_DE, lootmin: 1, lootmax: 3, wanted: 2, deloot: 0, containermaxsum: 15
10:09:59 [CE][SpawnRandomLoot] (StaticTrain) :: Type: StaticObj_Wreck_Train_Wagon_Tanker_DE, lootmin: 1, lootmax: 3, wanted: 2, deloot: 0, containermaxsum: 15
10:09:59 [CE][SpawnRandomLoot] (StaticTrain) :: Type: Land_Train_Wagon_Box_DE, lootmin: 2, lootmax: 3, wanted: 2, deloot: 0, containermaxsum: 15
10:09:59 [CE][SpawnRandomLoot] (StaticTrain) :: Type: Land_Train_Wagon_Box_DE, lootmin: 2, lootmax: 3, wanted: 2, deloot: 0, containermaxsum: 15
10:09:59 [CE][SpawnRandomLoot] (StaticTrain) :: Type: Land_Train_Wagon_Box_DE, lootmin: 2, lootmax: 3, wanted: 2, deloot: 0, containermaxsum: 15
10:09:59 [CE][SpawnRandomLoot] (StaticTrain) :: Type: Land_Train_Wagon_Box_DE, lootmin: 2, lootmax: 3, wanted: 2, deloot: 0, containermaxsum: 15
10:09:59 [CE][SpawnRandomLoot] (StaticTrain) :: Type: StaticObj_Wreck_Train_Wagon_Tanker_DE, lootmin: 1, lootmax: 3, wanted: 2, deloot: 0, containermaxsum: 15
10:09:59 [CE][DynEvent] :: 52 types
10:09:59 [00] AmbientHen
10:09:59   Primary Spawner: "Ambient", active: yes, repeat: 1
10:09:59 [01] AnimalBear
10:09:59   Primary Spawner: "Animal", active: yes, repeat: 1
10:09:59 [02] AnimalCow
10:09:59   Primary Spawner: "Animal", active: yes, repeat: 1
10:09:59 [03] AnimalDeer
10:09:59   Primary Spawner: "Animal", active: yes, repeat: 1
10:09:59 [04] AnimalGoat
10:09:59   Primary Spawner: "Animal", active: yes, repeat: 1
10:09:59 [05] AnimalPig
10:09:59   Primary Spawner: "Animal", active: yes, repeat: 1
10:09:59 [06] AnimalRoeDeer
10:09:59   Primary Spawner: "Animal", active: yes, repeat: 1
10:09:59 [07] AnimalSheep
10:09:59   Primary Spawner: "Animal", active: yes, repeat: 1
10:09:59 [08] AnimalWildBoar
10:09:59   Primary Spawner: "Animal", active: yes, repeat: 1
10:09:59 [09] AnimalWolf
10:09:59   Primary Spawner: "Animal", active: yes, repeat: 1
10:09:59 [10] InfectedArmy
10:09:59   Primary Spawner: "Infected", active: yes, repeat: 1
10:09:59 [11] InfectedArmyConvoy
10:09:59   Primary Spawner: "Infected", active: yes, repeat: 1
10:09:59 [12] InfectedArmyHard
10:09:59   Primary Spawner: "Infected", active: yes, repeat: 1
10:09:59 [13] InfectedCity
10:09:59   Primary Spawner: "Infected", active: yes, repeat: 1
10:09:59 [14] InfectedFirefighter
10:09:59   Primary Spawner: "Infected", active: yes, repeat: 1
10:09:59 [15] InfectedIndustrial
10:09:59   Primary Spawner: "Infected", active: yes, repeat: 1
10:09:59 [16] InfectedMedic
10:09:59   Primary Spawner: "Infected", active: yes, repeat: 1
10:09:59 [17] InfectedNBC
10:09:59   Primary Spawner: "Infected", active: yes, repeat: 1
10:09:59 [18] InfectedNBCYellow
10:09:59   Primary Spawner: "Infected", active: no, repeat: 1
10:09:59 [19] InfectedPolice
10:09:59   Primary Spawner: "Infected", active: yes, repeat: 1
10:09:59 [20] InfectedPoliceHard
10:09:59   Primary Spawner: "Infected", active: yes, repeat: 1
10:09:59 [21] InfectedPrisoner
10:09:59   Primary Spawner: "Infected", active: yes, repeat: 1
10:09:59 [22] InfectedReligious
10:09:59   Primary Spawner: "Infected", active: yes, repeat: 1
10:09:59 [23] InfectedSanta
10:09:59   Primary Spawner: "Infected", active: yes, repeat: 1
10:09:59 [24] InfectedSolitude
10:09:59   Primary Spawner: "Infected", active: yes, repeat: 1
10:09:59 [25] InfectedVillage
10:09:59   Primary Spawner: "Infected", active: yes, repeat: 1
10:09:59 [26] ItemPlanks
10:09:59   Primary Spawner: "Item", active: yes, repeat: 1
10:09:59 [27] Loot
10:09:59   Primary Spawner: "Loot", active: yes, repeat: 2
10:09:59 [28] StaticContaminatedArea
10:09:59   Primary Spawner: "Static", active: yes, repeat: 1
10:09:59 [29] StaticHeliCrash
10:09:59   Primary Spawner: "Static", active: yes, repeat: 1
10:09:59   Secondary Spawner: "Infected", active: yes, repeat: 1
10:09:59 [30] StaticMilitaryConvoy
10:09:59   Primary Spawner: "Static", active: yes, repeat: 1
10:09:59   Secondary Spawner: "Infected", active: yes, repeat: 1
10:09:59 [31] StaticPoliceSituation
10:09:59   Primary Spawner: "Static", active: yes, repeat: 1
10:09:59   Secondary Spawner: "Infected", active: yes, repeat: 1
10:09:59 [32] StaticTrain
10:09:59   Primary Spawner: "Static", active: yes, repeat: 1
10:09:59   Secondary Spawner: "Infected", active: yes, repeat: 1
10:09:59 [33] TrajectoryConiferous
10:09:59   Primary Spawner: "Trajectory", active: yes, repeat: 1
10:09:59 [34] TrajectoryDeciduous
10:09:59   Primary Spawner: "Trajectory", active: yes, repeat: 1
10:09:59 [35] TrajectoryHumus
10:09:59   Primary Spawner: "Trajectory", active: yes, repeat: 1
10:09:59 [36] TrajectoryStones
10:09:59   Primary Spawner: "Trajectory", active: yes, repeat: 1
10:09:59 [37] VehicleCivilianSedan
10:09:59   Primary Spawner: "Vehicle", active: yes, repeat: 1
10:09:59 [38] VehicleHatchback02
10:09:59   Primary Spawner: "Vehicle", active: yes, repeat: 1
10:09:59 [39] VehicleOffroad02
10:09:59   Primary Spawner: "Vehicle", active: yes, repeat: 1
10:09:59 [40] VehicleOffroadHatchback
10:09:59   Primary Spawner: "Vehicle", active: yes, repeat: 1
10:09:59 [41] VehicleSedan02
10:09:59   Primary Spawner: "Vehicle", active: yes, repeat: 1
10:09:59 [42] VehicleTruck01
10:09:59   Primary Spawner: "Vehicle", active: yes, repeat: 1
10:09:59 [43] VehicleUAZ
10:09:59   Primary Spawner: "Vehicle", active: yes, repeat: 1
10:09:59 [44] VehicleVodnik
10:09:59   Primary Spawner: "Vehicle", active: yes, repeat: 1
10:09:59 [45] VehicleBus
10:09:59   Primary Spawner: "Vehicle", active: yes, repeat: 1
10:09:59 [46] VehicleTractor
10:09:59   Primary Spawner: "Vehicle", active: yes, repeat: 1
10:09:59 [47] VehicleMH6Helicopter
10:09:59   Primary Spawner: "Vehicle", active: yes, repeat: 1
10:09:59 [48] VehicleMerlinHelicopter
10:09:59   Primary Spawner: "Vehicle", active: yes, repeat: 1
10:09:59 [49] VehicleUh1hHelicopter
10:09:59   Primary Spawner: "Vehicle", active: yes, repeat: 1
10:09:59 [50] VehicleGyroHelicopter
10:09:59   Primary Spawner: "Vehicle", active: yes, repeat: 1
10:09:59 [51] VehicleExpansionBoats
10:09:59   Primary Spawner: "Vehicle", active: yes, repeat: 1
10:09:59 [CE][Hive] :: Initializing of spawners done.
10:09:59 [CE][Hive] :: Init sequence finished.
10:10:00 [IdleMode] Entering IN - save processed
10:10:03 BattlEye Server: RCon admin #1 (5.161.42.56:42007) logged in
10:10:10 Average server FPS: 5789.70 (measured interval: 10 s)
10:10:20 Average server FPS: 8447.40 (measured interval: 10 s)
10:10:30 Average server FPS: 9209.20 (measured interval: 10 s)
10:10:34 BattlEye Server: RCon admin #0 (5.161.42.56:53937) logged in
10:10:34 [UNLOCK] Server was unlocked.
10:10:34 BattlEye Server: Command received: #unlock Result: OK
10:10:40 Average server FPS: 7859.40 (measured interval: 10 s)
10:10:50 Average server FPS: 9600.60 (measured interval: 10 s)
10:11:00 Average server FPS: 13005.90 (measured interval: 10 s)
10:11:10 Average server FPS: 18462.30 (measured interval: 10 s)
10:11:12 [Login]: Adding player [Admin] Bunker (1898990057) to login queue at position 0
10:11:12 [LoginMachine]: Add player [Admin] Bunker (1898990057 192.168.1.64:2604)
10:11:12 [StateMachine]: Player [Admin] Bunker (dpnid 1898990057 uid ) Entering AuthPlayerLoginState
10:11:13 BattlEye Server: Player #0 [Admin] Bunker (192.168.1.64:2604) connected
10:11:13 Player [Admin] Bunker connecting.
10:11:13 [StateMachine]: Player [Admin] Bunker (dpnid 1898990057 uid ) Entering WaitAuthPlayerLoginState
10:11:14 BattlEye Server: Connected to BE Master
10:11:14 BattlEye Server: Player #0 [Admin] Bunker - BE GUID: de14957533e35de36c2632310be2da2e
10:11:15 BattlEye Server: Verified GUID (de14957533e35de36c2632310be2da2e) of player #0 [Admin] Bunker
10:11:15 Player [Admin] Bunker connected (id=mBNlxASsPlOcry0dpDl8K-WgHNR5WMCMmoJ9NhpU4FY=).
10:11:15 Player "[Admin] Bunker" is connected (steamID=76561198036774377)
10:11:15 [StateMachine]: Player [Admin] Bunker (dpnid 1898990057 uid ) Entering WaitPlayerAssignedLoginState
10:11:16 [IdleMode] Leaving OUT
10:11:20 [StateMachine]: Player [Admin] Bunker (dpnid 1898990057 uid mBNlxASsPlOcry0dpDl8K-WgHNR5WMCMmoJ9NhpU4FY=) Entering DBGetLoginTimeLoginState
10:11:20 Average server FPS: 13335.70 (measured interval: 10 s)
10:11:20 [StateMachine]: Player [Admin] Bunker (dpnid 1898990057 uid mBNlxASsPlOcry0dpDl8K-WgHNR5WMCMmoJ9NhpU4FY=) Entering DBWaitLoginTimeLoginState
10:11:30 Average server FPS: 14234.00 (measured interval: 10 s)
10:11:35 [StateMachine]: Player [Admin] Bunker (dpnid 1898990057 uid mBNlxASsPlOcry0dpDl8K-WgHNR5WMCMmoJ9NhpU4FY=) Entering DBGetCharacterLoginState
10:11:35 [StateMachine]: Player [Admin] Bunker (dpnid 1898990057 uid mBNlxASsPlOcry0dpDl8K-WgHNR5WMCMmoJ9NhpU4FY=) Entering CreateNetObjectsLoginState
10:11:35 Player [Admin] Bunker dpid=1898990057 at pos (11194.9, 0.0, 9154.3) 
10:11:35 [StateMachine]: Player [Admin] Bunker (dpnid 1898990057 uid mBNlxASsPlOcry0dpDl8K-WgHNR5WMCMmoJ9NhpU4FY=) Entering PreloadCamLoginState
10:11:35 [StateMachine]: Player [Admin] Bunker (dpnid 1898990057 uid mBNlxASsPlOcry0dpDl8K-WgHNR5WMCMmoJ9NhpU4FY=) Entering WaitPreloadCamLoginState
10:11:37 [StateMachine]: Player [Admin] Bunker (dpnid 1898990057 uid mBNlxASsPlOcry0dpDl8K-WgHNR5WMCMmoJ9NhpU4FY=) Entering GetNewCharLoginState
10:11:37 <CREATE NEW CHAR>:
    charID 1
    playerID 1
    dpnid 1898990057
    uid mBNlxASsPlOcry0dpDl8K-WgHNR5WMCMmoJ9NhpU4FY=
10:11:38 BattlEye Server: RCon admin #0: (To [Admin] Bunker) Welcome on 42 Months After | Hard Core Livonia | Syberia Project | AI
10:11:40 Average server FPS: 16403.00 (measured interval: 10 s)
10:11:43 Respawn: Add player [Admin] Bunker (1898990057) to respawn machine
10:11:43 [StateMachine]: Player [Admin] Bunker (dpnid 1898990057 uid ) Entering GetCharacterRespawnState
10:11:43 [StateMachine]: Player [Admin] Bunker (dpnid 1898990057 uid ) Entering PreloadCamRespawnState
10:11:43 Player [Admin] Bunker dpid=1898990057 at pos (11376.2, 0.0, 9163.7) 
10:11:43 [StateMachine]: Player [Admin] Bunker (dpnid 1898990057 uid ) Entering WaitPreloadCamRespawnState
10:11:50 Average server FPS: 16386.20 (measured interval: 10 s)
10:11:59 [StateMachine]: Player [Admin] Bunker (dpnid 1898990057 uid ) Entering GetNewCharRespawnState
10:11:59 <RESPAWN NEW CHAR>:
    charID 1
    playerID 1
    dpnid 1898990057
    uid mBNlxASsPlOcry0dpDl8K-WgHNR5WMCMmoJ9NhpU4FY=
10:12:00 Average server FPS: 18214.30 (measured interval: 10 s)
10:12:04 Respawn: Add player [Admin] Bunker (1898990057) to respawn machine
10:12:04 [StateMachine]: Player [Admin] Bunker (dpnid 1898990057 uid ) Entering GetCharacterRespawnState
10:12:04 [StateMachine]: Player [Admin] Bunker (dpnid 1898990057 uid ) Entering PreloadCamRespawnState
10:12:04 Player [Admin] Bunker dpid=1898990057 at pos (11294.9, 0.0, 8954.3) 
10:12:04 [StateMachine]: Player [Admin] Bunker (dpnid 1898990057 uid ) Entering WaitPreloadCamRespawnState
10:12:07 [CE][VehicleRespawner] (PRIContaminatedArea) :: Initial random enabled for "StaticContaminatedArea" - Chosen nominal: 2
10:12:10 Average server FPS: 15371.50 (measured interval: 10 s)
10:12:19 [StateMachine]: Player [Admin] Bunker (dpnid 1898990057 uid ) Entering GetNewCharRespawnState
10:12:19 <RESPAWN NEW CHAR>:
    charID 1
    playerID 1
    dpnid 1898990057
    uid mBNlxASsPlOcry0dpDl8K-WgHNR5WMCMmoJ9NhpU4FY=
10:12:20 Average server FPS: 17928.40 (measured interval: 10 s)
10:12:30 Average server FPS: 12711.00 (measured interval: 10 s)
10:12:40 Average server FPS: 12918.80 (measured interval: 10 s)
10:12:50 Average server FPS: 12970.20 (measured interval: 10 s)
10:13:00 Average server FPS: 12414.60 (measured interval: 10 s)
10:13:10 Average server FPS: 13404.10 (measured interval: 10 s)
10:13:20 Average server FPS: 12876.10 (measured interval: 10 s)
10:13:29 [CE][VehicleRespawner] (PRIContaminatedArea) :: Initial random enabled for "StaticContaminatedArea" - Chosen nominal: 1
10:13:30 Average server FPS: 12878.80 (measured interval: 10 s)
10:13:40 Average server FPS: 12911.10 (measured interval: 10 s)
10:13:42 [Disconnect]: Start script disconnect 1898990057 (dbCharacterId 1 dbPlayerId 1) logoutTime 15
10:13:50 Average server FPS: 12570.20 (measured interval: 10 s)
10:13:57 [Disconnect]: Finish script disconnect 1898990057 (mBNlxASsPlOcry0dpDl8K-WgHNR5WMCMmoJ9NhpU4FY=)
10:13:57 [Disconnect]: DisconnectPlayerFinish 1898990057
10:13:58 [Disconnect]: Remove player info 1898990057
10:13:58 [Disconnect]: Player destroy 1898990057 
10:13:58 Player [Admin] Bunker disconnected.
10:13:58 BattlEye Server: Player #0 [Admin] Bunker disconnected
10:14:00 Average server FPS: 14919.30 (measured interval: 10 s)
10:14:10 Average server FPS: 19121.80 (measured interval: 10 s)
10:14:20 Average server FPS: 18813.00 (measured interval: 10 s)
10:14:30 Average server FPS: 19801.00 (measured interval: 10 s)
10:14:40 Average server FPS: 19737.60 (measured interval: 10 s)
10:14:50 Average server FPS: 19498.10 (measured interval: 10 s)
10:15:00 Average server FPS: 19998.70 (measured interval: 10 s)
10:15:10 Average server FPS: 19318.20 (measured interval: 10 s)
10:15:16 [CE][VehicleRespawner] (PRIContaminatedArea) :: Initial random enabled for "StaticContaminatedArea" - Chosen nominal: 3
10:15:20 Average server FPS: 19380.50 (measured interval: 10 s)
10:15:25 [IdleMode] Entering IN - save processed
10:15:30 Average server FPS: 18701.10 (measured interval: 10 s)
10:15:40 Average server FPS: 18978.30 (measured interval: 10 s)
10:15:50 Average server FPS: 18337.50 (measured interval: 10 s)
10:16:00 Average server FPS: 18545.60 (measured interval: 10 s)
10:16:10 Average server FPS: 18608.50 (measured interval: 10 s)
10:16:20 Average server FPS: 19385.10 (measured interval: 10 s)
10:16:30 Average server FPS: 19078.80 (measured interval: 10 s)
10:16:40 Average server FPS: 20059.20 (measured interval: 10 s)
10:16:50 Average server FPS: 19549.90 (measured interval: 10 s)
10:17:00 Average server FPS: 20339.00 (measured interval: 10 s)
10:17:10 Average server FPS: 19837.20 (measured interval: 10 s)
10:17:20 Average server FPS: 19841.10 (measured interval: 10 s)
10:17:30 Average server FPS: 19378.40 (measured interval: 10 s)
10:17:40 Average server FPS: 19971.50 (measured interval: 10 s)
10:17:50 Average server FPS: 19464.20 (measured interval: 10 s)
10:18:00 Average server FPS: 19422.50 (measured interval: 10 s)
10:18:10 Average server FPS: 19374.60 (measured interval: 10 s)
10:18:20 Average server FPS: 19500.70 (measured interval: 10 s)
10:18:30 Average server FPS: 19367.20 (measured interval: 10 s)
10:18:40 Average server FPS: 19491.40 (measured interval: 10 s)
10:18:50 Average server FPS: 20046.20 (measured interval: 10 s)
10:19:00 Average server FPS: 19606.60 (measured interval: 10 s)
10:19:10 Average server FPS: 19646.70 (measured interval: 10 s)
10:19:20 Average server FPS: 20169.10 (measured interval: 10 s)
10:19:30 Average server FPS: 19483.20 (measured interval: 10 s)
10:19:40 Average server FPS: 19932.40 (measured interval: 10 s)
10:19:50 Average server FPS: 19462.20 (measured interval: 10 s)
10:20:00 Average server FPS: 19341.20 (measured interval: 10 s)
10:20:10 Average server FPS: 19446.10 (measured interval: 10 s)
10:20:20 Average server FPS: 19409.70 (measured interval: 10 s)
10:20:30 Average server FPS: 19475.60 (measured interval: 10 s)
10:20:40 Average server FPS: 19848.90 (measured interval: 10 s)
10:20:50 Average server FPS: 19439.70 (measured interval: 10 s)
10:21:00 Average server FPS: 19805.90 (measured interval: 10 s)
10:21:10 Average server FPS: 19507.00 (measured interval: 10 s)
10:21:20 Average server FPS: 19596.60 (measured interval: 10 s)
10:21:30 Average server FPS: 20093.40 (measured interval: 10 s)
10:21:40 Average server FPS: 19329.30 (measured interval: 10 s)
10:21:50 Average server FPS: 18802.70 (measured interval: 10 s)
10:22:00 Average server FPS: 19594.60 (measured interval: 10 s)
10:22:10 Average server FPS: 19107.60 (measured interval: 10 s)
10:22:20 Average server FPS: 18844.90 (measured interval: 10 s)
10:22:30 Average server FPS: 18859.40 (measured interval: 10 s)
10:22:40 Average server FPS: 18988.00 (measured interval: 10 s)
10:22:50 Average server FPS: 19367.50 (measured interval: 10 s)
10:23:00 Average server FPS: 18204.70 (measured interval: 10 s)
10:23:10 Average server FPS: 18907.30 (measured interval: 10 s)
10:23:20 Average server FPS: 19050.30 (measured interval: 10 s)
10:23:30 Average server FPS: 19008.90 (measured interval: 10 s)
10:23:40 Average server FPS: 19137.50 (measured interval: 10 s)
10:23:50 Average server FPS: 18297.30 (measured interval: 10 s)
10:24:00 Average server FPS: 19024.40 (measured interval: 10 s)
10:24:10 Average server FPS: 19417.20 (measured interval: 10 s)
10:24:20 Average server FPS: 19048.50 (measured interval: 10 s)
10:24:30 Average server FPS: 19146.70 (measured interval: 10 s)
10:24:40 Average server FPS: 19282.00 (measured interval: 10 s)
10:24:50 Average server FPS: 18187.20 (measured interval: 10 s)
10:25:00 Average server FPS: 19271.40 (measured interval: 10 s)
10:25:10 Average server FPS: 18890.30 (measured interval: 10 s)
10:25:20 Average server FPS: 19531.60 (measured interval: 10 s)
10:25:30 Average server FPS: 19958.60 (measured interval: 10 s)
10:25:40 Average server FPS: 19950.40 (measured interval: 10 s)
10:25:50 Average server FPS: 20353.30 (measured interval: 10 s)
10:26:00 Average server FPS: 20710.10 (measured interval: 10 s)
10:26:10 Average server FPS: 20292.20 (measured interval: 10 s)
10:26:20 Average server FPS: 19695.70 (measured interval: 10 s)
10:26:30 Average server FPS: 20416.90 (measured interval: 10 s)
10:26:40 Average server FPS: 19956.80 (measured interval: 10 s)
10:26:50 Average server FPS: 20303.80 (measured interval: 10 s)
10:27:00 Average server FPS: 20221.40 (measured interval: 10 s)
10:27:10 Average server FPS: 20203.10 (measured interval: 10 s)
10:27:20 Average server FPS: 19968.30 (measured interval: 10 s)
10:27:30 Average server FPS: 20034.80 (measured interval: 10 s)
10:27:40 Average server FPS: 19624.90 (measured interval: 10 s)
10:27:50 Average server FPS: 19998.70 (measured interval: 10 s)
10:28:00 Average server FPS: 19794.80 (measured interval: 10 s)
10:28:10 Average server FPS: 19852.70 (measured interval: 10 s)
10:28:20 Average server FPS: 19771.40 (measured interval: 10 s)
10:28:30 Average server FPS: 19629.10 (measured interval: 10 s)
10:28:40 Average server FPS: 19980.60 (measured interval: 10 s)
10:28:50 Average server FPS: 19920.20 (measured interval: 10 s)
10:29:00 Average server FPS: 19772.20 (measured interval: 10 s)
10:29:10 Average server FPS: 19625.10 (measured interval: 10 s)
10:29:20 Average server FPS: 19192.70 (measured interval: 10 s)
10:29:30 Average server FPS: 18916.20 (measured interval: 10 s)
10:29:40 Average server FPS: 19306.20 (measured interval: 10 s)
10:29:50 Average server FPS: 19728.10 (measured interval: 10 s)
10:30:00 Average server FPS: 19701.00 (measured interval: 10 s)
10:30:10 Average server FPS: 19846.40 (measured interval: 10 s)
10:30:20 Average server FPS: 19581.30 (measured interval: 10 s)
10:30:30 Average server FPS: 19861.10 (measured interval: 10 s)
10:30:40 Average server FPS: 19217.30 (measured interval: 10 s)
10:30:50 Average server FPS: 19291.50 (measured interval: 10 s)
10:31:00 Average server FPS: 19747.10 (measured interval: 10 s)
10:31:10 Average server FPS: 19665.10 (measured interval: 10 s)
10:31:20 Average server FPS: 19713.20 (measured interval: 10 s)
10:31:30 Average server FPS: 19194.80 (measured interval: 10 s)
10:31:40 Average server FPS: 19641.10 (measured interval: 10 s)
10:31:50 Average server FPS: 19721.20 (measured interval: 10 s)
10:32:00 Average server FPS: 19536.20 (measured interval: 10 s)
10:32:10 Average server FPS: 9905.10 (measured interval: 10 s)
10:32:20 Average server FPS: 19327.50 (measured interval: 10 s)
10:32:30 Average server FPS: 19479.30 (measured interval: 10 s)
10:32:40 Average server FPS: 19796.80 (measured interval: 10 s)
10:32:50 Average server FPS: 19694.00 (measured interval: 10 s)
10:33:00 Average server FPS: 19779.00 (measured interval: 10 s)
10:33:10 Average server FPS: 20014.50 (measured interval: 10 s)
10:33:20 Average server FPS: 19903.30 (measured interval: 10 s)
10:33:30 Average server FPS: 19623.70 (measured interval: 10 s)
10:33:40 Average server FPS: 19083.90 (measured interval: 10 s)
10:33:50 Average server FPS: 18547.70 (measured interval: 10 s)
10:34:00 Average server FPS: 18896.00 (measured interval: 10 s)
10:34:10 Average server FPS: 18458.10 (measured interval: 10 s)
10:34:20 Average server FPS: 18861.90 (measured interval: 10 s)
10:34:30 Average server FPS: 19567.40 (measured interval: 10 s)
10:34:40 Average server FPS: 19006.60 (measured interval: 10 s)
10:34:50 Average server FPS: 19322.50 (measured interval: 10 s)
10:35:00 Average server FPS: 18660.00 (measured interval: 10 s)
10:35:07 BattlEye Server: RCon admin #1 (127.0.0.1:51967) logged in
10:35:07 [LOCK] Server was locked.
10:35:07 BattlEye Server: Command received: #lock Result: OK
10:35:07 BattlEye Server: RCon admin #1: (Global) CFTools-OmegaManager Shutdown requested
10:35:08 BattlEye Server: RCon admin #1: (Global) CFTools-OmegaManager Shutdown requested
10:35:09 BattlEye Server: RCon admin #1: (Global) CFTools-OmegaManager Shutdown requested
10:35:10 Average server FPS: 18701.10 (measured interval: 10 s)
10:35:10 BattlEye Server: RCon admin #1: (Global) CFTools-OmegaManager Shutdown requested
10:35:11 BattlEye Server: RCon admin #1: (Global) CFTools-OmegaManager Shutdown requested
10:35:12 BattlEye Server: RCon admin #1: (Global) CFTools-OmegaManager Shutdown requested
10:35:13 BattlEye Server: RCon admin #1: (Global) CFTools-OmegaManager Shutdown requested
10:35:14 BattlEye Server: RCon admin #1: (Global) CFTools-OmegaManager Shutdown requested
10:35:15 BattlEye Server: RCon admin #1: (Global) CFTools-OmegaManager Shutdown requested
10:35:16 BattlEye Server: RCon admin #1: (Global) CFTools-OmegaManager Shutdown requested
10:35:18 BattlEye Server: Command received: #shutdown Result: OK
