************************** 2024-03-17T10:00:34+00:00 **************************
2024-03-17T10:00:34+00:00 | [INFO	] GameLabs v1.932 start for server ea79dbbd-fb35-4be8-9351-0cd5594f77c8
2024-03-17T10:00:39+00:00 | [INFO	] Server up (GameLabs v1.932)
2024-03-17T10:00:39+00:00 | [INFO	] RPC interface initiated and handler registered
2024-03-17T10:00:40+00:00 | [INFO	] Experimental speed check is enabled
2024-03-17T11:00:41+00:00 | [ERROR	] ServerPoll2 errorCode(5)
2024-03-17T11:00:41+00:00 | [ERROR	] GameLabs API error, reauthenticating...
2024-03-17T11:00:42+00:00 | [WARN	] RegisterAsync re-authorized
2024-03-17T12:00:47+00:00 | [ERROR	] ServerPoll2 errorCode(5)
2024-03-17T12:00:47+00:00 | [ERROR	] GameLabs API error, reauthenticating...
2024-03-17T12:00:47+00:00 | [WARN	] RegisterAsync re-authorized
2024-03-17T13:00:52+00:00 | [ERROR	] ServerPoll2 errorCode(5)
2024-03-17T13:00:52+00:00 | [ERROR	] GameLabs API error, reauthenticating...
2024-03-17T13:00:52+00:00 | [WARN	] RegisterAsync re-authorized
2024-03-17T14:00:57+00:00 | [ERROR	] ServerPoll2 errorCode(5)
2024-03-17T14:00:57+00:00 | [ERROR	] GameLabs API error, reauthenticating...
2024-03-17T14:00:57+00:00 | [WARN	] RegisterAsync re-authorized
2024-03-17T14:42:37+00:00 | [WARN	] [Weather] Updating weather (sunny/clear)
2024-03-17T14:43:12+00:00 | [WARN	] [Spawn] Spawning Firewood (x2) for SurvivorBase<3f4629e0>
2024-03-17T14:43:37+00:00 | [WARN	] [Spawn] Spawning PetrolLighter (x1) for SurvivorBase<3f4629e0>
2024-03-17T14:43:47+00:00 | [WARN	] [Spawn] Spawning Paper (x1) for SurvivorBase<3f4629e0>
2024-03-17T14:45:12+00:00 | [WARN	] [Spawn] Spawning ExpansionCodeLock (x1) for SurvivorBase<3f4629e0>
2024-03-17T14:45:47+00:00 | [WARN	] [Spawn] Spawning MVS_Canteen_OD (x1) for SurvivorBase<3f4629e0>
2024-03-17T14:51:42+00:00 | [WARN	] [Spawn] Spawning FangeKnife (x1) for SurvivorBase<3f4629e0>
2024-03-17T15:01:02+00:00 | [ERROR	] ServerPoll2 errorCode(5)
2024-03-17T15:01:02+00:00 | [ERROR	] GameLabs API error, reauthenticating...
2024-03-17T15:01:02+00:00 | [WARN	] RegisterAsync re-authorized
2024-03-17T15:09:12+00:00 | [WARN	] [Teleport] SurvivorBase<3f4629e0> position=0x0000000080c11ca0 {<8463.19,174.422,11806.1>}
2024-03-17T15:09:14+00:00 | [WARN	] ********* EXPERIMENTAL FEATURE *********
2024-03-17T15:09:14+00:00 | [WARN	] THIS MAY BE A FALSE POSITIVE; DO NOT BLANKET BAN
2024-03-17T15:09:14+00:00 | [WARN	] [SPEED-HACK] Potential speed-hack player=76561199521855408, distance=174.422u, unitsPerSecond=69.7689 [threshold=8, inVehicle=0, triggers=1])
2024-03-17T15:09:14+00:00 | [WARN	] THIS MAY BE A FALSE POSITIVE; DO NOT BLANKET BAN
2024-03-17T15:09:14+00:00 | [WARN	] ****************************************
